2013-08-01 00:24:44,969 INFO org.apache.hadoop.hdfs.server.namenode.FSNamesystem: Number of transactions: 0 Total time for transactions(ms): 0Number of transactions batched in Syncs: 0 Number of syncs: 0 SyncTimes(ms): 0 
2013-08-01 00:24:45,017 INFO org.apache.hadoop.hdfs.server.namenode.FSEditLog: closing edit log: position=4, editlog=/usr/local/hadoop/hadooptmp/dfs/namesecondary/current/edits
2013-08-01 00:24:45,017 INFO org.apache.hadoop.hdfs.server.namenode.FSEditLog: close success: truncate to 4, editlog=/usr/local/hadoop/hadooptmp/dfs/namesecondary/current/edits
2013-08-01 00:24:45,086 INFO org.apache.hadoop.hdfs.server.namenode.TransferFsImage: Opening connection to http://0.0.0.0:50070/getimage?getimage=1
2013-08-01 00:24:45,108 INFO org.apache.hadoop.hdfs.server.namenode.SecondaryNameNode: Downloaded file fsimage size 3729 bytes.
2013-08-01 00:24:45,108 INFO org.apache.hadoop.hdfs.server.namenode.TransferFsImage: Opening connection to http://0.0.0.0:50070/getimage?getedit=1
2013-08-01 00:24:45,109 INFO org.apache.hadoop.hdfs.server.namenode.SecondaryNameNode: Downloaded file edits size 4 bytes.
2013-08-01 00:24:45,109 INFO org.apache.hadoop.hdfs.util.GSet: VM type       = 64-bit
2013-08-01 00:24:45,109 INFO org.apache.hadoop.hdfs.util.GSet: 2% max memory = 17.77875 MB
2013-08-01 00:24:45,109 INFO org.apache.hadoop.hdfs.util.GSet: capacity      = 2^21 = 2097152 entries
2013-08-01 00:24:45,109 INFO org.apache.hadoop.hdfs.util.GSet: recommended=2097152, actual=2097152
2013-08-01 00:24:45,112 INFO org.apache.hadoop.hdfs.server.namenode.FSNamesystem: fsOwner=guoliqiang
2013-08-01 00:24:45,113 INFO org.apache.hadoop.hdfs.server.namenode.FSNamesystem: supergroup=supergroup
2013-08-01 00:24:45,113 INFO org.apache.hadoop.hdfs.server.namenode.FSNamesystem: isPermissionEnabled=true
2013-08-01 00:24:45,113 INFO org.apache.hadoop.hdfs.server.namenode.FSNamesystem: dfs.block.invalidate.limit=100
2013-08-01 00:24:45,113 INFO org.apache.hadoop.hdfs.server.namenode.FSNamesystem: isAccessTokenEnabled=false accessKeyUpdateInterval=0 min(s), accessTokenLifetime=0 min(s)
2013-08-01 00:24:45,113 INFO org.apache.hadoop.hdfs.server.namenode.NameNode: Caching file names occuring more than 10 times 
2013-08-01 00:24:45,113 INFO org.apache.hadoop.hdfs.server.common.Storage: Number of files = 32
2013-08-01 00:24:45,115 INFO org.apache.hadoop.hdfs.server.common.Storage: Number of files under construction = 0
2013-08-01 00:24:45,115 INFO org.apache.hadoop.hdfs.server.namenode.FSEditLog: EOF of /usr/local/hadoop/hadooptmp/dfs/namesecondary/current/edits, reached end of edit log Number of transactions found: 0.  Bytes read: 4
2013-08-01 00:24:45,115 INFO org.apache.hadoop.hdfs.server.common.Storage: Edits file /usr/local/hadoop/hadooptmp/dfs/namesecondary/current/edits of size 4 edits # 0 loaded in 0 seconds.
2013-08-01 00:24:45,115 INFO org.apache.hadoop.hdfs.server.namenode.FSNamesystem: Number of transactions: 0 Total time for transactions(ms): 0Number of transactions batched in Syncs: 0 Number of syncs: 0 SyncTimes(ms): 0 
2013-08-01 00:24:45,153 INFO org.apache.hadoop.hdfs.server.namenode.FSEditLog: closing edit log: position=4, editlog=/usr/local/hadoop/hadooptmp/dfs/namesecondary/current/edits
2013-08-01 00:24:45,153 INFO org.apache.hadoop.hdfs.server.namenode.FSEditLog: close success: truncate to 4, editlog=/usr/local/hadoop/hadooptmp/dfs/namesecondary/current/edits
2013-08-01 00:24:45,154 INFO org.apache.hadoop.hdfs.server.common.Storage: Image file of size 3729 saved in 0 seconds.
2013-08-01 00:24:45,220 INFO org.apache.hadoop.hdfs.server.namenode.FSEditLog: closing edit log: position=4, editlog=/usr/local/hadoop/hadooptmp/dfs/namesecondary/current/edits
2013-08-01 00:24:45,220 INFO org.apache.hadoop.hdfs.server.namenode.FSEditLog: close success: truncate to 4, editlog=/usr/local/hadoop/hadooptmp/dfs/namesecondary/current/edits
2013-08-01 00:24:45,421 INFO org.apache.hadoop.hdfs.server.namenode.SecondaryNameNode: Posted URL 0.0.0.0:50070putimage=1&port=50090&machine=0.0.0.0&token=-32:671602484:0:1375287885000:1375284284726&newChecksum=d678cc75e6daa3821f8c06b011d78155
2013-08-01 00:24:45,421 INFO org.apache.hadoop.hdfs.server.namenode.TransferFsImage: Opening connection to http://0.0.0.0:50070/getimage?putimage=1&port=50090&machine=0.0.0.0&token=-32:671602484:0:1375287885000:1375284284726&newChecksum=d678cc75e6daa3821f8c06b011d78155
2013-08-01 00:24:45,623 INFO org.apache.hadoop.hdfs.server.namenode.SecondaryNameNode: Checkpoint done. New Image Size: 3729
2013-08-01 01:24:45,638 INFO org.apache.hadoop.hdfs.server.namenode.FSNamesystem: Number of transactions: 0 Total time for transactions(ms): 0Number of transactions batched in Syncs: 0 Number of syncs: 0 SyncTimes(ms): 0 
2013-08-01 01:24:45,638 INFO org.apache.hadoop.hdfs.server.namenode.FSEditLog: closing edit log: position=4, editlog=/usr/local/hadoop/hadooptmp/dfs/namesecondary/current/edits
2013-08-01 01:24:45,638 INFO org.apache.hadoop.hdfs.server.namenode.FSEditLog: close success: truncate to 4, editlog=/usr/local/hadoop/hadooptmp/dfs/namesecondary/current/edits
2013-08-01 01:24:45,725 INFO org.apache.hadoop.hdfs.server.namenode.TransferFsImage: Opening connection to http://0.0.0.0:50070/getimage?getimage=1
2013-08-01 01:24:45,727 INFO org.apache.hadoop.hdfs.server.namenode.SecondaryNameNode: Downloaded file fsimage size 3729 bytes.
2013-08-01 01:24:45,727 INFO org.apache.hadoop.hdfs.server.namenode.TransferFsImage: Opening connection to http://0.0.0.0:50070/getimage?getedit=1
2013-08-01 01:24:45,728 INFO org.apache.hadoop.hdfs.server.namenode.SecondaryNameNode: Downloaded file edits size 4 bytes.
2013-08-01 01:24:45,728 INFO org.apache.hadoop.hdfs.util.GSet: VM type       = 64-bit
2013-08-01 01:24:45,728 INFO org.apache.hadoop.hdfs.util.GSet: 2% max memory = 17.77875 MB
2013-08-01 01:24:45,728 INFO org.apache.hadoop.hdfs.util.GSet: capacity      = 2^21 = 2097152 entries
2013-08-01 01:24:45,728 INFO org.apache.hadoop.hdfs.util.GSet: recommended=2097152, actual=2097152
2013-08-01 01:24:45,731 INFO org.apache.hadoop.hdfs.server.namenode.FSNamesystem: fsOwner=guoliqiang
2013-08-01 01:24:45,731 INFO org.apache.hadoop.hdfs.server.namenode.FSNamesystem: supergroup=supergroup
2013-08-01 01:24:45,731 INFO org.apache.hadoop.hdfs.server.namenode.FSNamesystem: isPermissionEnabled=true
2013-08-01 01:24:45,732 INFO org.apache.hadoop.hdfs.server.namenode.FSNamesystem: dfs.block.invalidate.limit=100
2013-08-01 01:24:45,732 INFO org.apache.hadoop.hdfs.server.namenode.FSNamesystem: isAccessTokenEnabled=false accessKeyUpdateInterval=0 min(s), accessTokenLifetime=0 min(s)
2013-08-01 01:24:45,732 INFO org.apache.hadoop.hdfs.server.namenode.NameNode: Caching file names occuring more than 10 times 
2013-08-01 01:24:45,732 INFO org.apache.hadoop.hdfs.server.common.Storage: Number of files = 32
2013-08-01 01:24:45,734 INFO org.apache.hadoop.hdfs.server.common.Storage: Number of files under construction = 0
2013-08-01 01:24:45,734 INFO org.apache.hadoop.hdfs.server.namenode.FSEditLog: EOF of /usr/local/hadoop/hadooptmp/dfs/namesecondary/current/edits, reached end of edit log Number of transactions found: 0.  Bytes read: 4
2013-08-01 01:24:45,734 INFO org.apache.hadoop.hdfs.server.common.Storage: Edits file /usr/local/hadoop/hadooptmp/dfs/namesecondary/current/edits of size 4 edits # 0 loaded in 0 seconds.
2013-08-01 01:24:45,734 INFO org.apache.hadoop.hdfs.server.namenode.FSNamesystem: Number of transactions: 0 Total time for transactions(ms): 0Number of transactions batched in Syncs: 0 Number of syncs: 0 SyncTimes(ms): 0 
2013-08-01 01:24:45,775 INFO org.apache.hadoop.hdfs.server.namenode.FSEditLog: closing edit log: position=4, editlog=/usr/local/hadoop/hadooptmp/dfs/namesecondary/current/edits
2013-08-01 01:24:45,775 INFO org.apache.hadoop.hdfs.server.namenode.FSEditLog: close success: truncate to 4, editlog=/usr/local/hadoop/hadooptmp/dfs/namesecondary/current/edits
2013-08-01 01:24:45,776 INFO org.apache.hadoop.hdfs.server.common.Storage: Image file of size 3729 saved in 0 seconds.
2013-08-01 01:24:45,850 INFO org.apache.hadoop.hdfs.server.namenode.FSEditLog: closing edit log: position=4, editlog=/usr/local/hadoop/hadooptmp/dfs/namesecondary/current/edits
2013-08-01 01:24:45,851 INFO org.apache.hadoop.hdfs.server.namenode.FSEditLog: close success: truncate to 4, editlog=/usr/local/hadoop/hadooptmp/dfs/namesecondary/current/edits
2013-08-01 01:24:46,110 INFO org.apache.hadoop.hdfs.server.namenode.SecondaryNameNode: Posted URL 0.0.0.0:50070putimage=1&port=50090&machine=0.0.0.0&token=-32:671602484:0:1375291485000:1375287885426&newChecksum=d678cc75e6daa3821f8c06b011d78155
2013-08-01 01:24:46,110 INFO org.apache.hadoop.hdfs.server.namenode.TransferFsImage: Opening connection to http://0.0.0.0:50070/getimage?putimage=1&port=50090&machine=0.0.0.0&token=-32:671602484:0:1375291485000:1375287885426&newChecksum=d678cc75e6daa3821f8c06b011d78155
2013-08-01 01:24:46,324 INFO org.apache.hadoop.hdfs.server.namenode.SecondaryNameNode: Checkpoint done. New Image Size: 3729
2013-08-01 02:24:46,351 INFO org.apache.hadoop.hdfs.server.namenode.FSNamesystem: Number of transactions: 0 Total time for transactions(ms): 0Number of transactions batched in Syncs: 0 Number of syncs: 0 SyncTimes(ms): 0 
2013-08-01 02:24:46,352 INFO org.apache.hadoop.hdfs.server.namenode.FSEditLog: closing edit log: position=4, editlog=/usr/local/hadoop/hadooptmp/dfs/namesecondary/current/edits
2013-08-01 02:24:46,352 INFO org.apache.hadoop.hdfs.server.namenode.FSEditLog: close success: truncate to 4, editlog=/usr/local/hadoop/hadooptmp/dfs/namesecondary/current/edits
2013-08-01 02:24:46,448 INFO org.apache.hadoop.hdfs.server.namenode.TransferFsImage: Opening connection to http://0.0.0.0:50070/getimage?getimage=1
2013-08-01 02:24:46,470 INFO org.apache.hadoop.hdfs.server.namenode.SecondaryNameNode: Downloaded file fsimage size 3729 bytes.
2013-08-01 02:24:46,470 INFO org.apache.hadoop.hdfs.server.namenode.TransferFsImage: Opening connection to http://0.0.0.0:50070/getimage?getedit=1
2013-08-01 02:24:46,471 INFO org.apache.hadoop.hdfs.server.namenode.SecondaryNameNode: Downloaded file edits size 4 bytes.
2013-08-01 02:24:46,471 INFO org.apache.hadoop.hdfs.util.GSet: VM type       = 64-bit
2013-08-01 02:24:46,471 INFO org.apache.hadoop.hdfs.util.GSet: 2% max memory = 17.77875 MB
2013-08-01 02:24:46,471 INFO org.apache.hadoop.hdfs.util.GSet: capacity      = 2^21 = 2097152 entries
2013-08-01 02:24:46,471 INFO org.apache.hadoop.hdfs.util.GSet: recommended=2097152, actual=2097152
2013-08-01 02:24:46,474 INFO org.apache.hadoop.hdfs.server.namenode.FSNamesystem: fsOwner=guoliqiang
2013-08-01 02:24:46,474 INFO org.apache.hadoop.hdfs.server.namenode.FSNamesystem: supergroup=supergroup
2013-08-01 02:24:46,474 INFO org.apache.hadoop.hdfs.server.namenode.FSNamesystem: isPermissionEnabled=true
2013-08-01 02:24:46,474 INFO org.apache.hadoop.hdfs.server.namenode.FSNamesystem: dfs.block.invalidate.limit=100
2013-08-01 02:24:46,474 INFO org.apache.hadoop.hdfs.server.namenode.FSNamesystem: isAccessTokenEnabled=false accessKeyUpdateInterval=0 min(s), accessTokenLifetime=0 min(s)
2013-08-01 02:24:46,474 INFO org.apache.hadoop.hdfs.server.namenode.NameNode: Caching file names occuring more than 10 times 
2013-08-01 02:24:46,522 INFO org.apache.hadoop.hdfs.server.common.Storage: Number of files = 32
2013-08-01 02:24:46,524 INFO org.apache.hadoop.hdfs.server.common.Storage: Number of files under construction = 0
2013-08-01 02:24:46,524 INFO org.apache.hadoop.hdfs.server.namenode.FSEditLog: EOF of /usr/local/hadoop/hadooptmp/dfs/namesecondary/current/edits, reached end of edit log Number of transactions found: 0.  Bytes read: 4
2013-08-01 02:24:46,524 INFO org.apache.hadoop.hdfs.server.common.Storage: Edits file /usr/local/hadoop/hadooptmp/dfs/namesecondary/current/edits of size 4 edits # 0 loaded in 0 seconds.
2013-08-01 02:24:46,524 INFO org.apache.hadoop.hdfs.server.namenode.FSNamesystem: Number of transactions: 0 Total time for transactions(ms): 0Number of transactions batched in Syncs: 0 Number of syncs: 0 SyncTimes(ms): 0 
2013-08-01 02:24:46,581 INFO org.apache.hadoop.hdfs.server.namenode.FSEditLog: closing edit log: position=4, editlog=/usr/local/hadoop/hadooptmp/dfs/namesecondary/current/edits
2013-08-01 02:24:46,582 INFO org.apache.hadoop.hdfs.server.namenode.FSEditLog: close success: truncate to 4, editlog=/usr/local/hadoop/hadooptmp/dfs/namesecondary/current/edits
2013-08-01 02:24:46,583 INFO org.apache.hadoop.hdfs.server.common.Storage: Image file of size 3729 saved in 0 seconds.
2013-08-01 02:24:46,673 INFO org.apache.hadoop.hdfs.server.namenode.FSEditLog: closing edit log: position=4, editlog=/usr/local/hadoop/hadooptmp/dfs/namesecondary/current/edits
2013-08-01 02:24:46,674 INFO org.apache.hadoop.hdfs.server.namenode.FSEditLog: close success: truncate to 4, editlog=/usr/local/hadoop/hadooptmp/dfs/namesecondary/current/edits
2013-08-01 02:24:46,859 INFO org.apache.hadoop.hdfs.server.namenode.SecondaryNameNode: Posted URL 0.0.0.0:50070putimage=1&port=50090&machine=0.0.0.0&token=-32:671602484:0:1375295086000:1375291486121&newChecksum=d678cc75e6daa3821f8c06b011d78155
2013-08-01 02:24:46,859 INFO org.apache.hadoop.hdfs.server.namenode.TransferFsImage: Opening connection to http://0.0.0.0:50070/getimage?putimage=1&port=50090&machine=0.0.0.0&token=-32:671602484:0:1375295086000:1375291486121&newChecksum=d678cc75e6daa3821f8c06b011d78155
2013-08-01 02:24:47,059 INFO org.apache.hadoop.hdfs.server.namenode.SecondaryNameNode: Checkpoint done. New Image Size: 3729
2013-08-01 03:24:47,080 INFO org.apache.hadoop.hdfs.server.namenode.FSNamesystem: Number of transactions: 0 Total time for transactions(ms): 0Number of transactions batched in Syncs: 0 Number of syncs: 0 SyncTimes(ms): 0 
2013-08-01 03:24:47,081 INFO org.apache.hadoop.hdfs.server.namenode.FSEditLog: closing edit log: position=4, editlog=/usr/local/hadoop/hadooptmp/dfs/namesecondary/current/edits
2013-08-01 03:24:47,081 INFO org.apache.hadoop.hdfs.server.namenode.FSEditLog: close success: truncate to 4, editlog=/usr/local/hadoop/hadooptmp/dfs/namesecondary/current/edits
2013-08-01 03:24:47,155 INFO org.apache.hadoop.hdfs.server.namenode.TransferFsImage: Opening connection to http://0.0.0.0:50070/getimage?getimage=1
2013-08-01 03:24:47,202 INFO org.apache.hadoop.hdfs.server.namenode.SecondaryNameNode: Downloaded file fsimage size 3729 bytes.
2013-08-01 03:24:47,203 INFO org.apache.hadoop.hdfs.server.namenode.TransferFsImage: Opening connection to http://0.0.0.0:50070/getimage?getedit=1
2013-08-01 03:24:47,203 INFO org.apache.hadoop.hdfs.server.namenode.SecondaryNameNode: Downloaded file edits size 4 bytes.
2013-08-01 03:24:47,203 INFO org.apache.hadoop.hdfs.util.GSet: VM type       = 64-bit
2013-08-01 03:24:47,203 INFO org.apache.hadoop.hdfs.util.GSet: 2% max memory = 17.77875 MB
2013-08-01 03:24:47,203 INFO org.apache.hadoop.hdfs.util.GSet: capacity      = 2^21 = 2097152 entries
2013-08-01 03:24:47,203 INFO org.apache.hadoop.hdfs.util.GSet: recommended=2097152, actual=2097152
2013-08-01 03:24:47,207 INFO org.apache.hadoop.hdfs.server.namenode.FSNamesystem: fsOwner=guoliqiang
2013-08-01 03:24:47,207 INFO org.apache.hadoop.hdfs.server.namenode.FSNamesystem: supergroup=supergroup
2013-08-01 03:24:47,207 INFO org.apache.hadoop.hdfs.server.namenode.FSNamesystem: isPermissionEnabled=true
2013-08-01 03:24:47,207 INFO org.apache.hadoop.hdfs.server.namenode.FSNamesystem: dfs.block.invalidate.limit=100
2013-08-01 03:24:47,207 INFO org.apache.hadoop.hdfs.server.namenode.FSNamesystem: isAccessTokenEnabled=false accessKeyUpdateInterval=0 min(s), accessTokenLifetime=0 min(s)
2013-08-01 03:24:47,208 INFO org.apache.hadoop.hdfs.server.namenode.NameNode: Caching file names occuring more than 10 times 
2013-08-01 03:24:47,208 INFO org.apache.hadoop.hdfs.server.common.Storage: Number of files = 32
2013-08-01 03:24:47,210 INFO org.apache.hadoop.hdfs.server.common.Storage: Number of files under construction = 0
2013-08-01 03:24:47,210 INFO org.apache.hadoop.hdfs.server.namenode.FSEditLog: EOF of /usr/local/hadoop/hadooptmp/dfs/namesecondary/current/edits, reached end of edit log Number of transactions found: 0.  Bytes read: 4
2013-08-01 03:24:47,210 INFO org.apache.hadoop.hdfs.server.common.Storage: Edits file /usr/local/hadoop/hadooptmp/dfs/namesecondary/current/edits of size 4 edits # 0 loaded in 0 seconds.
2013-08-01 03:24:47,210 INFO org.apache.hadoop.hdfs.server.namenode.FSNamesystem: Number of transactions: 0 Total time for transactions(ms): 0Number of transactions batched in Syncs: 0 Number of syncs: 0 SyncTimes(ms): 0 
2013-08-01 03:24:47,396 INFO org.apache.hadoop.hdfs.server.namenode.FSEditLog: closing edit log: position=4, editlog=/usr/local/hadoop/hadooptmp/dfs/namesecondary/current/edits
2013-08-01 03:24:47,396 INFO org.apache.hadoop.hdfs.server.namenode.FSEditLog: close success: truncate to 4, editlog=/usr/local/hadoop/hadooptmp/dfs/namesecondary/current/edits
2013-08-01 03:24:47,397 INFO org.apache.hadoop.hdfs.server.common.Storage: Image file of size 3729 saved in 0 seconds.
2013-08-01 03:24:47,497 INFO org.apache.hadoop.hdfs.server.namenode.FSEditLog: closing edit log: position=4, editlog=/usr/local/hadoop/hadooptmp/dfs/namesecondary/current/edits
2013-08-01 03:24:47,497 INFO org.apache.hadoop.hdfs.server.namenode.FSEditLog: close success: truncate to 4, editlog=/usr/local/hadoop/hadooptmp/dfs/namesecondary/current/edits
2013-08-01 03:24:47,698 INFO org.apache.hadoop.hdfs.server.namenode.SecondaryNameNode: Posted URL 0.0.0.0:50070putimage=1&port=50090&machine=0.0.0.0&token=-32:671602484:0:1375298687000:1375295086866&newChecksum=d678cc75e6daa3821f8c06b011d78155
2013-08-01 03:24:47,698 INFO org.apache.hadoop.hdfs.server.namenode.TransferFsImage: Opening connection to http://0.0.0.0:50070/getimage?putimage=1&port=50090&machine=0.0.0.0&token=-32:671602484:0:1375298687000:1375295086866&newChecksum=d678cc75e6daa3821f8c06b011d78155
2013-08-01 03:24:47,911 INFO org.apache.hadoop.hdfs.server.namenode.SecondaryNameNode: Checkpoint done. New Image Size: 3729
2013-08-01 04:24:47,928 INFO org.apache.hadoop.hdfs.server.namenode.FSNamesystem: Number of transactions: 0 Total time for transactions(ms): 0Number of transactions batched in Syncs: 0 Number of syncs: 0 SyncTimes(ms): 0 
2013-08-01 04:24:47,928 INFO org.apache.hadoop.hdfs.server.namenode.FSEditLog: closing edit log: position=4, editlog=/usr/local/hadoop/hadooptmp/dfs/namesecondary/current/edits
2013-08-01 04:24:47,929 INFO org.apache.hadoop.hdfs.server.namenode.FSEditLog: close success: truncate to 4, editlog=/usr/local/hadoop/hadooptmp/dfs/namesecondary/current/edits
2013-08-01 04:24:48,029 INFO org.apache.hadoop.hdfs.server.namenode.TransferFsImage: Opening connection to http://0.0.0.0:50070/getimage?getimage=1
2013-08-01 04:24:48,031 INFO org.apache.hadoop.hdfs.server.namenode.SecondaryNameNode: Downloaded file fsimage size 3729 bytes.
2013-08-01 04:24:48,031 INFO org.apache.hadoop.hdfs.server.namenode.TransferFsImage: Opening connection to http://0.0.0.0:50070/getimage?getedit=1
2013-08-01 04:24:48,032 INFO org.apache.hadoop.hdfs.server.namenode.SecondaryNameNode: Downloaded file edits size 4 bytes.
2013-08-01 04:24:48,032 INFO org.apache.hadoop.hdfs.util.GSet: VM type       = 64-bit
2013-08-01 04:24:48,032 INFO org.apache.hadoop.hdfs.util.GSet: 2% max memory = 17.77875 MB
2013-08-01 04:24:48,032 INFO org.apache.hadoop.hdfs.util.GSet: capacity      = 2^21 = 2097152 entries
2013-08-01 04:24:48,032 INFO org.apache.hadoop.hdfs.util.GSet: recommended=2097152, actual=2097152
2013-08-01 04:24:48,035 INFO org.apache.hadoop.hdfs.server.namenode.FSNamesystem: fsOwner=guoliqiang
2013-08-01 04:24:48,035 INFO org.apache.hadoop.hdfs.server.namenode.FSNamesystem: supergroup=supergroup
2013-08-01 04:24:48,036 INFO org.apache.hadoop.hdfs.server.namenode.FSNamesystem: isPermissionEnabled=true
2013-08-01 04:24:48,036 INFO org.apache.hadoop.hdfs.server.namenode.FSNamesystem: dfs.block.invalidate.limit=100
2013-08-01 04:24:48,036 INFO org.apache.hadoop.hdfs.server.namenode.FSNamesystem: isAccessTokenEnabled=false accessKeyUpdateInterval=0 min(s), accessTokenLifetime=0 min(s)
2013-08-01 04:24:48,036 INFO org.apache.hadoop.hdfs.server.namenode.NameNode: Caching file names occuring more than 10 times 
2013-08-01 04:24:48,048 INFO org.apache.hadoop.hdfs.server.common.Storage: Number of files = 32
2013-08-01 04:24:48,049 INFO org.apache.hadoop.hdfs.server.common.Storage: Number of files under construction = 0
2013-08-01 04:24:48,049 INFO org.apache.hadoop.hdfs.server.namenode.FSEditLog: EOF of /usr/local/hadoop/hadooptmp/dfs/namesecondary/current/edits, reached end of edit log Number of transactions found: 0.  Bytes read: 4
2013-08-01 04:24:48,049 INFO org.apache.hadoop.hdfs.server.common.Storage: Edits file /usr/local/hadoop/hadooptmp/dfs/namesecondary/current/edits of size 4 edits # 0 loaded in 0 seconds.
2013-08-01 04:24:48,050 INFO org.apache.hadoop.hdfs.server.namenode.FSNamesystem: Number of transactions: 0 Total time for transactions(ms): 0Number of transactions batched in Syncs: 0 Number of syncs: 0 SyncTimes(ms): 0 
2013-08-01 04:24:48,095 INFO org.apache.hadoop.hdfs.server.namenode.FSEditLog: closing edit log: position=4, editlog=/usr/local/hadoop/hadooptmp/dfs/namesecondary/current/edits
2013-08-01 04:24:48,095 INFO org.apache.hadoop.hdfs.server.namenode.FSEditLog: close success: truncate to 4, editlog=/usr/local/hadoop/hadooptmp/dfs/namesecondary/current/edits
2013-08-01 04:24:48,096 INFO org.apache.hadoop.hdfs.server.common.Storage: Image file of size 3729 saved in 0 seconds.
2013-08-01 04:24:48,162 INFO org.apache.hadoop.hdfs.server.namenode.FSEditLog: closing edit log: position=4, editlog=/usr/local/hadoop/hadooptmp/dfs/namesecondary/current/edits
2013-08-01 04:24:48,163 INFO org.apache.hadoop.hdfs.server.namenode.FSEditLog: close success: truncate to 4, editlog=/usr/local/hadoop/hadooptmp/dfs/namesecondary/current/edits
2013-08-01 04:24:48,347 INFO org.apache.hadoop.hdfs.server.namenode.SecondaryNameNode: Posted URL 0.0.0.0:50070putimage=1&port=50090&machine=0.0.0.0&token=-32:671602484:0:1375302287000:1375298687704&newChecksum=d678cc75e6daa3821f8c06b011d78155
2013-08-01 04:24:48,347 INFO org.apache.hadoop.hdfs.server.namenode.TransferFsImage: Opening connection to http://0.0.0.0:50070/getimage?putimage=1&port=50090&machine=0.0.0.0&token=-32:671602484:0:1375302287000:1375298687704&newChecksum=d678cc75e6daa3821f8c06b011d78155
2013-08-01 04:24:48,554 INFO org.apache.hadoop.hdfs.server.namenode.SecondaryNameNode: Checkpoint done. New Image Size: 3729
2013-08-01 05:24:48,576 INFO org.apache.hadoop.hdfs.server.namenode.FSNamesystem: Number of transactions: 0 Total time for transactions(ms): 0Number of transactions batched in Syncs: 0 Number of syncs: 0 SyncTimes(ms): 0 
2013-08-01 05:24:48,576 INFO org.apache.hadoop.hdfs.server.namenode.FSEditLog: closing edit log: position=4, editlog=/usr/local/hadoop/hadooptmp/dfs/namesecondary/current/edits
2013-08-01 05:24:48,576 INFO org.apache.hadoop.hdfs.server.namenode.FSEditLog: close success: truncate to 4, editlog=/usr/local/hadoop/hadooptmp/dfs/namesecondary/current/edits
2013-08-01 05:24:48,660 INFO org.apache.hadoop.hdfs.server.namenode.TransferFsImage: Opening connection to http://0.0.0.0:50070/getimage?getimage=1
2013-08-01 05:24:48,662 INFO org.apache.hadoop.hdfs.server.namenode.SecondaryNameNode: Downloaded file fsimage size 3729 bytes.
2013-08-01 05:24:48,662 INFO org.apache.hadoop.hdfs.server.namenode.TransferFsImage: Opening connection to http://0.0.0.0:50070/getimage?getedit=1
2013-08-01 05:24:48,663 INFO org.apache.hadoop.hdfs.server.namenode.SecondaryNameNode: Downloaded file edits size 4 bytes.
2013-08-01 05:24:48,663 INFO org.apache.hadoop.hdfs.util.GSet: VM type       = 64-bit
2013-08-01 05:24:48,663 INFO org.apache.hadoop.hdfs.util.GSet: 2% max memory = 17.77875 MB
2013-08-01 05:24:48,663 INFO org.apache.hadoop.hdfs.util.GSet: capacity      = 2^21 = 2097152 entries
2013-08-01 05:24:48,663 INFO org.apache.hadoop.hdfs.util.GSet: recommended=2097152, actual=2097152
2013-08-01 05:24:48,671 INFO org.apache.hadoop.hdfs.server.namenode.FSNamesystem: fsOwner=guoliqiang
2013-08-01 05:24:48,671 INFO org.apache.hadoop.hdfs.server.namenode.FSNamesystem: supergroup=supergroup
2013-08-01 05:24:48,671 INFO org.apache.hadoop.hdfs.server.namenode.FSNamesystem: isPermissionEnabled=true
2013-08-01 05:24:48,671 INFO org.apache.hadoop.hdfs.server.namenode.FSNamesystem: dfs.block.invalidate.limit=100
2013-08-01 05:24:48,671 INFO org.apache.hadoop.hdfs.server.namenode.FSNamesystem: isAccessTokenEnabled=false accessKeyUpdateInterval=0 min(s), accessTokenLifetime=0 min(s)
2013-08-01 05:24:48,671 INFO org.apache.hadoop.hdfs.server.namenode.NameNode: Caching file names occuring more than 10 times 
2013-08-01 05:24:48,672 INFO org.apache.hadoop.hdfs.server.common.Storage: Number of files = 32
2013-08-01 05:24:48,673 INFO org.apache.hadoop.hdfs.server.common.Storage: Number of files under construction = 0
2013-08-01 05:24:48,673 INFO org.apache.hadoop.hdfs.server.namenode.FSEditLog: EOF of /usr/local/hadoop/hadooptmp/dfs/namesecondary/current/edits, reached end of edit log Number of transactions found: 0.  Bytes read: 4
2013-08-01 05:24:48,673 INFO org.apache.hadoop.hdfs.server.common.Storage: Edits file /usr/local/hadoop/hadooptmp/dfs/namesecondary/current/edits of size 4 edits # 0 loaded in 0 seconds.
2013-08-01 05:24:48,673 INFO org.apache.hadoop.hdfs.server.namenode.FSNamesystem: Number of transactions: 0 Total time for transactions(ms): 0Number of transactions batched in Syncs: 0 Number of syncs: 0 SyncTimes(ms): 0 
2013-08-01 05:24:48,727 INFO org.apache.hadoop.hdfs.server.namenode.FSEditLog: closing edit log: position=4, editlog=/usr/local/hadoop/hadooptmp/dfs/namesecondary/current/edits
2013-08-01 05:24:48,727 INFO org.apache.hadoop.hdfs.server.namenode.FSEditLog: close success: truncate to 4, editlog=/usr/local/hadoop/hadooptmp/dfs/namesecondary/current/edits
2013-08-01 05:24:48,728 INFO org.apache.hadoop.hdfs.server.common.Storage: Image file of size 3729 saved in 0 seconds.
2013-08-01 05:24:48,794 INFO org.apache.hadoop.hdfs.server.namenode.FSEditLog: closing edit log: position=4, editlog=/usr/local/hadoop/hadooptmp/dfs/namesecondary/current/edits
2013-08-01 05:24:48,794 INFO org.apache.hadoop.hdfs.server.namenode.FSEditLog: close success: truncate to 4, editlog=/usr/local/hadoop/hadooptmp/dfs/namesecondary/current/edits
2013-08-01 05:24:48,987 INFO org.apache.hadoop.hdfs.server.namenode.SecondaryNameNode: Posted URL 0.0.0.0:50070putimage=1&port=50090&machine=0.0.0.0&token=-32:671602484:0:1375305888000:1375302288353&newChecksum=d678cc75e6daa3821f8c06b011d78155
2013-08-01 05:24:48,987 INFO org.apache.hadoop.hdfs.server.namenode.TransferFsImage: Opening connection to http://0.0.0.0:50070/getimage?putimage=1&port=50090&machine=0.0.0.0&token=-32:671602484:0:1375305888000:1375302288353&newChecksum=d678cc75e6daa3821f8c06b011d78155
2013-08-01 05:24:49,205 INFO org.apache.hadoop.hdfs.server.namenode.SecondaryNameNode: Checkpoint done. New Image Size: 3729
2013-08-01 06:24:49,225 INFO org.apache.hadoop.hdfs.server.namenode.FSNamesystem: Number of transactions: 0 Total time for transactions(ms): 0Number of transactions batched in Syncs: 0 Number of syncs: 0 SyncTimes(ms): 0 
2013-08-01 06:24:49,225 INFO org.apache.hadoop.hdfs.server.namenode.FSEditLog: closing edit log: position=4, editlog=/usr/local/hadoop/hadooptmp/dfs/namesecondary/current/edits
2013-08-01 06:24:49,225 INFO org.apache.hadoop.hdfs.server.namenode.FSEditLog: close success: truncate to 4, editlog=/usr/local/hadoop/hadooptmp/dfs/namesecondary/current/edits
2013-08-01 06:24:49,324 INFO org.apache.hadoop.hdfs.server.namenode.TransferFsImage: Opening connection to http://0.0.0.0:50070/getimage?getimage=1
2013-08-01 06:24:49,326 INFO org.apache.hadoop.hdfs.server.namenode.SecondaryNameNode: Downloaded file fsimage size 3729 bytes.
2013-08-01 06:24:49,326 INFO org.apache.hadoop.hdfs.server.namenode.TransferFsImage: Opening connection to http://0.0.0.0:50070/getimage?getedit=1
2013-08-01 06:24:49,327 INFO org.apache.hadoop.hdfs.server.namenode.SecondaryNameNode: Downloaded file edits size 4 bytes.
2013-08-01 06:24:49,327 INFO org.apache.hadoop.hdfs.util.GSet: VM type       = 64-bit
2013-08-01 06:24:49,327 INFO org.apache.hadoop.hdfs.util.GSet: 2% max memory = 17.77875 MB
2013-08-01 06:24:49,327 INFO org.apache.hadoop.hdfs.util.GSet: capacity      = 2^21 = 2097152 entries
2013-08-01 06:24:49,327 INFO org.apache.hadoop.hdfs.util.GSet: recommended=2097152, actual=2097152
2013-08-01 06:24:49,330 INFO org.apache.hadoop.hdfs.server.namenode.FSNamesystem: fsOwner=guoliqiang
2013-08-01 06:24:49,330 INFO org.apache.hadoop.hdfs.server.namenode.FSNamesystem: supergroup=supergroup
2013-08-01 06:24:49,330 INFO org.apache.hadoop.hdfs.server.namenode.FSNamesystem: isPermissionEnabled=true
2013-08-01 06:24:49,330 INFO org.apache.hadoop.hdfs.server.namenode.FSNamesystem: dfs.block.invalidate.limit=100
2013-08-01 06:24:49,330 INFO org.apache.hadoop.hdfs.server.namenode.FSNamesystem: isAccessTokenEnabled=false accessKeyUpdateInterval=0 min(s), accessTokenLifetime=0 min(s)
2013-08-01 06:24:49,330 INFO org.apache.hadoop.hdfs.server.namenode.NameNode: Caching file names occuring more than 10 times 
2013-08-01 06:24:49,357 INFO org.apache.hadoop.hdfs.server.common.Storage: Number of files = 32
2013-08-01 06:24:49,358 INFO org.apache.hadoop.hdfs.server.common.Storage: Number of files under construction = 0
2013-08-01 06:24:49,359 INFO org.apache.hadoop.hdfs.server.namenode.FSEditLog: EOF of /usr/local/hadoop/hadooptmp/dfs/namesecondary/current/edits, reached end of edit log Number of transactions found: 0.  Bytes read: 4
2013-08-01 06:24:49,359 INFO org.apache.hadoop.hdfs.server.common.Storage: Edits file /usr/local/hadoop/hadooptmp/dfs/namesecondary/current/edits of size 4 edits # 0 loaded in 0 seconds.
2013-08-01 06:24:49,359 INFO org.apache.hadoop.hdfs.server.namenode.FSNamesystem: Number of transactions: 0 Total time for transactions(ms): 0Number of transactions batched in Syncs: 0 Number of syncs: 0 SyncTimes(ms): 0 
2013-08-01 06:24:49,390 INFO org.apache.hadoop.hdfs.server.namenode.FSEditLog: closing edit log: position=4, editlog=/usr/local/hadoop/hadooptmp/dfs/namesecondary/current/edits
2013-08-01 06:24:49,391 INFO org.apache.hadoop.hdfs.server.namenode.FSEditLog: close success: truncate to 4, editlog=/usr/local/hadoop/hadooptmp/dfs/namesecondary/current/edits
2013-08-01 06:24:49,391 INFO org.apache.hadoop.hdfs.server.common.Storage: Image file of size 3729 saved in 0 seconds.
2013-08-01 06:24:49,457 INFO org.apache.hadoop.hdfs.server.namenode.FSEditLog: closing edit log: position=4, editlog=/usr/local/hadoop/hadooptmp/dfs/namesecondary/current/edits
2013-08-01 06:24:49,458 INFO org.apache.hadoop.hdfs.server.namenode.FSEditLog: close success: truncate to 4, editlog=/usr/local/hadoop/hadooptmp/dfs/namesecondary/current/edits
2013-08-01 06:24:49,642 INFO org.apache.hadoop.hdfs.server.namenode.SecondaryNameNode: Posted URL 0.0.0.0:50070putimage=1&port=50090&machine=0.0.0.0&token=-32:671602484:0:1375309489000:1375305888992&newChecksum=d678cc75e6daa3821f8c06b011d78155
2013-08-01 06:24:49,642 INFO org.apache.hadoop.hdfs.server.namenode.TransferFsImage: Opening connection to http://0.0.0.0:50070/getimage?putimage=1&port=50090&machine=0.0.0.0&token=-32:671602484:0:1375309489000:1375305888992&newChecksum=d678cc75e6daa3821f8c06b011d78155
2013-08-01 06:24:49,848 INFO org.apache.hadoop.hdfs.server.namenode.SecondaryNameNode: Checkpoint done. New Image Size: 3729
2013-08-01 07:24:49,863 INFO org.apache.hadoop.hdfs.server.namenode.FSNamesystem: Number of transactions: 0 Total time for transactions(ms): 0Number of transactions batched in Syncs: 0 Number of syncs: 0 SyncTimes(ms): 0 
2013-08-01 07:24:49,863 INFO org.apache.hadoop.hdfs.server.namenode.FSEditLog: closing edit log: position=4, editlog=/usr/local/hadoop/hadooptmp/dfs/namesecondary/current/edits
2013-08-01 07:24:49,863 INFO org.apache.hadoop.hdfs.server.namenode.FSEditLog: close success: truncate to 4, editlog=/usr/local/hadoop/hadooptmp/dfs/namesecondary/current/edits
2013-08-01 07:24:49,983 INFO org.apache.hadoop.hdfs.server.namenode.TransferFsImage: Opening connection to http://0.0.0.0:50070/getimage?getimage=1
2013-08-01 07:24:50,000 INFO org.apache.hadoop.hdfs.server.namenode.SecondaryNameNode: Downloaded file fsimage size 3729 bytes.
2013-08-01 07:24:50,000 INFO org.apache.hadoop.hdfs.server.namenode.TransferFsImage: Opening connection to http://0.0.0.0:50070/getimage?getedit=1
2013-08-01 07:24:50,001 INFO org.apache.hadoop.hdfs.server.namenode.SecondaryNameNode: Downloaded file edits size 4 bytes.
2013-08-01 07:24:50,001 INFO org.apache.hadoop.hdfs.util.GSet: VM type       = 64-bit
2013-08-01 07:24:50,001 INFO org.apache.hadoop.hdfs.util.GSet: 2% max memory = 17.77875 MB
2013-08-01 07:24:50,001 INFO org.apache.hadoop.hdfs.util.GSet: capacity      = 2^21 = 2097152 entries
2013-08-01 07:24:50,001 INFO org.apache.hadoop.hdfs.util.GSet: recommended=2097152, actual=2097152
2013-08-01 07:24:50,007 INFO org.apache.hadoop.hdfs.server.namenode.FSNamesystem: fsOwner=guoliqiang
2013-08-01 07:24:50,007 INFO org.apache.hadoop.hdfs.server.namenode.FSNamesystem: supergroup=supergroup
2013-08-01 07:24:50,007 INFO org.apache.hadoop.hdfs.server.namenode.FSNamesystem: isPermissionEnabled=true
2013-08-01 07:24:50,007 INFO org.apache.hadoop.hdfs.server.namenode.FSNamesystem: dfs.block.invalidate.limit=100
2013-08-01 07:24:50,007 INFO org.apache.hadoop.hdfs.server.namenode.FSNamesystem: isAccessTokenEnabled=false accessKeyUpdateInterval=0 min(s), accessTokenLifetime=0 min(s)
2013-08-01 07:24:50,007 INFO org.apache.hadoop.hdfs.server.namenode.NameNode: Caching file names occuring more than 10 times 
2013-08-01 07:24:50,007 INFO org.apache.hadoop.hdfs.server.common.Storage: Number of files = 32
2013-08-01 07:24:50,009 INFO org.apache.hadoop.hdfs.server.common.Storage: Number of files under construction = 0
2013-08-01 07:24:50,009 INFO org.apache.hadoop.hdfs.server.namenode.FSEditLog: EOF of /usr/local/hadoop/hadooptmp/dfs/namesecondary/current/edits, reached end of edit log Number of transactions found: 0.  Bytes read: 4
2013-08-01 07:24:50,009 INFO org.apache.hadoop.hdfs.server.common.Storage: Edits file /usr/local/hadoop/hadooptmp/dfs/namesecondary/current/edits of size 4 edits # 0 loaded in 0 seconds.
2013-08-01 07:24:50,009 INFO org.apache.hadoop.hdfs.server.namenode.FSNamesystem: Number of transactions: 0 Total time for transactions(ms): 0Number of transactions batched in Syncs: 0 Number of syncs: 0 SyncTimes(ms): 0 
2013-08-01 07:24:50,074 INFO org.apache.hadoop.hdfs.server.namenode.FSEditLog: closing edit log: position=4, editlog=/usr/local/hadoop/hadooptmp/dfs/namesecondary/current/edits
2013-08-01 07:24:50,074 INFO org.apache.hadoop.hdfs.server.namenode.FSEditLog: close success: truncate to 4, editlog=/usr/local/hadoop/hadooptmp/dfs/namesecondary/current/edits
2013-08-01 07:24:50,075 INFO org.apache.hadoop.hdfs.server.common.Storage: Image file of size 3729 saved in 0 seconds.
2013-08-01 07:24:50,141 INFO org.apache.hadoop.hdfs.server.namenode.FSEditLog: closing edit log: position=4, editlog=/usr/local/hadoop/hadooptmp/dfs/namesecondary/current/edits
2013-08-01 07:24:50,141 INFO org.apache.hadoop.hdfs.server.namenode.FSEditLog: close success: truncate to 4, editlog=/usr/local/hadoop/hadooptmp/dfs/namesecondary/current/edits
2013-08-01 07:24:50,319 INFO org.apache.hadoop.hdfs.server.namenode.SecondaryNameNode: Posted URL 0.0.0.0:50070putimage=1&port=50090&machine=0.0.0.0&token=-32:671602484:0:1375313089000:1375309489648&newChecksum=d678cc75e6daa3821f8c06b011d78155
2013-08-01 07:24:50,319 INFO org.apache.hadoop.hdfs.server.namenode.TransferFsImage: Opening connection to http://0.0.0.0:50070/getimage?putimage=1&port=50090&machine=0.0.0.0&token=-32:671602484:0:1375313089000:1375309489648&newChecksum=d678cc75e6daa3821f8c06b011d78155
2013-08-01 07:24:50,525 INFO org.apache.hadoop.hdfs.server.namenode.SecondaryNameNode: Checkpoint done. New Image Size: 3729
2013-08-01 08:24:50,627 INFO org.apache.hadoop.hdfs.server.namenode.FSNamesystem: Number of transactions: 0 Total time for transactions(ms): 0Number of transactions batched in Syncs: 0 Number of syncs: 0 SyncTimes(ms): 0 
2013-08-01 08:24:50,658 INFO org.apache.hadoop.hdfs.server.namenode.FSEditLog: closing edit log: position=4, editlog=/usr/local/hadoop/hadooptmp/dfs/namesecondary/current/edits
2013-08-01 08:24:50,658 INFO org.apache.hadoop.hdfs.server.namenode.FSEditLog: close success: truncate to 4, editlog=/usr/local/hadoop/hadooptmp/dfs/namesecondary/current/edits
2013-08-01 08:24:50,803 INFO org.apache.hadoop.hdfs.server.namenode.TransferFsImage: Opening connection to http://0.0.0.0:50070/getimage?getimage=1
2013-08-01 08:24:50,880 INFO org.apache.hadoop.hdfs.server.namenode.SecondaryNameNode: Downloaded file fsimage size 3729 bytes.
2013-08-01 08:24:50,880 INFO org.apache.hadoop.hdfs.server.namenode.TransferFsImage: Opening connection to http://0.0.0.0:50070/getimage?getedit=1
2013-08-01 08:24:50,888 INFO org.apache.hadoop.hdfs.server.namenode.SecondaryNameNode: Downloaded file edits size 4 bytes.
2013-08-01 08:24:50,888 INFO org.apache.hadoop.hdfs.util.GSet: VM type       = 64-bit
2013-08-01 08:24:50,888 INFO org.apache.hadoop.hdfs.util.GSet: 2% max memory = 17.77875 MB
2013-08-01 08:24:50,888 INFO org.apache.hadoop.hdfs.util.GSet: capacity      = 2^21 = 2097152 entries
2013-08-01 08:24:50,888 INFO org.apache.hadoop.hdfs.util.GSet: recommended=2097152, actual=2097152
2013-08-01 08:24:50,891 INFO org.apache.hadoop.hdfs.server.namenode.FSNamesystem: fsOwner=guoliqiang
2013-08-01 08:24:50,891 INFO org.apache.hadoop.hdfs.server.namenode.FSNamesystem: supergroup=supergroup
2013-08-01 08:24:50,891 INFO org.apache.hadoop.hdfs.server.namenode.FSNamesystem: isPermissionEnabled=true
2013-08-01 08:24:50,891 INFO org.apache.hadoop.hdfs.server.namenode.FSNamesystem: dfs.block.invalidate.limit=100
2013-08-01 08:24:50,891 INFO org.apache.hadoop.hdfs.server.namenode.FSNamesystem: isAccessTokenEnabled=false accessKeyUpdateInterval=0 min(s), accessTokenLifetime=0 min(s)
2013-08-01 08:24:50,891 INFO org.apache.hadoop.hdfs.server.namenode.NameNode: Caching file names occuring more than 10 times 
2013-08-01 08:24:50,972 INFO org.apache.hadoop.hdfs.server.common.Storage: Number of files = 32
2013-08-01 08:24:50,973 INFO org.apache.hadoop.hdfs.server.common.Storage: Number of files under construction = 0
2013-08-01 08:24:50,973 INFO org.apache.hadoop.hdfs.server.namenode.FSEditLog: EOF of /usr/local/hadoop/hadooptmp/dfs/namesecondary/current/edits, reached end of edit log Number of transactions found: 0.  Bytes read: 4
2013-08-01 08:24:50,973 INFO org.apache.hadoop.hdfs.server.common.Storage: Edits file /usr/local/hadoop/hadooptmp/dfs/namesecondary/current/edits of size 4 edits # 0 loaded in 0 seconds.
2013-08-01 08:24:50,974 INFO org.apache.hadoop.hdfs.server.namenode.FSNamesystem: Number of transactions: 0 Total time for transactions(ms): 0Number of transactions batched in Syncs: 0 Number of syncs: 0 SyncTimes(ms): 0 
2013-08-01 08:24:51,037 INFO org.apache.hadoop.hdfs.server.namenode.FSEditLog: closing edit log: position=4, editlog=/usr/local/hadoop/hadooptmp/dfs/namesecondary/current/edits
2013-08-01 08:24:51,037 INFO org.apache.hadoop.hdfs.server.namenode.FSEditLog: close success: truncate to 4, editlog=/usr/local/hadoop/hadooptmp/dfs/namesecondary/current/edits
2013-08-01 08:24:51,039 INFO org.apache.hadoop.hdfs.server.common.Storage: Image file of size 3729 saved in 0 seconds.
2013-08-01 08:24:51,096 INFO org.apache.hadoop.hdfs.server.namenode.FSEditLog: closing edit log: position=4, editlog=/usr/local/hadoop/hadooptmp/dfs/namesecondary/current/edits
2013-08-01 08:24:51,096 INFO org.apache.hadoop.hdfs.server.namenode.FSEditLog: close success: truncate to 4, editlog=/usr/local/hadoop/hadooptmp/dfs/namesecondary/current/edits
2013-08-01 08:24:51,339 INFO org.apache.hadoop.hdfs.server.namenode.SecondaryNameNode: Posted URL 0.0.0.0:50070putimage=1&port=50090&machine=0.0.0.0&token=-32:671602484:0:1375316690000:1375313090324&newChecksum=d678cc75e6daa3821f8c06b011d78155
2013-08-01 08:24:51,339 INFO org.apache.hadoop.hdfs.server.namenode.TransferFsImage: Opening connection to http://0.0.0.0:50070/getimage?putimage=1&port=50090&machine=0.0.0.0&token=-32:671602484:0:1375316690000:1375313090324&newChecksum=d678cc75e6daa3821f8c06b011d78155
2013-08-01 08:24:51,690 INFO org.apache.hadoop.hdfs.server.namenode.SecondaryNameNode: Checkpoint done. New Image Size: 3729
2013-08-01 09:24:51,711 INFO org.apache.hadoop.hdfs.server.namenode.FSNamesystem: Number of transactions: 0 Total time for transactions(ms): 0Number of transactions batched in Syncs: 0 Number of syncs: 0 SyncTimes(ms): 0 
2013-08-01 09:24:51,751 INFO org.apache.hadoop.hdfs.server.namenode.FSEditLog: closing edit log: position=4, editlog=/usr/local/hadoop/hadooptmp/dfs/namesecondary/current/edits
2013-08-01 09:24:51,752 INFO org.apache.hadoop.hdfs.server.namenode.FSEditLog: close success: truncate to 4, editlog=/usr/local/hadoop/hadooptmp/dfs/namesecondary/current/edits
2013-08-01 09:24:51,829 INFO org.apache.hadoop.hdfs.server.namenode.TransferFsImage: Opening connection to http://0.0.0.0:50070/getimage?getimage=1
2013-08-01 09:24:51,831 INFO org.apache.hadoop.hdfs.server.namenode.SecondaryNameNode: Downloaded file fsimage size 3729 bytes.
2013-08-01 09:24:51,831 INFO org.apache.hadoop.hdfs.server.namenode.TransferFsImage: Opening connection to http://0.0.0.0:50070/getimage?getedit=1
2013-08-01 09:24:51,832 INFO org.apache.hadoop.hdfs.server.namenode.SecondaryNameNode: Downloaded file edits size 4 bytes.
2013-08-01 09:24:51,832 INFO org.apache.hadoop.hdfs.util.GSet: VM type       = 64-bit
2013-08-01 09:24:51,832 INFO org.apache.hadoop.hdfs.util.GSet: 2% max memory = 17.77875 MB
2013-08-01 09:24:51,832 INFO org.apache.hadoop.hdfs.util.GSet: capacity      = 2^21 = 2097152 entries
2013-08-01 09:24:51,832 INFO org.apache.hadoop.hdfs.util.GSet: recommended=2097152, actual=2097152
2013-08-01 09:24:51,835 INFO org.apache.hadoop.hdfs.server.namenode.FSNamesystem: fsOwner=guoliqiang
2013-08-01 09:24:51,835 INFO org.apache.hadoop.hdfs.server.namenode.FSNamesystem: supergroup=supergroup
2013-08-01 09:24:51,835 INFO org.apache.hadoop.hdfs.server.namenode.FSNamesystem: isPermissionEnabled=true
2013-08-01 09:24:51,835 INFO org.apache.hadoop.hdfs.server.namenode.FSNamesystem: dfs.block.invalidate.limit=100
2013-08-01 09:24:51,835 INFO org.apache.hadoop.hdfs.server.namenode.FSNamesystem: isAccessTokenEnabled=false accessKeyUpdateInterval=0 min(s), accessTokenLifetime=0 min(s)
2013-08-01 09:24:51,835 INFO org.apache.hadoop.hdfs.server.namenode.NameNode: Caching file names occuring more than 10 times 
2013-08-01 09:24:51,836 INFO org.apache.hadoop.hdfs.server.common.Storage: Number of files = 32
2013-08-01 09:24:51,837 INFO org.apache.hadoop.hdfs.server.common.Storage: Number of files under construction = 0
2013-08-01 09:24:51,837 INFO org.apache.hadoop.hdfs.server.namenode.FSEditLog: EOF of /usr/local/hadoop/hadooptmp/dfs/namesecondary/current/edits, reached end of edit log Number of transactions found: 0.  Bytes read: 4
2013-08-01 09:24:51,837 INFO org.apache.hadoop.hdfs.server.common.Storage: Edits file /usr/local/hadoop/hadooptmp/dfs/namesecondary/current/edits of size 4 edits # 0 loaded in 0 seconds.
2013-08-01 09:24:51,838 INFO org.apache.hadoop.hdfs.server.namenode.FSNamesystem: Number of transactions: 0 Total time for transactions(ms): 0Number of transactions batched in Syncs: 0 Number of syncs: 0 SyncTimes(ms): 0 
2013-08-01 09:24:51,870 INFO org.apache.hadoop.hdfs.server.namenode.FSEditLog: closing edit log: position=4, editlog=/usr/local/hadoop/hadooptmp/dfs/namesecondary/current/edits
2013-08-01 09:24:51,870 INFO org.apache.hadoop.hdfs.server.namenode.FSEditLog: close success: truncate to 4, editlog=/usr/local/hadoop/hadooptmp/dfs/namesecondary/current/edits
2013-08-01 09:24:51,871 INFO org.apache.hadoop.hdfs.server.common.Storage: Image file of size 3729 saved in 0 seconds.
2013-08-01 09:24:51,937 INFO org.apache.hadoop.hdfs.server.namenode.FSEditLog: closing edit log: position=4, editlog=/usr/local/hadoop/hadooptmp/dfs/namesecondary/current/edits
2013-08-01 09:24:51,937 INFO org.apache.hadoop.hdfs.server.namenode.FSEditLog: close success: truncate to 4, editlog=/usr/local/hadoop/hadooptmp/dfs/namesecondary/current/edits
2013-08-01 09:24:52,122 INFO org.apache.hadoop.hdfs.server.namenode.SecondaryNameNode: Posted URL 0.0.0.0:50070putimage=1&port=50090&machine=0.0.0.0&token=-32:671602484:0:1375320291000:1375316691402&newChecksum=d678cc75e6daa3821f8c06b011d78155
2013-08-01 09:24:52,122 INFO org.apache.hadoop.hdfs.server.namenode.TransferFsImage: Opening connection to http://0.0.0.0:50070/getimage?putimage=1&port=50090&machine=0.0.0.0&token=-32:671602484:0:1375320291000:1375316691402&newChecksum=d678cc75e6daa3821f8c06b011d78155
2013-08-01 09:24:52,330 INFO org.apache.hadoop.hdfs.server.namenode.SecondaryNameNode: Checkpoint done. New Image Size: 3729
2013-08-01 10:24:52,372 INFO org.apache.hadoop.hdfs.server.namenode.FSNamesystem: Number of transactions: 0 Total time for transactions(ms): 0Number of transactions batched in Syncs: 0 Number of syncs: 0 SyncTimes(ms): 0 
2013-08-01 10:24:52,373 INFO org.apache.hadoop.hdfs.server.namenode.FSEditLog: closing edit log: position=4, editlog=/usr/local/hadoop/hadooptmp/dfs/namesecondary/current/edits
2013-08-01 10:24:52,373 INFO org.apache.hadoop.hdfs.server.namenode.FSEditLog: close success: truncate to 4, editlog=/usr/local/hadoop/hadooptmp/dfs/namesecondary/current/edits
2013-08-01 10:24:52,437 INFO org.apache.hadoop.hdfs.server.namenode.TransferFsImage: Opening connection to http://0.0.0.0:50070/getimage?getimage=1
2013-08-01 10:24:52,458 INFO org.apache.hadoop.hdfs.server.namenode.SecondaryNameNode: Downloaded file fsimage size 3729 bytes.
2013-08-01 10:24:52,459 INFO org.apache.hadoop.hdfs.server.namenode.TransferFsImage: Opening connection to http://0.0.0.0:50070/getimage?getedit=1
2013-08-01 10:24:52,459 INFO org.apache.hadoop.hdfs.server.namenode.SecondaryNameNode: Downloaded file edits size 4 bytes.
2013-08-01 10:24:52,459 INFO org.apache.hadoop.hdfs.util.GSet: VM type       = 64-bit
2013-08-01 10:24:52,460 INFO org.apache.hadoop.hdfs.util.GSet: 2% max memory = 17.77875 MB
2013-08-01 10:24:52,460 INFO org.apache.hadoop.hdfs.util.GSet: capacity      = 2^21 = 2097152 entries
2013-08-01 10:24:52,460 INFO org.apache.hadoop.hdfs.util.GSet: recommended=2097152, actual=2097152
2013-08-01 10:24:52,464 INFO org.apache.hadoop.hdfs.server.namenode.FSNamesystem: fsOwner=guoliqiang
2013-08-01 10:24:52,464 INFO org.apache.hadoop.hdfs.server.namenode.FSNamesystem: supergroup=supergroup
2013-08-01 10:24:52,464 INFO org.apache.hadoop.hdfs.server.namenode.FSNamesystem: isPermissionEnabled=true
2013-08-01 10:24:52,465 INFO org.apache.hadoop.hdfs.server.namenode.FSNamesystem: dfs.block.invalidate.limit=100
2013-08-01 10:24:52,465 INFO org.apache.hadoop.hdfs.server.namenode.FSNamesystem: isAccessTokenEnabled=false accessKeyUpdateInterval=0 min(s), accessTokenLifetime=0 min(s)
2013-08-01 10:24:52,465 INFO org.apache.hadoop.hdfs.server.namenode.NameNode: Caching file names occuring more than 10 times 
2013-08-01 10:24:52,465 INFO org.apache.hadoop.hdfs.server.common.Storage: Number of files = 32
2013-08-01 10:24:52,467 INFO org.apache.hadoop.hdfs.server.common.Storage: Number of files under construction = 0
2013-08-01 10:24:52,467 INFO org.apache.hadoop.hdfs.server.namenode.FSEditLog: EOF of /usr/local/hadoop/hadooptmp/dfs/namesecondary/current/edits, reached end of edit log Number of transactions found: 0.  Bytes read: 4
2013-08-01 10:24:52,467 INFO org.apache.hadoop.hdfs.server.common.Storage: Edits file /usr/local/hadoop/hadooptmp/dfs/namesecondary/current/edits of size 4 edits # 0 loaded in 0 seconds.
2013-08-01 10:24:52,467 INFO org.apache.hadoop.hdfs.server.namenode.FSNamesystem: Number of transactions: 0 Total time for transactions(ms): 0Number of transactions batched in Syncs: 0 Number of syncs: 0 SyncTimes(ms): 0 
2013-08-01 10:24:52,562 INFO org.apache.hadoop.hdfs.server.namenode.FSEditLog: closing edit log: position=4, editlog=/usr/local/hadoop/hadooptmp/dfs/namesecondary/current/edits
2013-08-01 10:24:52,562 INFO org.apache.hadoop.hdfs.server.namenode.FSEditLog: close success: truncate to 4, editlog=/usr/local/hadoop/hadooptmp/dfs/namesecondary/current/edits
2013-08-01 10:24:52,565 INFO org.apache.hadoop.hdfs.server.common.Storage: Image file of size 3729 saved in 0 seconds.
2013-08-01 10:24:52,645 INFO org.apache.hadoop.hdfs.server.namenode.FSEditLog: closing edit log: position=4, editlog=/usr/local/hadoop/hadooptmp/dfs/namesecondary/current/edits
2013-08-01 10:24:52,646 INFO org.apache.hadoop.hdfs.server.namenode.FSEditLog: close success: truncate to 4, editlog=/usr/local/hadoop/hadooptmp/dfs/namesecondary/current/edits
2013-08-01 10:24:52,855 INFO org.apache.hadoop.hdfs.server.namenode.SecondaryNameNode: Posted URL 0.0.0.0:50070putimage=1&port=50090&machine=0.0.0.0&token=-32:671602484:0:1375323892000:1375320292127&newChecksum=d678cc75e6daa3821f8c06b011d78155
2013-08-01 10:24:52,855 INFO org.apache.hadoop.hdfs.server.namenode.TransferFsImage: Opening connection to http://0.0.0.0:50070/getimage?putimage=1&port=50090&machine=0.0.0.0&token=-32:671602484:0:1375323892000:1375320292127&newChecksum=d678cc75e6daa3821f8c06b011d78155
2013-08-01 10:24:53,106 INFO org.apache.hadoop.hdfs.server.namenode.SecondaryNameNode: Checkpoint done. New Image Size: 3729
2013-08-01 11:24:53,129 INFO org.apache.hadoop.hdfs.server.namenode.FSNamesystem: Number of transactions: 0 Total time for transactions(ms): 0Number of transactions batched in Syncs: 0 Number of syncs: 0 SyncTimes(ms): 0 
2013-08-01 11:24:53,129 INFO org.apache.hadoop.hdfs.server.namenode.FSEditLog: closing edit log: position=4, editlog=/usr/local/hadoop/hadooptmp/dfs/namesecondary/current/edits
2013-08-01 11:24:53,129 INFO org.apache.hadoop.hdfs.server.namenode.FSEditLog: close success: truncate to 4, editlog=/usr/local/hadoop/hadooptmp/dfs/namesecondary/current/edits
2013-08-01 11:24:53,225 INFO org.apache.hadoop.hdfs.server.namenode.TransferFsImage: Opening connection to http://0.0.0.0:50070/getimage?getimage=1
2013-08-01 11:24:53,241 INFO org.apache.hadoop.hdfs.server.namenode.SecondaryNameNode: Downloaded file fsimage size 3729 bytes.
2013-08-01 11:24:53,241 INFO org.apache.hadoop.hdfs.server.namenode.TransferFsImage: Opening connection to http://0.0.0.0:50070/getimage?getedit=1
2013-08-01 11:24:53,242 INFO org.apache.hadoop.hdfs.server.namenode.SecondaryNameNode: Downloaded file edits size 4 bytes.
2013-08-01 11:24:53,242 INFO org.apache.hadoop.hdfs.util.GSet: VM type       = 64-bit
2013-08-01 11:24:53,242 INFO org.apache.hadoop.hdfs.util.GSet: 2% max memory = 17.77875 MB
2013-08-01 11:24:53,242 INFO org.apache.hadoop.hdfs.util.GSet: capacity      = 2^21 = 2097152 entries
2013-08-01 11:24:53,242 INFO org.apache.hadoop.hdfs.util.GSet: recommended=2097152, actual=2097152
2013-08-01 11:24:53,248 INFO org.apache.hadoop.hdfs.server.namenode.FSNamesystem: fsOwner=guoliqiang
2013-08-01 11:24:53,249 INFO org.apache.hadoop.hdfs.server.namenode.FSNamesystem: supergroup=supergroup
2013-08-01 11:24:53,249 INFO org.apache.hadoop.hdfs.server.namenode.FSNamesystem: isPermissionEnabled=true
2013-08-01 11:24:53,250 INFO org.apache.hadoop.hdfs.server.namenode.FSNamesystem: dfs.block.invalidate.limit=100
2013-08-01 11:24:53,250 INFO org.apache.hadoop.hdfs.server.namenode.FSNamesystem: isAccessTokenEnabled=false accessKeyUpdateInterval=0 min(s), accessTokenLifetime=0 min(s)
2013-08-01 11:24:53,250 INFO org.apache.hadoop.hdfs.server.namenode.NameNode: Caching file names occuring more than 10 times 
2013-08-01 11:24:53,251 INFO org.apache.hadoop.hdfs.server.common.Storage: Number of files = 32
2013-08-01 11:24:53,253 INFO org.apache.hadoop.hdfs.server.common.Storage: Number of files under construction = 0
2013-08-01 11:24:53,253 INFO org.apache.hadoop.hdfs.server.namenode.FSEditLog: EOF of /usr/local/hadoop/hadooptmp/dfs/namesecondary/current/edits, reached end of edit log Number of transactions found: 0.  Bytes read: 4
2013-08-01 11:24:53,253 INFO org.apache.hadoop.hdfs.server.common.Storage: Edits file /usr/local/hadoop/hadooptmp/dfs/namesecondary/current/edits of size 4 edits # 0 loaded in 0 seconds.
2013-08-01 11:24:53,254 INFO org.apache.hadoop.hdfs.server.namenode.FSNamesystem: Number of transactions: 0 Total time for transactions(ms): 0Number of transactions batched in Syncs: 0 Number of syncs: 0 SyncTimes(ms): 0 
2013-08-01 11:24:53,491 INFO org.apache.hadoop.hdfs.server.namenode.FSEditLog: closing edit log: position=4, editlog=/usr/local/hadoop/hadooptmp/dfs/namesecondary/current/edits
2013-08-01 11:24:53,492 INFO org.apache.hadoop.hdfs.server.namenode.FSEditLog: close success: truncate to 4, editlog=/usr/local/hadoop/hadooptmp/dfs/namesecondary/current/edits
2013-08-01 11:24:53,493 INFO org.apache.hadoop.hdfs.server.common.Storage: Image file of size 3729 saved in 0 seconds.
2013-08-01 11:24:53,600 INFO org.apache.hadoop.hdfs.server.namenode.FSEditLog: closing edit log: position=4, editlog=/usr/local/hadoop/hadooptmp/dfs/namesecondary/current/edits
2013-08-01 11:24:53,600 INFO org.apache.hadoop.hdfs.server.namenode.FSEditLog: close success: truncate to 4, editlog=/usr/local/hadoop/hadooptmp/dfs/namesecondary/current/edits
2013-08-01 11:24:53,812 INFO org.apache.hadoop.hdfs.server.namenode.SecondaryNameNode: Posted URL 0.0.0.0:50070putimage=1&port=50090&machine=0.0.0.0&token=-32:671602484:0:1375327493000:1375323892888&newChecksum=d678cc75e6daa3821f8c06b011d78155
2013-08-01 11:24:53,812 INFO org.apache.hadoop.hdfs.server.namenode.TransferFsImage: Opening connection to http://0.0.0.0:50070/getimage?putimage=1&port=50090&machine=0.0.0.0&token=-32:671602484:0:1375327493000:1375323892888&newChecksum=d678cc75e6daa3821f8c06b011d78155
2013-08-01 11:24:54,208 INFO org.apache.hadoop.hdfs.server.namenode.SecondaryNameNode: Checkpoint done. New Image Size: 3729
