This file contains any messages produced by compilers while
running configure, to aid debugging if configure makes a mistake.

It was created by configure, which was
generated by GNU Autoconf 2.68.  Invocation command line was

  $ ./configure --prefix=/home/guoliqiang/git-coding/coding/third_part/ccache/

## --------- ##
## Platform. ##
## --------- ##

hostname = ubuntu
uname -m = x86_64
uname -r = 2.6.32-21-generic
uname -s = Linux
uname -v = #32-Ubuntu SMP Fri Apr 16 08:09:38 UTC 2010

/usr/bin/uname -p = unknown
/bin/uname -X     = unknown

/bin/arch              = unknown
/usr/bin/arch -k       = unknown
/usr/convex/getsysinfo = unknown
/usr/bin/hostinfo      = unknown
/bin/machine           = unknown
/usr/bin/oslevel       = unknown
/bin/universe          = unknown

PATH: /usr/local/sbin
PATH: /usr/local/bin
PATH: /usr/sbin
PATH: /usr/bin
PATH: /sbin
PATH: /bin
PATH: /usr/games


## ----------- ##
## Core tests. ##
## ----------- ##

configure:2182: Configuring ccache
configure:2240: checking for gcc
configure:2256: found /usr/bin/gcc
configure:2267: result: gcc
configure:2496: checking for C compiler version
configure:2505: gcc --version >&5
gcc (Ubuntu 4.4.3-4ubuntu5.1) 4.4.3
Copyright (C) 2009 Free Software Foundation, Inc.
This is free software; see the source for copying conditions.  There is NO
warranty; not even for MERCHANTABILITY or FITNESS FOR A PARTICULAR PURPOSE.

configure:2516: $? = 0
configure:2505: gcc -v >&5
Using built-in specs.
Target: x86_64-linux-gnu
Configured with: ../src/configure -v --with-pkgversion='Ubuntu 4.4.3-4ubuntu5.1' --with-bugurl=file:///usr/share/doc/gcc-4.4/README.Bugs --enable-languages=c,c++,fortran,objc,obj-c++ --prefix=/usr --enable-shared --enable-multiarch --enable-linker-build-id --with-system-zlib --libexecdir=/usr/lib --without-included-gettext --enable-threads=posix --with-gxx-include-dir=/usr/include/c++/4.4 --program-suffix=-4.4 --enable-nls --enable-clocale=gnu --enable-libstdcxx-debug --enable-plugin --enable-objc-gc --disable-werror --with-arch-32=i486 --with-tune=generic --enable-checking=release --build=x86_64-linux-gnu --host=x86_64-linux-gnu --target=x86_64-linux-gnu
Thread model: posix
gcc version 4.4.3 (Ubuntu 4.4.3-4ubuntu5.1) 
configure:2516: $? = 0
configure:2505: gcc -V >&5
gcc: '-V' option must have argument
configure:2516: $? = 1
configure:2505: gcc -qversion >&5
gcc: unrecognized option '-qversion'
gcc: no input files
configure:2516: $? = 1
configure:2536: checking whether the C compiler works
configure:2558: gcc    conftest.c  >&5
configure:2562: $? = 0
configure:2610: result: yes
configure:2613: checking for C compiler default output file name
configure:2615: result: a.out
configure:2621: checking for suffix of executables
configure:2628: gcc -o conftest    conftest.c  >&5
configure:2632: $? = 0
configure:2654: result: 
configure:2676: checking whether we are cross compiling
configure:2684: gcc -o conftest    conftest.c  >&5
configure:2688: $? = 0
configure:2695: ./conftest
configure:2699: $? = 0
configure:2714: result: no
configure:2719: checking for suffix of object files
configure:2741: gcc -c   conftest.c >&5
configure:2745: $? = 0
configure:2766: result: o
configure:2770: checking whether we are using the GNU C compiler
configure:2789: gcc -c   conftest.c >&5
configure:2789: $? = 0
configure:2798: result: yes
configure:2807: checking whether gcc accepts -g
configure:2827: gcc -c -g  conftest.c >&5
configure:2827: $? = 0
configure:2868: result: yes
configure:2885: checking for gcc option to accept ISO C89
configure:2949: gcc  -c -g -O2  conftest.c >&5
configure:2949: $? = 0
configure:2962: result: none needed
configure:2987: checking how to run the C preprocessor
configure:3018: gcc -E  conftest.c
configure:3018: $? = 0
configure:3032: gcc -E  conftest.c
conftest.c:9:28: error: ac_nonexistent.h: No such file or directory
configure:3032: $? = 1
configure: failed program was:
| /* confdefs.h */
| #define PACKAGE_NAME ""
| #define PACKAGE_TARNAME ""
| #define PACKAGE_VERSION ""
| #define PACKAGE_STRING ""
| #define PACKAGE_BUGREPORT ""
| #define PACKAGE_URL ""
| /* end confdefs.h.  */
| #include <ac_nonexistent.h>
configure:3057: result: gcc -E
configure:3077: gcc -E  conftest.c
configure:3077: $? = 0
configure:3091: gcc -E  conftest.c
conftest.c:9:28: error: ac_nonexistent.h: No such file or directory
configure:3091: $? = 1
configure: failed program was:
| /* confdefs.h */
| #define PACKAGE_NAME ""
| #define PACKAGE_TARNAME ""
| #define PACKAGE_VERSION ""
| #define PACKAGE_STRING ""
| #define PACKAGE_BUGREPORT ""
| #define PACKAGE_URL ""
| /* end confdefs.h.  */
| #include <ac_nonexistent.h>
configure:3162: checking for a BSD-compatible install
configure:3230: result: /usr/bin/install -c
configure:3284: checking for ranlib
configure:3300: found /usr/bin/ranlib
configure:3311: result: ranlib
configure:3376: checking for ar
configure:3392: found /usr/bin/ar
configure:3403: result: ar
configure:3597: checking for dirent.h that defines DIR
configure:3616: gcc -c -g -O2 -Wall -W  conftest.c >&5
configure:3616: $? = 0
configure:3624: result: yes
configure:3637: checking for library containing opendir
configure:3668: gcc -o conftest -g -O2 -Wall -W   conftest.c  >&5
configure:3668: $? = 0
configure:3685: result: none required
configure:3752: checking whether time.h and sys/time.h may both be included
configure:3772: gcc -c -g -O2 -Wall -W  conftest.c >&5
configure:3772: $? = 0
configure:3779: result: yes
configure:3788: checking for grep that handles long lines and -e
configure:3846: result: /bin/grep
configure:3851: checking for egrep
configure:3913: result: /bin/grep -E
configure:3918: checking for ANSI C header files
configure:3938: gcc -c -g -O2 -Wall -W  conftest.c >&5
configure:3938: $? = 0
configure:4011: gcc -o conftest -g -O2 -Wall -W   conftest.c  >&5
configure:4011: $? = 0
configure:4011: ./conftest
configure:4011: $? = 0
configure:4022: result: yes
configure:4035: checking for sys/types.h
configure:4035: gcc -c -g -O2 -Wall -W  conftest.c >&5
configure:4035: $? = 0
configure:4035: result: yes
configure:4035: checking for sys/stat.h
configure:4035: gcc -c -g -O2 -Wall -W  conftest.c >&5
configure:4035: $? = 0
configure:4035: result: yes
configure:4035: checking for stdlib.h
configure:4035: gcc -c -g -O2 -Wall -W  conftest.c >&5
configure:4035: $? = 0
configure:4035: result: yes
configure:4035: checking for string.h
configure:4035: gcc -c -g -O2 -Wall -W  conftest.c >&5
configure:4035: $? = 0
configure:4035: result: yes
configure:4035: checking for memory.h
configure:4035: gcc -c -g -O2 -Wall -W  conftest.c >&5
configure:4035: $? = 0
configure:4035: result: yes
configure:4035: checking for strings.h
configure:4035: gcc -c -g -O2 -Wall -W  conftest.c >&5
configure:4035: $? = 0
configure:4035: result: yes
configure:4035: checking for inttypes.h
configure:4035: gcc -c -g -O2 -Wall -W  conftest.c >&5
configure:4035: $? = 0
configure:4035: result: yes
configure:4035: checking for stdint.h
configure:4035: gcc -c -g -O2 -Wall -W  conftest.c >&5
configure:4035: $? = 0
configure:4035: result: yes
configure:4035: checking for unistd.h
configure:4035: gcc -c -g -O2 -Wall -W  conftest.c >&5
configure:4035: $? = 0
configure:4035: result: yes
configure:4047: checking for stdbool.h that conforms to C99
configure:4114: gcc -c -g -O2 -Wall -W  conftest.c >&5
conftest.c: In function 'main':
conftest.c:78: warning: the address of 's' will always evaluate as 'true'
conftest.c:82: warning: the address of 'a' will always evaluate as 'true'
conftest.c:82: warning: the address of 'b' will always evaluate as 'true'
conftest.c:82: warning: the address of 'c' will always evaluate as 'true'
conftest.c:82: warning: the address of 'd' will always evaluate as 'true'
conftest.c:82: warning: the address of 'f' will always evaluate as 'true'
conftest.c:82: warning: the address of 'g' will always evaluate as 'true'
conftest.c:82: warning: the address of 'h' will always evaluate as 'true'
conftest.c:82: warning: the address of 'i' will always evaluate as 'true'
conftest.c:83: warning: the address of 'n' will always evaluate as 'true'
conftest.c:83: warning: the address of 'o' will always evaluate as 'true'
conftest.c:83: warning: the address of 'p' will always evaluate as 'true'
configure:4114: $? = 0
configure:4121: result: yes
configure:4123: checking for _Bool
configure:4123: gcc -c -g -O2 -Wall -W  conftest.c >&5
configure:4123: $? = 0
configure:4123: gcc -c -g -O2 -Wall -W  conftest.c >&5
conftest.c: In function 'main':
conftest.c:65: error: expected expression before ')' token
configure:4123: $? = 1
configure: failed program was:
| /* confdefs.h */
| #define PACKAGE_NAME ""
| #define PACKAGE_TARNAME ""
| #define PACKAGE_VERSION ""
| #define PACKAGE_STRING ""
| #define PACKAGE_BUGREPORT ""
| #define PACKAGE_URL ""
| #define _GNU_SOURCE 1
| #define _NETBSD_SOURCE 1
| #define __BSD_VISIBLE 1
| #define _BSD_TYPES 1
| #define _DARWIN_C_SOURCE 1
| #define _XOPEN_SOURCE 600
| #define _XOPEN_SOURCE_EXTENDED 1
| #define _POSIX_C_SOURCE 200112L
| #define HAVE_DIRENT_H 1
| #define TIME_WITH_SYS_TIME 1
| #define STDC_HEADERS 1
| #define HAVE_SYS_TYPES_H 1
| #define HAVE_SYS_STAT_H 1
| #define HAVE_STDLIB_H 1
| #define HAVE_STRING_H 1
| #define HAVE_MEMORY_H 1
| #define HAVE_STRINGS_H 1
| #define HAVE_INTTYPES_H 1
| #define HAVE_STDINT_H 1
| #define HAVE_UNISTD_H 1
| /* end confdefs.h.  */
| #include <stdio.h>
| #ifdef HAVE_SYS_TYPES_H
| # include <sys/types.h>
| #endif
| #ifdef HAVE_SYS_STAT_H
| # include <sys/stat.h>
| #endif
| #ifdef STDC_HEADERS
| # include <stdlib.h>
| # include <stddef.h>
| #else
| # ifdef HAVE_STDLIB_H
| #  include <stdlib.h>
| # endif
| #endif
| #ifdef HAVE_STRING_H
| # if !defined STDC_HEADERS && defined HAVE_MEMORY_H
| #  include <memory.h>
| # endif
| # include <string.h>
| #endif
| #ifdef HAVE_STRINGS_H
| # include <strings.h>
| #endif
| #ifdef HAVE_INTTYPES_H
| # include <inttypes.h>
| #endif
| #ifdef HAVE_STDINT_H
| # include <stdint.h>
| #endif
| #ifdef HAVE_UNISTD_H
| # include <unistd.h>
| #endif
| int
| main ()
| {
| if (sizeof ((_Bool)))
| 	    return 0;
|   ;
|   return 0;
| }
configure:4123: result: yes
configure:4139: checking for sys/wait.h that is POSIX.1 compatible
configure:4165: gcc -c -g -O2 -Wall -W  conftest.c >&5
configure:4165: $? = 0
configure:4172: result: yes
configure:4184: checking ctype.h usability
configure:4184: gcc -c -g -O2 -Wall -W  conftest.c >&5
configure:4184: $? = 0
configure:4184: result: yes
configure:4184: checking ctype.h presence
configure:4184: gcc -E  conftest.c
configure:4184: $? = 0
configure:4184: result: yes
configure:4184: checking for ctype.h
configure:4184: result: yes
configure:4184: checking pwd.h usability
configure:4184: gcc -c -g -O2 -Wall -W  conftest.c >&5
configure:4184: $? = 0
configure:4184: result: yes
configure:4184: checking pwd.h presence
configure:4184: gcc -E  conftest.c
configure:4184: $? = 0
configure:4184: result: yes
configure:4184: checking for pwd.h
configure:4184: result: yes
configure:4184: checking for stdlib.h
configure:4184: result: yes
configure:4184: checking for string.h
configure:4184: result: yes
configure:4184: checking for strings.h
configure:4184: result: yes
configure:4184: checking sys/time.h usability
configure:4184: gcc -c -g -O2 -Wall -W  conftest.c >&5
configure:4184: $? = 0
configure:4184: result: yes
configure:4184: checking sys/time.h presence
configure:4184: gcc -E  conftest.c
configure:4184: $? = 0
configure:4184: result: yes
configure:4184: checking for sys/time.h
configure:4184: result: yes
configure:4184: checking sys/mman.h usability
configure:4184: gcc -c -g -O2 -Wall -W  conftest.c >&5
configure:4184: $? = 0
configure:4184: result: yes
configure:4184: checking sys/mman.h presence
configure:4184: gcc -E  conftest.c
configure:4184: $? = 0
configure:4184: result: yes
configure:4184: checking for sys/mman.h
configure:4184: result: yes
configure:4196: checking termios.h usability
configure:4196: gcc -c -g -O2 -Wall -W  conftest.c >&5
configure:4196: $? = 0
configure:4196: result: yes
configure:4196: checking termios.h presence
configure:4196: gcc -E  conftest.c
configure:4196: $? = 0
configure:4196: result: yes
configure:4196: checking for termios.h
configure:4196: result: yes
configure:4209: checking for gethostname
configure:4209: gcc -o conftest -g -O2 -Wall -W   conftest.c  >&5
configure:4209: $? = 0
configure:4209: result: yes
configure:4220: checking for getopt_long
configure:4220: gcc -o conftest -g -O2 -Wall -W   conftest.c  >&5
configure:4220: $? = 0
configure:4220: result: yes
configure:4231: checking for getpwuid
configure:4231: gcc -o conftest -g -O2 -Wall -W   conftest.c  >&5
configure:4231: $? = 0
configure:4231: result: yes
configure:4242: checking for gettimeofday
configure:4242: gcc -o conftest -g -O2 -Wall -W   conftest.c  >&5
configure:4242: $? = 0
configure:4242: result: yes
configure:4253: checking for mkstemp
configure:4253: gcc -o conftest -g -O2 -Wall -W   conftest.c  >&5
configure:4253: $? = 0
configure:4253: result: yes
configure:4264: checking for realpath
configure:4264: gcc -o conftest -g -O2 -Wall -W   conftest.c  >&5
configure:4264: $? = 0
configure:4264: result: yes
configure:4275: checking for strndup
configure:4275: gcc -o conftest -g -O2 -Wall -W   conftest.c  >&5
conftest.c:69: warning: conflicting types for built-in function 'strndup'
configure:4275: $? = 0
configure:4275: result: yes
configure:4286: checking for utimes
configure:4286: gcc -o conftest -g -O2 -Wall -W   conftest.c  >&5
configure:4286: $? = 0
configure:4286: result: yes
configure:4296: checking for compar_fn_t in stdlib.h
configure:4313: gcc -c -g -O2 -Wall -W  conftest.c >&5
conftest.c: In function 'test_fn':
conftest.c:52: warning: null argument where non-null required (argument 1)
conftest.c:52: warning: null argument where non-null required (argument 4)
configure:4313: $? = 0
configure:4320: result: yes
configure:4407: checking for stdarg.h
configure:4407: gcc -c -g -O2 -Wall -W  conftest.c >&5
configure:4407: $? = 0
configure:4407: result: yes
configure:4407: checking for varargs.h
configure:4407: gcc -c -g -O2 -Wall -W  conftest.c >&5
In file included from conftest.c:84:
/usr/lib/gcc/x86_64-linux-gnu/4.4.3/include/varargs.h:4:2: error: #error "GCC no longer implements <varargs.h>."
/usr/lib/gcc/x86_64-linux-gnu/4.4.3/include/varargs.h:5:2: error: #error "Revise your code to use <stdarg.h>."
configure:4407: $? = 1
configure: failed program was:
| /* confdefs.h */
| #define PACKAGE_NAME ""
| #define PACKAGE_TARNAME ""
| #define PACKAGE_VERSION ""
| #define PACKAGE_STRING ""
| #define PACKAGE_BUGREPORT ""
| #define PACKAGE_URL ""
| #define _GNU_SOURCE 1
| #define _NETBSD_SOURCE 1
| #define __BSD_VISIBLE 1
| #define _BSD_TYPES 1
| #define _DARWIN_C_SOURCE 1
| #define _XOPEN_SOURCE 600
| #define _XOPEN_SOURCE_EXTENDED 1
| #define _POSIX_C_SOURCE 200112L
| #define HAVE_DIRENT_H 1
| #define TIME_WITH_SYS_TIME 1
| #define STDC_HEADERS 1
| #define HAVE_SYS_TYPES_H 1
| #define HAVE_SYS_STAT_H 1
| #define HAVE_STDLIB_H 1
| #define HAVE_STRING_H 1
| #define HAVE_MEMORY_H 1
| #define HAVE_STRINGS_H 1
| #define HAVE_INTTYPES_H 1
| #define HAVE_STDINT_H 1
| #define HAVE_UNISTD_H 1
| #define HAVE__BOOL 1
| #define HAVE_STDBOOL_H 1
| #define HAVE_SYS_WAIT_H 1
| #define HAVE_CTYPE_H 1
| #define HAVE_PWD_H 1
| #define HAVE_STDLIB_H 1
| #define HAVE_STRING_H 1
| #define HAVE_STRINGS_H 1
| #define HAVE_SYS_TIME_H 1
| #define HAVE_SYS_MMAN_H 1
| #define HAVE_TERMIOS_H 1
| #define HAVE_GETHOSTNAME 1
| #define HAVE_GETOPT_LONG 1
| #define HAVE_GETPWUID 1
| #define HAVE_GETTIMEOFDAY 1
| #define HAVE_MKSTEMP 1
| #define HAVE_REALPATH 1
| #define HAVE_STRNDUP 1
| #define HAVE_UTIMES 1
| #define HAVE_COMPAR_FN_T 1
| #define HAVE_STDARG_H 1
| /* end confdefs.h.  */
| #include <stdio.h>
| #ifdef HAVE_SYS_TYPES_H
| # include <sys/types.h>
| #endif
| #ifdef HAVE_SYS_STAT_H
| # include <sys/stat.h>
| #endif
| #ifdef STDC_HEADERS
| # include <stdlib.h>
| # include <stddef.h>
| #else
| # ifdef HAVE_STDLIB_H
| #  include <stdlib.h>
| # endif
| #endif
| #ifdef HAVE_STRING_H
| # if !defined STDC_HEADERS && defined HAVE_MEMORY_H
| #  include <memory.h>
| # endif
| # include <string.h>
| #endif
| #ifdef HAVE_STRINGS_H
| # include <strings.h>
| #endif
| #ifdef HAVE_INTTYPES_H
| # include <inttypes.h>
| #endif
| #ifdef HAVE_STDINT_H
| # include <stdint.h>
| #endif
| #ifdef HAVE_UNISTD_H
| # include <unistd.h>
| #endif
| 
| #include <varargs.h>
configure:4407: result: no
configure:4424: checking for vsnprintf
configure:4424: gcc -o conftest -g -O2 -Wall -W   conftest.c  >&5
conftest.c:73: warning: conflicting types for built-in function 'vsnprintf'
configure:4424: $? = 0
configure:4424: result: yes
configure:4432: checking whether vsnprintf is C99 compliant
configure:4467: gcc -o conftest -g -O2 -Wall -W   conftest.c  >&5
configure:4467: $? = 0
configure:4467: ./conftest
configure:4467: $? = 0
configure:4477: result: yes
configure:4869: checking for snprintf
configure:4869: gcc -o conftest -g -O2 -Wall -W   conftest.c  >&5
conftest.c:74: warning: conflicting types for built-in function 'snprintf'
configure:4869: $? = 0
configure:4869: result: yes
configure:4877: checking whether snprintf is C99 compliant
configure:4900: gcc -o conftest -g -O2 -Wall -W   conftest.c  >&5
configure:4900: $? = 0
configure:4900: ./conftest
configure:4900: $? = 0
configure:4910: result: yes
configure:5024: checking for vasprintf
configure:5024: gcc -o conftest -g -O2 -Wall -W   conftest.c  >&5
configure:5024: $? = 0
configure:5024: result: yes
configure:5233: checking for asprintf
configure:5233: gcc -o conftest -g -O2 -Wall -W   conftest.c  >&5
configure:5233: $? = 0
configure:5233: result: yes
configure:5342: checking for library containing cos
configure:5373: gcc -o conftest -g -O2 -Wall -W   conftest.c  >&5
conftest.c:61: warning: conflicting types for built-in function 'cos'
/tmp/cc87zxHh.o: In function `main':
/home/guoliqiang/git-coding/coding/third_part/ccache/ccache-3.1.9/conftest.c:65: undefined reference to `cos'
collect2: ld returned 1 exit status
configure:5373: $? = 1
configure: failed program was:
| /* confdefs.h */
| #define PACKAGE_NAME ""
| #define PACKAGE_TARNAME ""
| #define PACKAGE_VERSION ""
| #define PACKAGE_STRING ""
| #define PACKAGE_BUGREPORT ""
| #define PACKAGE_URL ""
| #define _GNU_SOURCE 1
| #define _NETBSD_SOURCE 1
| #define __BSD_VISIBLE 1
| #define _BSD_TYPES 1
| #define _DARWIN_C_SOURCE 1
| #define _XOPEN_SOURCE 600
| #define _XOPEN_SOURCE_EXTENDED 1
| #define _POSIX_C_SOURCE 200112L
| #define HAVE_DIRENT_H 1
| #define TIME_WITH_SYS_TIME 1
| #define STDC_HEADERS 1
| #define HAVE_SYS_TYPES_H 1
| #define HAVE_SYS_STAT_H 1
| #define HAVE_STDLIB_H 1
| #define HAVE_STRING_H 1
| #define HAVE_MEMORY_H 1
| #define HAVE_STRINGS_H 1
| #define HAVE_INTTYPES_H 1
| #define HAVE_STDINT_H 1
| #define HAVE_UNISTD_H 1
| #define HAVE__BOOL 1
| #define HAVE_STDBOOL_H 1
| #define HAVE_SYS_WAIT_H 1
| #define HAVE_CTYPE_H 1
| #define HAVE_PWD_H 1
| #define HAVE_STDLIB_H 1
| #define HAVE_STRING_H 1
| #define HAVE_STRINGS_H 1
| #define HAVE_SYS_TIME_H 1
| #define HAVE_SYS_MMAN_H 1
| #define HAVE_TERMIOS_H 1
| #define HAVE_GETHOSTNAME 1
| #define HAVE_GETOPT_LONG 1
| #define HAVE_GETPWUID 1
| #define HAVE_GETTIMEOFDAY 1
| #define HAVE_MKSTEMP 1
| #define HAVE_REALPATH 1
| #define HAVE_STRNDUP 1
| #define HAVE_UTIMES 1
| #define HAVE_COMPAR_FN_T 1
| #define HAVE_STDARG_H 1
| #define HAVE_VSNPRINTF 1
| #define HAVE_SNPRINTF 1
| #define HAVE_VASPRINTF 1
| #define HAVE_ASPRINTF 1
| /* end confdefs.h.  */
| 
| /* Override any GCC internal prototype to avoid an error.
|    Use char because int might match the return type of a GCC
|    builtin and then its argument prototype would still apply.  */
| #ifdef __cplusplus
| extern "C"
| #endif
| char cos ();
| int
| main ()
| {
| return cos ();
|   ;
|   return 0;
| }
configure:5373: gcc -o conftest -g -O2 -Wall -W   conftest.c -lm   >&5
conftest.c:61: warning: conflicting types for built-in function 'cos'
configure:5373: $? = 0
configure:5390: result: -lm
configure:5399: checking for zlib >= 1.2.3
configure:5420: gcc -c -g -O2 -Wall -W  conftest.c >&5
configure:5420: $? = 0
configure:5427: result: yes
configure:5429: checking for gzdopen in -lz
configure:5454: gcc -o conftest -g -O2 -Wall -W   conftest.c -lz  -lm  >&5
configure:5454: $? = 0
configure:5463: result: yes
configure:5479: checking for inline
configure:5495: gcc -c -g -O2 -Wall -W  conftest.c >&5
configure:5495: $? = 0
configure:5503: result: inline
configure:5522: checking for extern inline
configure:5544: gcc -c -g -O2 -Wall -W  conftest.c >&5
configure:5544: $? = 0
configure:5549: result: yes
configure:5692: creating ./config.status

## ---------------------- ##
## Running config.status. ##
## ---------------------- ##

This file was extended by config.status, which was
generated by GNU Autoconf 2.68.  Invocation command line was

  CONFIG_FILES    = 
  CONFIG_HEADERS  = 
  CONFIG_LINKS    = 
  CONFIG_COMMANDS = 
  $ ./config.status 

on ubuntu

config.status:856: creating Makefile
config.status:856: creating config.h
configure:6885: now build ccache by running make

## ---------------- ##
## Cache variables. ##
## ---------------- ##

ac_cv_c_compiler_gnu=yes
ac_cv_c_extern_inline=yes
ac_cv_c_inline=inline
ac_cv_env_CC_set=
ac_cv_env_CC_value=
ac_cv_env_CFLAGS_set=
ac_cv_env_CFLAGS_value=
ac_cv_env_CPPFLAGS_set=
ac_cv_env_CPPFLAGS_value=
ac_cv_env_CPP_set=
ac_cv_env_CPP_value=
ac_cv_env_LDFLAGS_set=
ac_cv_env_LDFLAGS_value=
ac_cv_env_LIBS_set=
ac_cv_env_LIBS_value=
ac_cv_env_build_alias_set=
ac_cv_env_build_alias_value=
ac_cv_env_host_alias_set=
ac_cv_env_host_alias_value=
ac_cv_env_target_alias_set=
ac_cv_env_target_alias_value=
ac_cv_func_asprintf=yes
ac_cv_func_gethostname=yes
ac_cv_func_getopt_long=yes
ac_cv_func_getpwuid=yes
ac_cv_func_gettimeofday=yes
ac_cv_func_mkstemp=yes
ac_cv_func_realpath=yes
ac_cv_func_snprintf=yes
ac_cv_func_strndup=yes
ac_cv_func_utimes=yes
ac_cv_func_vasprintf=yes
ac_cv_func_vsnprintf=yes
ac_cv_header_ctype_h=yes
ac_cv_header_dirent_dirent_h=yes
ac_cv_header_inttypes_h=yes
ac_cv_header_memory_h=yes
ac_cv_header_pwd_h=yes
ac_cv_header_stdarg_h=yes
ac_cv_header_stdbool_h=yes
ac_cv_header_stdc=yes
ac_cv_header_stdint_h=yes
ac_cv_header_stdlib_h=yes
ac_cv_header_string_h=yes
ac_cv_header_strings_h=yes
ac_cv_header_sys_mman_h=yes
ac_cv_header_sys_stat_h=yes
ac_cv_header_sys_time_h=yes
ac_cv_header_sys_types_h=yes
ac_cv_header_sys_wait_h=yes
ac_cv_header_termios_h=yes
ac_cv_header_time=yes
ac_cv_header_unistd_h=yes
ac_cv_header_varargs_h=no
ac_cv_lib_z_gzdopen=yes
ac_cv_objext=o
ac_cv_path_EGREP='/bin/grep -E'
ac_cv_path_GREP=/bin/grep
ac_cv_path_install='/usr/bin/install -c'
ac_cv_prog_CPP='gcc -E'
ac_cv_prog_ac_ct_AR=ar
ac_cv_prog_ac_ct_CC=gcc
ac_cv_prog_ac_ct_RANLIB=ranlib
ac_cv_prog_cc_c89=
ac_cv_prog_cc_g=yes
ac_cv_search_cos=-lm
ac_cv_search_opendir='none required'
ac_cv_type__Bool=yes
ccache_cv_COMPAR_FN_T=yes
ccache_cv_zlib_1_2_3=yes
hw_cv_func_asprintf=yes
hw_cv_func_snprintf=yes
hw_cv_func_snprintf_c99=yes
hw_cv_func_vasprintf=yes
hw_cv_func_vsnprintf=yes
hw_cv_func_vsnprintf_c99=yes

## ----------------- ##
## Output variables. ##
## ----------------- ##

AR='ar'
CC='gcc'
CFLAGS='-g -O2 -Wall -W'
CPP='gcc -E'
CPPFLAGS=''
DEFS='-DHAVE_CONFIG_H'
ECHO_C=''
ECHO_N='-n'
ECHO_T=''
EGREP='/bin/grep -E'
EXEEXT=''
GREP='/bin/grep'
INSTALL_DATA='${INSTALL} -m 644'
INSTALL_PROGRAM='${INSTALL}'
INSTALL_SCRIPT='${INSTALL}'
LDFLAGS=''
LIBOBJS=''
LIBS='-lm '
LTLIBOBJS=''
OBJEXT='o'
PACKAGE_BUGREPORT=''
PACKAGE_NAME=''
PACKAGE_STRING=''
PACKAGE_TARNAME=''
PACKAGE_URL=''
PACKAGE_VERSION=''
PATH_SEPARATOR=':'
RANLIB='ranlib'
SHELL='/bin/bash'
ac_ct_CC='gcc'
bindir='${exec_prefix}/bin'
build_alias=''
datadir='${datarootdir}'
datarootdir='${prefix}/share'
docdir='${datarootdir}/doc/${PACKAGE}'
dvidir='${docdir}'
exec_prefix='${prefix}'
extra_deps=''
host_alias=''
htmldir='${docdir}'
include_dev_mk=''
includedir='${prefix}/include'
infodir='${datarootdir}/info'
libdir='${exec_prefix}/lib'
libexecdir='${exec_prefix}/libexec'
localedir='${datarootdir}/locale'
localstatedir='${prefix}/var'
mandir='${datarootdir}/man'
oldincludedir='/usr/include'
pdfdir='${docdir}'
prefix='/home/guoliqiang/git-coding/coding/third_part/ccache'
program_transform_name='s,x,x,'
psdir='${docdir}'
sbindir='${exec_prefix}/sbin'
sharedstatedir='${prefix}/com'
sysconfdir='${prefix}/etc'
target_alias=''
test_suites=' ./test/test_args.c ./test/test_argument_processing.c ./test/test_compopt.c ./test/test_counters.c ./test/test_hash.c ./test/test_hashutil.c ./test/test_lockfile.c ./test/test_stats.c ./test/test_util.c'

## ----------- ##
## confdefs.h. ##
## ----------- ##

/* confdefs.h */
#define PACKAGE_NAME ""
#define PACKAGE_TARNAME ""
#define PACKAGE_VERSION ""
#define PACKAGE_STRING ""
#define PACKAGE_BUGREPORT ""
#define PACKAGE_URL ""
#define _GNU_SOURCE 1
#define _NETBSD_SOURCE 1
#define __BSD_VISIBLE 1
#define _BSD_TYPES 1
#define _DARWIN_C_SOURCE 1
#define _XOPEN_SOURCE 600
#define _XOPEN_SOURCE_EXTENDED 1
#define _POSIX_C_SOURCE 200112L
#define HAVE_DIRENT_H 1
#define TIME_WITH_SYS_TIME 1
#define STDC_HEADERS 1
#define HAVE_SYS_TYPES_H 1
#define HAVE_SYS_STAT_H 1
#define HAVE_STDLIB_H 1
#define HAVE_STRING_H 1
#define HAVE_MEMORY_H 1
#define HAVE_STRINGS_H 1
#define HAVE_INTTYPES_H 1
#define HAVE_STDINT_H 1
#define HAVE_UNISTD_H 1
#define HAVE__BOOL 1
#define HAVE_STDBOOL_H 1
#define HAVE_SYS_WAIT_H 1
#define HAVE_CTYPE_H 1
#define HAVE_PWD_H 1
#define HAVE_STDLIB_H 1
#define HAVE_STRING_H 1
#define HAVE_STRINGS_H 1
#define HAVE_SYS_TIME_H 1
#define HAVE_SYS_MMAN_H 1
#define HAVE_TERMIOS_H 1
#define HAVE_GETHOSTNAME 1
#define HAVE_GETOPT_LONG 1
#define HAVE_GETPWUID 1
#define HAVE_GETTIMEOFDAY 1
#define HAVE_MKSTEMP 1
#define HAVE_REALPATH 1
#define HAVE_STRNDUP 1
#define HAVE_UTIMES 1
#define HAVE_COMPAR_FN_T 1
#define HAVE_STDARG_H 1
#define HAVE_VSNPRINTF 1
#define HAVE_SNPRINTF 1
#define HAVE_VASPRINTF 1
#define HAVE_ASPRINTF 1
#define HAVE_EXTERN_INLINE 1

configure: exit 0
