This file contains any messages produced by compilers while
running configure, to aid debugging if configure makes a mistake.

It was created by libunwind configure 0.99-beta, which was
generated by GNU Autoconf 2.61.  Invocation command line was

  $ ./configure --prefix=/home/guoliqiang/git-coding/coding/third_part/libunwind/

## --------- ##
## Platform. ##
## --------- ##

hostname = ubuntu
uname -m = x86_64
uname -r = 2.6.32-21-generic
uname -s = Linux
uname -v = #32-Ubuntu SMP Fri Apr 16 08:09:38 UTC 2010

/usr/bin/uname -p = unknown
/bin/uname -X     = unknown

/bin/arch              = unknown
/usr/bin/arch -k       = unknown
/usr/convex/getsysinfo = unknown
/usr/bin/hostinfo      = unknown
/bin/machine           = unknown
/usr/bin/oslevel       = unknown
/bin/universe          = unknown

PATH: /home/guoliqiang/git-coding/coding/third_part/cgdb/bin
PATH: /home/guoliqiang/git-coding/coding/third_part/vim7.4/bin
PATH: /usr/local/sbin
PATH: /usr/local/bin
PATH: /usr/sbin
PATH: /usr/bin
PATH: /sbin
PATH: /bin
PATH: /usr/games


## ----------- ##
## Core tests. ##
## ----------- ##

configure:2029: checking build system type
configure:2047: result: x86_64-unknown-linux-gnu
configure:2069: checking host system type
configure:2084: result: x86_64-unknown-linux-gnu
configure:2106: checking target system type
configure:2121: result: x86_64-unknown-linux-gnu
configure:2164: checking for a BSD-compatible install
configure:2220: result: /usr/bin/install -c
configure:2231: checking whether build environment is sane
configure:2274: result: yes
configure:2302: checking for a thread-safe mkdir -p
configure:2341: result: /bin/mkdir -p
configure:2354: checking for gawk
configure:2370: found /usr/bin/gawk
configure:2381: result: gawk
configure:2392: checking whether make sets $(MAKE)
configure:2413: result: yes
configure:2601: checking whether to enable maintainer-specific portions of Makefiles
configure:2610: result: no
configure:2674: checking for gcc
configure:2690: found /usr/bin/gcc
configure:2701: result: gcc
configure:2939: checking for C compiler version
configure:2946: gcc --version >&5
gcc (Ubuntu 4.4.3-4ubuntu5.1) 4.4.3
Copyright (C) 2009 Free Software Foundation, Inc.
This is free software; see the source for copying conditions.  There is NO
warranty; not even for MERCHANTABILITY or FITNESS FOR A PARTICULAR PURPOSE.

configure:2949: $? = 0
configure:2956: gcc -v >&5
Using built-in specs.
Target: x86_64-linux-gnu
Configured with: ../src/configure -v --with-pkgversion='Ubuntu 4.4.3-4ubuntu5.1' --with-bugurl=file:///usr/share/doc/gcc-4.4/README.Bugs --enable-languages=c,c++,fortran,objc,obj-c++ --prefix=/usr --enable-shared --enable-multiarch --enable-linker-build-id --with-system-zlib --libexecdir=/usr/lib --without-included-gettext --enable-threads=posix --with-gxx-include-dir=/usr/include/c++/4.4 --program-suffix=-4.4 --enable-nls --enable-clocale=gnu --enable-libstdcxx-debug --enable-plugin --enable-objc-gc --disable-werror --with-arch-32=i486 --with-tune=generic --enable-checking=release --build=x86_64-linux-gnu --host=x86_64-linux-gnu --target=x86_64-linux-gnu
Thread model: posix
gcc version 4.4.3 (Ubuntu 4.4.3-4ubuntu5.1) 
configure:2959: $? = 0
configure:2966: gcc -V >&5
gcc: '-V' option must have argument
configure:2969: $? = 1
configure:2992: checking for C compiler default output file name
configure:3019: gcc    conftest.c  >&5
configure:3022: $? = 0
configure:3060: result: a.out
configure:3077: checking whether the C compiler works
configure:3087: ./a.out
configure:3090: $? = 0
configure:3107: result: yes
configure:3114: checking whether we are cross compiling
configure:3116: result: no
configure:3119: checking for suffix of executables
configure:3126: gcc -o conftest    conftest.c  >&5
configure:3129: $? = 0
configure:3153: result: 
configure:3159: checking for suffix of object files
configure:3185: gcc -c   conftest.c >&5
configure:3188: $? = 0
configure:3211: result: o
configure:3215: checking whether we are using the GNU C compiler
configure:3244: gcc -c   conftest.c >&5
configure:3250: $? = 0
configure:3267: result: yes
configure:3272: checking whether gcc accepts -g
configure:3302: gcc -c -g  conftest.c >&5
configure:3308: $? = 0
configure:3407: result: yes
configure:3424: checking for gcc option to accept ISO C89
configure:3498: gcc  -c -g -O2  conftest.c >&5
configure:3504: $? = 0
configure:3527: result: none needed
configure:3556: checking for style of include used by make
configure:3584: result: GNU
configure:3609: checking dependency style of gcc
configure:3700: result: gcc3
configure:3773: checking for g++
configure:3789: found /usr/bin/g++
configure:3800: result: g++
configure:3831: checking for C++ compiler version
configure:3838: g++ --version >&5
g++ (Ubuntu 4.4.3-4ubuntu5.1) 4.4.3
Copyright (C) 2009 Free Software Foundation, Inc.
This is free software; see the source for copying conditions.  There is NO
warranty; not even for MERCHANTABILITY or FITNESS FOR A PARTICULAR PURPOSE.

configure:3841: $? = 0
configure:3848: g++ -v >&5
Using built-in specs.
Target: x86_64-linux-gnu
Configured with: ../src/configure -v --with-pkgversion='Ubuntu 4.4.3-4ubuntu5.1' --with-bugurl=file:///usr/share/doc/gcc-4.4/README.Bugs --enable-languages=c,c++,fortran,objc,obj-c++ --prefix=/usr --enable-shared --enable-multiarch --enable-linker-build-id --with-system-zlib --libexecdir=/usr/lib --without-included-gettext --enable-threads=posix --with-gxx-include-dir=/usr/include/c++/4.4 --program-suffix=-4.4 --enable-nls --enable-clocale=gnu --enable-libstdcxx-debug --enable-plugin --enable-objc-gc --disable-werror --with-arch-32=i486 --with-tune=generic --enable-checking=release --build=x86_64-linux-gnu --host=x86_64-linux-gnu --target=x86_64-linux-gnu
Thread model: posix
gcc version 4.4.3 (Ubuntu 4.4.3-4ubuntu5.1) 
configure:3851: $? = 0
configure:3858: g++ -V >&5
g++: '-V' option must have argument
configure:3861: $? = 1
configure:3864: checking whether we are using the GNU C++ compiler
configure:3893: g++ -c   conftest.cpp >&5
configure:3899: $? = 0
configure:3916: result: yes
configure:3921: checking whether g++ accepts -g
configure:3951: g++ -c -g  conftest.cpp >&5
configure:3957: $? = 0
configure:4056: result: yes
configure:4081: checking dependency style of g++
configure:4172: result: gcc3
configure:4200: checking for a BSD-compatible install
configure:4256: result: /usr/bin/install -c
configure:4267: checking whether make sets $(MAKE)
configure:4288: result: yes
configure:4369: checking for a sed that does not truncate output
configure:4425: result: /bin/sed
configure:4428: checking for grep that handles long lines and -e
configure:4502: result: /bin/grep
configure:4507: checking for egrep
configure:4585: result: /bin/grep -E
configure:4601: checking for ld used by gcc
configure:4668: result: /usr/bin/ld
configure:4677: checking if the linker (/usr/bin/ld) is GNU ld
configure:4692: result: yes
configure:4697: checking for /usr/bin/ld option to reload object files
configure:4704: result: -r
configure:4722: checking for BSD-compatible nm
configure:4771: result: /usr/bin/nm -B
configure:4775: checking whether ln -s works
configure:4779: result: yes
configure:4786: checking how to recognize dependent libraries
configure:4972: result: pass_all
configure:5061: gcc -c -g -O2  conftest.c >&5
configure:5064: $? = 0
configure:5214: checking how to run the C preprocessor
configure:5254: gcc -E  conftest.c
configure:5260: $? = 0
configure:5291: gcc -E  conftest.c
conftest.c:10:28: error: ac_nonexistent.h: No such file or directory
configure:5297: $? = 1
configure: failed program was:
| /* confdefs.h.  */
| #define PACKAGE_NAME "libunwind"
| #define PACKAGE_TARNAME "libunwind"
| #define PACKAGE_VERSION "0.99-beta"
| #define PACKAGE_STRING "libunwind 0.99-beta"
| #define PACKAGE_BUGREPORT "libunwind-devel@nongnu.org"
| #define PACKAGE "libunwind"
| #define VERSION "0.99-beta"
| /* end confdefs.h.  */
| #include <ac_nonexistent.h>
configure:5330: result: gcc -E
configure:5359: gcc -E  conftest.c
configure:5365: $? = 0
configure:5396: gcc -E  conftest.c
conftest.c:10:28: error: ac_nonexistent.h: No such file or directory
configure:5402: $? = 1
configure: failed program was:
| /* confdefs.h.  */
| #define PACKAGE_NAME "libunwind"
| #define PACKAGE_TARNAME "libunwind"
| #define PACKAGE_VERSION "0.99-beta"
| #define PACKAGE_STRING "libunwind 0.99-beta"
| #define PACKAGE_BUGREPORT "libunwind-devel@nongnu.org"
| #define PACKAGE "libunwind"
| #define VERSION "0.99-beta"
| /* end confdefs.h.  */
| #include <ac_nonexistent.h>
configure:5440: checking for ANSI C header files
configure:5470: gcc -c -g -O2  conftest.c >&5
configure:5476: $? = 0
configure:5575: gcc -o conftest -g -O2   conftest.c  >&5
configure:5578: $? = 0
configure:5584: ./conftest
configure:5587: $? = 0
configure:5604: result: yes
configure:5628: checking for sys/types.h
configure:5649: gcc -c -g -O2  conftest.c >&5
configure:5655: $? = 0
configure:5671: result: yes
configure:5628: checking for sys/stat.h
configure:5649: gcc -c -g -O2  conftest.c >&5
configure:5655: $? = 0
configure:5671: result: yes
configure:5628: checking for stdlib.h
configure:5649: gcc -c -g -O2  conftest.c >&5
configure:5655: $? = 0
configure:5671: result: yes
configure:5628: checking for string.h
configure:5649: gcc -c -g -O2  conftest.c >&5
configure:5655: $? = 0
configure:5671: result: yes
configure:5628: checking for memory.h
configure:5649: gcc -c -g -O2  conftest.c >&5
configure:5655: $? = 0
configure:5671: result: yes
configure:5628: checking for strings.h
configure:5649: gcc -c -g -O2  conftest.c >&5
configure:5655: $? = 0
configure:5671: result: yes
configure:5628: checking for inttypes.h
configure:5649: gcc -c -g -O2  conftest.c >&5
configure:5655: $? = 0
configure:5671: result: yes
configure:5628: checking for stdint.h
configure:5649: gcc -c -g -O2  conftest.c >&5
configure:5655: $? = 0
configure:5671: result: yes
configure:5628: checking for unistd.h
configure:5649: gcc -c -g -O2  conftest.c >&5
configure:5655: $? = 0
configure:5671: result: yes
configure:5698: checking dlfcn.h usability
configure:5715: gcc -c -g -O2  conftest.c >&5
configure:5721: $? = 0
configure:5735: result: yes
configure:5739: checking dlfcn.h presence
configure:5754: gcc -E  conftest.c
configure:5760: $? = 0
configure:5774: result: yes
configure:5807: checking for dlfcn.h
configure:5815: result: yes
configure:5838: checking how to run the C++ preprocessor
configure:5874: g++ -E  conftest.cpp
configure:5880: $? = 0
configure:5911: g++ -E  conftest.cpp
conftest.cpp:21:28: error: ac_nonexistent.h: No such file or directory
configure:5917: $? = 1
configure: failed program was:
| /* confdefs.h.  */
| #define PACKAGE_NAME "libunwind"
| #define PACKAGE_TARNAME "libunwind"
| #define PACKAGE_VERSION "0.99-beta"
| #define PACKAGE_STRING "libunwind 0.99-beta"
| #define PACKAGE_BUGREPORT "libunwind-devel@nongnu.org"
| #define PACKAGE "libunwind"
| #define VERSION "0.99-beta"
| #define STDC_HEADERS 1
| #define HAVE_SYS_TYPES_H 1
| #define HAVE_SYS_STAT_H 1
| #define HAVE_STDLIB_H 1
| #define HAVE_STRING_H 1
| #define HAVE_MEMORY_H 1
| #define HAVE_STRINGS_H 1
| #define HAVE_INTTYPES_H 1
| #define HAVE_STDINT_H 1
| #define HAVE_UNISTD_H 1
| #define HAVE_DLFCN_H 1
| /* end confdefs.h.  */
| #include <ac_nonexistent.h>
configure:5950: result: g++ -E
configure:5979: g++ -E  conftest.cpp
configure:5985: $? = 0
configure:6016: g++ -E  conftest.cpp
conftest.cpp:21:28: error: ac_nonexistent.h: No such file or directory
configure:6022: $? = 1
configure: failed program was:
| /* confdefs.h.  */
| #define PACKAGE_NAME "libunwind"
| #define PACKAGE_TARNAME "libunwind"
| #define PACKAGE_VERSION "0.99-beta"
| #define PACKAGE_STRING "libunwind 0.99-beta"
| #define PACKAGE_BUGREPORT "libunwind-devel@nongnu.org"
| #define PACKAGE "libunwind"
| #define VERSION "0.99-beta"
| #define STDC_HEADERS 1
| #define HAVE_SYS_TYPES_H 1
| #define HAVE_SYS_STAT_H 1
| #define HAVE_STDLIB_H 1
| #define HAVE_STRING_H 1
| #define HAVE_MEMORY_H 1
| #define HAVE_STRINGS_H 1
| #define HAVE_INTTYPES_H 1
| #define HAVE_STDINT_H 1
| #define HAVE_UNISTD_H 1
| #define HAVE_DLFCN_H 1
| /* end confdefs.h.  */
| #include <ac_nonexistent.h>
configure:6115: checking for g77
configure:6145: result: no
configure:6115: checking for xlf
configure:6145: result: no
configure:6115: checking for f77
configure:6145: result: no
configure:6115: checking for frt
configure:6145: result: no
configure:6115: checking for pgf77
configure:6145: result: no
configure:6115: checking for cf77
configure:6145: result: no
configure:6115: checking for fort77
configure:6145: result: no
configure:6115: checking for fl32
configure:6145: result: no
configure:6115: checking for af77
configure:6145: result: no
configure:6115: checking for xlf90
configure:6145: result: no
configure:6115: checking for f90
configure:6145: result: no
configure:6115: checking for pgf90
configure:6145: result: no
configure:6115: checking for pghpf
configure:6145: result: no
configure:6115: checking for epcf90
configure:6145: result: no
configure:6115: checking for gfortran
configure:6145: result: no
configure:6115: checking for g95
configure:6145: result: no
configure:6115: checking for xlf95
configure:6145: result: no
configure:6115: checking for f95
configure:6145: result: no
configure:6115: checking for fort
configure:6145: result: no
configure:6115: checking for ifort
configure:6145: result: no
configure:6115: checking for ifc
configure:6145: result: no
configure:6115: checking for efc
configure:6145: result: no
configure:6115: checking for pgf95
configure:6145: result: no
configure:6115: checking for lf95
configure:6145: result: no
configure:6115: checking for ftn
configure:6145: result: no
configure:6172: checking for Fortran 77 compiler version
configure:6179:  --version >&5
./configure: line 6180: --version: command not found
configure:6182: $? = 127
configure:6189:  -v >&5
./configure: line 6190: -v: command not found
configure:6192: $? = 127
configure:6199:  -V >&5
./configure: line 6200: -V: command not found
configure:6202: $? = 127
configure:6210: checking whether we are using the GNU Fortran 77 compiler
configure:6229:  -c  conftest.F >&5
./configure: line 6230: -c: command not found
configure:6235: $? = 127
configure: failed program was:
|       program main
| #ifndef __GNUC__
|        choke me
| #endif
| 
|       end
configure:6252: result: no
configure:6258: checking whether  accepts -g
configure:6275:  -c -g conftest.f >&5
./configure: line 6276: -c: command not found
configure:6281: $? = 127
configure: failed program was:
|       program main
| 
|       end
configure:6297: result: no
configure:6327: checking the maximum length of command line arguments
configure:6439: result: 1572864
configure:6451: checking command to parse /usr/bin/nm -B output from gcc object
configure:6556: gcc -c -g -O2  conftest.c >&5
configure:6559: $? = 0
configure:6563: /usr/bin/nm -B conftest.o \| sed -n -e 's/^.*[ 	]\([ABCDGIRSTW][ABCDGIRSTW]*\)[ 	][ 	]*\([_A-Za-z][_A-Za-z0-9]*\)$/\1 \2 \2/p' \> conftest.nm
configure:6566: $? = 0
configure:6618: gcc -o conftest -g -O2   conftest.c conftstm.o >&5
configure:6621: $? = 0
configure:6659: result: ok
configure:6663: checking for objdir
configure:6678: result: .libs
configure:6770: checking for ar
configure:6786: found /usr/bin/ar
configure:6797: result: ar
configure:6866: checking for ranlib
configure:6882: found /usr/bin/ranlib
configure:6893: result: ranlib
configure:6962: checking for strip
configure:6978: found /usr/bin/strip
configure:6989: result: strip
configure:7275: checking if gcc supports -fno-rtti -fno-exceptions
configure:7293: gcc -c -g -O2  -fno-rtti -fno-exceptions conftest.c >&5
cc1: warning: command line option "-fno-rtti" is valid for C++/ObjC++ but not for C
configure:7297: $? = 0
configure:7310: result: no
configure:7325: checking for gcc option to produce PIC
configure:7557: result: -fPIC
configure:7565: checking if gcc PIC flag -fPIC works
configure:7583: gcc -c -g -O2  -fPIC -DPIC conftest.c >&5
configure:7587: $? = 0
configure:7600: result: yes
configure:7628: checking if gcc static flag -static works
configure:7656: result: yes
configure:7666: checking if gcc supports -c -o file.o
configure:7687: gcc -c -g -O2  -o out/conftest2.o conftest.c >&5
configure:7691: $? = 0
configure:7713: result: yes
configure:7739: checking whether the gcc linker (/usr/bin/ld -m elf_x86_64) supports shared libraries
configure:8719: result: yes
configure:8740: checking whether -lc should be explicitly linked in
configure:8745: gcc -c -g -O2  conftest.c >&5
configure:8748: $? = 0
configure:8763: gcc -shared conftest.o  -v -Wl,-soname -Wl,conftest -o conftest 2\>\&1 \| grep  -lc  \>/dev/null 2\>\&1
configure:8766: $? = 0
configure:8778: result: no
configure:8786: checking dynamic linker characteristics
configure:9390: result: GNU/Linux ld.so
configure:9399: checking how to hardcode library paths into programs
configure:9424: result: immediate
configure:9438: checking whether stripping libraries is possible
configure:9443: result: yes
configure:10245: checking if libtool supports shared libraries
configure:10247: result: yes
configure:10250: checking whether to build shared libraries
configure:10271: result: yes
configure:10274: checking whether to build static libraries
configure:10278: result: yes
configure:10371: creating libtool
configure:10959: checking for ld used by g++
configure:11026: result: /usr/bin/ld -m elf_x86_64
configure:11035: checking if the linker (/usr/bin/ld -m elf_x86_64) is GNU ld
configure:11050: result: yes
configure:11101: checking whether the g++ linker (/usr/bin/ld -m elf_x86_64) supports shared libraries
configure:12075: result: yes
configure:12093: g++ -c -g -O2  conftest.cpp >&5
configure:12096: $? = 0
configure:12248: checking for g++ option to produce PIC
configure:12532: result: -fPIC
configure:12540: checking if g++ PIC flag -fPIC works
configure:12558: g++ -c -g -O2  -fPIC -DPIC conftest.cpp >&5
configure:12562: $? = 0
configure:12575: result: yes
configure:12603: checking if g++ static flag -static works
configure:12631: result: yes
configure:12641: checking if g++ supports -c -o file.o
configure:12662: g++ -c -g -O2  -o out/conftest2.o conftest.cpp >&5
configure:12666: $? = 0
configure:12688: result: yes
configure:12714: checking whether the g++ linker (/usr/bin/ld -m elf_x86_64) supports shared libraries
configure:12739: result: yes
configure:12806: checking dynamic linker characteristics
configure:13358: result: GNU/Linux ld.so
configure:13367: checking how to hardcode library paths into programs
configure:13392: result: immediate
configure:19576: checking dependency style of gcc
configure:19667: result: gcc3
configure:19683: checking whether gcc and cc understand -c and -o together
configure:19718: gcc -c conftest.c -o conftest2.o >&5
configure:19721: $? = 0
configure:19727: gcc -c conftest.c -o conftest2.o >&5
configure:19730: $? = 0
configure:19741: cc -c conftest.c >&5
configure:19744: $? = 0
configure:19752: cc -c conftest.c -o conftest2.o >&5
configure:19755: $? = 0
configure:19761: cc -c conftest.c -o conftest2.o >&5
configure:19764: $? = 0
configure:19782: result: yes
configure:19810: checking for __uc_get_grs in -luca
configure:19845: gcc -o conftest -g -O2   conftest.c -luca   >&5
/usr/bin/ld: cannot find -luca
collect2: ld returned 1 exit status
configure:19851: $? = 1
configure: failed program was:
| /* confdefs.h.  */
| #define PACKAGE_NAME "libunwind"
| #define PACKAGE_TARNAME "libunwind"
| #define PACKAGE_VERSION "0.99-beta"
| #define PACKAGE_STRING "libunwind 0.99-beta"
| #define PACKAGE_BUGREPORT "libunwind-devel@nongnu.org"
| #define PACKAGE "libunwind"
| #define VERSION "0.99-beta"
| #define STDC_HEADERS 1
| #define HAVE_SYS_TYPES_H 1
| #define HAVE_SYS_STAT_H 1
| #define HAVE_STDLIB_H 1
| #define HAVE_STRING_H 1
| #define HAVE_MEMORY_H 1
| #define HAVE_STRINGS_H 1
| #define HAVE_INTTYPES_H 1
| #define HAVE_STDINT_H 1
| #define HAVE_UNISTD_H 1
| #define HAVE_DLFCN_H 1
| /* end confdefs.h.  */
| 
| /* Override any GCC internal prototype to avoid an error.
|    Use char because int might match the return type of a GCC
|    builtin and then its argument prototype would still apply.  */
| #ifdef __cplusplus
| extern "C"
| #endif
| char __uc_get_grs ();
| int
| main ()
| {
| return __uc_get_grs ();
|   ;
|   return 0;
| }
configure:19869: result: no
configure:19895: checking atomic_ops.h usability
configure:19912: gcc -c -g -O2  conftest.c >&5
conftest.c:54:24: error: atomic_ops.h: No such file or directory
configure:19918: $? = 1
configure: failed program was:
| /* confdefs.h.  */
| #define PACKAGE_NAME "libunwind"
| #define PACKAGE_TARNAME "libunwind"
| #define PACKAGE_VERSION "0.99-beta"
| #define PACKAGE_STRING "libunwind 0.99-beta"
| #define PACKAGE_BUGREPORT "libunwind-devel@nongnu.org"
| #define PACKAGE "libunwind"
| #define VERSION "0.99-beta"
| #define STDC_HEADERS 1
| #define HAVE_SYS_TYPES_H 1
| #define HAVE_SYS_STAT_H 1
| #define HAVE_STDLIB_H 1
| #define HAVE_STRING_H 1
| #define HAVE_MEMORY_H 1
| #define HAVE_STRINGS_H 1
| #define HAVE_INTTYPES_H 1
| #define HAVE_STDINT_H 1
| #define HAVE_UNISTD_H 1
| #define HAVE_DLFCN_H 1
| /* end confdefs.h.  */
| #include <stdio.h>
| #ifdef HAVE_SYS_TYPES_H
| # include <sys/types.h>
| #endif
| #ifdef HAVE_SYS_STAT_H
| # include <sys/stat.h>
| #endif
| #ifdef STDC_HEADERS
| # include <stdlib.h>
| # include <stddef.h>
| #else
| # ifdef HAVE_STDLIB_H
| #  include <stdlib.h>
| # endif
| #endif
| #ifdef HAVE_STRING_H
| # if !defined STDC_HEADERS && defined HAVE_MEMORY_H
| #  include <memory.h>
| # endif
| # include <string.h>
| #endif
| #ifdef HAVE_STRINGS_H
| # include <strings.h>
| #endif
| #ifdef HAVE_INTTYPES_H
| # include <inttypes.h>
| #endif
| #ifdef HAVE_STDINT_H
| # include <stdint.h>
| #endif
| #ifdef HAVE_UNISTD_H
| # include <unistd.h>
| #endif
| #include <atomic_ops.h>
configure:19932: result: no
configure:19936: checking atomic_ops.h presence
configure:19951: gcc -E  conftest.c
conftest.c:21:24: error: atomic_ops.h: No such file or directory
configure:19957: $? = 1
configure: failed program was:
| /* confdefs.h.  */
| #define PACKAGE_NAME "libunwind"
| #define PACKAGE_TARNAME "libunwind"
| #define PACKAGE_VERSION "0.99-beta"
| #define PACKAGE_STRING "libunwind 0.99-beta"
| #define PACKAGE_BUGREPORT "libunwind-devel@nongnu.org"
| #define PACKAGE "libunwind"
| #define VERSION "0.99-beta"
| #define STDC_HEADERS 1
| #define HAVE_SYS_TYPES_H 1
| #define HAVE_SYS_STAT_H 1
| #define HAVE_STDLIB_H 1
| #define HAVE_STRING_H 1
| #define HAVE_MEMORY_H 1
| #define HAVE_STRINGS_H 1
| #define HAVE_INTTYPES_H 1
| #define HAVE_STDINT_H 1
| #define HAVE_UNISTD_H 1
| #define HAVE_DLFCN_H 1
| /* end confdefs.h.  */
| #include <atomic_ops.h>
configure:19971: result: no
configure:20004: checking for atomic_ops.h
configure:20012: result: no
configure:20034: checking for ANSI C header files
configure:20198: result: yes
configure:20230: checking asm/ptrace_offsets.h usability
configure:20247: gcc -c -g -O2  conftest.c >&5
conftest.c:55:32: error: asm/ptrace_offsets.h: No such file or directory
configure:20253: $? = 1
configure: failed program was:
| /* confdefs.h.  */
| #define PACKAGE_NAME "libunwind"
| #define PACKAGE_TARNAME "libunwind"
| #define PACKAGE_VERSION "0.99-beta"
| #define PACKAGE_STRING "libunwind 0.99-beta"
| #define PACKAGE_BUGREPORT "libunwind-devel@nongnu.org"
| #define PACKAGE "libunwind"
| #define VERSION "0.99-beta"
| #define STDC_HEADERS 1
| #define HAVE_SYS_TYPES_H 1
| #define HAVE_SYS_STAT_H 1
| #define HAVE_STDLIB_H 1
| #define HAVE_STRING_H 1
| #define HAVE_MEMORY_H 1
| #define HAVE_STRINGS_H 1
| #define HAVE_INTTYPES_H 1
| #define HAVE_STDINT_H 1
| #define HAVE_UNISTD_H 1
| #define HAVE_DLFCN_H 1
| #define STDC_HEADERS 1
| /* end confdefs.h.  */
| #include <stdio.h>
| #ifdef HAVE_SYS_TYPES_H
| # include <sys/types.h>
| #endif
| #ifdef HAVE_SYS_STAT_H
| # include <sys/stat.h>
| #endif
| #ifdef STDC_HEADERS
| # include <stdlib.h>
| # include <stddef.h>
| #else
| # ifdef HAVE_STDLIB_H
| #  include <stdlib.h>
| # endif
| #endif
| #ifdef HAVE_STRING_H
| # if !defined STDC_HEADERS && defined HAVE_MEMORY_H
| #  include <memory.h>
| # endif
| # include <string.h>
| #endif
| #ifdef HAVE_STRINGS_H
| # include <strings.h>
| #endif
| #ifdef HAVE_INTTYPES_H
| # include <inttypes.h>
| #endif
| #ifdef HAVE_STDINT_H
| # include <stdint.h>
| #endif
| #ifdef HAVE_UNISTD_H
| # include <unistd.h>
| #endif
| #include <asm/ptrace_offsets.h>
configure:20267: result: no
configure:20271: checking asm/ptrace_offsets.h presence
configure:20286: gcc -E  conftest.c
conftest.c:22:32: error: asm/ptrace_offsets.h: No such file or directory
configure:20292: $? = 1
configure: failed program was:
| /* confdefs.h.  */
| #define PACKAGE_NAME "libunwind"
| #define PACKAGE_TARNAME "libunwind"
| #define PACKAGE_VERSION "0.99-beta"
| #define PACKAGE_STRING "libunwind 0.99-beta"
| #define PACKAGE_BUGREPORT "libunwind-devel@nongnu.org"
| #define PACKAGE "libunwind"
| #define VERSION "0.99-beta"
| #define STDC_HEADERS 1
| #define HAVE_SYS_TYPES_H 1
| #define HAVE_SYS_STAT_H 1
| #define HAVE_STDLIB_H 1
| #define HAVE_STRING_H 1
| #define HAVE_MEMORY_H 1
| #define HAVE_STRINGS_H 1
| #define HAVE_INTTYPES_H 1
| #define HAVE_STDINT_H 1
| #define HAVE_UNISTD_H 1
| #define HAVE_DLFCN_H 1
| #define STDC_HEADERS 1
| /* end confdefs.h.  */
| #include <asm/ptrace_offsets.h>
configure:20306: result: no
configure:20339: checking for asm/ptrace_offsets.h
configure:20347: result: no
configure:20230: checking endian.h usability
configure:20247: gcc -c -g -O2  conftest.c >&5
configure:20253: $? = 0
configure:20267: result: yes
configure:20271: checking endian.h presence
configure:20286: gcc -E  conftest.c
configure:20292: $? = 0
configure:20306: result: yes
configure:20339: checking for endian.h
configure:20347: result: yes
configure:20230: checking execinfo.h usability
configure:20247: gcc -c -g -O2  conftest.c >&5
configure:20253: $? = 0
configure:20267: result: yes
configure:20271: checking execinfo.h presence
configure:20286: gcc -E  conftest.c
configure:20292: $? = 0
configure:20306: result: yes
configure:20339: checking for execinfo.h
configure:20347: result: yes
configure:20230: checking ia64intrin.h usability
configure:20247: gcc -c -g -O2  conftest.c >&5
conftest.c:57:24: error: ia64intrin.h: No such file or directory
configure:20253: $? = 1
configure: failed program was:
| /* confdefs.h.  */
| #define PACKAGE_NAME "libunwind"
| #define PACKAGE_TARNAME "libunwind"
| #define PACKAGE_VERSION "0.99-beta"
| #define PACKAGE_STRING "libunwind 0.99-beta"
| #define PACKAGE_BUGREPORT "libunwind-devel@nongnu.org"
| #define PACKAGE "libunwind"
| #define VERSION "0.99-beta"
| #define STDC_HEADERS 1
| #define HAVE_SYS_TYPES_H 1
| #define HAVE_SYS_STAT_H 1
| #define HAVE_STDLIB_H 1
| #define HAVE_STRING_H 1
| #define HAVE_MEMORY_H 1
| #define HAVE_STRINGS_H 1
| #define HAVE_INTTYPES_H 1
| #define HAVE_STDINT_H 1
| #define HAVE_UNISTD_H 1
| #define HAVE_DLFCN_H 1
| #define STDC_HEADERS 1
| #define HAVE_ENDIAN_H 1
| #define HAVE_EXECINFO_H 1
| /* end confdefs.h.  */
| #include <stdio.h>
| #ifdef HAVE_SYS_TYPES_H
| # include <sys/types.h>
| #endif
| #ifdef HAVE_SYS_STAT_H
| # include <sys/stat.h>
| #endif
| #ifdef STDC_HEADERS
| # include <stdlib.h>
| # include <stddef.h>
| #else
| # ifdef HAVE_STDLIB_H
| #  include <stdlib.h>
| # endif
| #endif
| #ifdef HAVE_STRING_H
| # if !defined STDC_HEADERS && defined HAVE_MEMORY_H
| #  include <memory.h>
| # endif
| # include <string.h>
| #endif
| #ifdef HAVE_STRINGS_H
| # include <strings.h>
| #endif
| #ifdef HAVE_INTTYPES_H
| # include <inttypes.h>
| #endif
| #ifdef HAVE_STDINT_H
| # include <stdint.h>
| #endif
| #ifdef HAVE_UNISTD_H
| # include <unistd.h>
| #endif
| #include <ia64intrin.h>
configure:20267: result: no
configure:20271: checking ia64intrin.h presence
configure:20286: gcc -E  conftest.c
conftest.c:24:24: error: ia64intrin.h: No such file or directory
configure:20292: $? = 1
configure: failed program was:
| /* confdefs.h.  */
| #define PACKAGE_NAME "libunwind"
| #define PACKAGE_TARNAME "libunwind"
| #define PACKAGE_VERSION "0.99-beta"
| #define PACKAGE_STRING "libunwind 0.99-beta"
| #define PACKAGE_BUGREPORT "libunwind-devel@nongnu.org"
| #define PACKAGE "libunwind"
| #define VERSION "0.99-beta"
| #define STDC_HEADERS 1
| #define HAVE_SYS_TYPES_H 1
| #define HAVE_SYS_STAT_H 1
| #define HAVE_STDLIB_H 1
| #define HAVE_STRING_H 1
| #define HAVE_MEMORY_H 1
| #define HAVE_STRINGS_H 1
| #define HAVE_INTTYPES_H 1
| #define HAVE_STDINT_H 1
| #define HAVE_UNISTD_H 1
| #define HAVE_DLFCN_H 1
| #define STDC_HEADERS 1
| #define HAVE_ENDIAN_H 1
| #define HAVE_EXECINFO_H 1
| /* end confdefs.h.  */
| #include <ia64intrin.h>
configure:20306: result: no
configure:20339: checking for ia64intrin.h
configure:20347: result: no
configure:20230: checking sys/uc_access.h usability
configure:20247: gcc -c -g -O2  conftest.c >&5
conftest.c:57:27: error: sys/uc_access.h: No such file or directory
configure:20253: $? = 1
configure: failed program was:
| /* confdefs.h.  */
| #define PACKAGE_NAME "libunwind"
| #define PACKAGE_TARNAME "libunwind"
| #define PACKAGE_VERSION "0.99-beta"
| #define PACKAGE_STRING "libunwind 0.99-beta"
| #define PACKAGE_BUGREPORT "libunwind-devel@nongnu.org"
| #define PACKAGE "libunwind"
| #define VERSION "0.99-beta"
| #define STDC_HEADERS 1
| #define HAVE_SYS_TYPES_H 1
| #define HAVE_SYS_STAT_H 1
| #define HAVE_STDLIB_H 1
| #define HAVE_STRING_H 1
| #define HAVE_MEMORY_H 1
| #define HAVE_STRINGS_H 1
| #define HAVE_INTTYPES_H 1
| #define HAVE_STDINT_H 1
| #define HAVE_UNISTD_H 1
| #define HAVE_DLFCN_H 1
| #define STDC_HEADERS 1
| #define HAVE_ENDIAN_H 1
| #define HAVE_EXECINFO_H 1
| /* end confdefs.h.  */
| #include <stdio.h>
| #ifdef HAVE_SYS_TYPES_H
| # include <sys/types.h>
| #endif
| #ifdef HAVE_SYS_STAT_H
| # include <sys/stat.h>
| #endif
| #ifdef STDC_HEADERS
| # include <stdlib.h>
| # include <stddef.h>
| #else
| # ifdef HAVE_STDLIB_H
| #  include <stdlib.h>
| # endif
| #endif
| #ifdef HAVE_STRING_H
| # if !defined STDC_HEADERS && defined HAVE_MEMORY_H
| #  include <memory.h>
| # endif
| # include <string.h>
| #endif
| #ifdef HAVE_STRINGS_H
| # include <strings.h>
| #endif
| #ifdef HAVE_INTTYPES_H
| # include <inttypes.h>
| #endif
| #ifdef HAVE_STDINT_H
| # include <stdint.h>
| #endif
| #ifdef HAVE_UNISTD_H
| # include <unistd.h>
| #endif
| #include <sys/uc_access.h>
configure:20267: result: no
configure:20271: checking sys/uc_access.h presence
configure:20286: gcc -E  conftest.c
conftest.c:24:27: error: sys/uc_access.h: No such file or directory
configure:20292: $? = 1
configure: failed program was:
| /* confdefs.h.  */
| #define PACKAGE_NAME "libunwind"
| #define PACKAGE_TARNAME "libunwind"
| #define PACKAGE_VERSION "0.99-beta"
| #define PACKAGE_STRING "libunwind 0.99-beta"
| #define PACKAGE_BUGREPORT "libunwind-devel@nongnu.org"
| #define PACKAGE "libunwind"
| #define VERSION "0.99-beta"
| #define STDC_HEADERS 1
| #define HAVE_SYS_TYPES_H 1
| #define HAVE_SYS_STAT_H 1
| #define HAVE_STDLIB_H 1
| #define HAVE_STRING_H 1
| #define HAVE_MEMORY_H 1
| #define HAVE_STRINGS_H 1
| #define HAVE_INTTYPES_H 1
| #define HAVE_STDINT_H 1
| #define HAVE_UNISTD_H 1
| #define HAVE_DLFCN_H 1
| #define STDC_HEADERS 1
| #define HAVE_ENDIAN_H 1
| #define HAVE_EXECINFO_H 1
| /* end confdefs.h.  */
| #include <sys/uc_access.h>
configure:20306: result: no
configure:20339: checking for sys/uc_access.h
configure:20347: result: no
configure:20220: checking for unistd.h
configure:20226: result: yes
configure:20230: checking signal.h usability
configure:20247: gcc -c -g -O2  conftest.c >&5
configure:20253: $? = 0
configure:20267: result: yes
configure:20271: checking signal.h presence
configure:20286: gcc -E  conftest.c
configure:20292: $? = 0
configure:20306: result: yes
configure:20339: checking for signal.h
configure:20347: result: yes
configure:20361: checking for an ANSI C-conforming const
configure:20436: gcc -c -g -O2  conftest.c >&5
configure:20442: $? = 0
configure:20457: result: yes
configure:20467: checking for inline
configure:20493: gcc -c -g -O2  conftest.c >&5
configure:20499: $? = 0
configure:20517: result: inline
configure:20536: checking return type of signal handlers
configure:20564: gcc -c -g -O2  conftest.c >&5
conftest.c: In function 'main':
conftest.c:32: error: void value not ignored as it ought to be
configure:20570: $? = 1
configure: failed program was:
| /* confdefs.h.  */
| #define PACKAGE_NAME "libunwind"
| #define PACKAGE_TARNAME "libunwind"
| #define PACKAGE_VERSION "0.99-beta"
| #define PACKAGE_STRING "libunwind 0.99-beta"
| #define PACKAGE_BUGREPORT "libunwind-devel@nongnu.org"
| #define PACKAGE "libunwind"
| #define VERSION "0.99-beta"
| #define STDC_HEADERS 1
| #define HAVE_SYS_TYPES_H 1
| #define HAVE_SYS_STAT_H 1
| #define HAVE_STDLIB_H 1
| #define HAVE_STRING_H 1
| #define HAVE_MEMORY_H 1
| #define HAVE_STRINGS_H 1
| #define HAVE_INTTYPES_H 1
| #define HAVE_STDINT_H 1
| #define HAVE_UNISTD_H 1
| #define HAVE_DLFCN_H 1
| #define STDC_HEADERS 1
| #define HAVE_ENDIAN_H 1
| #define HAVE_EXECINFO_H 1
| #define HAVE_UNISTD_H 1
| #define HAVE_SIGNAL_H 1
| /* end confdefs.h.  */
| #include <sys/types.h>
| #include <signal.h>
| 
| int
| main ()
| {
| return *(signal (0, 0)) (0) == 1;
|   ;
|   return 0;
| }
configure:20585: result: void
configure:20593: checking for size_t
configure:20623: gcc -c -g -O2  conftest.c >&5
configure:20629: $? = 0
configure:20644: result: yes
configure:20664: checking for struct dl_phdr_info.dlpi_subs
configure:20693: gcc -c -g -O2  -D_GNU_SOURCE -DNDEBUG conftest.c >&5
configure:20699: $? = 0
configure:20757: result: yes
configure:20768: checking for sighandler_t
configure:20803: gcc -c -g -O2  -D_GNU_SOURCE -DNDEBUG conftest.c >&5
configure:20809: $? = 0
configure:20824: result: yes
configure:20836: checking for working memcmp
configure:20889: gcc -o conftest -g -O2  -D_GNU_SOURCE -DNDEBUG  conftest.c  >&5
configure:20892: $? = 0
configure:20898: ./conftest
configure:20901: $? = 0
configure:20917: result: yes
configure:20926: checking return type of signal handlers
configure:20975: result: void
configure:20992: checking for dl_iterate_phdr
configure:21048: gcc -o conftest -g -O2  -D_GNU_SOURCE -DNDEBUG  conftest.c  >&5
configure:21054: $? = 0
configure:21072: result: yes
configure:20992: checking for dl_phdr_removals_counter
configure:21048: gcc -o conftest -g -O2  -D_GNU_SOURCE -DNDEBUG  conftest.c  >&5
/tmp/ccGe83u0.o: In function `main':
/home/guoliqiang/git-coding/coding/third_part/libunwind/libunwind-0.99-beta/conftest.c:65: undefined reference to `dl_phdr_removals_counter'
collect2: ld returned 1 exit status
configure:21054: $? = 1
configure: failed program was:
| /* confdefs.h.  */
| #define PACKAGE_NAME "libunwind"
| #define PACKAGE_TARNAME "libunwind"
| #define PACKAGE_VERSION "0.99-beta"
| #define PACKAGE_STRING "libunwind 0.99-beta"
| #define PACKAGE_BUGREPORT "libunwind-devel@nongnu.org"
| #define PACKAGE "libunwind"
| #define VERSION "0.99-beta"
| #define STDC_HEADERS 1
| #define HAVE_SYS_TYPES_H 1
| #define HAVE_SYS_STAT_H 1
| #define HAVE_STDLIB_H 1
| #define HAVE_STRING_H 1
| #define HAVE_MEMORY_H 1
| #define HAVE_STRINGS_H 1
| #define HAVE_INTTYPES_H 1
| #define HAVE_STDINT_H 1
| #define HAVE_UNISTD_H 1
| #define HAVE_DLFCN_H 1
| #define STDC_HEADERS 1
| #define HAVE_ENDIAN_H 1
| #define HAVE_EXECINFO_H 1
| #define HAVE_UNISTD_H 1
| #define HAVE_SIGNAL_H 1
| #define RETSIGTYPE void
| #define HAVE_STRUCT_DL_PHDR_INFO_DLPI_SUBS 1
| #define HAVE_SIGHANDLER_T 1
| #define RETSIGTYPE void
| #define HAVE_DL_ITERATE_PHDR 1
| /* end confdefs.h.  */
| /* Define dl_phdr_removals_counter to an innocuous variant, in case <limits.h> declares dl_phdr_removals_counter.
|    For example, HP-UX 11i <limits.h> declares gettimeofday.  */
| #define dl_phdr_removals_counter innocuous_dl_phdr_removals_counter
| 
| /* System header to define __stub macros and hopefully few prototypes,
|     which can conflict with char dl_phdr_removals_counter (); below.
|     Prefer <limits.h> to <assert.h> if __STDC__ is defined, since
|     <limits.h> exists even on freestanding compilers.  */
| 
| #ifdef __STDC__
| # include <limits.h>
| #else
| # include <assert.h>
| #endif
| 
| #undef dl_phdr_removals_counter
| 
| /* Override any GCC internal prototype to avoid an error.
|    Use char because int might match the return type of a GCC
|    builtin and then its argument prototype would still apply.  */
| #ifdef __cplusplus
| extern "C"
| #endif
| char dl_phdr_removals_counter ();
| /* The GNU C library defines this for functions which it implements
|     to always fail with ENOSYS.  Some functions are actually named
|     something starting with __ and the normal name is an alias.  */
| #if defined __stub_dl_phdr_removals_counter || defined __stub___dl_phdr_removals_counter
| choke me
| #endif
| 
| int
| main ()
| {
| return dl_phdr_removals_counter ();
|   ;
|   return 0;
| }
configure:21072: result: no
configure:20992: checking for dlmodinfo
configure:21048: gcc -o conftest -g -O2  -D_GNU_SOURCE -DNDEBUG  conftest.c  >&5
/tmp/cc5kHhx4.o: In function `main':
/home/guoliqiang/git-coding/coding/third_part/libunwind/libunwind-0.99-beta/conftest.c:65: undefined reference to `dlmodinfo'
collect2: ld returned 1 exit status
configure:21054: $? = 1
configure: failed program was:
| /* confdefs.h.  */
| #define PACKAGE_NAME "libunwind"
| #define PACKAGE_TARNAME "libunwind"
| #define PACKAGE_VERSION "0.99-beta"
| #define PACKAGE_STRING "libunwind 0.99-beta"
| #define PACKAGE_BUGREPORT "libunwind-devel@nongnu.org"
| #define PACKAGE "libunwind"
| #define VERSION "0.99-beta"
| #define STDC_HEADERS 1
| #define HAVE_SYS_TYPES_H 1
| #define HAVE_SYS_STAT_H 1
| #define HAVE_STDLIB_H 1
| #define HAVE_STRING_H 1
| #define HAVE_MEMORY_H 1
| #define HAVE_STRINGS_H 1
| #define HAVE_INTTYPES_H 1
| #define HAVE_STDINT_H 1
| #define HAVE_UNISTD_H 1
| #define HAVE_DLFCN_H 1
| #define STDC_HEADERS 1
| #define HAVE_ENDIAN_H 1
| #define HAVE_EXECINFO_H 1
| #define HAVE_UNISTD_H 1
| #define HAVE_SIGNAL_H 1
| #define RETSIGTYPE void
| #define HAVE_STRUCT_DL_PHDR_INFO_DLPI_SUBS 1
| #define HAVE_SIGHANDLER_T 1
| #define RETSIGTYPE void
| #define HAVE_DL_ITERATE_PHDR 1
| /* end confdefs.h.  */
| /* Define dlmodinfo to an innocuous variant, in case <limits.h> declares dlmodinfo.
|    For example, HP-UX 11i <limits.h> declares gettimeofday.  */
| #define dlmodinfo innocuous_dlmodinfo
| 
| /* System header to define __stub macros and hopefully few prototypes,
|     which can conflict with char dlmodinfo (); below.
|     Prefer <limits.h> to <assert.h> if __STDC__ is defined, since
|     <limits.h> exists even on freestanding compilers.  */
| 
| #ifdef __STDC__
| # include <limits.h>
| #else
| # include <assert.h>
| #endif
| 
| #undef dlmodinfo
| 
| /* Override any GCC internal prototype to avoid an error.
|    Use char because int might match the return type of a GCC
|    builtin and then its argument prototype would still apply.  */
| #ifdef __cplusplus
| extern "C"
| #endif
| char dlmodinfo ();
| /* The GNU C library defines this for functions which it implements
|     to always fail with ENOSYS.  Some functions are actually named
|     something starting with __ and the normal name is an alias.  */
| #if defined __stub_dlmodinfo || defined __stub___dlmodinfo
| choke me
| #endif
| 
| int
| main ()
| {
| return dlmodinfo ();
|   ;
|   return 0;
| }
configure:21072: result: no
configure:20992: checking for getunwind
configure:21048: gcc -o conftest -g -O2  -D_GNU_SOURCE -DNDEBUG  conftest.c  >&5
/tmp/ccNaoEFa.o: In function `main':
/home/guoliqiang/git-coding/coding/third_part/libunwind/libunwind-0.99-beta/conftest.c:65: undefined reference to `getunwind'
collect2: ld returned 1 exit status
configure:21054: $? = 1
configure: failed program was:
| /* confdefs.h.  */
| #define PACKAGE_NAME "libunwind"
| #define PACKAGE_TARNAME "libunwind"
| #define PACKAGE_VERSION "0.99-beta"
| #define PACKAGE_STRING "libunwind 0.99-beta"
| #define PACKAGE_BUGREPORT "libunwind-devel@nongnu.org"
| #define PACKAGE "libunwind"
| #define VERSION "0.99-beta"
| #define STDC_HEADERS 1
| #define HAVE_SYS_TYPES_H 1
| #define HAVE_SYS_STAT_H 1
| #define HAVE_STDLIB_H 1
| #define HAVE_STRING_H 1
| #define HAVE_MEMORY_H 1
| #define HAVE_STRINGS_H 1
| #define HAVE_INTTYPES_H 1
| #define HAVE_STDINT_H 1
| #define HAVE_UNISTD_H 1
| #define HAVE_DLFCN_H 1
| #define STDC_HEADERS 1
| #define HAVE_ENDIAN_H 1
| #define HAVE_EXECINFO_H 1
| #define HAVE_UNISTD_H 1
| #define HAVE_SIGNAL_H 1
| #define RETSIGTYPE void
| #define HAVE_STRUCT_DL_PHDR_INFO_DLPI_SUBS 1
| #define HAVE_SIGHANDLER_T 1
| #define RETSIGTYPE void
| #define HAVE_DL_ITERATE_PHDR 1
| /* end confdefs.h.  */
| /* Define getunwind to an innocuous variant, in case <limits.h> declares getunwind.
|    For example, HP-UX 11i <limits.h> declares gettimeofday.  */
| #define getunwind innocuous_getunwind
| 
| /* System header to define __stub macros and hopefully few prototypes,
|     which can conflict with char getunwind (); below.
|     Prefer <limits.h> to <assert.h> if __STDC__ is defined, since
|     <limits.h> exists even on freestanding compilers.  */
| 
| #ifdef __STDC__
| # include <limits.h>
| #else
| # include <assert.h>
| #endif
| 
| #undef getunwind
| 
| /* Override any GCC internal prototype to avoid an error.
|    Use char because int might match the return type of a GCC
|    builtin and then its argument prototype would still apply.  */
| #ifdef __cplusplus
| extern "C"
| #endif
| char getunwind ();
| /* The GNU C library defines this for functions which it implements
|     to always fail with ENOSYS.  Some functions are actually named
|     something starting with __ and the normal name is an alias.  */
| #if defined __stub_getunwind || defined __stub___getunwind
| choke me
| #endif
| 
| int
| main ()
| {
| return getunwind ();
|   ;
|   return 0;
| }
configure:21072: result: no
configure:20992: checking for ttrace
configure:21048: gcc -o conftest -g -O2  -D_GNU_SOURCE -DNDEBUG  conftest.c  >&5
/tmp/ccAI4THe.o: In function `main':
/home/guoliqiang/git-coding/coding/third_part/libunwind/libunwind-0.99-beta/conftest.c:65: undefined reference to `ttrace'
collect2: ld returned 1 exit status
configure:21054: $? = 1
configure: failed program was:
| /* confdefs.h.  */
| #define PACKAGE_NAME "libunwind"
| #define PACKAGE_TARNAME "libunwind"
| #define PACKAGE_VERSION "0.99-beta"
| #define PACKAGE_STRING "libunwind 0.99-beta"
| #define PACKAGE_BUGREPORT "libunwind-devel@nongnu.org"
| #define PACKAGE "libunwind"
| #define VERSION "0.99-beta"
| #define STDC_HEADERS 1
| #define HAVE_SYS_TYPES_H 1
| #define HAVE_SYS_STAT_H 1
| #define HAVE_STDLIB_H 1
| #define HAVE_STRING_H 1
| #define HAVE_MEMORY_H 1
| #define HAVE_STRINGS_H 1
| #define HAVE_INTTYPES_H 1
| #define HAVE_STDINT_H 1
| #define HAVE_UNISTD_H 1
| #define HAVE_DLFCN_H 1
| #define STDC_HEADERS 1
| #define HAVE_ENDIAN_H 1
| #define HAVE_EXECINFO_H 1
| #define HAVE_UNISTD_H 1
| #define HAVE_SIGNAL_H 1
| #define RETSIGTYPE void
| #define HAVE_STRUCT_DL_PHDR_INFO_DLPI_SUBS 1
| #define HAVE_SIGHANDLER_T 1
| #define RETSIGTYPE void
| #define HAVE_DL_ITERATE_PHDR 1
| /* end confdefs.h.  */
| /* Define ttrace to an innocuous variant, in case <limits.h> declares ttrace.
|    For example, HP-UX 11i <limits.h> declares gettimeofday.  */
| #define ttrace innocuous_ttrace
| 
| /* System header to define __stub macros and hopefully few prototypes,
|     which can conflict with char ttrace (); below.
|     Prefer <limits.h> to <assert.h> if __STDC__ is defined, since
|     <limits.h> exists even on freestanding compilers.  */
| 
| #ifdef __STDC__
| # include <limits.h>
| #else
| # include <assert.h>
| #endif
| 
| #undef ttrace
| 
| /* Override any GCC internal prototype to avoid an error.
|    Use char because int might match the return type of a GCC
|    builtin and then its argument prototype would still apply.  */
| #ifdef __cplusplus
| extern "C"
| #endif
| char ttrace ();
| /* The GNU C library defines this for functions which it implements
|     to always fail with ENOSYS.  Some functions are actually named
|     something starting with __ and the normal name is an alias.  */
| #if defined __stub_ttrace || defined __stub___ttrace
| choke me
| #endif
| 
| int
| main ()
| {
| return ttrace ();
|   ;
|   return 0;
| }
configure:21072: result: no
configure:21272: checking for __thread
configure:21281: gcc -g -O2 -c conftest.c >&5
configure:21284: $? = 0
configure:21292: result: yes
configure:21328: gcc -o conftest -g -O2  -D_GNU_SOURCE -DNDEBUG  -static-libcxa conftest.c  >&5
gcc: unrecognized option '-static-libcxa'
configure:21334: $? = 0
configure:21378: gcc -c -g -O2  -D_GNU_SOURCE -DNDEBUG conftest.c >&5
conftest.c:37:2: error: #error choke me
configure:21384: $? = 1
configure: failed program was:
| /* confdefs.h.  */
| #define PACKAGE_NAME "libunwind"
| #define PACKAGE_TARNAME "libunwind"
| #define PACKAGE_VERSION "0.99-beta"
| #define PACKAGE_STRING "libunwind 0.99-beta"
| #define PACKAGE_BUGREPORT "libunwind-devel@nongnu.org"
| #define PACKAGE "libunwind"
| #define VERSION "0.99-beta"
| #define STDC_HEADERS 1
| #define HAVE_SYS_TYPES_H 1
| #define HAVE_SYS_STAT_H 1
| #define HAVE_STDLIB_H 1
| #define HAVE_STRING_H 1
| #define HAVE_MEMORY_H 1
| #define HAVE_STRINGS_H 1
| #define HAVE_INTTYPES_H 1
| #define HAVE_STDINT_H 1
| #define HAVE_UNISTD_H 1
| #define HAVE_DLFCN_H 1
| #define STDC_HEADERS 1
| #define HAVE_ENDIAN_H 1
| #define HAVE_EXECINFO_H 1
| #define HAVE_UNISTD_H 1
| #define HAVE_SIGNAL_H 1
| #define RETSIGTYPE void
| #define HAVE_STRUCT_DL_PHDR_INFO_DLPI_SUBS 1
| #define HAVE_SIGHANDLER_T 1
| #define RETSIGTYPE void
| #define HAVE_DL_ITERATE_PHDR 1
| #define HAVE___THREAD 1
| /* end confdefs.h.  */
| 
| int
| main ()
| {
| #ifndef __INTEL_COMPILER
| #error choke me
| #endif
|   ;
|   return 0;
| }
configure:21654: creating ./config.status

## ---------------------- ##
## Running config.status. ##
## ---------------------- ##

This file was extended by libunwind config.status 0.99-beta, which was
generated by GNU Autoconf 2.61.  Invocation command line was

  CONFIG_FILES    = 
  CONFIG_HEADERS  = 
  CONFIG_LINKS    = 
  CONFIG_COMMANDS = 
  $ ./config.status 

on ubuntu

config.status:723: creating Makefile
config.status:723: creating src/Makefile
config.status:723: creating tests/Makefile
config.status:723: creating tests/check-namespace.sh
config.status:723: creating doc/Makefile
config.status:723: creating doc/common.tex
config.status:723: creating include/libunwind-common.h
config.status:723: creating include/config.h
config.status:1011: linking ./include/libunwind-x86_64.h to include/libunwind.h
config.status:1011: linking ./include/tdep-x86_64 to include/tdep
config.status:1033: executing depfiles commands

## ---------------- ##
## Cache variables. ##
## ---------------- ##

ac_cv_build=x86_64-unknown-linux-gnu
ac_cv_c_compiler_gnu=yes
ac_cv_c_const=yes
ac_cv_c_inline=inline
ac_cv_cxx_compiler_gnu=yes
ac_cv_env_CCASFLAGS_set=
ac_cv_env_CCASFLAGS_value=
ac_cv_env_CCAS_set=
ac_cv_env_CCAS_value=
ac_cv_env_CCC_set=
ac_cv_env_CCC_value=
ac_cv_env_CC_set=
ac_cv_env_CC_value=
ac_cv_env_CFLAGS_set=
ac_cv_env_CFLAGS_value=
ac_cv_env_CPPFLAGS_set=
ac_cv_env_CPPFLAGS_value=
ac_cv_env_CPP_set=
ac_cv_env_CPP_value=
ac_cv_env_CXXCPP_set=
ac_cv_env_CXXCPP_value=
ac_cv_env_CXXFLAGS_set=
ac_cv_env_CXXFLAGS_value=
ac_cv_env_CXX_set=
ac_cv_env_CXX_value=
ac_cv_env_F77_set=
ac_cv_env_F77_value=
ac_cv_env_FFLAGS_set=
ac_cv_env_FFLAGS_value=
ac_cv_env_LDFLAGS_set=
ac_cv_env_LDFLAGS_value=
ac_cv_env_LIBS_set=
ac_cv_env_LIBS_value=
ac_cv_env_build_alias_set=
ac_cv_env_build_alias_value=
ac_cv_env_host_alias_set=
ac_cv_env_host_alias_value=
ac_cv_env_target_alias_set=
ac_cv_env_target_alias_value=
ac_cv_f77_compiler_gnu=no
ac_cv_func_dl_iterate_phdr=yes
ac_cv_func_dl_phdr_removals_counter=no
ac_cv_func_dlmodinfo=no
ac_cv_func_getunwind=no
ac_cv_func_memcmp_working=yes
ac_cv_func_ttrace=no
ac_cv_header_asm_ptrace_offsets_h=no
ac_cv_header_atomic_ops_h=no
ac_cv_header_dlfcn_h=yes
ac_cv_header_endian_h=yes
ac_cv_header_execinfo_h=yes
ac_cv_header_ia64intrin_h=no
ac_cv_header_inttypes_h=yes
ac_cv_header_memory_h=yes
ac_cv_header_signal_h=yes
ac_cv_header_stdc=yes
ac_cv_header_stdint_h=yes
ac_cv_header_stdlib_h=yes
ac_cv_header_string_h=yes
ac_cv_header_strings_h=yes
ac_cv_header_sys_stat_h=yes
ac_cv_header_sys_types_h=yes
ac_cv_header_sys_uc_access_h=no
ac_cv_header_unistd_h=yes
ac_cv_host=x86_64-unknown-linux-gnu
ac_cv_lib_uca___uc_get_grs=no
ac_cv_member_struct_dl_phdr_info_dlpi_subs=yes
ac_cv_objext=o
ac_cv_path_EGREP='/bin/grep -E'
ac_cv_path_GREP=/bin/grep
ac_cv_path_install='/usr/bin/install -c'
ac_cv_path_mkdir=/bin/mkdir
ac_cv_prog_AWK=gawk
ac_cv_prog_CPP='gcc -E'
ac_cv_prog_CXXCPP='g++ -E'
ac_cv_prog_ac_ct_AR=ar
ac_cv_prog_ac_ct_CC=gcc
ac_cv_prog_ac_ct_CXX=g++
ac_cv_prog_ac_ct_RANLIB=ranlib
ac_cv_prog_ac_ct_STRIP=strip
ac_cv_prog_cc_c89=
ac_cv_prog_cc_g=yes
ac_cv_prog_cc_gcc_c_o=yes
ac_cv_prog_cxx_g=yes
ac_cv_prog_f77_g=no
ac_cv_prog_make_make_set=yes
ac_cv_target=x86_64-unknown-linux-gnu
ac_cv_type_sighandler_t=yes
ac_cv_type_signal=void
ac_cv_type_size_t=yes
am_cv_CCAS_dependencies_compiler_type=gcc3
am_cv_CC_dependencies_compiler_type=gcc3
am_cv_CXX_dependencies_compiler_type=gcc3
libc_cv_gcc___thread=yes
lt_cv_deplibs_check_method=pass_all
lt_cv_file_magic_cmd='$MAGIC_CMD'
lt_cv_file_magic_test_file=
lt_cv_ld_reload_flag=-r
lt_cv_objdir=.libs
lt_cv_path_LD=/usr/bin/ld
lt_cv_path_LDCXX='/usr/bin/ld -m elf_x86_64'
lt_cv_path_NM='/usr/bin/nm -B'
lt_cv_path_SED=/bin/sed
lt_cv_prog_compiler_c_o=yes
lt_cv_prog_compiler_c_o_CXX=yes
lt_cv_prog_compiler_rtti_exceptions=no
lt_cv_prog_gnu_ld=yes
lt_cv_prog_gnu_ldcxx=yes
lt_cv_sys_global_symbol_pipe='sed -n -e '\''s/^.*[ 	]\([ABCDGIRSTW][ABCDGIRSTW]*\)[ 	][ 	]*\([_A-Za-z][_A-Za-z0-9]*\)$/\1 \2 \2/p'\'''
lt_cv_sys_global_symbol_to_c_name_address='sed -n -e '\''s/^: \([^ ]*\) $/  {\"\1\", (lt_ptr) 0},/p'\'' -e '\''s/^[BCDEGRST] \([^ ]*\) \([^ ]*\)$/  {"\2", (lt_ptr) \&\2},/p'\'''
lt_cv_sys_global_symbol_to_cdecl='sed -n -e '\''s/^. .* \(.*\)$/extern int \1;/p'\'''
lt_cv_sys_max_cmd_len=1572864
lt_lt_cv_prog_compiler_c_o='"yes"'
lt_lt_cv_prog_compiler_c_o_CXX='"yes"'
lt_lt_cv_sys_global_symbol_pipe='"sed -n -e '\''s/^.*[ 	]\\([ABCDGIRSTW][ABCDGIRSTW]*\\)[ 	][ 	]*\\([_A-Za-z][_A-Za-z0-9]*\\)\$/\\1 \\2 \\2/p'\''"'
lt_lt_cv_sys_global_symbol_to_c_name_address='"sed -n -e '\''s/^: \\([^ ]*\\) \$/  {\\\"\\1\\\", (lt_ptr) 0},/p'\'' -e '\''s/^[BCDEGRST] \\([^ ]*\\) \\([^ ]*\\)\$/  {\"\\2\", (lt_ptr) \\&\\2},/p'\''"'
lt_lt_cv_sys_global_symbol_to_cdecl='"sed -n -e '\''s/^. .* \\(.*\\)\$/extern int \\1;/p'\''"'

## ----------------- ##
## Output variables. ##
## ----------------- ##

ACLOCAL='${SHELL} /home/guoliqiang/git-coding/coding/third_part/libunwind/libunwind-0.99-beta/config/missing --run aclocal-1.10'
AMDEPBACKSLASH='\'
AMDEP_FALSE='#'
AMDEP_TRUE=''
AMTAR='${SHELL} /home/guoliqiang/git-coding/coding/third_part/libunwind/libunwind-0.99-beta/config/missing --run tar'
AR='ar'
ARCH='X86_64'
ARCH_ARM_FALSE=''
ARCH_ARM_TRUE='#'
ARCH_HPPA_FALSE=''
ARCH_HPPA_TRUE='#'
ARCH_IA64_FALSE=''
ARCH_IA64_TRUE='#'
ARCH_MIPS_FALSE=''
ARCH_MIPS_TRUE='#'
ARCH_PPC32_FALSE=''
ARCH_PPC32_TRUE='#'
ARCH_PPC64_FALSE=''
ARCH_PPC64_TRUE='#'
ARCH_X86_64_FALSE='#'
ARCH_X86_64_TRUE=''
ARCH_X86_FALSE=''
ARCH_X86_TRUE='#'
AUTOCONF='${SHELL} /home/guoliqiang/git-coding/coding/third_part/libunwind/libunwind-0.99-beta/config/missing --run autoconf'
AUTOHEADER='${SHELL} /home/guoliqiang/git-coding/coding/third_part/libunwind/libunwind-0.99-beta/config/missing --run autoheader'
AUTOMAKE='${SHELL} /home/guoliqiang/git-coding/coding/third_part/libunwind/libunwind-0.99-beta/config/missing --run automake-1.10'
AWK='gawk'
CC='gcc'
CCAS='gcc'
CCASDEPMODE='depmode=gcc3'
CCASFLAGS='-g -O2  -D_GNU_SOURCE -DNDEBUG'
CCDEPMODE='depmode=gcc3'
CFLAGS='-g -O2 -fexceptions -Wall -Wsign-compare'
CPP='gcc -E'
CPPFLAGS=' -D_GNU_SOURCE -DNDEBUG'
CXX='g++'
CXXCPP='g++ -E'
CXXDEPMODE='depmode=gcc3'
CXXFLAGS='-g -O2'
CYGPATH_W='echo'
DEFS='-DHAVE_CONFIG_H'
DEPDIR='.deps'
ECHO='echo'
ECHO_C=''
ECHO_N='-n'
ECHO_T=''
EGREP='/bin/grep -E'
EXEEXT=''
F77=''
FFLAGS=''
GREP='/bin/grep'
INSTALL_DATA='${INSTALL} -m 644'
INSTALL_PROGRAM='${INSTALL}'
INSTALL_SCRIPT='${INSTALL}'
INSTALL_STRIP_PROGRAM='$(install_sh) -c -s'
LDFLAGS=''
LDFLAGS_STATIC_LIBCXA='-XCClinker -static-libcxa'
LIBCRTS='-lgcc'
LIBOBJS=''
LIBS=''
LIBTOOL='$(SHELL) $(top_builddir)/libtool'
LN_S='ln -s'
LTLIBOBJS=''
MAINT='#'
MAINTAINER_MODE_FALSE=''
MAINTAINER_MODE_TRUE='#'
MAKEINFO='${SHELL} /home/guoliqiang/git-coding/coding/third_part/libunwind/libunwind-0.99-beta/config/missing --run makeinfo'
OBJEXT='o'
OS_HPUX_FALSE=''
OS_HPUX_TRUE='#'
OS_LINUX_FALSE='#'
OS_LINUX_TRUE=''
PACKAGE='libunwind'
PACKAGE_BUGREPORT='libunwind-devel@nongnu.org'
PACKAGE_NAME='libunwind'
PACKAGE_STRING='libunwind 0.99-beta'
PACKAGE_TARNAME='libunwind'
PACKAGE_VERSION='0.99-beta'
PATH_SEPARATOR=':'
PKG_EXTRA='-beta'
PKG_MAINTAINER='libunwind-devel@nongnu.org'
PKG_MAJOR='0'
PKG_MINOR='99'
RANLIB='ranlib'
REMOTE_ONLY_FALSE=''
REMOTE_ONLY_TRUE='#'
SED='/bin/sed'
SET_MAKE=''
SHELL='/bin/bash'
STRIP='strip'
SUPPORT_CXX_EXCEPTIONS_FALSE=''
SUPPORT_CXX_EXCEPTIONS_TRUE='#'
USE_ALTIVEC_FALSE=''
USE_ALTIVEC_TRUE='#'
VERSION='0.99-beta'
ac_ct_CC='gcc'
ac_ct_CXX='g++'
ac_ct_F77=''
am__fastdepCCAS_FALSE='#'
am__fastdepCCAS_TRUE=''
am__fastdepCC_FALSE='#'
am__fastdepCC_TRUE=''
am__fastdepCXX_FALSE='#'
am__fastdepCXX_TRUE=''
am__include='include'
am__isrc=''
am__leading_dot='.'
am__quote=''
am__tar='${AMTAR} chof - "$$tardir"'
am__untar='${AMTAR} xf -'
arch='x86_64'
bindir='${exec_prefix}/bin'
build='x86_64-unknown-linux-gnu'
build_alias=''
build_arch='x86_64'
build_cpu='x86_64'
build_os='linux-gnu'
build_vendor='unknown'
datadir='${datarootdir}'
datarootdir='${prefix}/share'
docdir='${datarootdir}/doc/${PACKAGE_TARNAME}'
dvidir='${docdir}'
enable_cxx_exceptions='no'
exec_prefix='${prefix}'
host='x86_64-unknown-linux-gnu'
host_alias=''
host_cpu='x86_64'
host_os='linux-gnu'
host_vendor='unknown'
htmldir='${docdir}'
includedir='${prefix}/include'
infodir='${datarootdir}/info'
install_sh='$(SHELL) /home/guoliqiang/git-coding/coding/third_part/libunwind/libunwind-0.99-beta/config/install-sh'
libdir='${exec_prefix}/lib'
libexecdir='${exec_prefix}/libexec'
localedir='${datarootdir}/locale'
localstatedir='${prefix}/var'
mandir='${datarootdir}/man'
mkdir_p='/bin/mkdir -p'
oldincludedir='/usr/include'
pdfdir='${docdir}'
prefix='/home/guoliqiang/git-coding/coding/third_part/libunwind/'
program_transform_name='s,x,x,'
psdir='${docdir}'
sbindir='${exec_prefix}/sbin'
sharedstatedir='${prefix}/com'
sysconfdir='${prefix}/etc'
target='x86_64-unknown-linux-gnu'
target_alias=''
target_cpu='x86_64'
target_os='linux-gnu'
target_vendor='unknown'

## ----------- ##
## confdefs.h. ##
## ----------- ##

#define PACKAGE_NAME "libunwind"
#define PACKAGE_TARNAME "libunwind"
#define PACKAGE_VERSION "0.99-beta"
#define PACKAGE_STRING "libunwind 0.99-beta"
#define PACKAGE_BUGREPORT "libunwind-devel@nongnu.org"
#define PACKAGE "libunwind"
#define VERSION "0.99-beta"
#define STDC_HEADERS 1
#define HAVE_SYS_TYPES_H 1
#define HAVE_SYS_STAT_H 1
#define HAVE_STDLIB_H 1
#define HAVE_STRING_H 1
#define HAVE_MEMORY_H 1
#define HAVE_STRINGS_H 1
#define HAVE_INTTYPES_H 1
#define HAVE_STDINT_H 1
#define HAVE_UNISTD_H 1
#define HAVE_DLFCN_H 1
#define STDC_HEADERS 1
#define HAVE_ENDIAN_H 1
#define HAVE_EXECINFO_H 1
#define HAVE_UNISTD_H 1
#define HAVE_SIGNAL_H 1
#define RETSIGTYPE void
#define HAVE_STRUCT_DL_PHDR_INFO_DLPI_SUBS 1
#define HAVE_SIGHANDLER_T 1
#define RETSIGTYPE void
#define HAVE_DL_ITERATE_PHDR 1
#define HAVE___THREAD 1

configure: exit 0
