0 0 0 1 0 0 
0 0 0 0 1 0 
0 0 0 0 0 1 
1 0 0 0 0 0 
0 1 0 0 0 0 
0 0 1 0 0 0 
[31135:0918/154543:INFO:algorithm/graph/max_matching/max_matching.cc(30)] -1	4	-1	0	-1	2
[31135:0918/154543:INFO:algorithm/graph/max_matching/max_matching.h(241)] i:0
[31135:0918/154543:INFO:algorithm/graph/max_matching/max_matching.h(248)] round :0
[31135:0918/154543:INFO:algorithm/graph/max_matching/max_matching.h(253)] link:-1	-1	-1
[31135:0918/154543:INFO:algorithm/graph/max_matching/max_matching.h(198)] usedx[0] set be 1
[31135:0918/154543:INFO:algorithm/graph/max_matching/max_matching.h(203)] usedy[0] set be 1
[31135:0918/154543:INFO:algorithm/graph/max_matching/max_matching.h(207)] link[0]:0
[31135:0918/154543:INFO:algorithm/graph/max_matching/max_matching.h(241)] i:1
[31135:0918/154543:INFO:algorithm/graph/max_matching/max_matching.h(248)] round :1
[31135:0918/154543:INFO:algorithm/graph/max_matching/max_matching.h(253)] link:0	-1	-1
[31135:0918/154543:INFO:algorithm/graph/max_matching/max_matching.h(198)] usedx[1] set be 1
[31135:0918/154543:INFO:algorithm/graph/max_matching/max_matching.h(213)] A[1]:4 B[0]:0 matrix[1][0]:2
[31135:0918/154543:INFO:algorithm/graph/max_matching/max_matching.h(216)] slack[0]:2
[31135:0918/154543:INFO:algorithm/graph/max_matching/max_matching.h(213)] A[1]:4 B[1]:0 matrix[1][1]:2
[31135:0918/154543:INFO:algorithm/graph/max_matching/max_matching.h(216)] slack[1]:2
[31135:0918/154543:INFO:algorithm/graph/max_matching/max_matching.h(203)] usedy[2] set be 1
[31135:0918/154543:INFO:algorithm/graph/max_matching/max_matching.h(207)] link[2]:1
[31135:0918/154543:INFO:algorithm/graph/max_matching/max_matching.h(241)] i:2
[31135:0918/154543:INFO:algorithm/graph/max_matching/max_matching.h(248)] round :2
[31135:0918/154543:INFO:algorithm/graph/max_matching/max_matching.h(253)] link:0	-1	1
[31135:0918/154543:INFO:algorithm/graph/max_matching/max_matching.h(198)] usedx[2] set be 1
[31135:0918/154543:INFO:algorithm/graph/max_matching/max_matching.h(213)] A[2]:4 B[0]:0 matrix[2][0]:2
[31135:0918/154543:INFO:algorithm/graph/max_matching/max_matching.h(216)] slack[0]:2
[31135:0918/154543:INFO:algorithm/graph/max_matching/max_matching.h(203)] usedy[1] set be 1
[31135:0918/154543:INFO:algorithm/graph/max_matching/max_matching.h(207)] link[1]:2
[31135:0918/154543:INFO:algorithm/graph/max_matching/max_matching.cc(81)] 0	2	1
