This file contains any messages produced by compilers while
running configure, to aid debugging if configure makes a mistake.

It was created by expat configure 1.95.7, which was
generated by GNU Autoconf 2.69.  Invocation command line was

  $ /home/guoliqiang/git-coding/coding/third_part/apr_util/apr-util-1.5.3/xml/expat/configure --disable-option-checking --prefix=/home/guoliqiang/git-coding/coding/third_part/apr_util/ --with-apr=/home/guoliqiang/git-coding/coding/third_part/apr/ --cache-file=/dev/null --srcdir=/home/guoliqiang/git-coding/coding/third_part/apr_util/apr-util-1.5.3/xml/expat --prefix=/home/guoliqiang/git-coding/coding/third_part/apr_util/ --exec-prefix=/home/guoliqiang/git-coding/coding/third_part/apr_util/ --libdir=${prefix}/lib --includedir=/home/guoliqiang/git-coding/coding/third_part/apr_util//include/apr-1 --bindir=${prefix}/bin

## --------- ##
## Platform. ##
## --------- ##

hostname = ubuntu
uname -m = x86_64
uname -r = 2.6.32-21-generic
uname -s = Linux
uname -v = #32-Ubuntu SMP Fri Apr 16 08:09:38 UTC 2010

/usr/bin/uname -p = unknown
/bin/uname -X     = unknown

/bin/arch              = unknown
/usr/bin/arch -k       = unknown
/usr/convex/getsysinfo = unknown
/usr/bin/hostinfo      = unknown
/bin/machine           = unknown
/usr/bin/oslevel       = unknown
/bin/universe          = unknown

PATH: /usr/local/sbin
PATH: /usr/local/bin
PATH: /usr/sbin
PATH: /usr/bin
PATH: /sbin
PATH: /bin
PATH: /usr/games


## ----------- ##
## Core tests. ##
## ----------- ##

configure:3874: checking build system type
configure:3888: result: x86_64-unknown-linux-gnu
configure:3908: checking host system type
configure:3921: result: x86_64-unknown-linux-gnu
configure:3941: checking target system type
configure:3954: result: x86_64-unknown-linux-gnu
configure:4338: checking how to print strings
configure:4365: result: printf
configure:4434: checking for gcc
configure:4450: found /usr/bin/gcc
configure:4461: result: gcc
configure:4690: checking for C compiler version
configure:4699: gcc --version >&5
gcc (Ubuntu 4.4.3-4ubuntu5.1) 4.4.3
Copyright (C) 2009 Free Software Foundation, Inc.
This is free software; see the source for copying conditions.  There is NO
warranty; not even for MERCHANTABILITY or FITNESS FOR A PARTICULAR PURPOSE.

configure:4710: $? = 0
configure:4699: gcc -v >&5
Using built-in specs.
Target: x86_64-linux-gnu
Configured with: ../src/configure -v --with-pkgversion='Ubuntu 4.4.3-4ubuntu5.1' --with-bugurl=file:///usr/share/doc/gcc-4.4/README.Bugs --enable-languages=c,c++,fortran,objc,obj-c++ --prefix=/usr --enable-shared --enable-multiarch --enable-linker-build-id --with-system-zlib --libexecdir=/usr/lib --without-included-gettext --enable-threads=posix --with-gxx-include-dir=/usr/include/c++/4.4 --program-suffix=-4.4 --enable-nls --enable-clocale=gnu --enable-libstdcxx-debug --enable-plugin --enable-objc-gc --disable-werror --with-arch-32=i486 --with-tune=generic --enable-checking=release --build=x86_64-linux-gnu --host=x86_64-linux-gnu --target=x86_64-linux-gnu
Thread model: posix
gcc version 4.4.3 (Ubuntu 4.4.3-4ubuntu5.1) 
configure:4710: $? = 0
configure:4699: gcc -V >&5
gcc: '-V' option must have argument
configure:4710: $? = 1
configure:4699: gcc -qversion >&5
gcc: unrecognized option '-qversion'
gcc: no input files
configure:4710: $? = 1
configure:4730: checking whether the C compiler works
configure:4752: gcc    conftest.c  >&5
configure:4756: $? = 0
configure:4804: result: yes
configure:4807: checking for C compiler default output file name
configure:4809: result: a.out
configure:4815: checking for suffix of executables
configure:4822: gcc -o conftest    conftest.c  >&5
configure:4826: $? = 0
configure:4848: result: 
configure:4870: checking whether we are cross compiling
configure:4878: gcc -o conftest    conftest.c  >&5
configure:4882: $? = 0
configure:4889: ./conftest
configure:4893: $? = 0
configure:4908: result: no
configure:4913: checking for suffix of object files
configure:4935: gcc -c   conftest.c >&5
configure:4939: $? = 0
configure:4960: result: o
configure:4964: checking whether we are using the GNU C compiler
configure:4983: gcc -c   conftest.c >&5
configure:4983: $? = 0
configure:4992: result: yes
configure:5001: checking whether gcc accepts -g
configure:5021: gcc -c -g  conftest.c >&5
configure:5021: $? = 0
configure:5062: result: yes
configure:5079: checking for gcc option to accept ISO C89
configure:5142: gcc  -c -g -O2  conftest.c >&5
configure:5142: $? = 0
configure:5155: result: none needed
configure:5175: checking for a sed that does not truncate output
configure:5239: result: /bin/sed
configure:5257: checking for grep that handles long lines and -e
configure:5315: result: /bin/grep
configure:5320: checking for egrep
configure:5382: result: /bin/grep -E
configure:5387: checking for fgrep
configure:5449: result: /bin/grep -F
configure:5484: checking for ld used by gcc
configure:5551: result: /usr/bin/ld
configure:5558: checking if the linker (/usr/bin/ld) is GNU ld
configure:5573: result: yes
configure:5585: checking for BSD- or MS-compatible name lister (nm)
configure:5634: result: /usr/bin/nm -B
configure:5764: checking the name lister (/usr/bin/nm -B) interface
configure:5771: gcc -c -g -O2  conftest.c >&5
configure:5774: /usr/bin/nm -B "conftest.o"
configure:5777: output
0000000000000000 B some_variable
configure:5784: result: BSD nm
configure:5787: checking whether ln -s works
configure:5791: result: yes
configure:5799: checking the maximum length of command line arguments
configure:5929: result: 1572864
configure:5946: checking whether the shell understands some XSI constructs
configure:5956: result: yes
configure:5960: checking whether the shell understands "+="
configure:5966: result: yes
configure:6001: checking how to convert x86_64-unknown-linux-gnu file names to x86_64-unknown-linux-gnu format
configure:6041: result: func_convert_file_noop
configure:6048: checking how to convert x86_64-unknown-linux-gnu file names to toolchain format
configure:6068: result: func_convert_file_noop
configure:6075: checking for /usr/bin/ld option to reload object files
configure:6082: result: -r
configure:6156: checking for objdump
configure:6183: result: objdump
configure:6212: checking how to recognize dependent libraries
configure:6414: result: pass_all
configure:6499: checking for dlltool
configure:6526: result: dlltool
configure:6556: checking how to associate runtime and link libraries
configure:6583: result: printf %s\n
configure:6644: checking for ar
configure:6660: found /usr/bin/ar
configure:6671: result: ar
configure:6708: checking for archiver @FILE support
configure:6725: gcc -c -g -O2  conftest.c >&5
configure:6725: $? = 0
configure:6728: ar cru libconftest.a @conftest.lst >&5
configure:6731: $? = 0
configure:6736: ar cru libconftest.a @conftest.lst >&5
ar: conftest.o: No such file or directory
configure:6739: $? = 1
configure:6751: result: @
configure:6809: checking for strip
configure:6825: found /usr/bin/strip
configure:6836: result: strip
configure:6908: checking for ranlib
configure:6924: found /usr/bin/ranlib
configure:6935: result: ranlib
configure:7012: checking for gawk
configure:7028: found /usr/bin/gawk
configure:7039: result: gawk
configure:7079: checking command to parse /usr/bin/nm -B output from gcc object
configure:7199: gcc -c -g -O2  conftest.c >&5
configure:7202: $? = 0
configure:7206: /usr/bin/nm -B conftest.o \| sed -n -e 's/^.*[ ]\([ABCDGIRSTW][ABCDGIRSTW]*\)[ ][ ]*\([_A-Za-z][_A-Za-z0-9]*\)$/\1 \2 \2/p' | sed '/ __gnu_lto/d' \> conftest.nm
configure:7209: $? = 0
configure:7275: gcc -o conftest -g -O2   conftest.c conftstm.o >&5
configure:7278: $? = 0
configure:7316: result: ok
configure:7353: checking for sysroot
configure:7383: result: no
configure:7460: gcc -c -g -O2  conftest.c >&5
configure:7463: $? = 0
configure:7639: checking for mt
configure:7655: found /bin/mt
configure:7666: result: mt
configure:7689: checking if mt is a manifest tool
configure:7695: mt '-?'
mt: invalid option -- ?
configure:7703: result: no
configure:8345: checking how to run the C preprocessor
configure:8376: gcc -E  conftest.c
configure:8376: $? = 0
configure:8390: gcc -E  conftest.c
conftest.c:9:28: error: ac_nonexistent.h: No such file or directory
configure:8390: $? = 1
configure: failed program was:
| /* confdefs.h */
| #define PACKAGE_NAME "expat"
| #define PACKAGE_TARNAME "expat"
| #define PACKAGE_VERSION "1.95.7"
| #define PACKAGE_STRING "expat 1.95.7"
| #define PACKAGE_BUGREPORT "expat-bugs@mail.libexpat.org"
| #define PACKAGE_URL ""
| /* end confdefs.h.  */
| #include <ac_nonexistent.h>
configure:8415: result: gcc -E
configure:8435: gcc -E  conftest.c
configure:8435: $? = 0
configure:8449: gcc -E  conftest.c
conftest.c:9:28: error: ac_nonexistent.h: No such file or directory
configure:8449: $? = 1
configure: failed program was:
| /* confdefs.h */
| #define PACKAGE_NAME "expat"
| #define PACKAGE_TARNAME "expat"
| #define PACKAGE_VERSION "1.95.7"
| #define PACKAGE_STRING "expat 1.95.7"
| #define PACKAGE_BUGREPORT "expat-bugs@mail.libexpat.org"
| #define PACKAGE_URL ""
| /* end confdefs.h.  */
| #include <ac_nonexistent.h>
configure:8478: checking for ANSI C header files
configure:8498: gcc -c -g -O2  conftest.c >&5
configure:8498: $? = 0
configure:8571: gcc -o conftest -g -O2   conftest.c  >&5
configure:8571: $? = 0
configure:8571: ./conftest
configure:8571: $? = 0
configure:8582: result: yes
configure:8595: checking for sys/types.h
configure:8595: gcc -c -g -O2  conftest.c >&5
configure:8595: $? = 0
configure:8595: result: yes
configure:8595: checking for sys/stat.h
configure:8595: gcc -c -g -O2  conftest.c >&5
configure:8595: $? = 0
configure:8595: result: yes
configure:8595: checking for stdlib.h
configure:8595: gcc -c -g -O2  conftest.c >&5
configure:8595: $? = 0
configure:8595: result: yes
configure:8595: checking for string.h
configure:8595: gcc -c -g -O2  conftest.c >&5
configure:8595: $? = 0
configure:8595: result: yes
configure:8595: checking for memory.h
configure:8595: gcc -c -g -O2  conftest.c >&5
configure:8595: $? = 0
configure:8595: result: yes
configure:8595: checking for strings.h
configure:8595: gcc -c -g -O2  conftest.c >&5
configure:8595: $? = 0
configure:8595: result: yes
configure:8595: checking for inttypes.h
configure:8595: gcc -c -g -O2  conftest.c >&5
configure:8595: $? = 0
configure:8595: result: yes
configure:8595: checking for stdint.h
configure:8595: gcc -c -g -O2  conftest.c >&5
configure:8595: $? = 0
configure:8595: result: yes
configure:8595: checking for unistd.h
configure:8595: gcc -c -g -O2  conftest.c >&5
configure:8595: $? = 0
configure:8595: result: yes
configure:8609: checking for dlfcn.h
configure:8609: gcc -c -g -O2  conftest.c >&5
configure:8609: $? = 0
configure:8609: result: yes
configure:8813: checking for objdir
configure:8828: result: .libs
configure:9099: checking if gcc supports -fno-rtti -fno-exceptions
configure:9117: gcc -c -g -O2  -fno-rtti -fno-exceptions conftest.c >&5
cc1: warning: command line option "-fno-rtti" is valid for C++/ObjC++ but not for C
configure:9121: $? = 0
configure:9134: result: no
configure:9461: checking for gcc option to produce PIC
configure:9468: result: -fPIC -DPIC
configure:9476: checking if gcc PIC flag -fPIC -DPIC works
configure:9494: gcc -c -g -O2  -fPIC -DPIC -DPIC conftest.c >&5
configure:9498: $? = 0
configure:9511: result: yes
configure:9540: checking if gcc static flag -static works
configure:9568: result: yes
configure:9583: checking if gcc supports -c -o file.o
configure:9604: gcc -c -g -O2  -o out/conftest2.o conftest.c >&5
configure:9608: $? = 0
configure:9630: result: yes
configure:9638: checking if gcc supports -c -o file.o
configure:9685: result: yes
configure:9718: checking whether the gcc linker (/usr/bin/ld -m elf_x86_64) supports shared libraries
configure:10871: result: yes
configure:10908: checking whether -lc should be explicitly linked in
configure:10916: gcc -c -g -O2  conftest.c >&5
configure:10919: $? = 0
configure:10934: gcc -shared  -fPIC -DPIC conftest.o  -v -Wl,-soname -Wl,conftest -o conftest 2\>\&1 \| /bin/grep  -lc  \>/dev/null 2\>\&1
configure:10937: $? = 0
configure:10951: result: no
configure:11111: checking dynamic linker characteristics
configure:11622: gcc -o conftest -g -O2   -Wl,-rpath -Wl,/foo conftest.c  >&5
configure:11622: $? = 0
configure:11844: result: GNU/Linux ld.so
configure:11951: checking how to hardcode library paths into programs
configure:11976: result: immediate
configure:12516: checking whether stripping libraries is possible
configure:12521: result: yes
configure:12556: checking if libtool supports shared libraries
configure:12558: result: yes
configure:12561: checking whether to build shared libraries
configure:12582: result: yes
configure:12585: checking whether to build static libraries
configure:12589: result: yes
configure:12681: checking for gcc
configure:12708: result: gcc
configure:12937: checking for C compiler version
configure:12946: gcc --version >&5
gcc (Ubuntu 4.4.3-4ubuntu5.1) 4.4.3
Copyright (C) 2009 Free Software Foundation, Inc.
This is free software; see the source for copying conditions.  There is NO
warranty; not even for MERCHANTABILITY or FITNESS FOR A PARTICULAR PURPOSE.

configure:12957: $? = 0
configure:12946: gcc -v >&5
Using built-in specs.
Target: x86_64-linux-gnu
Configured with: ../src/configure -v --with-pkgversion='Ubuntu 4.4.3-4ubuntu5.1' --with-bugurl=file:///usr/share/doc/gcc-4.4/README.Bugs --enable-languages=c,c++,fortran,objc,obj-c++ --prefix=/usr --enable-shared --enable-multiarch --enable-linker-build-id --with-system-zlib --libexecdir=/usr/lib --without-included-gettext --enable-threads=posix --with-gxx-include-dir=/usr/include/c++/4.4 --program-suffix=-4.4 --enable-nls --enable-clocale=gnu --enable-libstdcxx-debug --enable-plugin --enable-objc-gc --disable-werror --with-arch-32=i486 --with-tune=generic --enable-checking=release --build=x86_64-linux-gnu --host=x86_64-linux-gnu --target=x86_64-linux-gnu
Thread model: posix
gcc version 4.4.3 (Ubuntu 4.4.3-4ubuntu5.1) 
configure:12957: $? = 0
configure:12946: gcc -V >&5
gcc: '-V' option must have argument
configure:12957: $? = 1
configure:12946: gcc -qversion >&5
gcc: unrecognized option '-qversion'
gcc: no input files
configure:12957: $? = 1
configure:12961: checking whether we are using the GNU C compiler
configure:12989: result: yes
configure:12998: checking whether gcc accepts -g
configure:13059: result: yes
configure:13076: checking for gcc option to accept ISO C89
configure:13152: result: none needed
configure:13186: checking for a BSD-compatible install
configure:13254: result: /usr/bin/install -c
configure:13266: checking for ANSI C header files
configure:13370: result: yes
configure:13380: checking whether byte ordering is bigendian
configure:13395: gcc -c -g -O2  conftest.c >&5
conftest.c:23: error: expected '=', ',', ';', 'asm' or '__attribute__' before 'a'
configure:13395: $? = 1
configure: failed program was:
| /* confdefs.h */
| #define PACKAGE_NAME "expat"
| #define PACKAGE_TARNAME "expat"
| #define PACKAGE_VERSION "1.95.7"
| #define PACKAGE_STRING "expat 1.95.7"
| #define PACKAGE_BUGREPORT "expat-bugs@mail.libexpat.org"
| #define PACKAGE_URL ""
| #define STDC_HEADERS 1
| #define HAVE_SYS_TYPES_H 1
| #define HAVE_SYS_STAT_H 1
| #define HAVE_STDLIB_H 1
| #define HAVE_STRING_H 1
| #define HAVE_MEMORY_H 1
| #define HAVE_STRINGS_H 1
| #define HAVE_INTTYPES_H 1
| #define HAVE_STDINT_H 1
| #define HAVE_UNISTD_H 1
| #define HAVE_DLFCN_H 1
| #define LT_OBJDIR ".libs/"
| #define STDC_HEADERS 1
| /* end confdefs.h.  */
| #ifndef __APPLE_CC__
| 	       not a universal capable compiler
| 	     #endif
| 	     typedef int dummy;
| 
configure:13440: gcc -c -g -O2  conftest.c >&5
configure:13440: $? = 0
configure:13458: gcc -c -g -O2  conftest.c >&5
conftest.c: In function 'main':
conftest.c:29: error: 'not' undeclared (first use in this function)
conftest.c:29: error: (Each undeclared identifier is reported only once
conftest.c:29: error: for each function it appears in.)
conftest.c:29: error: expected ';' before 'big'
configure:13458: $? = 1
configure: failed program was:
| /* confdefs.h */
| #define PACKAGE_NAME "expat"
| #define PACKAGE_TARNAME "expat"
| #define PACKAGE_VERSION "1.95.7"
| #define PACKAGE_STRING "expat 1.95.7"
| #define PACKAGE_BUGREPORT "expat-bugs@mail.libexpat.org"
| #define PACKAGE_URL ""
| #define STDC_HEADERS 1
| #define HAVE_SYS_TYPES_H 1
| #define HAVE_SYS_STAT_H 1
| #define HAVE_STDLIB_H 1
| #define HAVE_STRING_H 1
| #define HAVE_MEMORY_H 1
| #define HAVE_STRINGS_H 1
| #define HAVE_INTTYPES_H 1
| #define HAVE_STDINT_H 1
| #define HAVE_UNISTD_H 1
| #define HAVE_DLFCN_H 1
| #define LT_OBJDIR ".libs/"
| #define STDC_HEADERS 1
| /* end confdefs.h.  */
| #include <sys/types.h>
| 		#include <sys/param.h>
| 
| int
| main ()
| {
| #if BYTE_ORDER != BIG_ENDIAN
| 		 not big endian
| 		#endif
| 
|   ;
|   return 0;
| }
configure:13586: result: no
configure:13609: checking for an ANSI C-conforming const
configure:13675: gcc -c -g -O2  conftest.c >&5
configure:13675: $? = 0
configure:13682: result: yes
configure:13690: checking for size_t
configure:13690: gcc -c -g -O2  conftest.c >&5
configure:13690: $? = 0
configure:13690: gcc -c -g -O2  conftest.c >&5
conftest.c: In function 'main':
conftest.c:58: error: expected expression before ')' token
configure:13690: $? = 1
configure: failed program was:
| /* confdefs.h */
| #define PACKAGE_NAME "expat"
| #define PACKAGE_TARNAME "expat"
| #define PACKAGE_VERSION "1.95.7"
| #define PACKAGE_STRING "expat 1.95.7"
| #define PACKAGE_BUGREPORT "expat-bugs@mail.libexpat.org"
| #define PACKAGE_URL ""
| #define STDC_HEADERS 1
| #define HAVE_SYS_TYPES_H 1
| #define HAVE_SYS_STAT_H 1
| #define HAVE_STDLIB_H 1
| #define HAVE_STRING_H 1
| #define HAVE_MEMORY_H 1
| #define HAVE_STRINGS_H 1
| #define HAVE_INTTYPES_H 1
| #define HAVE_STDINT_H 1
| #define HAVE_UNISTD_H 1
| #define HAVE_DLFCN_H 1
| #define LT_OBJDIR ".libs/"
| #define STDC_HEADERS 1
| /* end confdefs.h.  */
| #include <stdio.h>
| #ifdef HAVE_SYS_TYPES_H
| # include <sys/types.h>
| #endif
| #ifdef HAVE_SYS_STAT_H
| # include <sys/stat.h>
| #endif
| #ifdef STDC_HEADERS
| # include <stdlib.h>
| # include <stddef.h>
| #else
| # ifdef HAVE_STDLIB_H
| #  include <stdlib.h>
| # endif
| #endif
| #ifdef HAVE_STRING_H
| # if !defined STDC_HEADERS && defined HAVE_MEMORY_H
| #  include <memory.h>
| # endif
| # include <string.h>
| #endif
| #ifdef HAVE_STRINGS_H
| # include <strings.h>
| #endif
| #ifdef HAVE_INTTYPES_H
| # include <inttypes.h>
| #endif
| #ifdef HAVE_STDINT_H
| # include <stdint.h>
| #endif
| #ifdef HAVE_UNISTD_H
| # include <unistd.h>
| #endif
| int
| main ()
| {
| if (sizeof ((size_t)))
| 	    return 0;
|   ;
|   return 0;
| }
configure:13690: result: yes
configure:13704: checking for memmove
configure:13704: gcc -o conftest -g -O2   conftest.c  >&5
conftest.c:45: warning: conflicting types for built-in function 'memmove'
configure:13704: $? = 0
configure:13704: result: yes
configure:13704: checking for bcopy
configure:13704: gcc -o conftest -g -O2   conftest.c  >&5
conftest.c:46: warning: conflicting types for built-in function 'bcopy'
configure:13704: $? = 0
configure:13704: result: yes
configure:13716: checking check.h usability
configure:13716: gcc -c -g -O2  conftest.c >&5
conftest.c:57:19: error: check.h: No such file or directory
configure:13716: $? = 1
configure: failed program was:
| /* confdefs.h */
| #define PACKAGE_NAME "expat"
| #define PACKAGE_TARNAME "expat"
| #define PACKAGE_VERSION "1.95.7"
| #define PACKAGE_STRING "expat 1.95.7"
| #define PACKAGE_BUGREPORT "expat-bugs@mail.libexpat.org"
| #define PACKAGE_URL ""
| #define STDC_HEADERS 1
| #define HAVE_SYS_TYPES_H 1
| #define HAVE_SYS_STAT_H 1
| #define HAVE_STDLIB_H 1
| #define HAVE_STRING_H 1
| #define HAVE_MEMORY_H 1
| #define HAVE_STRINGS_H 1
| #define HAVE_INTTYPES_H 1
| #define HAVE_STDINT_H 1
| #define HAVE_UNISTD_H 1
| #define HAVE_DLFCN_H 1
| #define LT_OBJDIR ".libs/"
| #define STDC_HEADERS 1
| #define HAVE_MEMMOVE 1
| #define HAVE_BCOPY 1
| /* end confdefs.h.  */
| #include <stdio.h>
| #ifdef HAVE_SYS_TYPES_H
| # include <sys/types.h>
| #endif
| #ifdef HAVE_SYS_STAT_H
| # include <sys/stat.h>
| #endif
| #ifdef STDC_HEADERS
| # include <stdlib.h>
| # include <stddef.h>
| #else
| # ifdef HAVE_STDLIB_H
| #  include <stdlib.h>
| # endif
| #endif
| #ifdef HAVE_STRING_H
| # if !defined STDC_HEADERS && defined HAVE_MEMORY_H
| #  include <memory.h>
| # endif
| # include <string.h>
| #endif
| #ifdef HAVE_STRINGS_H
| # include <strings.h>
| #endif
| #ifdef HAVE_INTTYPES_H
| # include <inttypes.h>
| #endif
| #ifdef HAVE_STDINT_H
| # include <stdint.h>
| #endif
| #ifdef HAVE_UNISTD_H
| # include <unistd.h>
| #endif
| #include <check.h>
configure:13716: result: no
configure:13716: checking check.h presence
configure:13716: gcc -E  conftest.c
conftest.c:24:19: error: check.h: No such file or directory
configure:13716: $? = 1
configure: failed program was:
| /* confdefs.h */
| #define PACKAGE_NAME "expat"
| #define PACKAGE_TARNAME "expat"
| #define PACKAGE_VERSION "1.95.7"
| #define PACKAGE_STRING "expat 1.95.7"
| #define PACKAGE_BUGREPORT "expat-bugs@mail.libexpat.org"
| #define PACKAGE_URL ""
| #define STDC_HEADERS 1
| #define HAVE_SYS_TYPES_H 1
| #define HAVE_SYS_STAT_H 1
| #define HAVE_STDLIB_H 1
| #define HAVE_STRING_H 1
| #define HAVE_MEMORY_H 1
| #define HAVE_STRINGS_H 1
| #define HAVE_INTTYPES_H 1
| #define HAVE_STDINT_H 1
| #define HAVE_UNISTD_H 1
| #define HAVE_DLFCN_H 1
| #define LT_OBJDIR ".libs/"
| #define STDC_HEADERS 1
| #define HAVE_MEMMOVE 1
| #define HAVE_BCOPY 1
| /* end confdefs.h.  */
| #include <check.h>
configure:13716: result: no
configure:13716: checking for check.h
configure:13716: result: no
configure:13854: creating ./config.status

## ---------------------- ##
## Running config.status. ##
## ---------------------- ##

This file was extended by expat config.status 1.95.7, which was
generated by GNU Autoconf 2.69.  Invocation command line was

  CONFIG_FILES    = 
  CONFIG_HEADERS  = 
  CONFIG_LINKS    = 
  CONFIG_COMMANDS = 
  $ ./config.status 

on ubuntu

config.status:1056: creating Makefile
config.status:1056: creating expat_config.h
config.status:1245: executing libtool commands

## ---------------- ##
## Cache variables. ##
## ---------------- ##

ac_cv_build=x86_64-unknown-linux-gnu
ac_cv_c_bigendian=no
ac_cv_c_compiler_gnu=yes
ac_cv_c_const=yes
ac_cv_env_CC_set=
ac_cv_env_CC_value=
ac_cv_env_CFLAGS_set=
ac_cv_env_CFLAGS_value=
ac_cv_env_CPPFLAGS_set=
ac_cv_env_CPPFLAGS_value=
ac_cv_env_CPP_set=
ac_cv_env_CPP_value=
ac_cv_env_LDFLAGS_set=
ac_cv_env_LDFLAGS_value=
ac_cv_env_LIBS_set=
ac_cv_env_LIBS_value=
ac_cv_env_build_alias_set=
ac_cv_env_build_alias_value=
ac_cv_env_host_alias_set=
ac_cv_env_host_alias_value=
ac_cv_env_target_alias_set=
ac_cv_env_target_alias_value=
ac_cv_func_bcopy=yes
ac_cv_func_memmove=yes
ac_cv_header_check_h=no
ac_cv_header_dlfcn_h=yes
ac_cv_header_inttypes_h=yes
ac_cv_header_memory_h=yes
ac_cv_header_stdc=yes
ac_cv_header_stdint_h=yes
ac_cv_header_stdlib_h=yes
ac_cv_header_string_h=yes
ac_cv_header_strings_h=yes
ac_cv_header_sys_stat_h=yes
ac_cv_header_sys_types_h=yes
ac_cv_header_unistd_h=yes
ac_cv_host=x86_64-unknown-linux-gnu
ac_cv_objext=o
ac_cv_path_EGREP='/bin/grep -E'
ac_cv_path_FGREP='/bin/grep -F'
ac_cv_path_GREP=/bin/grep
ac_cv_path_SED=/bin/sed
ac_cv_path_install='/usr/bin/install -c'
ac_cv_prog_AWK=gawk
ac_cv_prog_CPP='gcc -E'
ac_cv_prog_ac_ct_AR=ar
ac_cv_prog_ac_ct_CC=gcc
ac_cv_prog_ac_ct_DLLTOOL=dlltool
ac_cv_prog_ac_ct_MANIFEST_TOOL=mt
ac_cv_prog_ac_ct_OBJDUMP=objdump
ac_cv_prog_ac_ct_RANLIB=ranlib
ac_cv_prog_ac_ct_STRIP=strip
ac_cv_prog_cc_c89=
ac_cv_prog_cc_g=yes
ac_cv_target=x86_64-unknown-linux-gnu
ac_cv_type_size_t=yes
lt_cv_ar_at_file=@
lt_cv_archive_cmds_need_lc=no
lt_cv_deplibs_check_method=pass_all
lt_cv_file_magic_cmd='$MAGIC_CMD'
lt_cv_file_magic_test_file=
lt_cv_ld_reload_flag=-r
lt_cv_nm_interface='BSD nm'
lt_cv_objdir=.libs
lt_cv_path_LD=/usr/bin/ld
lt_cv_path_NM='/usr/bin/nm -B'
lt_cv_path_mainfest_tool=no
lt_cv_prog_compiler_c_o=yes
lt_cv_prog_compiler_pic='-fPIC -DPIC'
lt_cv_prog_compiler_pic_works=yes
lt_cv_prog_compiler_rtti_exceptions=no
lt_cv_prog_compiler_static_works=yes
lt_cv_prog_gnu_ld=yes
lt_cv_sharedlib_from_linklib_cmd='printf %s\n'
lt_cv_shlibpath_overrides_runpath=no
lt_cv_sys_global_symbol_pipe='sed -n -e '\''s/^.*[	 ]\([ABCDGIRSTW][ABCDGIRSTW]*\)[	 ][	 ]*\([_A-Za-z][_A-Za-z0-9]*\)$/\1 \2 \2/p'\'' | sed '\''/ __gnu_lto/d'\'''
lt_cv_sys_global_symbol_to_c_name_address='sed -n -e '\''s/^: \([^ ]*\)[ ]*$/  {\"\1\", (void *) 0},/p'\'' -e '\''s/^[ABCDGIRSTW]* \([^ ]*\) \([^ ]*\)$/  {"\2", (void *) \&\2},/p'\'''
lt_cv_sys_global_symbol_to_c_name_address_lib_prefix='sed -n -e '\''s/^: \([^ ]*\)[ ]*$/  {\"\1\", (void *) 0},/p'\'' -e '\''s/^[ABCDGIRSTW]* \([^ ]*\) \(lib[^ ]*\)$/  {"\2", (void *) \&\2},/p'\'' -e '\''s/^[ABCDGIRSTW]* \([^ ]*\) \([^ ]*\)$/  {"lib\2", (void *) \&\2},/p'\'''
lt_cv_sys_global_symbol_to_cdecl='sed -n -e '\''s/^T .* \(.*\)$/extern int \1();/p'\'' -e '\''s/^[ABCDGIRSTW]* .* \(.*\)$/extern char \1;/p'\'''
lt_cv_sys_max_cmd_len=1572864
lt_cv_to_host_file_cmd=func_convert_file_noop
lt_cv_to_tool_file_cmd=func_convert_file_noop

## ----------------- ##
## Output variables. ##
## ----------------- ##

AR='ar'
AS='as'
AWK='gawk'
CC='gcc'
CFLAGS='-g -O2'
CPP='gcc -E'
CPPFLAGS=''
DEFS='-DHAVE_CONFIG_H'
DLLTOOL='dlltool'
DSYMUTIL=''
DUMPBIN=''
ECHO_C=''
ECHO_N='-n'
ECHO_T=''
EGREP='/bin/grep -E'
EXEEXT=''
FGREP='/bin/grep -F'
GREP='/bin/grep'
INSTALL_DATA='${INSTALL} -m 644'
INSTALL_PROGRAM='${INSTALL}'
INSTALL_SCRIPT='${INSTALL}'
LD='/usr/bin/ld -m elf_x86_64'
LDFLAGS=''
LIBAGE='5'
LIBCURRENT='5'
LIBOBJS=''
LIBREVISION='0'
LIBS=''
LIBTOOL='$(SHELL) $(top_builddir)/libtool'
LIPO=''
LN_S='ln -s'
LTLIBOBJS=''
MANIFEST_TOOL=':'
NM='/usr/bin/nm -B'
NMEDIT=''
OBJDUMP='objdump'
OBJEXT='o'
OTOOL64=''
OTOOL=''
PACKAGE_BUGREPORT='expat-bugs@mail.libexpat.org'
PACKAGE_NAME='expat'
PACKAGE_STRING='expat 1.95.7'
PACKAGE_TARNAME='expat'
PACKAGE_URL=''
PACKAGE_VERSION='1.95.7'
PATH_SEPARATOR=':'
RANLIB='ranlib'
SED='/bin/sed'
SHELL='/bin/bash'
STRIP='strip'
ac_ct_AR='ar'
ac_ct_CC='gcc'
ac_ct_DUMPBIN=''
bindir='${prefix}/bin'
build='x86_64-unknown-linux-gnu'
build_alias=''
build_cpu='x86_64'
build_os='linux-gnu'
build_vendor='unknown'
datadir='${datarootdir}'
datarootdir='${prefix}/share'
docdir='${datarootdir}/doc/${PACKAGE_TARNAME}'
dvidir='${docdir}'
exec_prefix='/home/guoliqiang/git-coding/coding/third_part/apr_util'
host='x86_64-unknown-linux-gnu'
host_alias=''
host_cpu='x86_64'
host_os='linux-gnu'
host_vendor='unknown'
htmldir='${docdir}'
includedir='/home/guoliqiang/git-coding/coding/third_part/apr_util//include/apr-1'
infodir='${datarootdir}/info'
libdir='${prefix}/lib'
libexecdir='${exec_prefix}/libexec'
localedir='${datarootdir}/locale'
localstatedir='${prefix}/var'
mandir='${datarootdir}/man'
oldincludedir='/usr/include'
pdfdir='${docdir}'
prefix='/home/guoliqiang/git-coding/coding/third_part/apr_util'
program_transform_name='s,x,x,'
psdir='${docdir}'
sbindir='${exec_prefix}/sbin'
sharedstatedir='${prefix}/com'
sysconfdir='${prefix}/etc'
target='x86_64-unknown-linux-gnu'
target_alias=''
target_cpu='x86_64'
target_os='linux-gnu'
target_vendor='unknown'

## ----------- ##
## confdefs.h. ##
## ----------- ##

/* confdefs.h */
#define PACKAGE_NAME "expat"
#define PACKAGE_TARNAME "expat"
#define PACKAGE_VERSION "1.95.7"
#define PACKAGE_STRING "expat 1.95.7"
#define PACKAGE_BUGREPORT "expat-bugs@mail.libexpat.org"
#define PACKAGE_URL ""
#define STDC_HEADERS 1
#define HAVE_SYS_TYPES_H 1
#define HAVE_SYS_STAT_H 1
#define HAVE_STDLIB_H 1
#define HAVE_STRING_H 1
#define HAVE_MEMORY_H 1
#define HAVE_STRINGS_H 1
#define HAVE_INTTYPES_H 1
#define HAVE_STDINT_H 1
#define HAVE_UNISTD_H 1
#define HAVE_DLFCN_H 1
#define LT_OBJDIR ".libs/"
#define STDC_HEADERS 1
#define HAVE_MEMMOVE 1
#define HAVE_BCOPY 1
#define XML_NS 1
#define XML_DTD 1
#define XML_CONTEXT_BYTES 1024

configure: exit 0
