This file contains any messages produced by compilers while
running configure, to aid debugging if configure makes a mistake.

It was created by memcached configure 1.4.17, which was
generated by GNU Autoconf 2.65.  Invocation command line was

  $ ./configure --prefix=/home/guoliqiang/icoding/coding/third_part/memcache/ --with-libevent=/home/guoliqiang/icoding/coding/third_part/libevent/

## --------- ##
## Platform. ##
## --------- ##

hostname = ubuntu
uname -m = x86_64
uname -r = 2.6.32-21-generic
uname -s = Linux
uname -v = #32-Ubuntu SMP Fri Apr 16 08:09:38 UTC 2010

/usr/bin/uname -p = unknown
/bin/uname -X     = unknown

/bin/arch              = unknown
/usr/bin/arch -k       = unknown
/usr/convex/getsysinfo = unknown
/usr/bin/hostinfo      = unknown
/bin/machine           = unknown
/usr/bin/oslevel       = unknown
/bin/universe          = unknown

PATH: /usr/local/sbin
PATH: /usr/local/bin
PATH: /usr/sbin
PATH: /usr/bin
PATH: /sbin
PATH: /bin
PATH: /usr/games


## ----------- ##
## Core tests. ##
## ----------- ##

configure:2282: checking build system type
configure:2296: result: x86_64-unknown-linux-gnu
configure:2316: checking host system type
configure:2329: result: x86_64-unknown-linux-gnu
configure:2349: checking target system type
configure:2362: result: x86_64-unknown-linux-gnu
configure:2406: checking for a BSD-compatible install
configure:2474: result: /usr/bin/install -c
configure:2485: checking whether build environment is sane
configure:2535: result: yes
configure:2676: checking for a thread-safe mkdir -p
configure:2715: result: /bin/mkdir -p
configure:2728: checking for gawk
configure:2744: found /usr/bin/gawk
configure:2755: result: gawk
configure:2766: checking whether make sets $(MAKE)
configure:2788: result: yes
configure:2919: checking for gcc
configure:2935: found /usr/bin/gcc
configure:2946: result: gcc
configure:3175: checking for C compiler version
configure:3184: gcc --version >&5
gcc (Ubuntu 4.4.3-4ubuntu5.1) 4.4.3
Copyright (C) 2009 Free Software Foundation, Inc.
This is free software; see the source for copying conditions.  There is NO
warranty; not even for MERCHANTABILITY or FITNESS FOR A PARTICULAR PURPOSE.

configure:3195: $? = 0
configure:3184: gcc -v >&5
Using built-in specs.
Target: x86_64-linux-gnu
Configured with: ../src/configure -v --with-pkgversion='Ubuntu 4.4.3-4ubuntu5.1' --with-bugurl=file:///usr/share/doc/gcc-4.4/README.Bugs --enable-languages=c,c++,fortran,objc,obj-c++ --prefix=/usr --enable-shared --enable-multiarch --enable-linker-build-id --with-system-zlib --libexecdir=/usr/lib --without-included-gettext --enable-threads=posix --with-gxx-include-dir=/usr/include/c++/4.4 --program-suffix=-4.4 --enable-nls --enable-clocale=gnu --enable-libstdcxx-debug --enable-plugin --enable-objc-gc --disable-werror --with-arch-32=i486 --with-tune=generic --enable-checking=release --build=x86_64-linux-gnu --host=x86_64-linux-gnu --target=x86_64-linux-gnu
Thread model: posix
gcc version 4.4.3 (Ubuntu 4.4.3-4ubuntu5.1) 
configure:3195: $? = 0
configure:3184: gcc -V >&5
gcc: '-V' option must have argument
configure:3195: $? = 1
configure:3184: gcc -qversion >&5
gcc: unrecognized option '-qversion'
gcc: no input files
configure:3195: $? = 1
configure:3215: checking whether the C compiler works
configure:3237: gcc    conftest.c  >&5
configure:3241: $? = 0
configure:3290: result: yes
configure:3293: checking for C compiler default output file name
configure:3295: result: a.out
configure:3301: checking for suffix of executables
configure:3308: gcc -o conftest    conftest.c  >&5
configure:3312: $? = 0
configure:3334: result: 
configure:3356: checking whether we are cross compiling
configure:3364: gcc -o conftest    conftest.c  >&5
configure:3368: $? = 0
configure:3375: ./conftest
configure:3379: $? = 0
configure:3394: result: no
configure:3399: checking for suffix of object files
configure:3421: gcc -c   conftest.c >&5
configure:3425: $? = 0
configure:3446: result: o
configure:3450: checking whether we are using the GNU C compiler
configure:3469: gcc -c   conftest.c >&5
configure:3469: $? = 0
configure:3478: result: yes
configure:3487: checking whether gcc accepts -g
configure:3507: gcc -c -g  conftest.c >&5
configure:3507: $? = 0
configure:3548: result: yes
configure:3565: checking for gcc option to accept ISO C89
configure:3629: gcc  -c -g -O2  conftest.c >&5
configure:3629: $? = 0
configure:3642: result: none needed
configure:3673: checking for style of include used by make
configure:3701: result: GNU
configure:3726: checking dependency style of gcc
configure:3836: result: gcc3
configure:3860: checking how to run the C preprocessor
configure:3891: gcc -E  conftest.c
configure:3891: $? = 0
configure:3905: gcc -E  conftest.c
conftest.c:11:28: error: ac_nonexistent.h: No such file or directory
configure:3905: $? = 1
configure: failed program was:
| /* confdefs.h */
| #define PACKAGE_NAME "memcached"
| #define PACKAGE_TARNAME "memcached"
| #define PACKAGE_VERSION "1.4.17"
| #define PACKAGE_STRING "memcached 1.4.17"
| #define PACKAGE_BUGREPORT "memcached@googlegroups.com"
| #define PACKAGE_URL ""
| #define PACKAGE "memcached"
| #define VERSION "1.4.17"
| /* end confdefs.h.  */
| #include <ac_nonexistent.h>
configure:3930: result: gcc -E
configure:3950: gcc -E  conftest.c
configure:3950: $? = 0
configure:3964: gcc -E  conftest.c
conftest.c:11:28: error: ac_nonexistent.h: No such file or directory
configure:3964: $? = 1
configure: failed program was:
| /* confdefs.h */
| #define PACKAGE_NAME "memcached"
| #define PACKAGE_TARNAME "memcached"
| #define PACKAGE_VERSION "1.4.17"
| #define PACKAGE_STRING "memcached 1.4.17"
| #define PACKAGE_BUGREPORT "memcached@googlegroups.com"
| #define PACKAGE_URL ""
| #define PACKAGE "memcached"
| #define VERSION "1.4.17"
| /* end confdefs.h.  */
| #include <ac_nonexistent.h>
configure:3993: checking for grep that handles long lines and -e
configure:4051: result: /bin/grep
configure:4056: checking for egrep
configure:4118: result: /bin/grep -E
configure:4125: checking for icc in use
configure:4134: result: no
configure:4154: checking for clang in use
configure:4171: gcc -c -g -O2  conftest.c >&5
conftest.c: In function 'main':
conftest.c:17: error: 'not' undeclared (first use in this function)
conftest.c:17: error: (Each undeclared identifier is reported only once
conftest.c:17: error: for each function it appears in.)
conftest.c:17: error: expected ';' before 'clang'
configure:4171: $? = 1
configure: failed program was:
| /* confdefs.h */
| #define PACKAGE_NAME "memcached"
| #define PACKAGE_TARNAME "memcached"
| #define PACKAGE_VERSION "1.4.17"
| #define PACKAGE_STRING "memcached 1.4.17"
| #define PACKAGE_BUGREPORT "memcached@googlegroups.com"
| #define PACKAGE_URL ""
| #define PACKAGE "memcached"
| #define VERSION "1.4.17"
| /* end confdefs.h.  */
| 
| int
| main ()
| {
| 
|     #ifndef __clang__
|            not clang
|     #endif
| 
|   ;
|   return 0;
| }
configure:4177: result: no
configure:4186: checking for ANSI C header files
configure:4206: gcc -c -g -O2  conftest.c >&5
configure:4206: $? = 0
configure:4279: gcc -o conftest -g -O2   conftest.c  >&5
configure:4279: $? = 0
configure:4279: ./conftest
configure:4279: $? = 0
configure:4290: result: yes
configure:4303: checking for sys/types.h
configure:4303: gcc -c -g -O2  conftest.c >&5
configure:4303: $? = 0
configure:4303: result: yes
configure:4303: checking for sys/stat.h
configure:4303: gcc -c -g -O2  conftest.c >&5
configure:4303: $? = 0
configure:4303: result: yes
configure:4303: checking for stdlib.h
configure:4303: gcc -c -g -O2  conftest.c >&5
configure:4303: $? = 0
configure:4303: result: yes
configure:4303: checking for string.h
configure:4303: gcc -c -g -O2  conftest.c >&5
configure:4303: $? = 0
configure:4303: result: yes
configure:4303: checking for memory.h
configure:4303: gcc -c -g -O2  conftest.c >&5
configure:4303: $? = 0
configure:4303: result: yes
configure:4303: checking for strings.h
configure:4303: gcc -c -g -O2  conftest.c >&5
configure:4303: $? = 0
configure:4303: result: yes
configure:4303: checking for inttypes.h
configure:4303: gcc -c -g -O2  conftest.c >&5
configure:4303: $? = 0
configure:4303: result: yes
configure:4303: checking for stdint.h
configure:4303: gcc -c -g -O2  conftest.c >&5
configure:4303: $? = 0
configure:4303: result: yes
configure:4303: checking for unistd.h
configure:4303: gcc -c -g -O2  conftest.c >&5
configure:4303: $? = 0
configure:4303: result: yes
configure:4317: checking whether __SUNPRO_C is declared
configure:4317: gcc -c -g -O2  conftest.c >&5
conftest.c: In function 'main':
conftest.c:58: error: '__SUNPRO_C' undeclared (first use in this function)
conftest.c:58: error: (Each undeclared identifier is reported only once
conftest.c:58: error: for each function it appears in.)
configure:4317: $? = 1
configure: failed program was:
| /* confdefs.h */
| #define PACKAGE_NAME "memcached"
| #define PACKAGE_TARNAME "memcached"
| #define PACKAGE_VERSION "1.4.17"
| #define PACKAGE_STRING "memcached 1.4.17"
| #define PACKAGE_BUGREPORT "memcached@googlegroups.com"
| #define PACKAGE_URL ""
| #define PACKAGE "memcached"
| #define VERSION "1.4.17"
| #define STDC_HEADERS 1
| #define HAVE_SYS_TYPES_H 1
| #define HAVE_SYS_STAT_H 1
| #define HAVE_STDLIB_H 1
| #define HAVE_STRING_H 1
| #define HAVE_MEMORY_H 1
| #define HAVE_STRINGS_H 1
| #define HAVE_INTTYPES_H 1
| #define HAVE_STDINT_H 1
| #define HAVE_UNISTD_H 1
| /* end confdefs.h.  */
| #include <stdio.h>
| #ifdef HAVE_SYS_TYPES_H
| # include <sys/types.h>
| #endif
| #ifdef HAVE_SYS_STAT_H
| # include <sys/stat.h>
| #endif
| #ifdef STDC_HEADERS
| # include <stdlib.h>
| # include <stddef.h>
| #else
| # ifdef HAVE_STDLIB_H
| #  include <stdlib.h>
| # endif
| #endif
| #ifdef HAVE_STRING_H
| # if !defined STDC_HEADERS && defined HAVE_MEMORY_H
| #  include <memory.h>
| # endif
| # include <string.h>
| #endif
| #ifdef HAVE_STRINGS_H
| # include <strings.h>
| #endif
| #ifdef HAVE_INTTYPES_H
| # include <inttypes.h>
| #endif
| #ifdef HAVE_STDINT_H
| # include <stdint.h>
| #endif
| #ifdef HAVE_UNISTD_H
| # include <unistd.h>
| #endif
| int
| main ()
| {
| #ifndef __SUNPRO_C
|   (void) __SUNPRO_C;
| #endif
| 
|   ;
|   return 0;
| }
configure:4317: result: no
configure:4338: checking for gcc option to accept ISO C99
configure:4487: gcc  -c -g -O2 -pthread  conftest.c >&5
conftest.c:71: error: expected ';', ',' or ')' before 'text'
conftest.c: In function 'main':
conftest.c:125: error: expected '=', ',', ';', 'asm' or '__attribute__' before 'newvar'
conftest.c:125: error: 'newvar' undeclared (first use in this function)
conftest.c:125: error: (Each undeclared identifier is reported only once
conftest.c:125: error: for each function it appears in.)
conftest.c:135: error: 'for' loop initial declarations are only allowed in C99 mode
conftest.c:135: note: use option -std=c99 or -std=gnu99 to compile your code
configure:4487: $? = 1
configure: failed program was:
| /* confdefs.h */
| #define PACKAGE_NAME "memcached"
| #define PACKAGE_TARNAME "memcached"
| #define PACKAGE_VERSION "1.4.17"
| #define PACKAGE_STRING "memcached 1.4.17"
| #define PACKAGE_BUGREPORT "memcached@googlegroups.com"
| #define PACKAGE_URL ""
| #define PACKAGE "memcached"
| #define VERSION "1.4.17"
| #define STDC_HEADERS 1
| #define HAVE_SYS_TYPES_H 1
| #define HAVE_SYS_STAT_H 1
| #define HAVE_STDLIB_H 1
| #define HAVE_STRING_H 1
| #define HAVE_MEMORY_H 1
| #define HAVE_STRINGS_H 1
| #define HAVE_INTTYPES_H 1
| #define HAVE_STDINT_H 1
| #define HAVE_UNISTD_H 1
| /* end confdefs.h.  */
| #include <stdarg.h>
| #include <stdbool.h>
| #include <stdlib.h>
| #include <wchar.h>
| #include <stdio.h>
| 
| // Check varargs macros.  These examples are taken from C99 6.10.3.5.
| #define debug(...) fprintf (stderr, __VA_ARGS__)
| #define showlist(...) puts (#__VA_ARGS__)
| #define report(test,...) ((test) ? puts (#test) : printf (__VA_ARGS__))
| static void
| test_varargs_macros (void)
| {
|   int x = 1234;
|   int y = 5678;
|   debug ("Flag");
|   debug ("X = %d\n", x);
|   showlist (The first, second, and third items.);
|   report (x>y, "x is %d but y is %d", x, y);
| }
| 
| // Check long long types.
| #define BIG64 18446744073709551615ull
| #define BIG32 4294967295ul
| #define BIG_OK (BIG64 / BIG32 == 4294967297ull && BIG64 % BIG32 == 0)
| #if !BIG_OK
|   your preprocessor is broken;
| #endif
| #if BIG_OK
| #else
|   your preprocessor is broken;
| #endif
| static long long int bignum = -9223372036854775807LL;
| static unsigned long long int ubignum = BIG64;
| 
| struct incomplete_array
| {
|   int datasize;
|   double data[];
| };
| 
| struct named_init {
|   int number;
|   const wchar_t *name;
|   double average;
| };
| 
| typedef const char *ccp;
| 
| static inline int
| test_restrict (ccp restrict text)
| {
|   // See if C++-style comments work.
|   // Iterate through items via the restricted pointer.
|   // Also check for declarations in for loops.
|   for (unsigned int i = 0; *(text+i) != '\0'; ++i)
|     continue;
|   return 0;
| }
| 
| // Check varargs and va_copy.
| static void
| test_varargs (const char *format, ...)
| {
|   va_list args;
|   va_start (args, format);
|   va_list args_copy;
|   va_copy (args_copy, args);
| 
|   const char *str;
|   int number;
|   float fnumber;
| 
|   while (*format)
|     {
|       switch (*format++)
| 	{
| 	case 's': // string
| 	  str = va_arg (args_copy, const char *);
| 	  break;
| 	case 'd': // int
| 	  number = va_arg (args_copy, int);
| 	  break;
| 	case 'f': // float
| 	  fnumber = va_arg (args_copy, double);
| 	  break;
| 	default:
| 	  break;
| 	}
|     }
|   va_end (args_copy);
|   va_end (args);
| }
| 
| int
| main ()
| {
| 
|   // Check bool.
|   _Bool success = false;
| 
|   // Check restrict.
|   if (test_restrict ("String literal") == 0)
|     success = true;
|   char *restrict newvar = "Another string";
| 
|   // Check varargs.
|   test_varargs ("s, d' f .", "string", 65, 34.234);
|   test_varargs_macros ();
| 
|   // Check flexible array members.
|   struct incomplete_array *ia =
|     malloc (sizeof (struct incomplete_array) + (sizeof (double) * 10));
|   ia->datasize = 10;
|   for (int i = 0; i < ia->datasize; ++i)
|     ia->data[i] = i * 1.234;
| 
|   // Check named initializers.
|   struct named_init ni = {
|     .number = 34,
|     .name = L"Test wide string",
|     .average = 543.34343,
|   };
| 
|   ni.number = 58;
| 
|   int dynamic_array[ni.number];
|   dynamic_array[ni.number - 1] = 543;
| 
|   // work around unused variable warnings
|   return (!success || bignum == 0LL || ubignum == 0uLL || newvar[0] == 'x'
| 	  || dynamic_array[ni.number - 1] != 543);
| 
|   ;
|   return 0;
| }
configure:4487: gcc -std=gnu99 -c -g -O2 -pthread  conftest.c >&5
configure:4487: $? = 0
configure:4507: result: -std=gnu99
configure:4517: checking whether gcc -std=gnu99 and cc understand -c and -o together
configure:4548: gcc -std=gnu99 -c conftest.c -o conftest2.o >&5
configure:4552: $? = 0
configure:4558: gcc -std=gnu99 -c conftest.c -o conftest2.o >&5
configure:4562: $? = 0
configure:4573: cc -c conftest.c >&5
configure:4577: $? = 0
configure:4585: cc -c conftest.c -o conftest2.o >&5
configure:4589: $? = 0
configure:4595: cc -c conftest.c -o conftest2.o >&5
configure:4599: $? = 0
configure:4617: result: yes
configure:4666: checking sasl/sasl.h usability
configure:4666: gcc -std=gnu99 -c -g -O2 -pthread  conftest.c >&5
conftest.c:54:23: error: sasl/sasl.h: No such file or directory
configure:4666: $? = 1
configure: failed program was:
| /* confdefs.h */
| #define PACKAGE_NAME "memcached"
| #define PACKAGE_TARNAME "memcached"
| #define PACKAGE_VERSION "1.4.17"
| #define PACKAGE_STRING "memcached 1.4.17"
| #define PACKAGE_BUGREPORT "memcached@googlegroups.com"
| #define PACKAGE_URL ""
| #define PACKAGE "memcached"
| #define VERSION "1.4.17"
| #define STDC_HEADERS 1
| #define HAVE_SYS_TYPES_H 1
| #define HAVE_SYS_STAT_H 1
| #define HAVE_STDLIB_H 1
| #define HAVE_STRING_H 1
| #define HAVE_MEMORY_H 1
| #define HAVE_STRINGS_H 1
| #define HAVE_INTTYPES_H 1
| #define HAVE_STDINT_H 1
| #define HAVE_UNISTD_H 1
| /* end confdefs.h.  */
| #include <stdio.h>
| #ifdef HAVE_SYS_TYPES_H
| # include <sys/types.h>
| #endif
| #ifdef HAVE_SYS_STAT_H
| # include <sys/stat.h>
| #endif
| #ifdef STDC_HEADERS
| # include <stdlib.h>
| # include <stddef.h>
| #else
| # ifdef HAVE_STDLIB_H
| #  include <stdlib.h>
| # endif
| #endif
| #ifdef HAVE_STRING_H
| # if !defined STDC_HEADERS && defined HAVE_MEMORY_H
| #  include <memory.h>
| # endif
| # include <string.h>
| #endif
| #ifdef HAVE_STRINGS_H
| # include <strings.h>
| #endif
| #ifdef HAVE_INTTYPES_H
| # include <inttypes.h>
| #endif
| #ifdef HAVE_STDINT_H
| # include <stdint.h>
| #endif
| #ifdef HAVE_UNISTD_H
| # include <unistd.h>
| #endif
| #include <sasl/sasl.h>
configure:4666: result: no
configure:4666: checking sasl/sasl.h presence
configure:4666: gcc -E  conftest.c
conftest.c:21:23: error: sasl/sasl.h: No such file or directory
configure:4666: $? = 1
configure: failed program was:
| /* confdefs.h */
| #define PACKAGE_NAME "memcached"
| #define PACKAGE_TARNAME "memcached"
| #define PACKAGE_VERSION "1.4.17"
| #define PACKAGE_STRING "memcached 1.4.17"
| #define PACKAGE_BUGREPORT "memcached@googlegroups.com"
| #define PACKAGE_URL ""
| #define PACKAGE "memcached"
| #define VERSION "1.4.17"
| #define STDC_HEADERS 1
| #define HAVE_SYS_TYPES_H 1
| #define HAVE_SYS_STAT_H 1
| #define HAVE_STDLIB_H 1
| #define HAVE_STRING_H 1
| #define HAVE_MEMORY_H 1
| #define HAVE_STRINGS_H 1
| #define HAVE_INTTYPES_H 1
| #define HAVE_STDINT_H 1
| #define HAVE_UNISTD_H 1
| /* end confdefs.h.  */
| #include <sasl/sasl.h>
configure:4666: result: no
configure:4666: checking for sasl/sasl.h
configure:4666: result: no
configure:4896: checking for gcov
configure:4914: found /usr/bin/gcov
configure:4927: result: /usr/bin/gcov
configure:4937: checking for main in -lgcov
configure:4956: gcc -std=gnu99 -o conftest -g -O2 -pthread -pthread   conftest.c -lgcov   >&5
configure:4956: $? = 0
configure:4965: result: yes
configure:5124: checking for library containing clock_gettime
configure:5155: gcc -std=gnu99 -o conftest -g -O2 -pthread -pthread   conftest.c  >&5
/tmp/ccQbWW0W.o: In function `main':
/home/guoliqiang/git-coding/coding/third_part/memcache/memcached-1.4.17/conftest.c:32: undefined reference to `clock_gettime'
collect2: ld returned 1 exit status
configure:5155: $? = 1
configure: failed program was:
| /* confdefs.h */
| #define PACKAGE_NAME "memcached"
| #define PACKAGE_TARNAME "memcached"
| #define PACKAGE_VERSION "1.4.17"
| #define PACKAGE_STRING "memcached 1.4.17"
| #define PACKAGE_BUGREPORT "memcached@googlegroups.com"
| #define PACKAGE_URL ""
| #define PACKAGE "memcached"
| #define VERSION "1.4.17"
| #define STDC_HEADERS 1
| #define HAVE_SYS_TYPES_H 1
| #define HAVE_SYS_STAT_H 1
| #define HAVE_STDLIB_H 1
| #define HAVE_STRING_H 1
| #define HAVE_MEMORY_H 1
| #define HAVE_STRINGS_H 1
| #define HAVE_INTTYPES_H 1
| #define HAVE_STDINT_H 1
| #define HAVE_UNISTD_H 1
| /* end confdefs.h.  */
| 
| /* Override any GCC internal prototype to avoid an error.
|    Use char because int might match the return type of a GCC
|    builtin and then its argument prototype would still apply.  */
| #ifdef __cplusplus
| extern "C"
| #endif
| char clock_gettime ();
| int
| main ()
| {
| return clock_gettime ();
|   ;
|   return 0;
| }
configure:5155: gcc -std=gnu99 -o conftest -g -O2 -pthread -pthread   conftest.c -lrt   >&5
configure:5155: $? = 0
configure:5172: result: -lrt
configure:5182: checking for library containing socket
configure:5213: gcc -std=gnu99 -o conftest -g -O2 -pthread -pthread   conftest.c -lrt  >&5
configure:5213: $? = 0
configure:5230: result: none required
configure:5238: checking for library containing gethostbyname
configure:5269: gcc -std=gnu99 -o conftest -g -O2 -pthread -pthread   conftest.c -lrt  >&5
configure:5269: $? = 0
configure:5286: result: none required
configure:5311: checking for libevent directory
configure:5355: gcc -std=gnu99 -o conftest -g -O2 -pthread -pthread -I/home/guoliqiang/icoding/coding/third_part/libevent//include  -L/home/guoliqiang/icoding/coding/third_part/libevent//lib  conftest.c -levent -lrt  >&5
configure:5355: $? = 0
configure:5391: result: /home/guoliqiang/icoding/coding/third_part/libevent/
configure:5410: checking for library containing umem_cache_create
configure:5441: gcc -std=gnu99 -o conftest -g -O2 -pthread -pthread -I/home/guoliqiang/icoding/coding/third_part/libevent//include  -L/home/guoliqiang/icoding/coding/third_part/libevent//lib  -Wl,-rpath,/home/guoliqiang/icoding/coding/third_part/libevent//lib conftest.c -levent -lrt  >&5
/tmp/ccfDPBTz.o: In function `main':
/home/guoliqiang/git-coding/coding/third_part/memcache/memcached-1.4.17/conftest.c:32: undefined reference to `umem_cache_create'
collect2: ld returned 1 exit status
configure:5441: $? = 1
configure: failed program was:
| /* confdefs.h */
| #define PACKAGE_NAME "memcached"
| #define PACKAGE_TARNAME "memcached"
| #define PACKAGE_VERSION "1.4.17"
| #define PACKAGE_STRING "memcached 1.4.17"
| #define PACKAGE_BUGREPORT "memcached@googlegroups.com"
| #define PACKAGE_URL ""
| #define PACKAGE "memcached"
| #define VERSION "1.4.17"
| #define STDC_HEADERS 1
| #define HAVE_SYS_TYPES_H 1
| #define HAVE_SYS_STAT_H 1
| #define HAVE_STDLIB_H 1
| #define HAVE_STRING_H 1
| #define HAVE_MEMORY_H 1
| #define HAVE_STRINGS_H 1
| #define HAVE_INTTYPES_H 1
| #define HAVE_STDINT_H 1
| #define HAVE_UNISTD_H 1
| /* end confdefs.h.  */
| 
| /* Override any GCC internal prototype to avoid an error.
|    Use char because int might match the return type of a GCC
|    builtin and then its argument prototype would still apply.  */
| #ifdef __cplusplus
| extern "C"
| #endif
| char umem_cache_create ();
| int
| main ()
| {
| return umem_cache_create ();
|   ;
|   return 0;
| }
configure:5441: gcc -std=gnu99 -o conftest -g -O2 -pthread -pthread -I/home/guoliqiang/icoding/coding/third_part/libevent//include  -L/home/guoliqiang/icoding/coding/third_part/libevent//lib  -Wl,-rpath,/home/guoliqiang/icoding/coding/third_part/libevent//lib conftest.c -lumem  -levent -lrt  >&5
/usr/bin/ld: cannot find -lumem
collect2: ld returned 1 exit status
configure:5441: $? = 1
configure: failed program was:
| /* confdefs.h */
| #define PACKAGE_NAME "memcached"
| #define PACKAGE_TARNAME "memcached"
| #define PACKAGE_VERSION "1.4.17"
| #define PACKAGE_STRING "memcached 1.4.17"
| #define PACKAGE_BUGREPORT "memcached@googlegroups.com"
| #define PACKAGE_URL ""
| #define PACKAGE "memcached"
| #define VERSION "1.4.17"
| #define STDC_HEADERS 1
| #define HAVE_SYS_TYPES_H 1
| #define HAVE_SYS_STAT_H 1
| #define HAVE_STDLIB_H 1
| #define HAVE_STRING_H 1
| #define HAVE_MEMORY_H 1
| #define HAVE_STRINGS_H 1
| #define HAVE_INTTYPES_H 1
| #define HAVE_STDINT_H 1
| #define HAVE_UNISTD_H 1
| /* end confdefs.h.  */
| 
| /* Override any GCC internal prototype to avoid an error.
|    Use char because int might match the return type of a GCC
|    builtin and then its argument prototype would still apply.  */
| #ifdef __cplusplus
| extern "C"
| #endif
| char umem_cache_create ();
| int
| main ()
| {
| return umem_cache_create ();
|   ;
|   return 0;
| }
configure:5458: result: no
configure:5466: checking for library containing gethugepagesizes
configure:5497: gcc -std=gnu99 -o conftest -g -O2 -pthread -pthread -I/home/guoliqiang/icoding/coding/third_part/libevent//include  -L/home/guoliqiang/icoding/coding/third_part/libevent//lib  -Wl,-rpath,/home/guoliqiang/icoding/coding/third_part/libevent//lib conftest.c -levent -lrt  >&5
/tmp/cc9VQ3SM.o: In function `main':
/home/guoliqiang/git-coding/coding/third_part/memcache/memcached-1.4.17/conftest.c:32: undefined reference to `gethugepagesizes'
collect2: ld returned 1 exit status
configure:5497: $? = 1
configure: failed program was:
| /* confdefs.h */
| #define PACKAGE_NAME "memcached"
| #define PACKAGE_TARNAME "memcached"
| #define PACKAGE_VERSION "1.4.17"
| #define PACKAGE_STRING "memcached 1.4.17"
| #define PACKAGE_BUGREPORT "memcached@googlegroups.com"
| #define PACKAGE_URL ""
| #define PACKAGE "memcached"
| #define VERSION "1.4.17"
| #define STDC_HEADERS 1
| #define HAVE_SYS_TYPES_H 1
| #define HAVE_SYS_STAT_H 1
| #define HAVE_STDLIB_H 1
| #define HAVE_STRING_H 1
| #define HAVE_MEMORY_H 1
| #define HAVE_STRINGS_H 1
| #define HAVE_INTTYPES_H 1
| #define HAVE_STDINT_H 1
| #define HAVE_UNISTD_H 1
| /* end confdefs.h.  */
| 
| /* Override any GCC internal prototype to avoid an error.
|    Use char because int might match the return type of a GCC
|    builtin and then its argument prototype would still apply.  */
| #ifdef __cplusplus
| extern "C"
| #endif
| char gethugepagesizes ();
| int
| main ()
| {
| return gethugepagesizes ();
|   ;
|   return 0;
| }
configure:5497: gcc -std=gnu99 -o conftest -g -O2 -pthread -pthread -I/home/guoliqiang/icoding/coding/third_part/libevent//include  -L/home/guoliqiang/icoding/coding/third_part/libevent//lib  -Wl,-rpath,/home/guoliqiang/icoding/coding/third_part/libevent//lib conftest.c -lhugetlbfs  -levent -lrt  >&5
/usr/bin/ld: cannot find -lhugetlbfs
collect2: ld returned 1 exit status
configure:5497: $? = 1
configure: failed program was:
| /* confdefs.h */
| #define PACKAGE_NAME "memcached"
| #define PACKAGE_TARNAME "memcached"
| #define PACKAGE_VERSION "1.4.17"
| #define PACKAGE_STRING "memcached 1.4.17"
| #define PACKAGE_BUGREPORT "memcached@googlegroups.com"
| #define PACKAGE_URL ""
| #define PACKAGE "memcached"
| #define VERSION "1.4.17"
| #define STDC_HEADERS 1
| #define HAVE_SYS_TYPES_H 1
| #define HAVE_SYS_STAT_H 1
| #define HAVE_STDLIB_H 1
| #define HAVE_STRING_H 1
| #define HAVE_MEMORY_H 1
| #define HAVE_STRINGS_H 1
| #define HAVE_INTTYPES_H 1
| #define HAVE_STDINT_H 1
| #define HAVE_UNISTD_H 1
| /* end confdefs.h.  */
| 
| /* Override any GCC internal prototype to avoid an error.
|    Use char because int might match the return type of a GCC
|    builtin and then its argument prototype would still apply.  */
| #ifdef __cplusplus
| extern "C"
| #endif
| char gethugepagesizes ();
| int
| main ()
| {
| return gethugepagesizes ();
|   ;
|   return 0;
| }
configure:5514: result: no
configure:5523: checking for stdbool.h that conforms to C99
configure:5608: gcc -std=gnu99 -c -g -O2 -pthread -pthread -I/home/guoliqiang/icoding/coding/third_part/libevent//include  conftest.c >&5
configure:5608: $? = 0
configure:5615: result: yes
configure:5617: checking for _Bool
configure:5617: gcc -std=gnu99 -c -g -O2 -pthread -pthread -I/home/guoliqiang/icoding/coding/third_part/libevent//include  conftest.c >&5
configure:5617: $? = 0
configure:5617: gcc -std=gnu99 -c -g -O2 -pthread -pthread -I/home/guoliqiang/icoding/coding/third_part/libevent//include  conftest.c >&5
conftest.c: In function 'main':
conftest.c:57: error: expected expression before ')' token
configure:5617: $? = 1
configure: failed program was:
| /* confdefs.h */
| #define PACKAGE_NAME "memcached"
| #define PACKAGE_TARNAME "memcached"
| #define PACKAGE_VERSION "1.4.17"
| #define PACKAGE_STRING "memcached 1.4.17"
| #define PACKAGE_BUGREPORT "memcached@googlegroups.com"
| #define PACKAGE_URL ""
| #define PACKAGE "memcached"
| #define VERSION "1.4.17"
| #define STDC_HEADERS 1
| #define HAVE_SYS_TYPES_H 1
| #define HAVE_SYS_STAT_H 1
| #define HAVE_STDLIB_H 1
| #define HAVE_STRING_H 1
| #define HAVE_MEMORY_H 1
| #define HAVE_STRINGS_H 1
| #define HAVE_INTTYPES_H 1
| #define HAVE_STDINT_H 1
| #define HAVE_UNISTD_H 1
| /* end confdefs.h.  */
| #include <stdio.h>
| #ifdef HAVE_SYS_TYPES_H
| # include <sys/types.h>
| #endif
| #ifdef HAVE_SYS_STAT_H
| # include <sys/stat.h>
| #endif
| #ifdef STDC_HEADERS
| # include <stdlib.h>
| # include <stddef.h>
| #else
| # ifdef HAVE_STDLIB_H
| #  include <stdlib.h>
| # endif
| #endif
| #ifdef HAVE_STRING_H
| # if !defined STDC_HEADERS && defined HAVE_MEMORY_H
| #  include <memory.h>
| # endif
| # include <string.h>
| #endif
| #ifdef HAVE_STRINGS_H
| # include <strings.h>
| #endif
| #ifdef HAVE_INTTYPES_H
| # include <inttypes.h>
| #endif
| #ifdef HAVE_STDINT_H
| # include <stdint.h>
| #endif
| #ifdef HAVE_UNISTD_H
| # include <unistd.h>
| #endif
| int
| main ()
| {
| if (sizeof ((_Bool)))
| 	    return 0;
|   ;
|   return 0;
| }
configure:5617: result: yes
configure:5637: checking for inttypes.h
configure:5637: result: yes
configure:5652: checking for sasl_callback_ft
configure:5676: gcc -std=gnu99 -c -g -O2 -pthread -pthread -I/home/guoliqiang/icoding/coding/third_part/libevent//include  conftest.c >&5
conftest.c: In function 'main':
conftest.c:34: error: 'sasl_callback_ft' undeclared (first use in this function)
conftest.c:34: error: (Each undeclared identifier is reported only once
conftest.c:34: error: for each function it appears in.)
conftest.c:34: error: expected ';' before 'a_callback'
configure:5676: $? = 1
configure: failed program was:
| /* confdefs.h */
| #define PACKAGE_NAME "memcached"
| #define PACKAGE_TARNAME "memcached"
| #define PACKAGE_VERSION "1.4.17"
| #define PACKAGE_STRING "memcached 1.4.17"
| #define PACKAGE_BUGREPORT "memcached@googlegroups.com"
| #define PACKAGE_URL ""
| #define PACKAGE "memcached"
| #define VERSION "1.4.17"
| #define STDC_HEADERS 1
| #define HAVE_SYS_TYPES_H 1
| #define HAVE_SYS_STAT_H 1
| #define HAVE_STDLIB_H 1
| #define HAVE_STRING_H 1
| #define HAVE_MEMORY_H 1
| #define HAVE_STRINGS_H 1
| #define HAVE_INTTYPES_H 1
| #define HAVE_STDINT_H 1
| #define HAVE_UNISTD_H 1
| #define HAVE__BOOL 1
| #define HAVE_STDBOOL_H 1
| #define HAVE_INTTYPES_H 1
| /* end confdefs.h.  */
| 
|     #ifdef HAVE_SASL_SASL_H
|     #include <sasl/sasl.h>
|     #include <sasl/saslplug.h>
|     #endif
| 
| int
| main ()
| {
| 
|     sasl_callback_ft a_callback;
| 
|   ;
|   return 0;
| }
configure:5688: result: no
configure:5700: checking for print macros for integers (C99 section 7.8.1)
configure:5724: gcc -std=gnu99 -c -g -O2 -pthread -pthread -I/home/guoliqiang/icoding/coding/third_part/libevent//include  conftest.c >&5
configure:5724: $? = 0
configure:5732: result: yes
configure:5748: checking for an ANSI C-conforming const
configure:5813: gcc -std=gnu99 -c -g -O2 -pthread -pthread -I/home/guoliqiang/icoding/coding/third_part/libevent//include  conftest.c >&5
configure:5813: $? = 0
configure:5820: result: yes
configure:5831: checking for socklen_t
configure:5853: gcc -std=gnu99 -c -g -O2 -pthread -pthread -I/home/guoliqiang/icoding/coding/third_part/libevent//include  conftest.c >&5
configure:5853: $? = 0
configure:5865: result: yes
configure:5876: checking for endianness
configure:5903: gcc -std=gnu99 -o conftest -g -O2 -pthread -pthread -I/home/guoliqiang/icoding/coding/third_part/libevent//include  -L/home/guoliqiang/icoding/coding/third_part/libevent//lib  -Wl,-rpath,/home/guoliqiang/icoding/coding/third_part/libevent//lib conftest.c -levent -lrt  >&5
conftest.c: In function 'main':
conftest.c:30: warning: implicit declaration of function 'exit'
conftest.c:30: warning: incompatible implicit declaration of built-in function 'exit'
configure:5903: $? = 0
configure:5903: ./conftest
configure:5903: $? = 1
configure: program exited with status 1
configure: failed program was:
| /* confdefs.h */
| #define PACKAGE_NAME "memcached"
| #define PACKAGE_TARNAME "memcached"
| #define PACKAGE_VERSION "1.4.17"
| #define PACKAGE_STRING "memcached 1.4.17"
| #define PACKAGE_BUGREPORT "memcached@googlegroups.com"
| #define PACKAGE_URL ""
| #define PACKAGE "memcached"
| #define VERSION "1.4.17"
| #define STDC_HEADERS 1
| #define HAVE_SYS_TYPES_H 1
| #define HAVE_SYS_STAT_H 1
| #define HAVE_STDLIB_H 1
| #define HAVE_STRING_H 1
| #define HAVE_MEMORY_H 1
| #define HAVE_STRINGS_H 1
| #define HAVE_INTTYPES_H 1
| #define HAVE_STDINT_H 1
| #define HAVE_UNISTD_H 1
| #define HAVE__BOOL 1
| #define HAVE_STDBOOL_H 1
| #define HAVE_INTTYPES_H 1
| /* end confdefs.h.  */
| 
| int
| main ()
| {
|         long val = 1;
|         char *c = (char *) &val;
|         exit(*c == 1);
| 
|   ;
|   return 0;
| }
| 
configure:5918: result: little
configure:5935: checking for htonll
configure:5957: gcc -std=gnu99 -o conftest -g -O2 -pthread -pthread -I/home/guoliqiang/icoding/coding/third_part/libevent//include  -L/home/guoliqiang/icoding/coding/third_part/libevent//lib  -Wl,-rpath,/home/guoliqiang/icoding/coding/third_part/libevent//lib conftest.c -levent -lrt  >&5
conftest.c:29:23: warning: extra tokens at end of #include directive
conftest.c: In function 'main':
conftest.c:36: warning: implicit declaration of function 'htonll'
/tmp/cccbLPSf.o: In function `main':
/home/guoliqiang/git-coding/coding/third_part/memcache/memcached-1.4.17/conftest.c:36: undefined reference to `htonll'
collect2: ld returned 1 exit status
configure:5957: $? = 1
configure: failed program was:
| /* confdefs.h */
| #define PACKAGE_NAME "memcached"
| #define PACKAGE_TARNAME "memcached"
| #define PACKAGE_VERSION "1.4.17"
| #define PACKAGE_STRING "memcached 1.4.17"
| #define PACKAGE_BUGREPORT "memcached@googlegroups.com"
| #define PACKAGE_URL ""
| #define PACKAGE "memcached"
| #define VERSION "1.4.17"
| #define STDC_HEADERS 1
| #define HAVE_SYS_TYPES_H 1
| #define HAVE_SYS_STAT_H 1
| #define HAVE_STDLIB_H 1
| #define HAVE_STRING_H 1
| #define HAVE_MEMORY_H 1
| #define HAVE_STRINGS_H 1
| #define HAVE_INTTYPES_H 1
| #define HAVE_STDINT_H 1
| #define HAVE_UNISTD_H 1
| #define HAVE__BOOL 1
| #define HAVE_STDBOOL_H 1
| #define HAVE_INTTYPES_H 1
| #define ENDIAN_LITTLE 1
| /* end confdefs.h.  */
| 
| #include <sys/types.h>
| #include <netinet/in.h>
| #ifdef HAVE_INTTYPES_H
| #include <inttypes.h> */
| #endif
| 
| int
| main ()
| {
| 
|           return htonll(0);
| 
|   ;
|   return 0;
| }
configure:5972: result: no
configure:5976: checking for library containing pthread_create
configure:6007: gcc -std=gnu99 -o conftest -g -O2 -pthread -pthread -I/home/guoliqiang/icoding/coding/third_part/libevent//include  -L/home/guoliqiang/icoding/coding/third_part/libevent//lib  -Wl,-rpath,/home/guoliqiang/icoding/coding/third_part/libevent//lib conftest.c -levent -lrt  >&5
configure:6007: $? = 0
configure:6024: result: none required
configure:6038: checking for mlockall
configure:6038: gcc -std=gnu99 -o conftest -g -O2 -pthread -pthread -I/home/guoliqiang/icoding/coding/third_part/libevent//include  -L/home/guoliqiang/icoding/coding/third_part/libevent//lib  -Wl,-rpath,/home/guoliqiang/icoding/coding/third_part/libevent//lib conftest.c -levent -lrt  >&5
configure:6038: $? = 0
configure:6038: result: yes
configure:6049: checking for getpagesizes
configure:6049: gcc -std=gnu99 -o conftest -g -O2 -pthread -pthread -I/home/guoliqiang/icoding/coding/third_part/libevent//include  -L/home/guoliqiang/icoding/coding/third_part/libevent//lib  -Wl,-rpath,/home/guoliqiang/icoding/coding/third_part/libevent//lib conftest.c -levent -lrt  >&5
/tmp/cckkIRRy.o: In function `main':
/home/guoliqiang/git-coding/coding/third_part/memcache/memcached-1.4.17/conftest.c:60: undefined reference to `getpagesizes'
collect2: ld returned 1 exit status
configure:6049: $? = 1
configure: failed program was:
| /* confdefs.h */
| #define PACKAGE_NAME "memcached"
| #define PACKAGE_TARNAME "memcached"
| #define PACKAGE_VERSION "1.4.17"
| #define PACKAGE_STRING "memcached 1.4.17"
| #define PACKAGE_BUGREPORT "memcached@googlegroups.com"
| #define PACKAGE_URL ""
| #define PACKAGE "memcached"
| #define VERSION "1.4.17"
| #define STDC_HEADERS 1
| #define HAVE_SYS_TYPES_H 1
| #define HAVE_SYS_STAT_H 1
| #define HAVE_STDLIB_H 1
| #define HAVE_STRING_H 1
| #define HAVE_MEMORY_H 1
| #define HAVE_STRINGS_H 1
| #define HAVE_INTTYPES_H 1
| #define HAVE_STDINT_H 1
| #define HAVE_UNISTD_H 1
| #define HAVE__BOOL 1
| #define HAVE_STDBOOL_H 1
| #define HAVE_INTTYPES_H 1
| #define ENDIAN_LITTLE 1
| #define HAVE_MLOCKALL 1
| /* end confdefs.h.  */
| /* Define getpagesizes to an innocuous variant, in case <limits.h> declares getpagesizes.
|    For example, HP-UX 11i <limits.h> declares gettimeofday.  */
| #define getpagesizes innocuous_getpagesizes
| 
| /* System header to define __stub macros and hopefully few prototypes,
|     which can conflict with char getpagesizes (); below.
|     Prefer <limits.h> to <assert.h> if __STDC__ is defined, since
|     <limits.h> exists even on freestanding compilers.  */
| 
| #ifdef __STDC__
| # include <limits.h>
| #else
| # include <assert.h>
| #endif
| 
| #undef getpagesizes
| 
| /* Override any GCC internal prototype to avoid an error.
|    Use char because int might match the return type of a GCC
|    builtin and then its argument prototype would still apply.  */
| #ifdef __cplusplus
| extern "C"
| #endif
| char getpagesizes ();
| /* The GNU C library defines this for functions which it implements
|     to always fail with ENOSYS.  Some functions are actually named
|     something starting with __ and the normal name is an alias.  */
| #if defined __stub_getpagesizes || defined __stub___getpagesizes
| choke me
| #endif
| 
| int
| main ()
| {
| return getpagesizes ();
|   ;
|   return 0;
| }
configure:6049: result: no
configure:6060: checking for memcntl
configure:6060: gcc -std=gnu99 -o conftest -g -O2 -pthread -pthread -I/home/guoliqiang/icoding/coding/third_part/libevent//include  -L/home/guoliqiang/icoding/coding/third_part/libevent//lib  -Wl,-rpath,/home/guoliqiang/icoding/coding/third_part/libevent//lib conftest.c -levent -lrt  >&5
/tmp/ccRdXSvE.o: In function `main':
/home/guoliqiang/git-coding/coding/third_part/memcache/memcached-1.4.17/conftest.c:60: undefined reference to `memcntl'
collect2: ld returned 1 exit status
configure:6060: $? = 1
configure: failed program was:
| /* confdefs.h */
| #define PACKAGE_NAME "memcached"
| #define PACKAGE_TARNAME "memcached"
| #define PACKAGE_VERSION "1.4.17"
| #define PACKAGE_STRING "memcached 1.4.17"
| #define PACKAGE_BUGREPORT "memcached@googlegroups.com"
| #define PACKAGE_URL ""
| #define PACKAGE "memcached"
| #define VERSION "1.4.17"
| #define STDC_HEADERS 1
| #define HAVE_SYS_TYPES_H 1
| #define HAVE_SYS_STAT_H 1
| #define HAVE_STDLIB_H 1
| #define HAVE_STRING_H 1
| #define HAVE_MEMORY_H 1
| #define HAVE_STRINGS_H 1
| #define HAVE_INTTYPES_H 1
| #define HAVE_STDINT_H 1
| #define HAVE_UNISTD_H 1
| #define HAVE__BOOL 1
| #define HAVE_STDBOOL_H 1
| #define HAVE_INTTYPES_H 1
| #define ENDIAN_LITTLE 1
| #define HAVE_MLOCKALL 1
| /* end confdefs.h.  */
| /* Define memcntl to an innocuous variant, in case <limits.h> declares memcntl.
|    For example, HP-UX 11i <limits.h> declares gettimeofday.  */
| #define memcntl innocuous_memcntl
| 
| /* System header to define __stub macros and hopefully few prototypes,
|     which can conflict with char memcntl (); below.
|     Prefer <limits.h> to <assert.h> if __STDC__ is defined, since
|     <limits.h> exists even on freestanding compilers.  */
| 
| #ifdef __STDC__
| # include <limits.h>
| #else
| # include <assert.h>
| #endif
| 
| #undef memcntl
| 
| /* Override any GCC internal prototype to avoid an error.
|    Use char because int might match the return type of a GCC
|    builtin and then its argument prototype would still apply.  */
| #ifdef __cplusplus
| extern "C"
| #endif
| char memcntl ();
| /* The GNU C library defines this for functions which it implements
|     to always fail with ENOSYS.  Some functions are actually named
|     something starting with __ and the normal name is an alias.  */
| #if defined __stub_memcntl || defined __stub___memcntl
| choke me
| #endif
| 
| int
| main ()
| {
| return memcntl ();
|   ;
|   return 0;
| }
configure:6060: result: no
configure:6071: checking for sigignore
configure:6071: gcc -std=gnu99 -o conftest -g -O2 -pthread -pthread -I/home/guoliqiang/icoding/coding/third_part/libevent//include  -L/home/guoliqiang/icoding/coding/third_part/libevent//lib  -Wl,-rpath,/home/guoliqiang/icoding/coding/third_part/libevent//lib conftest.c -levent -lrt  >&5
configure:6071: $? = 0
configure:6071: result: yes
configure:6082: checking for clock_gettime
configure:6082: gcc -std=gnu99 -o conftest -g -O2 -pthread -pthread -I/home/guoliqiang/icoding/coding/third_part/libevent//include  -L/home/guoliqiang/icoding/coding/third_part/libevent//lib  -Wl,-rpath,/home/guoliqiang/icoding/coding/third_part/libevent//lib conftest.c -levent -lrt  >&5
configure:6082: $? = 0
configure:6082: result: yes
configure:6093: checking for accept4
configure:6093: gcc -std=gnu99 -o conftest -g -O2 -pthread -pthread -I/home/guoliqiang/icoding/coding/third_part/libevent//include  -L/home/guoliqiang/icoding/coding/third_part/libevent//lib  -Wl,-rpath,/home/guoliqiang/icoding/coding/third_part/libevent//lib conftest.c -levent -lrt  >&5
configure:6093: $? = 0
configure:6093: result: yes
configure:6107: checking for alignment
configure:6144: gcc -std=gnu99 -o conftest -g -O2 -pthread -pthread -I/home/guoliqiang/icoding/coding/third_part/libevent//include  -L/home/guoliqiang/icoding/coding/third_part/libevent//lib  -Wl,-rpath,/home/guoliqiang/icoding/coding/third_part/libevent//lib conftest.c -levent -lrt  >&5
conftest.c: In function 'main':
conftest.c:47: warning: comparison between pointer and integer
configure:6144: $? = 0
configure:6144: ./conftest
configure:6144: $? = 1
configure: program exited with status 1
configure: failed program was:
| /* confdefs.h */
| #define PACKAGE_NAME "memcached"
| #define PACKAGE_TARNAME "memcached"
| #define PACKAGE_VERSION "1.4.17"
| #define PACKAGE_STRING "memcached 1.4.17"
| #define PACKAGE_BUGREPORT "memcached@googlegroups.com"
| #define PACKAGE_URL ""
| #define PACKAGE "memcached"
| #define VERSION "1.4.17"
| #define STDC_HEADERS 1
| #define HAVE_SYS_TYPES_H 1
| #define HAVE_SYS_STAT_H 1
| #define HAVE_STDLIB_H 1
| #define HAVE_STRING_H 1
| #define HAVE_MEMORY_H 1
| #define HAVE_STRINGS_H 1
| #define HAVE_INTTYPES_H 1
| #define HAVE_STDINT_H 1
| #define HAVE_UNISTD_H 1
| #define HAVE__BOOL 1
| #define HAVE_STDBOOL_H 1
| #define HAVE_INTTYPES_H 1
| #define ENDIAN_LITTLE 1
| #define HAVE_MLOCKALL 1
| #define HAVE_SIGIGNORE 1
| #define HAVE_CLOCK_GETTIME 1
| #define HAVE_ACCEPT4 1
| #define HAVE_ACCEPT4 1
| /* end confdefs.h.  */
| 
| #include <stdlib.h>
| #include <inttypes.h>
| 
| int
| main ()
| {
| 
|        char *buf = malloc(32);
| 
|        uint64_t *ptr = (uint64_t*)(buf+2);
|        // catch sigbus, etc.
|        *ptr = 0x1;
| 
|        // catch unaligned word access (ARM cpus)
|        *buf =  1; *(buf +1) = 2; *(buf + 2) = 2; *(buf + 3) = 3; *(buf + 4) = 4;
|        int* i = (int*)(buf+1);
|        return (84148994 == i) ? 0 : 1;
| 
|   ;
|   return 0;
| }
| 
configure:6159: result: need
configure:6169: checking for GCC atomics
configure:6187: gcc -std=gnu99 -o conftest -g -O2 -pthread -pthread -I/home/guoliqiang/icoding/coding/third_part/libevent//include  -L/home/guoliqiang/icoding/coding/third_part/libevent//lib  -Wl,-rpath,/home/guoliqiang/icoding/coding/third_part/libevent//lib conftest.c -levent -lrt  >&5
configure:6187: $? = 0
configure:6195: result: yes
configure:6200: checking for setppriv
configure:6200: gcc -std=gnu99 -o conftest -g -O2 -pthread -pthread -I/home/guoliqiang/icoding/coding/third_part/libevent//include  -L/home/guoliqiang/icoding/coding/third_part/libevent//lib  -Wl,-rpath,/home/guoliqiang/icoding/coding/third_part/libevent//lib conftest.c -levent -lrt  >&5
/tmp/ccfjdKv2.o: In function `main':
/home/guoliqiang/git-coding/coding/third_part/memcache/memcached-1.4.17/conftest.c:66: undefined reference to `setppriv'
collect2: ld returned 1 exit status
configure:6200: $? = 1
configure: failed program was:
| /* confdefs.h */
| #define PACKAGE_NAME "memcached"
| #define PACKAGE_TARNAME "memcached"
| #define PACKAGE_VERSION "1.4.17"
| #define PACKAGE_STRING "memcached 1.4.17"
| #define PACKAGE_BUGREPORT "memcached@googlegroups.com"
| #define PACKAGE_URL ""
| #define PACKAGE "memcached"
| #define VERSION "1.4.17"
| #define STDC_HEADERS 1
| #define HAVE_SYS_TYPES_H 1
| #define HAVE_SYS_STAT_H 1
| #define HAVE_STDLIB_H 1
| #define HAVE_STRING_H 1
| #define HAVE_MEMORY_H 1
| #define HAVE_STRINGS_H 1
| #define HAVE_INTTYPES_H 1
| #define HAVE_STDINT_H 1
| #define HAVE_UNISTD_H 1
| #define HAVE__BOOL 1
| #define HAVE_STDBOOL_H 1
| #define HAVE_INTTYPES_H 1
| #define ENDIAN_LITTLE 1
| #define HAVE_MLOCKALL 1
| #define HAVE_SIGIGNORE 1
| #define HAVE_CLOCK_GETTIME 1
| #define HAVE_ACCEPT4 1
| #define HAVE_ACCEPT4 1
| #define NEED_ALIGN 1
| #define HAVE_GCC_ATOMICS 1
| /* end confdefs.h.  */
| /* Define setppriv to an innocuous variant, in case <limits.h> declares setppriv.
|    For example, HP-UX 11i <limits.h> declares gettimeofday.  */
| #define setppriv innocuous_setppriv
| 
| /* System header to define __stub macros and hopefully few prototypes,
|     which can conflict with char setppriv (); below.
|     Prefer <limits.h> to <assert.h> if __STDC__ is defined, since
|     <limits.h> exists even on freestanding compilers.  */
| 
| #ifdef __STDC__
| # include <limits.h>
| #else
| # include <assert.h>
| #endif
| 
| #undef setppriv
| 
| /* Override any GCC internal prototype to avoid an error.
|    Use char because int might match the return type of a GCC
|    builtin and then its argument prototype would still apply.  */
| #ifdef __cplusplus
| extern "C"
| #endif
| char setppriv ();
| /* The GNU C library defines this for functions which it implements
|     to always fail with ENOSYS.  Some functions are actually named
|     something starting with __ and the normal name is an alias.  */
| #if defined __stub_setppriv || defined __stub___setppriv
| choke me
| #endif
| 
| int
| main ()
| {
| return setppriv ();
|   ;
|   return 0;
| }
configure:6200: result: no
configure:6231: checking umem.h usability
configure:6231: gcc -std=gnu99 -c -g -O2 -pthread -pthread -I/home/guoliqiang/icoding/coding/third_part/libevent//include  conftest.c >&5
conftest.c:65:18: error: umem.h: No such file or directory
configure:6231: $? = 1
configure: failed program was:
| /* confdefs.h */
| #define PACKAGE_NAME "memcached"
| #define PACKAGE_TARNAME "memcached"
| #define PACKAGE_VERSION "1.4.17"
| #define PACKAGE_STRING "memcached 1.4.17"
| #define PACKAGE_BUGREPORT "memcached@googlegroups.com"
| #define PACKAGE_URL ""
| #define PACKAGE "memcached"
| #define VERSION "1.4.17"
| #define STDC_HEADERS 1
| #define HAVE_SYS_TYPES_H 1
| #define HAVE_SYS_STAT_H 1
| #define HAVE_STDLIB_H 1
| #define HAVE_STRING_H 1
| #define HAVE_MEMORY_H 1
| #define HAVE_STRINGS_H 1
| #define HAVE_INTTYPES_H 1
| #define HAVE_STDINT_H 1
| #define HAVE_UNISTD_H 1
| #define HAVE__BOOL 1
| #define HAVE_STDBOOL_H 1
| #define HAVE_INTTYPES_H 1
| #define ENDIAN_LITTLE 1
| #define HAVE_MLOCKALL 1
| #define HAVE_SIGIGNORE 1
| #define HAVE_CLOCK_GETTIME 1
| #define HAVE_ACCEPT4 1
| #define HAVE_ACCEPT4 1
| #define NEED_ALIGN 1
| #define HAVE_GCC_ATOMICS 1
| /* end confdefs.h.  */
| #include <stdio.h>
| #ifdef HAVE_SYS_TYPES_H
| # include <sys/types.h>
| #endif
| #ifdef HAVE_SYS_STAT_H
| # include <sys/stat.h>
| #endif
| #ifdef STDC_HEADERS
| # include <stdlib.h>
| # include <stddef.h>
| #else
| # ifdef HAVE_STDLIB_H
| #  include <stdlib.h>
| # endif
| #endif
| #ifdef HAVE_STRING_H
| # if !defined STDC_HEADERS && defined HAVE_MEMORY_H
| #  include <memory.h>
| # endif
| # include <string.h>
| #endif
| #ifdef HAVE_STRINGS_H
| # include <strings.h>
| #endif
| #ifdef HAVE_INTTYPES_H
| # include <inttypes.h>
| #endif
| #ifdef HAVE_STDINT_H
| # include <stdint.h>
| #endif
| #ifdef HAVE_UNISTD_H
| # include <unistd.h>
| #endif
| #include <umem.h>
configure:6231: result: no
configure:6231: checking umem.h presence
configure:6231: gcc -E -I/home/guoliqiang/icoding/coding/third_part/libevent//include  conftest.c
conftest.c:32:18: error: umem.h: No such file or directory
configure:6231: $? = 1
configure: failed program was:
| /* confdefs.h */
| #define PACKAGE_NAME "memcached"
| #define PACKAGE_TARNAME "memcached"
| #define PACKAGE_VERSION "1.4.17"
| #define PACKAGE_STRING "memcached 1.4.17"
| #define PACKAGE_BUGREPORT "memcached@googlegroups.com"
| #define PACKAGE_URL ""
| #define PACKAGE "memcached"
| #define VERSION "1.4.17"
| #define STDC_HEADERS 1
| #define HAVE_SYS_TYPES_H 1
| #define HAVE_SYS_STAT_H 1
| #define HAVE_STDLIB_H 1
| #define HAVE_STRING_H 1
| #define HAVE_MEMORY_H 1
| #define HAVE_STRINGS_H 1
| #define HAVE_INTTYPES_H 1
| #define HAVE_STDINT_H 1
| #define HAVE_UNISTD_H 1
| #define HAVE__BOOL 1
| #define HAVE_STDBOOL_H 1
| #define HAVE_INTTYPES_H 1
| #define ENDIAN_LITTLE 1
| #define HAVE_MLOCKALL 1
| #define HAVE_SIGIGNORE 1
| #define HAVE_CLOCK_GETTIME 1
| #define HAVE_ACCEPT4 1
| #define HAVE_ACCEPT4 1
| #define NEED_ALIGN 1
| #define HAVE_GCC_ATOMICS 1
| /* end confdefs.h.  */
| #include <umem.h>
configure:6231: result: no
configure:6231: checking for umem.h
configure:6231: result: no
configure:6262: checking for xml2rfc
configure:6293: result: no
configure:6303: checking for xsltproc
configure:6321: found /usr/bin/xsltproc
configure:6334: result: /usr/bin/xsltproc
configure:6520: creating ./config.status

## ---------------------- ##
## Running config.status. ##
## ---------------------- ##

This file was extended by memcached config.status 1.4.17, which was
generated by GNU Autoconf 2.65.  Invocation command line was

  CONFIG_FILES    = 
  CONFIG_HEADERS  = 
  CONFIG_LINKS    = 
  CONFIG_COMMANDS = 
  $ ./config.status 

on ubuntu

config.status:895: creating Makefile
config.status:895: creating doc/Makefile
config.status:895: creating config.h
config.status:1115: executing depfiles commands

## ---------------- ##
## Cache variables. ##
## ---------------- ##

ac_cv_build=x86_64-unknown-linux-gnu
ac_cv_c_alignment=need
ac_cv_c_compiler_gnu=yes
ac_cv_c_const=yes
ac_cv_c_endian=little
ac_cv_c_socklen_t=yes
ac_cv_c_uint64_support=yes
ac_cv_env_CC_set=
ac_cv_env_CC_value=
ac_cv_env_CFLAGS_set=
ac_cv_env_CFLAGS_value=
ac_cv_env_CPPFLAGS_set=
ac_cv_env_CPPFLAGS_value=
ac_cv_env_CPP_set=
ac_cv_env_CPP_value=
ac_cv_env_LDFLAGS_set=
ac_cv_env_LDFLAGS_value=
ac_cv_env_LIBS_set=
ac_cv_env_LIBS_value=
ac_cv_env_build_alias_set=
ac_cv_env_build_alias_value=
ac_cv_env_host_alias_set=
ac_cv_env_host_alias_value=
ac_cv_env_target_alias_set=
ac_cv_env_target_alias_value=
ac_cv_func_accept4=yes
ac_cv_func_clock_gettime=yes
ac_cv_func_getpagesizes=no
ac_cv_func_memcntl=no
ac_cv_func_mlockall=yes
ac_cv_func_setppriv=no
ac_cv_func_sigignore=yes
ac_cv_has_sasl_callback_ft=no
ac_cv_have_decl___SUNPRO_C=no
ac_cv_header_inttypes_h=yes
ac_cv_header_memory_h=yes
ac_cv_header_sasl_sasl_h=no
ac_cv_header_stdbool_h=yes
ac_cv_header_stdc=yes
ac_cv_header_stdint_h=yes
ac_cv_header_stdlib_h=yes
ac_cv_header_string_h=yes
ac_cv_header_strings_h=yes
ac_cv_header_sys_stat_h=yes
ac_cv_header_sys_types_h=yes
ac_cv_header_umem_h=no
ac_cv_header_unistd_h=yes
ac_cv_host=x86_64-unknown-linux-gnu
ac_cv_lib_gcov_main=yes
ac_cv_libevent_dir=/home/guoliqiang/icoding/coding/third_part/libevent/
ac_cv_objext=o
ac_cv_path_EGREP='/bin/grep -E'
ac_cv_path_GREP=/bin/grep
ac_cv_path_PROFILER=/usr/bin/gcov
ac_cv_path_XML2RFC=no
ac_cv_path_XSLTPROC=/usr/bin/xsltproc
ac_cv_path_install='/usr/bin/install -c'
ac_cv_path_mkdir=/bin/mkdir
ac_cv_prog_AWK=gawk
ac_cv_prog_CPP='gcc -E'
ac_cv_prog_ac_ct_CC=gcc
ac_cv_prog_cc_c89=
ac_cv_prog_cc_c99=-std=gnu99
ac_cv_prog_cc_g=yes
ac_cv_prog_cc_gcc_c_o=yes
ac_cv_prog_make_make_set=yes
ac_cv_search_clock_gettime=-lrt
ac_cv_search_gethostbyname='none required'
ac_cv_search_gethugepagesizes=no
ac_cv_search_pthread_create='none required'
ac_cv_search_socket='none required'
ac_cv_search_umem_cache_create=no
ac_cv_target=x86_64-unknown-linux-gnu
ac_cv_type__Bool=yes
am_cv_CC_dependencies_compiler_type=gcc3

## ----------------- ##
## Output variables. ##
## ----------------- ##

ACLOCAL='${SHELL} /home/guoliqiang/git-coding/coding/third_part/memcache/memcached-1.4.17/missing --run aclocal-1.11'
AMDEPBACKSLASH='\'
AMDEP_FALSE='#'
AMDEP_TRUE=''
AMTAR='${SHELL} /home/guoliqiang/git-coding/coding/third_part/memcache/memcached-1.4.17/missing --run tar'
AUTOCONF='${SHELL} /home/guoliqiang/git-coding/coding/third_part/memcache/memcached-1.4.17/missing --run autoconf'
AUTOHEADER='${SHELL} /home/guoliqiang/git-coding/coding/third_part/memcache/memcached-1.4.17/missing --run autoheader'
AUTOMAKE='${SHELL} /home/guoliqiang/git-coding/coding/third_part/memcache/memcached-1.4.17/missing --run automake-1.11'
AWK='gawk'
BUILD_CACHE_FALSE='#'
BUILD_CACHE_TRUE=''
BUILD_DTRACE_FALSE=''
BUILD_DTRACE_TRUE='#'
BUILD_SOLARIS_PRIVS_FALSE=''
BUILD_SOLARIS_PRIVS_TRUE='#'
BUILD_SPECIFICATIONS_FALSE=''
BUILD_SPECIFICATIONS_TRUE='#'
CC='gcc -std=gnu99'
CCDEPMODE='depmode=gcc3'
CFLAGS='-g -O2 -pthread -pthread -Wall -Werror -pedantic -Wmissing-prototypes -Wmissing-declarations -Wredundant-decls -fno-strict-aliasing'
CPP='gcc -E'
CPPFLAGS='-I/home/guoliqiang/icoding/coding/third_part/libevent//include '
CYGPATH_W='echo'
DEFS='-DHAVE_CONFIG_H'
DEPDIR='.deps'
DTRACE=''
DTRACEFLAGS=''
DTRACE_INSTRUMENT_OBJ_FALSE=''
DTRACE_INSTRUMENT_OBJ_TRUE='#'
ECHO_C=''
ECHO_N='-n'
ECHO_T=''
EGREP='/bin/grep -E'
ENABLE_SASL=''
ENABLE_SASL_FALSE=''
ENABLE_SASL_TRUE='#'
EXEEXT=''
GREP='/bin/grep'
INSTALL_DATA='${INSTALL} -m 644'
INSTALL_PROGRAM='${INSTALL}'
INSTALL_SCRIPT='${INSTALL}'
INSTALL_STRIP_PROGRAM='$(install_sh) -c -s'
LDFLAGS='-L/home/guoliqiang/icoding/coding/third_part/libevent//lib  -Wl,-rpath,/home/guoliqiang/icoding/coding/third_part/libevent//lib'
LIBOBJS=''
LIBS='-levent -lrt '
LTLIBOBJS=''
MAKEINFO='${SHELL} /home/guoliqiang/git-coding/coding/third_part/memcache/memcached-1.4.17/missing --run makeinfo'
MKDIR_P='/bin/mkdir -p'
OBJEXT='o'
PACKAGE='memcached'
PACKAGE_BUGREPORT='memcached@googlegroups.com'
PACKAGE_NAME='memcached'
PACKAGE_STRING='memcached 1.4.17'
PACKAGE_TARNAME='memcached'
PACKAGE_URL=''
PACKAGE_VERSION='1.4.17'
PATH_SEPARATOR=':'
PROFILER='/usr/bin/gcov'
PROFILER_FLAGS='-fprofile-arcs -ftest-coverage'
PROFILER_LDFLAGS='-lgcov'
SET_MAKE=''
SHELL='/bin/bash'
STRIP=''
VERSION='1.4.17'
XML2RFC='no'
XSLTPROC='/usr/bin/xsltproc'
ac_ct_CC='gcc'
am__EXEEXT_FALSE=''
am__EXEEXT_TRUE='#'
am__fastdepCC_FALSE='#'
am__fastdepCC_TRUE=''
am__include='include'
am__isrc=''
am__leading_dot='.'
am__quote=''
am__tar='${AMTAR} chof - "$$tardir"'
am__untar='${AMTAR} xf -'
bindir='${exec_prefix}/bin'
build='x86_64-unknown-linux-gnu'
build_alias=''
build_cpu='x86_64'
build_os='linux-gnu'
build_vendor='unknown'
datadir='${datarootdir}'
datarootdir='${prefix}/share'
docdir='${datarootdir}/doc/${PACKAGE_TARNAME}'
dvidir='${docdir}'
exec_prefix='${prefix}'
host='x86_64-unknown-linux-gnu'
host_alias=''
host_cpu='x86_64'
host_os='linux-gnu'
host_vendor='unknown'
htmldir='${docdir}'
includedir='${prefix}/include'
infodir='${datarootdir}/info'
install_sh='${SHELL} /home/guoliqiang/git-coding/coding/third_part/memcache/memcached-1.4.17/install-sh'
libdir='${exec_prefix}/lib'
libexecdir='${exec_prefix}/libexec'
localedir='${datarootdir}/locale'
localstatedir='${prefix}/var'
mandir='${datarootdir}/man'
mkdir_p='/bin/mkdir -p'
oldincludedir='/usr/include'
pdfdir='${docdir}'
prefix='/home/guoliqiang/icoding/coding/third_part/memcache'
program_transform_name='s,x,x,'
psdir='${docdir}'
sbindir='${exec_prefix}/sbin'
sharedstatedir='${prefix}/com'
sysconfdir='${prefix}/etc'
target='x86_64-unknown-linux-gnu'
target_alias=''
target_cpu='x86_64'
target_os='linux-gnu'
target_vendor='unknown'

## ----------- ##
## confdefs.h. ##
## ----------- ##

/* confdefs.h */
#define PACKAGE_NAME "memcached"
#define PACKAGE_TARNAME "memcached"
#define PACKAGE_VERSION "1.4.17"
#define PACKAGE_STRING "memcached 1.4.17"
#define PACKAGE_BUGREPORT "memcached@googlegroups.com"
#define PACKAGE_URL ""
#define PACKAGE "memcached"
#define VERSION "1.4.17"
#define STDC_HEADERS 1
#define HAVE_SYS_TYPES_H 1
#define HAVE_SYS_STAT_H 1
#define HAVE_STDLIB_H 1
#define HAVE_STRING_H 1
#define HAVE_MEMORY_H 1
#define HAVE_STRINGS_H 1
#define HAVE_INTTYPES_H 1
#define HAVE_STDINT_H 1
#define HAVE_UNISTD_H 1
#define HAVE__BOOL 1
#define HAVE_STDBOOL_H 1
#define HAVE_INTTYPES_H 1
#define ENDIAN_LITTLE 1
#define HAVE_MLOCKALL 1
#define HAVE_SIGIGNORE 1
#define HAVE_CLOCK_GETTIME 1
#define HAVE_ACCEPT4 1
#define HAVE_ACCEPT4 1
#define NEED_ALIGN 1
#define HAVE_GCC_ATOMICS 1
#define _GNU_SOURCE 1

configure: exit 0
