This file contains any messages produced by compilers while
running configure, to aid debugging if configure makes a mistake.

It was created by configure, which was
generated by GNU Autoconf 2.69.  Invocation command line was

  $ ./configure --prefix=/home/guoliqiang/git-coding/coding/third_part/apr_util/ --with-apr=/home/guoliqiang/git-coding/coding/third_part/apr/

## --------- ##
## Platform. ##
## --------- ##

hostname = ubuntu
uname -m = x86_64
uname -r = 2.6.32-21-generic
uname -s = Linux
uname -v = #32-Ubuntu SMP Fri Apr 16 08:09:38 UTC 2010

/usr/bin/uname -p = unknown
/bin/uname -X     = unknown

/bin/arch              = unknown
/usr/bin/arch -k       = unknown
/usr/convex/getsysinfo = unknown
/usr/bin/hostinfo      = unknown
/bin/machine           = unknown
/usr/bin/oslevel       = unknown
/bin/universe          = unknown

PATH: /usr/local/sbin
PATH: /usr/local/bin
PATH: /usr/sbin
PATH: /usr/bin
PATH: /sbin
PATH: /bin
PATH: /usr/games


## ----------- ##
## Core tests. ##
## ----------- ##

configure:2593: checking build system type
configure:2607: result: x86_64-unknown-linux-gnu
configure:2627: checking host system type
configure:2640: result: x86_64-unknown-linux-gnu
configure:2660: checking target system type
configure:2673: result: x86_64-unknown-linux-gnu
configure:2715: checking for a BSD-compatible install
configure:2783: result: /usr/bin/install -c
configure:2818: checking for working mkdir -p
configure:2834: result: yes
configure:2928: checking for chosen layout
configure:2930: result: apr-util
configure:3102: checking for gcc
configure:3118: found /usr/bin/gcc
configure:3129: result: gcc
configure:3358: checking for C compiler version
configure:3367: gcc --version >&5
gcc (Ubuntu 4.4.3-4ubuntu5.1) 4.4.3
Copyright (C) 2009 Free Software Foundation, Inc.
This is free software; see the source for copying conditions.  There is NO
warranty; not even for MERCHANTABILITY or FITNESS FOR A PARTICULAR PURPOSE.

configure:3378: $? = 0
configure:3367: gcc -v >&5
Using built-in specs.
Target: x86_64-linux-gnu
Configured with: ../src/configure -v --with-pkgversion='Ubuntu 4.4.3-4ubuntu5.1' --with-bugurl=file:///usr/share/doc/gcc-4.4/README.Bugs --enable-languages=c,c++,fortran,objc,obj-c++ --prefix=/usr --enable-shared --enable-multiarch --enable-linker-build-id --with-system-zlib --libexecdir=/usr/lib --without-included-gettext --enable-threads=posix --with-gxx-include-dir=/usr/include/c++/4.4 --program-suffix=-4.4 --enable-nls --enable-clocale=gnu --enable-libstdcxx-debug --enable-plugin --enable-objc-gc --disable-werror --with-arch-32=i486 --with-tune=generic --enable-checking=release --build=x86_64-linux-gnu --host=x86_64-linux-gnu --target=x86_64-linux-gnu
Thread model: posix
gcc version 4.4.3 (Ubuntu 4.4.3-4ubuntu5.1) 
configure:3378: $? = 0
configure:3367: gcc -V >&5
gcc: '-V' option must have argument
configure:3378: $? = 1
configure:3367: gcc -qversion >&5
gcc: unrecognized option '-qversion'
gcc: no input files
configure:3378: $? = 1
configure:3398: checking whether the C compiler works
configure:3420: gcc    conftest.c  >&5
configure:3424: $? = 0
configure:3472: result: yes
configure:3475: checking for C compiler default output file name
configure:3477: result: a.out
configure:3483: checking for suffix of executables
configure:3490: gcc -o conftest    conftest.c  >&5
configure:3494: $? = 0
configure:3516: result: 
configure:3538: checking whether we are cross compiling
configure:3546: gcc -o conftest    conftest.c  >&5
configure:3550: $? = 0
configure:3557: ./conftest
configure:3561: $? = 0
configure:3576: result: no
configure:3581: checking for suffix of object files
configure:3603: gcc -c   conftest.c >&5
configure:3607: $? = 0
configure:3628: result: o
configure:3632: checking whether we are using the GNU C compiler
configure:3651: gcc -c   conftest.c >&5
configure:3651: $? = 0
configure:3660: result: yes
configure:3669: checking whether gcc accepts -g
configure:3689: gcc -c -g  conftest.c >&5
configure:3689: $? = 0
configure:3730: result: yes
configure:3747: checking for gcc option to accept ISO C89
configure:3810: gcc  -c -g -O2  conftest.c >&5
configure:3810: $? = 0
configure:3823: result: none needed
configure:4000: checking for APR
configure:4079: result: yes
configure:4346: checking how to run the C preprocessor
configure:4416: result: gcc -E
configure:4436: gcc -E  -DLINUX -D_REENTRANT -D_GNU_SOURCE conftest.c
configure:4436: $? = 0
configure:4450: gcc -E  -DLINUX -D_REENTRANT -D_GNU_SOURCE conftest.c
conftest.c:9:28: error: ac_nonexistent.h: No such file or directory
configure:4450: $? = 1
configure: failed program was:
| /* confdefs.h */
| #define PACKAGE_NAME ""
| #define PACKAGE_TARNAME ""
| #define PACKAGE_VERSION ""
| #define PACKAGE_STRING ""
| #define PACKAGE_BUGREPORT ""
| #define PACKAGE_URL ""
| /* end confdefs.h.  */
| #include <ac_nonexistent.h>
configure:4479: checking for grep that handles long lines and -e
configure:4537: result: /bin/grep
configure:4542: checking for egrep
configure:4604: result: /bin/grep -E
configure:4609: checking for ANSI C header files
configure:4629: gcc -c -g -O2 -pthread  -DLINUX -D_REENTRANT -D_GNU_SOURCE conftest.c >&5
configure:4629: $? = 0
configure:4702: gcc -o conftest -g -O2 -pthread  -DLINUX -D_REENTRANT -D_GNU_SOURCE  conftest.c  >&5
configure:4702: $? = 0
configure:4702: ./conftest
configure:4702: $? = 0
configure:4713: result: yes
configure:4726: checking for sys/types.h
configure:4726: gcc -c -g -O2 -pthread  -DLINUX -D_REENTRANT -D_GNU_SOURCE conftest.c >&5
configure:4726: $? = 0
configure:4726: result: yes
configure:4726: checking for sys/stat.h
configure:4726: gcc -c -g -O2 -pthread  -DLINUX -D_REENTRANT -D_GNU_SOURCE conftest.c >&5
configure:4726: $? = 0
configure:4726: result: yes
configure:4726: checking for stdlib.h
configure:4726: gcc -c -g -O2 -pthread  -DLINUX -D_REENTRANT -D_GNU_SOURCE conftest.c >&5
configure:4726: $? = 0
configure:4726: result: yes
configure:4726: checking for string.h
configure:4726: gcc -c -g -O2 -pthread  -DLINUX -D_REENTRANT -D_GNU_SOURCE conftest.c >&5
configure:4726: $? = 0
configure:4726: result: yes
configure:4726: checking for memory.h
configure:4726: gcc -c -g -O2 -pthread  -DLINUX -D_REENTRANT -D_GNU_SOURCE conftest.c >&5
configure:4726: $? = 0
configure:4726: result: yes
configure:4726: checking for strings.h
configure:4726: gcc -c -g -O2 -pthread  -DLINUX -D_REENTRANT -D_GNU_SOURCE conftest.c >&5
configure:4726: $? = 0
configure:4726: result: yes
configure:4726: checking for inttypes.h
configure:4726: gcc -c -g -O2 -pthread  -DLINUX -D_REENTRANT -D_GNU_SOURCE conftest.c >&5
configure:4726: $? = 0
configure:4726: result: yes
configure:4726: checking for stdint.h
configure:4726: gcc -c -g -O2 -pthread  -DLINUX -D_REENTRANT -D_GNU_SOURCE conftest.c >&5
configure:4726: $? = 0
configure:4726: result: yes
configure:4726: checking for unistd.h
configure:4726: gcc -c -g -O2 -pthread  -DLINUX -D_REENTRANT -D_GNU_SOURCE conftest.c >&5
configure:4726: $? = 0
configure:4726: result: yes
configure:18586: checking for default DBM
configure:18588: result: sdbm (default)
configure:19438: checking for pg_config
configure:19471: result: no
configure:19526: checking libpq-fe.h usability
configure:19526: gcc -c -g -O2 -pthread  -DLINUX -D_REENTRANT -D_GNU_SOURCE conftest.c >&5
conftest.c:52:22: error: libpq-fe.h: No such file or directory
configure:19526: $? = 1
configure: failed program was:
| /* confdefs.h */
| #define PACKAGE_NAME ""
| #define PACKAGE_TARNAME ""
| #define PACKAGE_VERSION ""
| #define PACKAGE_STRING ""
| #define PACKAGE_BUGREPORT ""
| #define PACKAGE_URL ""
| #define STDC_HEADERS 1
| #define HAVE_SYS_TYPES_H 1
| #define HAVE_SYS_STAT_H 1
| #define HAVE_STDLIB_H 1
| #define HAVE_STRING_H 1
| #define HAVE_MEMORY_H 1
| #define HAVE_STRINGS_H 1
| #define HAVE_INTTYPES_H 1
| #define HAVE_STDINT_H 1
| #define HAVE_UNISTD_H 1
| /* end confdefs.h.  */
| #include <stdio.h>
| #ifdef HAVE_SYS_TYPES_H
| # include <sys/types.h>
| #endif
| #ifdef HAVE_SYS_STAT_H
| # include <sys/stat.h>
| #endif
| #ifdef STDC_HEADERS
| # include <stdlib.h>
| # include <stddef.h>
| #else
| # ifdef HAVE_STDLIB_H
| #  include <stdlib.h>
| # endif
| #endif
| #ifdef HAVE_STRING_H
| # if !defined STDC_HEADERS && defined HAVE_MEMORY_H
| #  include <memory.h>
| # endif
| # include <string.h>
| #endif
| #ifdef HAVE_STRINGS_H
| # include <strings.h>
| #endif
| #ifdef HAVE_INTTYPES_H
| # include <inttypes.h>
| #endif
| #ifdef HAVE_STDINT_H
| # include <stdint.h>
| #endif
| #ifdef HAVE_UNISTD_H
| # include <unistd.h>
| #endif
| #include <libpq-fe.h>
configure:19526: result: no
configure:19526: checking libpq-fe.h presence
configure:19526: gcc -E  -DLINUX -D_REENTRANT -D_GNU_SOURCE conftest.c
conftest.c:19:22: error: libpq-fe.h: No such file or directory
configure:19526: $? = 1
configure: failed program was:
| /* confdefs.h */
| #define PACKAGE_NAME ""
| #define PACKAGE_TARNAME ""
| #define PACKAGE_VERSION ""
| #define PACKAGE_STRING ""
| #define PACKAGE_BUGREPORT ""
| #define PACKAGE_URL ""
| #define STDC_HEADERS 1
| #define HAVE_SYS_TYPES_H 1
| #define HAVE_SYS_STAT_H 1
| #define HAVE_STDLIB_H 1
| #define HAVE_STRING_H 1
| #define HAVE_MEMORY_H 1
| #define HAVE_STRINGS_H 1
| #define HAVE_INTTYPES_H 1
| #define HAVE_STDINT_H 1
| #define HAVE_UNISTD_H 1
| /* end confdefs.h.  */
| #include <libpq-fe.h>
configure:19526: result: no
configure:19526: checking for libpq-fe.h
configure:19526: result: no
configure:19648: checking postgresql/libpq-fe.h usability
configure:19648: gcc -c -g -O2 -pthread  -DLINUX -D_REENTRANT -D_GNU_SOURCE conftest.c >&5
conftest.c:52:33: error: postgresql/libpq-fe.h: No such file or directory
configure:19648: $? = 1
configure: failed program was:
| /* confdefs.h */
| #define PACKAGE_NAME ""
| #define PACKAGE_TARNAME ""
| #define PACKAGE_VERSION ""
| #define PACKAGE_STRING ""
| #define PACKAGE_BUGREPORT ""
| #define PACKAGE_URL ""
| #define STDC_HEADERS 1
| #define HAVE_SYS_TYPES_H 1
| #define HAVE_SYS_STAT_H 1
| #define HAVE_STDLIB_H 1
| #define HAVE_STRING_H 1
| #define HAVE_MEMORY_H 1
| #define HAVE_STRINGS_H 1
| #define HAVE_INTTYPES_H 1
| #define HAVE_STDINT_H 1
| #define HAVE_UNISTD_H 1
| /* end confdefs.h.  */
| #include <stdio.h>
| #ifdef HAVE_SYS_TYPES_H
| # include <sys/types.h>
| #endif
| #ifdef HAVE_SYS_STAT_H
| # include <sys/stat.h>
| #endif
| #ifdef STDC_HEADERS
| # include <stdlib.h>
| # include <stddef.h>
| #else
| # ifdef HAVE_STDLIB_H
| #  include <stdlib.h>
| # endif
| #endif
| #ifdef HAVE_STRING_H
| # if !defined STDC_HEADERS && defined HAVE_MEMORY_H
| #  include <memory.h>
| # endif
| # include <string.h>
| #endif
| #ifdef HAVE_STRINGS_H
| # include <strings.h>
| #endif
| #ifdef HAVE_INTTYPES_H
| # include <inttypes.h>
| #endif
| #ifdef HAVE_STDINT_H
| # include <stdint.h>
| #endif
| #ifdef HAVE_UNISTD_H
| # include <unistd.h>
| #endif
| #include <postgresql/libpq-fe.h>
configure:19648: result: no
configure:19648: checking postgresql/libpq-fe.h presence
configure:19648: gcc -E  -DLINUX -D_REENTRANT -D_GNU_SOURCE conftest.c
conftest.c:19:33: error: postgresql/libpq-fe.h: No such file or directory
configure:19648: $? = 1
configure: failed program was:
| /* confdefs.h */
| #define PACKAGE_NAME ""
| #define PACKAGE_TARNAME ""
| #define PACKAGE_VERSION ""
| #define PACKAGE_STRING ""
| #define PACKAGE_BUGREPORT ""
| #define PACKAGE_URL ""
| #define STDC_HEADERS 1
| #define HAVE_SYS_TYPES_H 1
| #define HAVE_SYS_STAT_H 1
| #define HAVE_STDLIB_H 1
| #define HAVE_STRING_H 1
| #define HAVE_MEMORY_H 1
| #define HAVE_STRINGS_H 1
| #define HAVE_INTTYPES_H 1
| #define HAVE_STDINT_H 1
| #define HAVE_UNISTD_H 1
| /* end confdefs.h.  */
| #include <postgresql/libpq-fe.h>
configure:19648: result: no
configure:19648: checking for postgresql/libpq-fe.h
configure:19648: result: no
configure:20544: checking sqlite3.h usability
configure:20544: gcc -c -g -O2 -pthread  -DLINUX -D_REENTRANT -D_GNU_SOURCE conftest.c >&5
conftest.c:52:21: error: sqlite3.h: No such file or directory
configure:20544: $? = 1
configure: failed program was:
| /* confdefs.h */
| #define PACKAGE_NAME ""
| #define PACKAGE_TARNAME ""
| #define PACKAGE_VERSION ""
| #define PACKAGE_STRING ""
| #define PACKAGE_BUGREPORT ""
| #define PACKAGE_URL ""
| #define STDC_HEADERS 1
| #define HAVE_SYS_TYPES_H 1
| #define HAVE_SYS_STAT_H 1
| #define HAVE_STDLIB_H 1
| #define HAVE_STRING_H 1
| #define HAVE_MEMORY_H 1
| #define HAVE_STRINGS_H 1
| #define HAVE_INTTYPES_H 1
| #define HAVE_STDINT_H 1
| #define HAVE_UNISTD_H 1
| /* end confdefs.h.  */
| #include <stdio.h>
| #ifdef HAVE_SYS_TYPES_H
| # include <sys/types.h>
| #endif
| #ifdef HAVE_SYS_STAT_H
| # include <sys/stat.h>
| #endif
| #ifdef STDC_HEADERS
| # include <stdlib.h>
| # include <stddef.h>
| #else
| # ifdef HAVE_STDLIB_H
| #  include <stdlib.h>
| # endif
| #endif
| #ifdef HAVE_STRING_H
| # if !defined STDC_HEADERS && defined HAVE_MEMORY_H
| #  include <memory.h>
| # endif
| # include <string.h>
| #endif
| #ifdef HAVE_STRINGS_H
| # include <strings.h>
| #endif
| #ifdef HAVE_INTTYPES_H
| # include <inttypes.h>
| #endif
| #ifdef HAVE_STDINT_H
| # include <stdint.h>
| #endif
| #ifdef HAVE_UNISTD_H
| # include <unistd.h>
| #endif
| #include <sqlite3.h>
configure:20544: result: no
configure:20544: checking sqlite3.h presence
configure:20544: gcc -E  -DLINUX -D_REENTRANT -D_GNU_SOURCE conftest.c
conftest.c:19:21: error: sqlite3.h: No such file or directory
configure:20544: $? = 1
configure: failed program was:
| /* confdefs.h */
| #define PACKAGE_NAME ""
| #define PACKAGE_TARNAME ""
| #define PACKAGE_VERSION ""
| #define PACKAGE_STRING ""
| #define PACKAGE_BUGREPORT ""
| #define PACKAGE_URL ""
| #define STDC_HEADERS 1
| #define HAVE_SYS_TYPES_H 1
| #define HAVE_SYS_STAT_H 1
| #define HAVE_STDLIB_H 1
| #define HAVE_STRING_H 1
| #define HAVE_MEMORY_H 1
| #define HAVE_STRINGS_H 1
| #define HAVE_INTTYPES_H 1
| #define HAVE_STDINT_H 1
| #define HAVE_UNISTD_H 1
| /* end confdefs.h.  */
| #include <sqlite3.h>
configure:20544: result: no
configure:20544: checking for sqlite3.h
configure:20544: result: no
configure:20822: checking sqlite.h usability
configure:20822: gcc -c -g -O2 -pthread  -DLINUX -D_REENTRANT -D_GNU_SOURCE conftest.c >&5
conftest.c:52:20: error: sqlite.h: No such file or directory
configure:20822: $? = 1
configure: failed program was:
| /* confdefs.h */
| #define PACKAGE_NAME ""
| #define PACKAGE_TARNAME ""
| #define PACKAGE_VERSION ""
| #define PACKAGE_STRING ""
| #define PACKAGE_BUGREPORT ""
| #define PACKAGE_URL ""
| #define STDC_HEADERS 1
| #define HAVE_SYS_TYPES_H 1
| #define HAVE_SYS_STAT_H 1
| #define HAVE_STDLIB_H 1
| #define HAVE_STRING_H 1
| #define HAVE_MEMORY_H 1
| #define HAVE_STRINGS_H 1
| #define HAVE_INTTYPES_H 1
| #define HAVE_STDINT_H 1
| #define HAVE_UNISTD_H 1
| /* end confdefs.h.  */
| #include <stdio.h>
| #ifdef HAVE_SYS_TYPES_H
| # include <sys/types.h>
| #endif
| #ifdef HAVE_SYS_STAT_H
| # include <sys/stat.h>
| #endif
| #ifdef STDC_HEADERS
| # include <stdlib.h>
| # include <stddef.h>
| #else
| # ifdef HAVE_STDLIB_H
| #  include <stdlib.h>
| # endif
| #endif
| #ifdef HAVE_STRING_H
| # if !defined STDC_HEADERS && defined HAVE_MEMORY_H
| #  include <memory.h>
| # endif
| # include <string.h>
| #endif
| #ifdef HAVE_STRINGS_H
| # include <strings.h>
| #endif
| #ifdef HAVE_INTTYPES_H
| # include <inttypes.h>
| #endif
| #ifdef HAVE_STDINT_H
| # include <stdint.h>
| #endif
| #ifdef HAVE_UNISTD_H
| # include <unistd.h>
| #endif
| #include <sqlite.h>
configure:20822: result: no
configure:20822: checking sqlite.h presence
configure:20822: gcc -E  -DLINUX -D_REENTRANT -D_GNU_SOURCE conftest.c
conftest.c:19:20: error: sqlite.h: No such file or directory
configure:20822: $? = 1
configure: failed program was:
| /* confdefs.h */
| #define PACKAGE_NAME ""
| #define PACKAGE_TARNAME ""
| #define PACKAGE_VERSION ""
| #define PACKAGE_STRING ""
| #define PACKAGE_BUGREPORT ""
| #define PACKAGE_URL ""
| #define STDC_HEADERS 1
| #define HAVE_SYS_TYPES_H 1
| #define HAVE_SYS_STAT_H 1
| #define HAVE_STDLIB_H 1
| #define HAVE_STRING_H 1
| #define HAVE_MEMORY_H 1
| #define HAVE_STRINGS_H 1
| #define HAVE_INTTYPES_H 1
| #define HAVE_STDINT_H 1
| #define HAVE_UNISTD_H 1
| /* end confdefs.h.  */
| #include <sqlite.h>
configure:20822: result: no
configure:20822: checking for sqlite.h
configure:20822: result: no
configure:21836: checking sybdb.h usability
configure:21836: gcc -c -g -O2 -pthread  -DLINUX -D_REENTRANT -D_GNU_SOURCE conftest.c >&5
conftest.c:52:19: error: sybdb.h: No such file or directory
configure:21836: $? = 1
configure: failed program was:
| /* confdefs.h */
| #define PACKAGE_NAME ""
| #define PACKAGE_TARNAME ""
| #define PACKAGE_VERSION ""
| #define PACKAGE_STRING ""
| #define PACKAGE_BUGREPORT ""
| #define PACKAGE_URL ""
| #define STDC_HEADERS 1
| #define HAVE_SYS_TYPES_H 1
| #define HAVE_SYS_STAT_H 1
| #define HAVE_STDLIB_H 1
| #define HAVE_STRING_H 1
| #define HAVE_MEMORY_H 1
| #define HAVE_STRINGS_H 1
| #define HAVE_INTTYPES_H 1
| #define HAVE_STDINT_H 1
| #define HAVE_UNISTD_H 1
| /* end confdefs.h.  */
| #include <stdio.h>
| #ifdef HAVE_SYS_TYPES_H
| # include <sys/types.h>
| #endif
| #ifdef HAVE_SYS_STAT_H
| # include <sys/stat.h>
| #endif
| #ifdef STDC_HEADERS
| # include <stdlib.h>
| # include <stddef.h>
| #else
| # ifdef HAVE_STDLIB_H
| #  include <stdlib.h>
| # endif
| #endif
| #ifdef HAVE_STRING_H
| # if !defined STDC_HEADERS && defined HAVE_MEMORY_H
| #  include <memory.h>
| # endif
| # include <string.h>
| #endif
| #ifdef HAVE_STRINGS_H
| # include <strings.h>
| #endif
| #ifdef HAVE_INTTYPES_H
| # include <inttypes.h>
| #endif
| #ifdef HAVE_STDINT_H
| # include <stdint.h>
| #endif
| #ifdef HAVE_UNISTD_H
| # include <unistd.h>
| #endif
| #include <sybdb.h>
configure:21836: result: no
configure:21836: checking sybdb.h presence
configure:21836: gcc -E  -DLINUX -D_REENTRANT -D_GNU_SOURCE conftest.c
conftest.c:19:19: error: sybdb.h: No such file or directory
configure:21836: $? = 1
configure: failed program was:
| /* confdefs.h */
| #define PACKAGE_NAME ""
| #define PACKAGE_TARNAME ""
| #define PACKAGE_VERSION ""
| #define PACKAGE_STRING ""
| #define PACKAGE_BUGREPORT ""
| #define PACKAGE_URL ""
| #define STDC_HEADERS 1
| #define HAVE_SYS_TYPES_H 1
| #define HAVE_SYS_STAT_H 1
| #define HAVE_STDLIB_H 1
| #define HAVE_STRING_H 1
| #define HAVE_MEMORY_H 1
| #define HAVE_STRINGS_H 1
| #define HAVE_INTTYPES_H 1
| #define HAVE_STDINT_H 1
| #define HAVE_UNISTD_H 1
| /* end confdefs.h.  */
| #include <sybdb.h>
configure:21836: result: no
configure:21836: checking for sybdb.h
configure:21836: result: no
configure:21888: checking freetds/sybdb.h usability
configure:21888: gcc -c -g -O2 -pthread  -DLINUX -D_REENTRANT -D_GNU_SOURCE conftest.c >&5
conftest.c:52:27: error: freetds/sybdb.h: No such file or directory
configure:21888: $? = 1
configure: failed program was:
| /* confdefs.h */
| #define PACKAGE_NAME ""
| #define PACKAGE_TARNAME ""
| #define PACKAGE_VERSION ""
| #define PACKAGE_STRING ""
| #define PACKAGE_BUGREPORT ""
| #define PACKAGE_URL ""
| #define STDC_HEADERS 1
| #define HAVE_SYS_TYPES_H 1
| #define HAVE_SYS_STAT_H 1
| #define HAVE_STDLIB_H 1
| #define HAVE_STRING_H 1
| #define HAVE_MEMORY_H 1
| #define HAVE_STRINGS_H 1
| #define HAVE_INTTYPES_H 1
| #define HAVE_STDINT_H 1
| #define HAVE_UNISTD_H 1
| /* end confdefs.h.  */
| #include <stdio.h>
| #ifdef HAVE_SYS_TYPES_H
| # include <sys/types.h>
| #endif
| #ifdef HAVE_SYS_STAT_H
| # include <sys/stat.h>
| #endif
| #ifdef STDC_HEADERS
| # include <stdlib.h>
| # include <stddef.h>
| #else
| # ifdef HAVE_STDLIB_H
| #  include <stdlib.h>
| # endif
| #endif
| #ifdef HAVE_STRING_H
| # if !defined STDC_HEADERS && defined HAVE_MEMORY_H
| #  include <memory.h>
| # endif
| # include <string.h>
| #endif
| #ifdef HAVE_STRINGS_H
| # include <strings.h>
| #endif
| #ifdef HAVE_INTTYPES_H
| # include <inttypes.h>
| #endif
| #ifdef HAVE_STDINT_H
| # include <stdint.h>
| #endif
| #ifdef HAVE_UNISTD_H
| # include <unistd.h>
| #endif
| #include <freetds/sybdb.h>
configure:21888: result: no
configure:21888: checking freetds/sybdb.h presence
configure:21888: gcc -E  -DLINUX -D_REENTRANT -D_GNU_SOURCE conftest.c
conftest.c:19:27: error: freetds/sybdb.h: No such file or directory
configure:21888: $? = 1
configure: failed program was:
| /* confdefs.h */
| #define PACKAGE_NAME ""
| #define PACKAGE_TARNAME ""
| #define PACKAGE_VERSION ""
| #define PACKAGE_STRING ""
| #define PACKAGE_BUGREPORT ""
| #define PACKAGE_URL ""
| #define STDC_HEADERS 1
| #define HAVE_SYS_TYPES_H 1
| #define HAVE_SYS_STAT_H 1
| #define HAVE_STDLIB_H 1
| #define HAVE_STRING_H 1
| #define HAVE_MEMORY_H 1
| #define HAVE_STRINGS_H 1
| #define HAVE_INTTYPES_H 1
| #define HAVE_STDINT_H 1
| #define HAVE_UNISTD_H 1
| /* end confdefs.h.  */
| #include <freetds/sybdb.h>
configure:21888: result: no
configure:21888: checking for freetds/sybdb.h
configure:21888: result: no
configure:22479: checking for odbc_config
configure:22512: result: no
configure:22589: checking sql.h usability
configure:22589: gcc -c -g -O2 -pthread  -DLINUX -D_REENTRANT -D_GNU_SOURCE conftest.c >&5
conftest.c:52:17: error: sql.h: No such file or directory
configure:22589: $? = 1
configure: failed program was:
| /* confdefs.h */
| #define PACKAGE_NAME ""
| #define PACKAGE_TARNAME ""
| #define PACKAGE_VERSION ""
| #define PACKAGE_STRING ""
| #define PACKAGE_BUGREPORT ""
| #define PACKAGE_URL ""
| #define STDC_HEADERS 1
| #define HAVE_SYS_TYPES_H 1
| #define HAVE_SYS_STAT_H 1
| #define HAVE_STDLIB_H 1
| #define HAVE_STRING_H 1
| #define HAVE_MEMORY_H 1
| #define HAVE_STRINGS_H 1
| #define HAVE_INTTYPES_H 1
| #define HAVE_STDINT_H 1
| #define HAVE_UNISTD_H 1
| /* end confdefs.h.  */
| #include <stdio.h>
| #ifdef HAVE_SYS_TYPES_H
| # include <sys/types.h>
| #endif
| #ifdef HAVE_SYS_STAT_H
| # include <sys/stat.h>
| #endif
| #ifdef STDC_HEADERS
| # include <stdlib.h>
| # include <stddef.h>
| #else
| # ifdef HAVE_STDLIB_H
| #  include <stdlib.h>
| # endif
| #endif
| #ifdef HAVE_STRING_H
| # if !defined STDC_HEADERS && defined HAVE_MEMORY_H
| #  include <memory.h>
| # endif
| # include <string.h>
| #endif
| #ifdef HAVE_STRINGS_H
| # include <strings.h>
| #endif
| #ifdef HAVE_INTTYPES_H
| # include <inttypes.h>
| #endif
| #ifdef HAVE_STDINT_H
| # include <stdint.h>
| #endif
| #ifdef HAVE_UNISTD_H
| # include <unistd.h>
| #endif
| #include <sql.h>
configure:22589: result: no
configure:22589: checking sql.h presence
configure:22589: gcc -E  -DLINUX -D_REENTRANT -D_GNU_SOURCE conftest.c
conftest.c:19:17: error: sql.h: No such file or directory
configure:22589: $? = 1
configure: failed program was:
| /* confdefs.h */
| #define PACKAGE_NAME ""
| #define PACKAGE_TARNAME ""
| #define PACKAGE_VERSION ""
| #define PACKAGE_STRING ""
| #define PACKAGE_BUGREPORT ""
| #define PACKAGE_URL ""
| #define STDC_HEADERS 1
| #define HAVE_SYS_TYPES_H 1
| #define HAVE_SYS_STAT_H 1
| #define HAVE_STDLIB_H 1
| #define HAVE_STRING_H 1
| #define HAVE_MEMORY_H 1
| #define HAVE_STRINGS_H 1
| #define HAVE_INTTYPES_H 1
| #define HAVE_STDINT_H 1
| #define HAVE_UNISTD_H 1
| /* end confdefs.h.  */
| #include <sql.h>
configure:22589: result: no
configure:22589: checking for sql.h
configure:22589: result: no
configure:22641: checking odbc/sql.h usability
configure:22641: gcc -c -g -O2 -pthread  -DLINUX -D_REENTRANT -D_GNU_SOURCE conftest.c >&5
conftest.c:52:22: error: odbc/sql.h: No such file or directory
configure:22641: $? = 1
configure: failed program was:
| /* confdefs.h */
| #define PACKAGE_NAME ""
| #define PACKAGE_TARNAME ""
| #define PACKAGE_VERSION ""
| #define PACKAGE_STRING ""
| #define PACKAGE_BUGREPORT ""
| #define PACKAGE_URL ""
| #define STDC_HEADERS 1
| #define HAVE_SYS_TYPES_H 1
| #define HAVE_SYS_STAT_H 1
| #define HAVE_STDLIB_H 1
| #define HAVE_STRING_H 1
| #define HAVE_MEMORY_H 1
| #define HAVE_STRINGS_H 1
| #define HAVE_INTTYPES_H 1
| #define HAVE_STDINT_H 1
| #define HAVE_UNISTD_H 1
| /* end confdefs.h.  */
| #include <stdio.h>
| #ifdef HAVE_SYS_TYPES_H
| # include <sys/types.h>
| #endif
| #ifdef HAVE_SYS_STAT_H
| # include <sys/stat.h>
| #endif
| #ifdef STDC_HEADERS
| # include <stdlib.h>
| # include <stddef.h>
| #else
| # ifdef HAVE_STDLIB_H
| #  include <stdlib.h>
| # endif
| #endif
| #ifdef HAVE_STRING_H
| # if !defined STDC_HEADERS && defined HAVE_MEMORY_H
| #  include <memory.h>
| # endif
| # include <string.h>
| #endif
| #ifdef HAVE_STRINGS_H
| # include <strings.h>
| #endif
| #ifdef HAVE_INTTYPES_H
| # include <inttypes.h>
| #endif
| #ifdef HAVE_STDINT_H
| # include <stdint.h>
| #endif
| #ifdef HAVE_UNISTD_H
| # include <unistd.h>
| #endif
| #include <odbc/sql.h>
configure:22641: result: no
configure:22641: checking odbc/sql.h presence
configure:22641: gcc -E  -DLINUX -D_REENTRANT -D_GNU_SOURCE conftest.c
conftest.c:19:22: error: odbc/sql.h: No such file or directory
configure:22641: $? = 1
configure: failed program was:
| /* confdefs.h */
| #define PACKAGE_NAME ""
| #define PACKAGE_TARNAME ""
| #define PACKAGE_VERSION ""
| #define PACKAGE_STRING ""
| #define PACKAGE_BUGREPORT ""
| #define PACKAGE_URL ""
| #define STDC_HEADERS 1
| #define HAVE_SYS_TYPES_H 1
| #define HAVE_SYS_STAT_H 1
| #define HAVE_STDLIB_H 1
| #define HAVE_STRING_H 1
| #define HAVE_MEMORY_H 1
| #define HAVE_STRINGS_H 1
| #define HAVE_INTTYPES_H 1
| #define HAVE_STDINT_H 1
| #define HAVE_UNISTD_H 1
| /* end confdefs.h.  */
| #include <odbc/sql.h>
configure:22641: result: no
configure:22641: checking for odbc/sql.h
configure:22641: result: no
configure:22877: checking Expat 1.95.x
configure:22897: gcc -o conftest -g -O2 -pthread  -DLINUX -D_REENTRANT -D_GNU_SOURCE  conftest.c  -lexpat >&5
conftest.c:20:19: error: expat.h: No such file or directory
configure:22897: $? = 1
configure: failed program was:
| /* confdefs.h */
| #define PACKAGE_NAME ""
| #define PACKAGE_TARNAME ""
| #define PACKAGE_VERSION ""
| #define PACKAGE_STRING ""
| #define PACKAGE_BUGREPORT ""
| #define PACKAGE_URL ""
| #define STDC_HEADERS 1
| #define HAVE_SYS_TYPES_H 1
| #define HAVE_SYS_STAT_H 1
| #define HAVE_STDLIB_H 1
| #define HAVE_STRING_H 1
| #define HAVE_MEMORY_H 1
| #define HAVE_STRINGS_H 1
| #define HAVE_INTTYPES_H 1
| #define HAVE_STDINT_H 1
| #define HAVE_UNISTD_H 1
| /* end confdefs.h.  */
| #include <stdlib.h>
| #include <expat.h>
| int
| main ()
| {
| XML_ParserCreate(NULL);
|   ;
|   return 0;
| }
configure:22907: result: no
configure:22925: checking old Debian-packaged expat
configure:22945: gcc -o conftest -g -O2 -pthread  -DLINUX -D_REENTRANT -D_GNU_SOURCE  conftest.c  -lxmlparse -lxmltok >&5
conftest.c:20:29: error: xmltok/xmlparse.h: No such file or directory
configure:22945: $? = 1
configure: failed program was:
| /* confdefs.h */
| #define PACKAGE_NAME ""
| #define PACKAGE_TARNAME ""
| #define PACKAGE_VERSION ""
| #define PACKAGE_STRING ""
| #define PACKAGE_BUGREPORT ""
| #define PACKAGE_URL ""
| #define STDC_HEADERS 1
| #define HAVE_SYS_TYPES_H 1
| #define HAVE_SYS_STAT_H 1
| #define HAVE_STDLIB_H 1
| #define HAVE_STRING_H 1
| #define HAVE_MEMORY_H 1
| #define HAVE_STRINGS_H 1
| #define HAVE_INTTYPES_H 1
| #define HAVE_STDINT_H 1
| #define HAVE_UNISTD_H 1
| /* end confdefs.h.  */
| #include <stdlib.h>
| #include <xmltok/xmlparse.h>
| int
| main ()
| {
| XML_ParserCreate(NULL);
|   ;
|   return 0;
| }
configure:22955: result: no
configure:22974: checking old FreeBSD-packaged expat
configure:22994: gcc -o conftest -g -O2 -pthread  -DLINUX -D_REENTRANT -D_GNU_SOURCE  conftest.c  -lexpat >&5
conftest.c:20:26: error: xml/xmlparse.h: No such file or directory
configure:22994: $? = 1
configure: failed program was:
| /* confdefs.h */
| #define PACKAGE_NAME ""
| #define PACKAGE_TARNAME ""
| #define PACKAGE_VERSION ""
| #define PACKAGE_STRING ""
| #define PACKAGE_BUGREPORT ""
| #define PACKAGE_URL ""
| #define STDC_HEADERS 1
| #define HAVE_SYS_TYPES_H 1
| #define HAVE_SYS_STAT_H 1
| #define HAVE_STDLIB_H 1
| #define HAVE_STRING_H 1
| #define HAVE_MEMORY_H 1
| #define HAVE_STRINGS_H 1
| #define HAVE_INTTYPES_H 1
| #define HAVE_STDINT_H 1
| #define HAVE_UNISTD_H 1
| /* end confdefs.h.  */
| #include <stdlib.h>
| #include <xml/xmlparse.h>
| int
| main ()
| {
| XML_ParserCreate(NULL);
|   ;
|   return 0;
| }
configure:23004: result: no
configure:23023: checking Expat 1.0/1.1
configure:23043: gcc -o conftest -g -O2 -pthread  -DLINUX -D_REENTRANT -D_GNU_SOURCE  conftest.c  -lexpat >&5
conftest.c:20:31: error: xmlparse/xmlparse.h: No such file or directory
configure:23043: $? = 1
configure: failed program was:
| /* confdefs.h */
| #define PACKAGE_NAME ""
| #define PACKAGE_TARNAME ""
| #define PACKAGE_VERSION ""
| #define PACKAGE_STRING ""
| #define PACKAGE_BUGREPORT ""
| #define PACKAGE_URL ""
| #define STDC_HEADERS 1
| #define HAVE_SYS_TYPES_H 1
| #define HAVE_SYS_STAT_H 1
| #define HAVE_STDLIB_H 1
| #define HAVE_STRING_H 1
| #define HAVE_MEMORY_H 1
| #define HAVE_STRINGS_H 1
| #define HAVE_INTTYPES_H 1
| #define HAVE_STDINT_H 1
| #define HAVE_UNISTD_H 1
| /* end confdefs.h.  */
| #include <stdlib.h>
| #include <xmlparse/xmlparse.h>
| int
| main ()
| {
| XML_ParserCreate(NULL);
|   ;
|   return 0;
| }
configure:23053: result: no
configure:23115: checking Expat 1.95.x in /usr/local
configure:23135: gcc -o conftest -g -O2 -pthread  -DLINUX -D_REENTRANT -D_GNU_SOURCE -I/usr/local/include -L/usr/local/lib conftest.c  -lexpat >&5
conftest.c:20:19: error: expat.h: No such file or directory
configure:23135: $? = 1
configure: failed program was:
| /* confdefs.h */
| #define PACKAGE_NAME ""
| #define PACKAGE_TARNAME ""
| #define PACKAGE_VERSION ""
| #define PACKAGE_STRING ""
| #define PACKAGE_BUGREPORT ""
| #define PACKAGE_URL ""
| #define STDC_HEADERS 1
| #define HAVE_SYS_TYPES_H 1
| #define HAVE_SYS_STAT_H 1
| #define HAVE_STDLIB_H 1
| #define HAVE_STRING_H 1
| #define HAVE_MEMORY_H 1
| #define HAVE_STRINGS_H 1
| #define HAVE_INTTYPES_H 1
| #define HAVE_STDINT_H 1
| #define HAVE_UNISTD_H 1
| /* end confdefs.h.  */
| #include <stdlib.h>
| #include <expat.h>
| int
| main ()
| {
| XML_ParserCreate(NULL);
|   ;
|   return 0;
| }
configure:23145: result: no
configure:23598: checking iconv.h usability
configure:23598: gcc -c -g -O2 -pthread  -DLINUX -D_REENTRANT -D_GNU_SOURCE conftest.c >&5
configure:23598: $? = 0
configure:23598: result: yes
configure:23598: checking iconv.h presence
configure:23598: gcc -E  -DLINUX -D_REENTRANT -D_GNU_SOURCE conftest.c
configure:23598: $? = 0
configure:23598: result: yes
configure:23598: checking for iconv.h
configure:23598: result: yes
configure:23619: gcc -o conftest -g -O2 -pthread  -DLINUX -D_REENTRANT -D_GNU_SOURCE  conftest.c  >&5
configure:23619: $? = 0
configure:23842: checking for type of inbuf parameter to iconv
configure:23865: gcc -c -g -O2 -pthread  -Werror  -DLINUX -D_REENTRANT -D_GNU_SOURCE conftest.c >&5
configure:23865: $? = 0
configure:23882: result: char **
configure:23891: checking for iconv.h
configure:23891: result: yes
configure:23891: checking langinfo.h usability
configure:23891: gcc -c -g -O2 -pthread  -DLINUX -D_REENTRANT -D_GNU_SOURCE conftest.c >&5
configure:23891: $? = 0
configure:23891: result: yes
configure:23891: checking langinfo.h presence
configure:23891: gcc -E  -DLINUX -D_REENTRANT -D_GNU_SOURCE conftest.c
configure:23891: $? = 0
configure:23891: result: yes
configure:23891: checking for langinfo.h
configure:23891: result: yes
configure:23915: checking for nl_langinfo
configure:23915: gcc -o conftest -g -O2 -pthread  -DLINUX -D_REENTRANT -D_GNU_SOURCE  conftest.c  >&5
configure:23915: $? = 0
configure:23915: result: yes
configure:23935: checking for CODESET in langinfo.h
configure:23960: result: yes
configure:23984: checking whether APR has DSO support
configure:24009: result: yes
configure:24094: checking for library containing crypt
configure:24125: gcc -o conftest -g -O2 -pthread  -DLINUX -D_REENTRANT -D_GNU_SOURCE  conftest.c  >&5
/tmp/ccjQOksr.o: In function `main':
/home/guoliqiang/git-coding/coding/third_part/apr_util/apr-util-1.5.3/conftest.c:35: undefined reference to `crypt'
collect2: ld returned 1 exit status
configure:24125: $? = 1
configure: failed program was:
| /* confdefs.h */
| #define PACKAGE_NAME ""
| #define PACKAGE_TARNAME ""
| #define PACKAGE_VERSION ""
| #define PACKAGE_STRING ""
| #define PACKAGE_BUGREPORT ""
| #define PACKAGE_URL ""
| #define STDC_HEADERS 1
| #define HAVE_SYS_TYPES_H 1
| #define HAVE_SYS_STAT_H 1
| #define HAVE_STDLIB_H 1
| #define HAVE_STRING_H 1
| #define HAVE_MEMORY_H 1
| #define HAVE_STRINGS_H 1
| #define HAVE_INTTYPES_H 1
| #define HAVE_STDINT_H 1
| #define HAVE_UNISTD_H 1
| #define HAVE_ICONV_H 1
| #define HAVE_LANGINFO_H 1
| #define HAVE_NL_LANGINFO 1
| #define HAVE_CODESET 1
| #define APU_DSO_BUILD 1
| /* end confdefs.h.  */
| 
| /* Override any GCC internal prototype to avoid an error.
|    Use char because int might match the return type of a GCC
|    builtin and then its argument prototype would still apply.  */
| #ifdef __cplusplus
| extern "C"
| #endif
| char crypt ();
| int
| main ()
| {
| return crypt ();
|   ;
|   return 0;
| }
configure:24125: gcc -o conftest -g -O2 -pthread  -DLINUX -D_REENTRANT -D_GNU_SOURCE  conftest.c -lcrypt   >&5
configure:24125: $? = 0
configure:24142: result: -lcrypt
configure:24150: checking if system crypt() function is threadsafe
configure:24160: result: no
configure:24165: checking for crypt_r
configure:24165: gcc -o conftest -g -O2 -pthread  -DLINUX -D_REENTRANT -D_GNU_SOURCE  conftest.c -lcrypt  >&5
configure:24165: $? = 0
configure:24165: result: yes
configure:24179: checking style of crypt_r
configure:24196: gcc -c -g -O2 -pthread  -DLINUX -D_REENTRANT -D_GNU_SOURCE conftest.c >&5
conftest.c: In function 'main':
conftest.c:29: error: 'CRYPTD' undeclared (first use in this function)
conftest.c:29: error: (Each undeclared identifier is reported only once
conftest.c:29: error: for each function it appears in.)
conftest.c:29: error: expected ';' before 'buffer'
conftest.c:30: error: 'buffer' undeclared (first use in this function)
configure:24196: $? = 1
configure: failed program was:
| /* confdefs.h */
| #define PACKAGE_NAME ""
| #define PACKAGE_TARNAME ""
| #define PACKAGE_VERSION ""
| #define PACKAGE_STRING ""
| #define PACKAGE_BUGREPORT ""
| #define PACKAGE_URL ""
| #define STDC_HEADERS 1
| #define HAVE_SYS_TYPES_H 1
| #define HAVE_SYS_STAT_H 1
| #define HAVE_STDLIB_H 1
| #define HAVE_STRING_H 1
| #define HAVE_MEMORY_H 1
| #define HAVE_STRINGS_H 1
| #define HAVE_INTTYPES_H 1
| #define HAVE_STDINT_H 1
| #define HAVE_UNISTD_H 1
| #define HAVE_ICONV_H 1
| #define HAVE_LANGINFO_H 1
| #define HAVE_NL_LANGINFO 1
| #define HAVE_CODESET 1
| #define APU_DSO_BUILD 1
| #define HAVE_CRYPT_R 1
| /* end confdefs.h.  */
| #include <crypt.h>
| int
| main ()
| {
| CRYPTD buffer;
|   crypt_r("passwd", "hash", &buffer);
|   ;
|   return 0;
| }
configure:24211: gcc -c -g -O2 -pthread  -DLINUX -D_REENTRANT -D_GNU_SOURCE conftest.c >&5
configure:24211: $? = 0
configure:24220: result: struct_crypt_data
configure:24463: creating ./config.status

## ---------------------- ##
## Running config.status. ##
## ---------------------- ##

This file was extended by config.status, which was
generated by GNU Autoconf 2.69.  Invocation command line was

  CONFIG_FILES    = 
  CONFIG_HEADERS  = 
  CONFIG_LINKS    = 
  CONFIG_COMMANDS = 
  $ ./config.status 

on ubuntu

config.status:933: creating Makefile
config.status:933: creating export_vars.sh
config.status:933: creating build/pkg/pkginfo
config.status:933: creating apr-util.pc
config.status:933: creating apu-1-config
config.status:933: creating include/private/apu_select_dbm.h
config.status:933: creating include/apr_ldap.h
config.status:933: creating include/apu.h
config.status:933: creating include/apu_want.h
config.status:933: creating test/Makefile
config.status:933: creating include/private/apu_config.h
config.status:1122: executing default commands

## ---------------- ##
## Cache variables. ##
## ---------------- ##

ac_cv_build=x86_64-unknown-linux-gnu
ac_cv_c_compiler_gnu=yes
ac_cv_define_CODESET=yes
ac_cv_env_CC_set=
ac_cv_env_CC_value=
ac_cv_env_CFLAGS_set=
ac_cv_env_CFLAGS_value=
ac_cv_env_CPPFLAGS_set=
ac_cv_env_CPPFLAGS_value=
ac_cv_env_CPP_set=
ac_cv_env_CPP_value=
ac_cv_env_LDFLAGS_set=
ac_cv_env_LDFLAGS_value=
ac_cv_env_LIBS_set=
ac_cv_env_LIBS_value=
ac_cv_env_build_alias_set=
ac_cv_env_build_alias_value=
ac_cv_env_host_alias_set=
ac_cv_env_host_alias_value=
ac_cv_env_target_alias_set=
ac_cv_env_target_alias_value=
ac_cv_func_crypt_r=yes
ac_cv_func_nl_langinfo=yes
ac_cv_header_freetds_sybdb_h=no
ac_cv_header_iconv_h=yes
ac_cv_header_inttypes_h=yes
ac_cv_header_langinfo_h=yes
ac_cv_header_libpq_fe_h=no
ac_cv_header_memory_h=yes
ac_cv_header_odbc_sql_h=no
ac_cv_header_postgresql_libpq_fe_h=no
ac_cv_header_sql_h=no
ac_cv_header_sqlite3_h=no
ac_cv_header_sqlite_h=no
ac_cv_header_stdc=yes
ac_cv_header_stdint_h=yes
ac_cv_header_stdlib_h=yes
ac_cv_header_string_h=yes
ac_cv_header_strings_h=yes
ac_cv_header_sybdb_h=no
ac_cv_header_sys_stat_h=yes
ac_cv_header_sys_types_h=yes
ac_cv_header_unistd_h=yes
ac_cv_host=x86_64-unknown-linux-gnu
ac_cv_mkdir_p=yes
ac_cv_objext=o
ac_cv_path_EGREP='/bin/grep -E'
ac_cv_path_GREP=/bin/grep
ac_cv_path_install='/usr/bin/install -c'
ac_cv_prog_CPP='gcc -E'
ac_cv_prog_ac_ct_CC=gcc
ac_cv_prog_cc_c89=
ac_cv_prog_cc_g=yes
ac_cv_search_crypt=-lcrypt
ac_cv_target=x86_64-unknown-linux-gnu
apr_cv_crypt_r_style=struct_crypt_data
apu_cv_aprdso=yes
apu_cv_expat_1011=no
apu_cv_expat_debian=no
apu_cv_expat_freebsd=no
apu_cv_expat_system=no
apu_cv_expat_usrlocal=no

## ----------------- ##
## Output variables. ##
## ----------------- ##

APRUTIL_DOTTED_VERSION='1.5.3'
APRUTIL_EXPORT_LIBS='/home/guoliqiang/git-coding/coding/third_part/apr_util/apr-util-1.5.3/xml/expat/libexpat.la'
APRUTIL_INCLUDES='-I/home/guoliqiang/git-coding/coding/third_part/apr_util/apr-util-1.5.3/xml/expat/lib'
APRUTIL_LDFLAGS=''
APRUTIL_LIBNAME='aprutil-${APRUTIL_MAJOR_VERSION}'
APRUTIL_LIBS='/home/guoliqiang/git-coding/coding/third_part/apr_util/apr-util-1.5.3/xml/expat/libexpat.la /home/guoliqiang/git-coding/coding/third_part/apr//lib/libapr-1.la -lrt -lcrypt -lpthread -ldl'
APRUTIL_MAJOR_VERSION='1'
APRUTIL_PRIV_INCLUDES='-I/home/guoliqiang/git-coding/coding/third_part/apr_util/apr-util-1.5.3/include -I/home/guoliqiang/git-coding/coding/third_part/apr_util/apr-util-1.5.3/include/private'
APR_BUILD_DIR='/home/guoliqiang/git-coding/coding/third_part/apr/build-1'
APR_ICONV_DIR=''
APR_INCLUDES=' -I/home/guoliqiang/git-coding/coding/third_part/apr//include/apr-1 '
APR_LIBS=' /home/guoliqiang/git-coding/coding/third_part/apr//lib/libapr-1.la -lrt -lcrypt  -lpthread -ldl'
APR_XML_DIR='xml/expat'
APU_CONFIG_LOCATION='source'
APU_DSO_LIBDIR='${libdir}/apr-util-1'
APU_HAVE_MODULES='no'
APU_LTVERSION='-version-info 5:3:5'
APU_MODULES=''
CC='gcc'
CFLAGS='-g -O2 -pthread'
CPP='gcc -E'
CPPFLAGS=' -DLINUX -D_REENTRANT -D_GNU_SOURCE'
DEFS='-DHAVE_CONFIG_H'
ECHO_C=''
ECHO_N='-n'
ECHO_T=''
EGREP='/bin/grep -E'
EXEEXT=''
EXTRA_OBJECTS=''
GREP='/bin/grep'
INCLUDE_OUTPUTS='include /home/guoliqiang/git-coding/coding/third_part/apr_util/apr-util-1.5.3/build-outputs.mk'
INCLUDE_RULES='include /home/guoliqiang/git-coding/coding/third_part/apr_util/apr-util-1.5.3/build/rules.mk'
INSTALL_DATA='${INSTALL} -m 644'
INSTALL_PROGRAM='${INSTALL}'
INSTALL_SCRIPT='${INSTALL}'
LDADD_crypto_nss=''
LDADD_crypto_openssl=''
LDADD_dbd_freetds=''
LDADD_dbd_mysql=''
LDADD_dbd_odbc=''
LDADD_dbd_oracle=''
LDADD_dbd_pgsql=''
LDADD_dbd_sqlite2=''
LDADD_dbd_sqlite3=''
LDADD_dbm_db=''
LDADD_dbm_gdbm=''
LDADD_dbm_ndbm=''
LDADD_ldap=''
LDFLAGS=''
LIBOBJS=''
LIBS='-lcrypt '
LTLIBOBJS=''
LT_NO_INSTALL='-no-install'
MYSQL_CONFIG=''
OBJEXT='o'
ODBC_CONFIG=''
PACKAGE_BUGREPORT=''
PACKAGE_NAME=''
PACKAGE_STRING=''
PACKAGE_TARNAME=''
PACKAGE_URL=''
PACKAGE_VERSION=''
PATH_SEPARATOR=':'
PGSQL_CONFIG=''
PKG_CONFIG=''
SHELL='/bin/bash'
abs_builddir='/home/guoliqiang/git-coding/coding/third_part/apr_util/apr-util-1.5.3'
abs_srcdir='/home/guoliqiang/git-coding/coding/third_part/apr_util/apr-util-1.5.3'
ac_ct_CC='gcc'
apr_shlibpath_var='LD_LIBRARY_PATH'
apu_db_header='db.h'
apu_db_version='0'
apu_dbd_tests=''
apu_has_ldap='0'
apu_has_ldap_microsoft='0'
apu_has_ldap_mozilla='0'
apu_has_ldap_netscape='0'
apu_has_ldap_novell='0'
apu_has_ldap_openldap='0'
apu_has_ldap_other='0'
apu_has_ldap_solaris='0'
apu_has_ldap_sslinit='0'
apu_has_ldap_start_tls_s='0'
apu_has_ldap_tivoli='0'
apu_has_ldap_zos='0'
apu_has_ldapssl_add_trusted_cert='0'
apu_has_ldapssl_client_deinit='0'
apu_has_ldapssl_client_init='0'
apu_has_ldapssl_init='0'
apu_has_ldapssl_install_routines='0'
apu_have_crypto='0'
apu_have_db='0'
apu_have_freetds='0'
apu_have_gdbm='0'
apu_have_mysql='0'
apu_have_ndbm='0'
apu_have_nss='0'
apu_have_odbc='0'
apu_have_openssl='0'
apu_have_oracle='0'
apu_have_pgsql='0'
apu_have_sdbm='1'
apu_have_sqlite2='0'
apu_have_sqlite3='0'
apu_use_db='0'
apu_use_gdbm='0'
apu_use_ndbm='0'
apu_use_sdbm='1'
bindir='${exec_prefix}/bin'
build='x86_64-unknown-linux-gnu'
build_alias=''
build_cpu='x86_64'
build_os='linux-gnu'
build_vendor='unknown'
datadir='${prefix}'
datarootdir='${prefix}/share'
docdir='${datarootdir}/doc/${PACKAGE}'
dvidir='${docdir}'
exec_prefix='${prefix}'
have_apr_iconv='0'
have_iconv='1'
host='x86_64-unknown-linux-gnu'
host_alias=''
host_cpu='x86_64'
host_os='linux-gnu'
host_vendor='unknown'
htmldir='${docdir}'
includedir='${prefix}/include/apr-${APRUTIL_MAJOR_VERSION}'
infodir='${datarootdir}/info'
lber_h=''
ldap_h=''
ldap_ssl_h=''
lib_target='-rpath $(libdir) $(OBJECTS)'
libdir='${exec_prefix}/lib'
libexecdir='${exec_prefix}/modules'
localedir='${datarootdir}/locale'
localstatedir='${prefix}'
mandir='${prefix}/man'
oldincludedir='/usr/include'
pdfdir='${docdir}'
prefix='/home/guoliqiang/git-coding/coding/third_part/apr_util/'
program_transform_name='s,x,x,'
psdir='${docdir}'
sbindir='${exec_prefix}/bin'
sharedstatedir='${prefix}/com'
so_ext='lo'
sysconfdir='${prefix}/conf'
target='x86_64-unknown-linux-gnu'
target_alias=''
target_cpu='x86_64'
target_os='linux-gnu'
target_vendor='unknown'
top_builddir='/home/guoliqiang/git-coding/coding/third_part/apr_util/apr-util-1.5.3'

## ----------- ##
## confdefs.h. ##
## ----------- ##

/* confdefs.h */
#define PACKAGE_NAME ""
#define PACKAGE_TARNAME ""
#define PACKAGE_VERSION ""
#define PACKAGE_STRING ""
#define PACKAGE_BUGREPORT ""
#define PACKAGE_URL ""
#define STDC_HEADERS 1
#define HAVE_SYS_TYPES_H 1
#define HAVE_SYS_STAT_H 1
#define HAVE_STDLIB_H 1
#define HAVE_STRING_H 1
#define HAVE_MEMORY_H 1
#define HAVE_STRINGS_H 1
#define HAVE_INTTYPES_H 1
#define HAVE_STDINT_H 1
#define HAVE_UNISTD_H 1
#define HAVE_ICONV_H 1
#define HAVE_LANGINFO_H 1
#define HAVE_NL_LANGINFO 1
#define HAVE_CODESET 1
#define APU_DSO_BUILD 1
#define HAVE_CRYPT_R 1
#define CRYPT_R_STRUCT_CRYPT_DATA 1
#define APU_DSO_LIBDIR "/home/guoliqiang/git-coding/coding/third_part/apr_util//lib/apr-util-1"

configure: exit 0
