This file contains any messages produced by compilers while
running configure, to aid debugging if configure makes a mistake.

It was created by breakpad configure 0.1, which was
generated by GNU Autoconf 2.65.  Invocation command line was

  $ ./configure --prefix=/home/guoliqiang/git-coding/coding/third_part/breakpad/

## --------- ##
## Platform. ##
## --------- ##

hostname = guoliqiang-desktop
uname -m = x86_64
uname -r = 2.6.32-21-generic
uname -s = Linux
uname -v = #32-Ubuntu SMP Fri Apr 16 08:09:38 UTC 2010

/usr/bin/uname -p = unknown
/bin/uname -X     = unknown

/bin/arch              = unknown
/usr/bin/arch -k       = unknown
/usr/convex/getsysinfo = unknown
/usr/bin/hostinfo      = unknown
/bin/machine           = unknown
/usr/bin/oslevel       = unknown
/bin/universe          = unknown

PATH: /home/guoliqiang/git-coding/coding/third_part/hadoop/hadoop-1.1.2/bin
PATH: /usr/lib/jvm/java-6-openjdk//bin
PATH: /usr/local/sbin
PATH: /usr/local/bin
PATH: /usr/sbin
PATH: /usr/bin
PATH: /sbin
PATH: /bin
PATH: /usr/games


## ----------- ##
## Core tests. ##
## ----------- ##

configure:2165: checking build system type
configure:2179: result: x86_64-unknown-linux-gnu
configure:2199: checking host system type
configure:2212: result: x86_64-unknown-linux-gnu
configure:2249: checking for a BSD-compatible install
configure:2317: result: /usr/bin/install -c
configure:2328: checking whether build environment is sane
configure:2378: result: yes
configure:2519: checking for a thread-safe mkdir -p
configure:2558: result: /bin/mkdir -p
configure:2571: checking for gawk
configure:2587: found /usr/bin/gawk
configure:2598: result: gawk
configure:2609: checking whether make sets $(MAKE)
configure:2631: result: yes
configure:2706: checking how to create a ustar tar archive
configure:2719: tar --version
tar (GNU tar) 1.22
Copyright (C) 2009 Free Software Foundation, Inc.
License GPLv3+: GNU GPL version 3 or later <http://gnu.org/licenses/gpl.html>.
This is free software: you are free to change and redistribute it.
There is NO WARRANTY, to the extent permitted by law.

Written by John Gilmore and Jay Fenlason.
configure:2722: $? = 0
configure:2762: tardir=conftest.dir && eval tar --format=ustar -chf - "$tardir" >conftest.tar
configure:2765: $? = 0
configure:2769: tar -xf - <conftest.tar
configure:2772: $? = 0
configure:2785: result: gnutar
configure:2807: checking for style of include used by make
configure:2835: result: GNU
configure:2905: checking for gcc
configure:2921: found /usr/bin/gcc
configure:2932: result: gcc
configure:3161: checking for C compiler version
configure:3170: gcc --version >&5
gcc (Ubuntu 4.4.3-4ubuntu5.1) 4.4.3
Copyright (C) 2009 Free Software Foundation, Inc.
This is free software; see the source for copying conditions.  There is NO
warranty; not even for MERCHANTABILITY or FITNESS FOR A PARTICULAR PURPOSE.

configure:3181: $? = 0
configure:3170: gcc -v >&5
Using built-in specs.
Target: x86_64-linux-gnu
Configured with: ../src/configure -v --with-pkgversion='Ubuntu 4.4.3-4ubuntu5.1' --with-bugurl=file:///usr/share/doc/gcc-4.4/README.Bugs --enable-languages=c,c++,fortran,objc,obj-c++ --prefix=/usr --enable-shared --enable-multiarch --enable-linker-build-id --with-system-zlib --libexecdir=/usr/lib --without-included-gettext --enable-threads=posix --with-gxx-include-dir=/usr/include/c++/4.4 --program-suffix=-4.4 --enable-nls --enable-clocale=gnu --enable-libstdcxx-debug --enable-plugin --enable-objc-gc --disable-werror --with-arch-32=i486 --with-tune=generic --enable-checking=release --build=x86_64-linux-gnu --host=x86_64-linux-gnu --target=x86_64-linux-gnu
Thread model: posix
gcc version 4.4.3 (Ubuntu 4.4.3-4ubuntu5.1) 
configure:3181: $? = 0
configure:3170: gcc -V >&5
gcc: '-V' option must have argument
configure:3181: $? = 1
configure:3170: gcc -qversion >&5
gcc: unrecognized option '-qversion'
gcc: no input files
configure:3181: $? = 1
configure:3201: checking whether the C compiler works
configure:3223: gcc    conftest.c  >&5
configure:3227: $? = 0
configure:3276: result: yes
configure:3279: checking for C compiler default output file name
configure:3281: result: a.out
configure:3287: checking for suffix of executables
configure:3294: gcc -o conftest    conftest.c  >&5
configure:3298: $? = 0
configure:3320: result: 
configure:3342: checking whether we are cross compiling
configure:3350: gcc -o conftest    conftest.c  >&5
configure:3354: $? = 0
configure:3361: ./conftest
configure:3365: $? = 0
configure:3380: result: no
configure:3385: checking for suffix of object files
configure:3407: gcc -c   conftest.c >&5
configure:3411: $? = 0
configure:3432: result: o
configure:3436: checking whether we are using the GNU C compiler
configure:3455: gcc -c   conftest.c >&5
configure:3455: $? = 0
configure:3464: result: yes
configure:3473: checking whether gcc accepts -g
configure:3493: gcc -c -g  conftest.c >&5
configure:3493: $? = 0
configure:3534: result: yes
configure:3551: checking for gcc option to accept ISO C89
configure:3615: gcc  -c -g -O2  conftest.c >&5
configure:3615: $? = 0
configure:3628: result: none needed
configure:3650: checking dependency style of gcc
configure:3760: result: gcc3
configure:3784: checking dependency style of gcc
configure:3892: result: gcc3
configure:3955: checking for gcc
configure:3982: result: gcc
configure:4211: checking for C compiler version
configure:4220: gcc --version >&5
gcc (Ubuntu 4.4.3-4ubuntu5.1) 4.4.3
Copyright (C) 2009 Free Software Foundation, Inc.
This is free software; see the source for copying conditions.  There is NO
warranty; not even for MERCHANTABILITY or FITNESS FOR A PARTICULAR PURPOSE.

configure:4231: $? = 0
configure:4220: gcc -v >&5
Using built-in specs.
Target: x86_64-linux-gnu
Configured with: ../src/configure -v --with-pkgversion='Ubuntu 4.4.3-4ubuntu5.1' --with-bugurl=file:///usr/share/doc/gcc-4.4/README.Bugs --enable-languages=c,c++,fortran,objc,obj-c++ --prefix=/usr --enable-shared --enable-multiarch --enable-linker-build-id --with-system-zlib --libexecdir=/usr/lib --without-included-gettext --enable-threads=posix --with-gxx-include-dir=/usr/include/c++/4.4 --program-suffix=-4.4 --enable-nls --enable-clocale=gnu --enable-libstdcxx-debug --enable-plugin --enable-objc-gc --disable-werror --with-arch-32=i486 --with-tune=generic --enable-checking=release --build=x86_64-linux-gnu --host=x86_64-linux-gnu --target=x86_64-linux-gnu
Thread model: posix
gcc version 4.4.3 (Ubuntu 4.4.3-4ubuntu5.1) 
configure:4231: $? = 0
configure:4220: gcc -V >&5
gcc: '-V' option must have argument
configure:4231: $? = 1
configure:4220: gcc -qversion >&5
gcc: unrecognized option '-qversion'
gcc: no input files
configure:4231: $? = 1
configure:4235: checking whether we are using the GNU C compiler
configure:4263: result: yes
configure:4272: checking whether gcc accepts -g
configure:4333: result: yes
configure:4350: checking for gcc option to accept ISO C89
configure:4427: result: none needed
configure:4449: checking dependency style of gcc
configure:4559: result: gcc3
configure:4575: checking whether gcc and cc understand -c and -o together
configure:4606: gcc -c conftest.c -o conftest2.o >&5
configure:4610: $? = 0
configure:4616: gcc -c conftest.c -o conftest2.o >&5
configure:4620: $? = 0
configure:4631: cc -c conftest.c >&5
configure:4635: $? = 0
configure:4643: cc -c conftest.c -o conftest2.o >&5
configure:4647: $? = 0
configure:4653: cc -c conftest.c -o conftest2.o >&5
configure:4657: $? = 0
configure:4675: result: yes
configure:4705: checking how to run the C preprocessor
configure:4736: gcc -E  conftest.c
configure:4736: $? = 0
configure:4750: gcc -E  conftest.c
conftest.c:11:28: error: ac_nonexistent.h: No such file or directory
configure:4750: $? = 1
configure: failed program was:
| /* confdefs.h */
| #define PACKAGE_NAME "breakpad"
| #define PACKAGE_TARNAME "breakpad"
| #define PACKAGE_VERSION "0.1"
| #define PACKAGE_STRING "breakpad 0.1"
| #define PACKAGE_BUGREPORT "google-breakpad-dev@googlegroups.com"
| #define PACKAGE_URL ""
| #define PACKAGE "breakpad"
| #define VERSION "0.1"
| /* end confdefs.h.  */
| #include <ac_nonexistent.h>
configure:4775: result: gcc -E
configure:4795: gcc -E  conftest.c
configure:4795: $? = 0
configure:4809: gcc -E  conftest.c
conftest.c:11:28: error: ac_nonexistent.h: No such file or directory
configure:4809: $? = 1
configure: failed program was:
| /* confdefs.h */
| #define PACKAGE_NAME "breakpad"
| #define PACKAGE_TARNAME "breakpad"
| #define PACKAGE_VERSION "0.1"
| #define PACKAGE_STRING "breakpad 0.1"
| #define PACKAGE_BUGREPORT "google-breakpad-dev@googlegroups.com"
| #define PACKAGE_URL ""
| #define PACKAGE "breakpad"
| #define VERSION "0.1"
| /* end confdefs.h.  */
| #include <ac_nonexistent.h>
configure:4895: checking for g++
configure:4911: found /usr/bin/g++
configure:4922: result: g++
configure:4949: checking for C++ compiler version
configure:4958: g++ --version >&5
g++ (Ubuntu 4.4.3-4ubuntu5.1) 4.4.3
Copyright (C) 2009 Free Software Foundation, Inc.
This is free software; see the source for copying conditions.  There is NO
warranty; not even for MERCHANTABILITY or FITNESS FOR A PARTICULAR PURPOSE.

configure:4969: $? = 0
configure:4958: g++ -v >&5
Using built-in specs.
Target: x86_64-linux-gnu
Configured with: ../src/configure -v --with-pkgversion='Ubuntu 4.4.3-4ubuntu5.1' --with-bugurl=file:///usr/share/doc/gcc-4.4/README.Bugs --enable-languages=c,c++,fortran,objc,obj-c++ --prefix=/usr --enable-shared --enable-multiarch --enable-linker-build-id --with-system-zlib --libexecdir=/usr/lib --without-included-gettext --enable-threads=posix --with-gxx-include-dir=/usr/include/c++/4.4 --program-suffix=-4.4 --enable-nls --enable-clocale=gnu --enable-libstdcxx-debug --enable-plugin --enable-objc-gc --disable-werror --with-arch-32=i486 --with-tune=generic --enable-checking=release --build=x86_64-linux-gnu --host=x86_64-linux-gnu --target=x86_64-linux-gnu
Thread model: posix
gcc version 4.4.3 (Ubuntu 4.4.3-4ubuntu5.1) 
configure:4969: $? = 0
configure:4958: g++ -V >&5
g++: '-V' option must have argument
configure:4969: $? = 1
configure:4958: g++ -qversion >&5
g++: unrecognized option '-qversion'
g++: no input files
configure:4969: $? = 1
configure:4973: checking whether we are using the GNU C++ compiler
configure:4992: g++ -c   conftest.cpp >&5
configure:4992: $? = 0
configure:5001: result: yes
configure:5010: checking whether g++ accepts -g
configure:5030: g++ -c -g  conftest.cpp >&5
configure:5030: $? = 0
configure:5071: result: yes
configure:5096: checking dependency style of g++
configure:5206: result: gcc3
configure:5264: checking for ranlib
configure:5280: found /usr/bin/ranlib
configure:5291: result: ranlib
configure:5324: checking for grep that handles long lines and -e
configure:5382: result: /bin/grep
configure:5387: checking for egrep
configure:5449: result: /bin/grep -E
configure:5454: checking for ANSI C header files
configure:5474: gcc -c -g -O2  conftest.c >&5
configure:5474: $? = 0
configure:5547: gcc -o conftest -g -O2   conftest.c  >&5
configure:5547: $? = 0
configure:5547: ./conftest
configure:5547: $? = 0
configure:5558: result: yes
configure:5833: checking for the pthreads library -lpthreads
configure:5871: gcc -o conftest -g -O2    conftest.c -lpthreads  >&5
/usr/bin/ld: cannot find -lpthreads
collect2: ld returned 1 exit status
configure:5871: $? = 1
configure: failed program was:
| /* confdefs.h */
| #define PACKAGE_NAME "breakpad"
| #define PACKAGE_TARNAME "breakpad"
| #define PACKAGE_VERSION "0.1"
| #define PACKAGE_STRING "breakpad 0.1"
| #define PACKAGE_BUGREPORT "google-breakpad-dev@googlegroups.com"
| #define PACKAGE_URL ""
| #define PACKAGE "breakpad"
| #define VERSION "0.1"
| #define STDC_HEADERS 1
| /* end confdefs.h.  */
| #include <pthread.h>
| 	             static void routine(void* a) {a=0;}
| 	             static void* start_routine(void* a) {return a;}
| int
| main ()
| {
| pthread_t th; pthread_attr_t attr;
|                      pthread_join(th, 0);
|                      pthread_attr_init(&attr);
|                      pthread_cleanup_push(routine, 0);
|                      pthread_create(&th,0,start_routine,0);
|                      pthread_cleanup_pop(0);
|   ;
|   return 0;
| }
configure:5880: result: no
configure:5778: checking whether pthreads work without any flags
configure:5871: gcc -o conftest -g -O2    conftest.c   >&5
/tmp/ccmaSYrT.o: In function `main':
/home/guoliqiang/git-coding/coding/third_part/breakpad/google-breakpad/conftest.c:19: undefined reference to `pthread_join'
/home/guoliqiang/git-coding/coding/third_part/breakpad/google-breakpad/conftest.c:21: undefined reference to `__pthread_register_cancel'
/home/guoliqiang/git-coding/coding/third_part/breakpad/google-breakpad/conftest.c:22: undefined reference to `pthread_create'
/home/guoliqiang/git-coding/coding/third_part/breakpad/google-breakpad/conftest.c:23: undefined reference to `__pthread_unregister_cancel'
collect2: ld returned 1 exit status
configure:5871: $? = 1
configure: failed program was:
| /* confdefs.h */
| #define PACKAGE_NAME "breakpad"
| #define PACKAGE_TARNAME "breakpad"
| #define PACKAGE_VERSION "0.1"
| #define PACKAGE_STRING "breakpad 0.1"
| #define PACKAGE_BUGREPORT "google-breakpad-dev@googlegroups.com"
| #define PACKAGE_URL ""
| #define PACKAGE "breakpad"
| #define VERSION "0.1"
| #define STDC_HEADERS 1
| /* end confdefs.h.  */
| #include <pthread.h>
| 	             static void routine(void* a) {a=0;}
| 	             static void* start_routine(void* a) {return a;}
| int
| main ()
| {
| pthread_t th; pthread_attr_t attr;
|                      pthread_join(th, 0);
|                      pthread_attr_init(&attr);
|                      pthread_cleanup_push(routine, 0);
|                      pthread_create(&th,0,start_routine,0);
|                      pthread_cleanup_pop(0);
|   ;
|   return 0;
| }
configure:5880: result: no
configure:5783: checking whether pthreads work with -Kthread
configure:5871: gcc -o conftest -g -O2 -Kthread   conftest.c   >&5
gcc: unrecognized option '-Kthread'
/tmp/ccGzajN1.o: In function `main':
/home/guoliqiang/git-coding/coding/third_part/breakpad/google-breakpad/conftest.c:19: undefined reference to `pthread_join'
/home/guoliqiang/git-coding/coding/third_part/breakpad/google-breakpad/conftest.c:21: undefined reference to `__pthread_register_cancel'
/home/guoliqiang/git-coding/coding/third_part/breakpad/google-breakpad/conftest.c:22: undefined reference to `pthread_create'
/home/guoliqiang/git-coding/coding/third_part/breakpad/google-breakpad/conftest.c:23: undefined reference to `__pthread_unregister_cancel'
collect2: ld returned 1 exit status
configure:5871: $? = 1
configure: failed program was:
| /* confdefs.h */
| #define PACKAGE_NAME "breakpad"
| #define PACKAGE_TARNAME "breakpad"
| #define PACKAGE_VERSION "0.1"
| #define PACKAGE_STRING "breakpad 0.1"
| #define PACKAGE_BUGREPORT "google-breakpad-dev@googlegroups.com"
| #define PACKAGE_URL ""
| #define PACKAGE "breakpad"
| #define VERSION "0.1"
| #define STDC_HEADERS 1
| /* end confdefs.h.  */
| #include <pthread.h>
| 	             static void routine(void* a) {a=0;}
| 	             static void* start_routine(void* a) {return a;}
| int
| main ()
| {
| pthread_t th; pthread_attr_t attr;
|                      pthread_join(th, 0);
|                      pthread_attr_init(&attr);
|                      pthread_cleanup_push(routine, 0);
|                      pthread_create(&th,0,start_routine,0);
|                      pthread_cleanup_pop(0);
|   ;
|   return 0;
| }
configure:5880: result: no
configure:5783: checking whether pthreads work with -kthread
configure:5871: gcc -o conftest -g -O2 -kthread   conftest.c   >&5
gcc: unrecognized option '-kthread'
/tmp/ccB9MajY.o: In function `main':
/home/guoliqiang/git-coding/coding/third_part/breakpad/google-breakpad/conftest.c:19: undefined reference to `pthread_join'
/home/guoliqiang/git-coding/coding/third_part/breakpad/google-breakpad/conftest.c:21: undefined reference to `__pthread_register_cancel'
/home/guoliqiang/git-coding/coding/third_part/breakpad/google-breakpad/conftest.c:22: undefined reference to `pthread_create'
/home/guoliqiang/git-coding/coding/third_part/breakpad/google-breakpad/conftest.c:23: undefined reference to `__pthread_unregister_cancel'
collect2: ld returned 1 exit status
configure:5871: $? = 1
configure: failed program was:
| /* confdefs.h */
| #define PACKAGE_NAME "breakpad"
| #define PACKAGE_TARNAME "breakpad"
| #define PACKAGE_VERSION "0.1"
| #define PACKAGE_STRING "breakpad 0.1"
| #define PACKAGE_BUGREPORT "google-breakpad-dev@googlegroups.com"
| #define PACKAGE_URL ""
| #define PACKAGE "breakpad"
| #define VERSION "0.1"
| #define STDC_HEADERS 1
| /* end confdefs.h.  */
| #include <pthread.h>
| 	             static void routine(void* a) {a=0;}
| 	             static void* start_routine(void* a) {return a;}
| int
| main ()
| {
| pthread_t th; pthread_attr_t attr;
|                      pthread_join(th, 0);
|                      pthread_attr_init(&attr);
|                      pthread_cleanup_push(routine, 0);
|                      pthread_create(&th,0,start_routine,0);
|                      pthread_cleanup_pop(0);
|   ;
|   return 0;
| }
configure:5880: result: no
configure:5833: checking for the pthreads library -llthread
configure:5871: gcc -o conftest -g -O2    conftest.c -llthread  >&5
/usr/bin/ld: cannot find -llthread
collect2: ld returned 1 exit status
configure:5871: $? = 1
configure: failed program was:
| /* confdefs.h */
| #define PACKAGE_NAME "breakpad"
| #define PACKAGE_TARNAME "breakpad"
| #define PACKAGE_VERSION "0.1"
| #define PACKAGE_STRING "breakpad 0.1"
| #define PACKAGE_BUGREPORT "google-breakpad-dev@googlegroups.com"
| #define PACKAGE_URL ""
| #define PACKAGE "breakpad"
| #define VERSION "0.1"
| #define STDC_HEADERS 1
| /* end confdefs.h.  */
| #include <pthread.h>
| 	             static void routine(void* a) {a=0;}
| 	             static void* start_routine(void* a) {return a;}
| int
| main ()
| {
| pthread_t th; pthread_attr_t attr;
|                      pthread_join(th, 0);
|                      pthread_attr_init(&attr);
|                      pthread_cleanup_push(routine, 0);
|                      pthread_create(&th,0,start_routine,0);
|                      pthread_cleanup_pop(0);
|   ;
|   return 0;
| }
configure:5880: result: no
configure:5783: checking whether pthreads work with -pthread
configure:5871: gcc -o conftest -g -O2 -pthread   conftest.c   >&5
configure:5871: $? = 0
configure:5880: result: yes
configure:5899: checking for joinable pthread attribute
configure:5914: gcc -o conftest -g -O2 -pthread   conftest.c   >&5
configure:5914: $? = 0
configure:5920: result: PTHREAD_CREATE_JOINABLE
configure:5930: checking if more special flags are required for pthreads
configure:5937: result: no
configure:6024: checking for sys/types.h
configure:6024: gcc -c -g -O2  conftest.c >&5
configure:6024: $? = 0
configure:6024: result: yes
configure:6024: checking for sys/stat.h
configure:6024: gcc -c -g -O2  conftest.c >&5
configure:6024: $? = 0
configure:6024: result: yes
configure:6024: checking for stdlib.h
configure:6024: gcc -c -g -O2  conftest.c >&5
configure:6024: $? = 0
configure:6024: result: yes
configure:6024: checking for string.h
configure:6024: gcc -c -g -O2  conftest.c >&5
configure:6024: $? = 0
configure:6024: result: yes
configure:6024: checking for memory.h
configure:6024: gcc -c -g -O2  conftest.c >&5
configure:6024: $? = 0
configure:6024: result: yes
configure:6024: checking for strings.h
configure:6024: gcc -c -g -O2  conftest.c >&5
configure:6024: $? = 0
configure:6024: result: yes
configure:6024: checking for inttypes.h
configure:6024: gcc -c -g -O2  conftest.c >&5
configure:6024: $? = 0
configure:6024: result: yes
configure:6024: checking for stdint.h
configure:6024: gcc -c -g -O2  conftest.c >&5
configure:6024: $? = 0
configure:6024: result: yes
configure:6024: checking for unistd.h
configure:6024: gcc -c -g -O2  conftest.c >&5
configure:6024: $? = 0
configure:6024: result: yes
configure:6039: checking a.out.h usability
configure:6039: gcc -c -g -O2  conftest.c >&5
configure:6039: $? = 0
configure:6039: result: yes
configure:6039: checking a.out.h presence
configure:6039: gcc -E  conftest.c
configure:6039: $? = 0
configure:6039: result: yes
configure:6039: checking for a.out.h
configure:6039: result: yes
configure:6338: creating ./config.status

## ---------------------- ##
## Running config.status. ##
## ---------------------- ##

This file was extended by breakpad config.status 0.1, which was
generated by GNU Autoconf 2.65.  Invocation command line was

  CONFIG_FILES    = 
  CONFIG_HEADERS  = 
  CONFIG_LINKS    = 
  CONFIG_COMMANDS = 
  $ ./config.status 

on guoliqiang-desktop

config.status:888: creating Makefile
config.status:888: creating src/config.h
config.status:1108: executing depfiles commands

## ---------------- ##
## Cache variables. ##
## ---------------- ##

ac_cv_build=x86_64-unknown-linux-gnu
ac_cv_c_compiler_gnu=yes
ac_cv_cxx_compiler_gnu=yes
ac_cv_env_CCASFLAGS_set=
ac_cv_env_CCASFLAGS_value=
ac_cv_env_CCAS_set=
ac_cv_env_CCAS_value=
ac_cv_env_CCC_set=
ac_cv_env_CCC_value=
ac_cv_env_CC_set=
ac_cv_env_CC_value=
ac_cv_env_CFLAGS_set=
ac_cv_env_CFLAGS_value=
ac_cv_env_CPPFLAGS_set=
ac_cv_env_CPPFLAGS_value=
ac_cv_env_CPP_set=
ac_cv_env_CPP_value=
ac_cv_env_CXXFLAGS_set=
ac_cv_env_CXXFLAGS_value=
ac_cv_env_CXX_set=
ac_cv_env_CXX_value=
ac_cv_env_LDFLAGS_set=
ac_cv_env_LDFLAGS_value=
ac_cv_env_LIBS_set=
ac_cv_env_LIBS_value=
ac_cv_env_build_alias_set=
ac_cv_env_build_alias_value=
ac_cv_env_host_alias_set=
ac_cv_env_host_alias_value=
ac_cv_env_target_alias_set=
ac_cv_env_target_alias_value=
ac_cv_header_a_out_h=yes
ac_cv_header_inttypes_h=yes
ac_cv_header_memory_h=yes
ac_cv_header_stdc=yes
ac_cv_header_stdint_h=yes
ac_cv_header_stdlib_h=yes
ac_cv_header_string_h=yes
ac_cv_header_strings_h=yes
ac_cv_header_sys_stat_h=yes
ac_cv_header_sys_types_h=yes
ac_cv_header_unistd_h=yes
ac_cv_host=x86_64-unknown-linux-gnu
ac_cv_objext=o
ac_cv_path_EGREP='/bin/grep -E'
ac_cv_path_GREP=/bin/grep
ac_cv_path_install='/usr/bin/install -c'
ac_cv_path_mkdir=/bin/mkdir
ac_cv_prog_AWK=gawk
ac_cv_prog_CPP='gcc -E'
ac_cv_prog_ac_ct_CC=gcc
ac_cv_prog_ac_ct_CXX=g++
ac_cv_prog_ac_ct_RANLIB=ranlib
ac_cv_prog_cc_c89=
ac_cv_prog_cc_g=yes
ac_cv_prog_cc_gcc_c_o=yes
ac_cv_prog_cxx_g=yes
ac_cv_prog_make_make_set=yes
am_cv_CCAS_dependencies_compiler_type=gcc3
am_cv_CC_dependencies_compiler_type=gcc3
am_cv_CXX_dependencies_compiler_type=gcc3
am_cv_prog_tar_ustar=gnutar

## ----------------- ##
## Output variables. ##
## ----------------- ##

ACLOCAL='${SHELL} /home/guoliqiang/git-coding/coding/third_part/breakpad/google-breakpad/autotools/missing --run aclocal-1.11'
AMDEPBACKSLASH='\'
AMDEP_FALSE='#'
AMDEP_TRUE=''
AMTAR='${SHELL} /home/guoliqiang/git-coding/coding/third_part/breakpad/google-breakpad/autotools/missing --run tar'
ANDROID_HOST_FALSE=''
ANDROID_HOST_TRUE='#'
AUTOCONF='${SHELL} /home/guoliqiang/git-coding/coding/third_part/breakpad/google-breakpad/autotools/missing --run autoconf'
AUTOHEADER='${SHELL} /home/guoliqiang/git-coding/coding/third_part/breakpad/google-breakpad/autotools/missing --run autoheader'
AUTOMAKE='${SHELL} /home/guoliqiang/git-coding/coding/third_part/breakpad/google-breakpad/autotools/missing --run automake-1.11'
AWK='gawk'
CC='gcc'
CCAS='gcc'
CCASDEPMODE='depmode=gcc3'
CCASFLAGS='-g -O2'
CCDEPMODE='depmode=gcc3'
CFLAGS='-g -O2'
CPP='gcc -E'
CPPFLAGS=''
CXX='g++'
CXXDEPMODE='depmode=gcc3'
CXXFLAGS='-g -O2'
CYGPATH_W='echo'
DEFS='-DHAVE_CONFIG_H'
DEPDIR='.deps'
DISABLE_PROCESSOR_FALSE=''
DISABLE_PROCESSOR_TRUE='#'
DISABLE_TOOLS_FALSE=''
DISABLE_TOOLS_TRUE='#'
ECHO_C=''
ECHO_N='-n'
ECHO_T=''
EGREP='/bin/grep -E'
EXEEXT=''
GCC_FALSE='#'
GCC_TRUE=''
GREP='/bin/grep'
INSTALL_DATA='${INSTALL} -m 644'
INSTALL_PROGRAM='${INSTALL}'
INSTALL_SCRIPT='${INSTALL}'
INSTALL_STRIP_PROGRAM='$(install_sh) -c -s'
LDFLAGS=''
LIBOBJS=''
LIBS=''
LINUX_HOST_FALSE='#'
LINUX_HOST_TRUE=''
LTLIBOBJS=''
MAKEINFO='${SHELL} /home/guoliqiang/git-coding/coding/third_part/breakpad/google-breakpad/autotools/missing --run makeinfo'
MKDIR_P='/bin/mkdir -p'
OBJEXT='o'
PACKAGE='breakpad'
PACKAGE_BUGREPORT='google-breakpad-dev@googlegroups.com'
PACKAGE_NAME='breakpad'
PACKAGE_STRING='breakpad 0.1'
PACKAGE_TARNAME='breakpad'
PACKAGE_URL=''
PACKAGE_VERSION='0.1'
PATH_SEPARATOR=':'
PTHREAD_CC='gcc'
PTHREAD_CFLAGS='-pthread'
PTHREAD_LIBS=''
RANLIB='ranlib'
SELFTEST_FALSE=''
SELFTEST_TRUE='#'
SET_MAKE=''
SHELL='/bin/bash'
STRIP=''
VERSION='0.1'
ac_ct_CC='gcc'
ac_ct_CXX='g++'
am__EXEEXT_FALSE=''
am__EXEEXT_TRUE='#'
am__fastdepCCAS_FALSE='#'
am__fastdepCCAS_TRUE=''
am__fastdepCC_FALSE='#'
am__fastdepCC_TRUE=''
am__fastdepCXX_FALSE='#'
am__fastdepCXX_TRUE=''
am__include='include'
am__isrc=''
am__leading_dot='.'
am__quote=''
am__tar='tar --format=ustar -chf - "$$tardir"'
am__untar='tar -xf -'
ax_pthread_config=''
bindir='${exec_prefix}/bin'
build='x86_64-unknown-linux-gnu'
build_alias=''
build_cpu='x86_64'
build_os='linux-gnu'
build_vendor='unknown'
datadir='${datarootdir}'
datarootdir='${prefix}/share'
docdir='${datarootdir}/doc/${PACKAGE_TARNAME}'
dvidir='${docdir}'
exec_prefix='${prefix}'
host='x86_64-unknown-linux-gnu'
host_alias=''
host_cpu='x86_64'
host_os='linux-gnu'
host_vendor='unknown'
htmldir='${docdir}'
includedir='${prefix}/include'
infodir='${datarootdir}/info'
install_sh='${SHELL} /home/guoliqiang/git-coding/coding/third_part/breakpad/google-breakpad/autotools/install-sh'
libdir='${exec_prefix}/lib'
libexecdir='${exec_prefix}/libexec'
localedir='${datarootdir}/locale'
localstatedir='${prefix}/var'
mandir='${datarootdir}/man'
mkdir_p='/bin/mkdir -p'
oldincludedir='/usr/include'
pdfdir='${docdir}'
prefix='/home/guoliqiang/git-coding/coding/third_part/breakpad'
program_transform_name='s,x,x,'
psdir='${docdir}'
sbindir='${exec_prefix}/sbin'
sharedstatedir='${prefix}/com'
sysconfdir='${prefix}/etc'
target_alias=''

## ----------- ##
## confdefs.h. ##
## ----------- ##

/* confdefs.h */
#define PACKAGE_NAME "breakpad"
#define PACKAGE_TARNAME "breakpad"
#define PACKAGE_VERSION "0.1"
#define PACKAGE_STRING "breakpad 0.1"
#define PACKAGE_BUGREPORT "google-breakpad-dev@googlegroups.com"
#define PACKAGE_URL ""
#define PACKAGE "breakpad"
#define VERSION "0.1"
#define STDC_HEADERS 1
#define HAVE_PTHREAD 1
#define HAVE_SYS_TYPES_H 1
#define HAVE_SYS_STAT_H 1
#define HAVE_STDLIB_H 1
#define HAVE_STRING_H 1
#define HAVE_MEMORY_H 1
#define HAVE_STRINGS_H 1
#define HAVE_INTTYPES_H 1
#define HAVE_STDINT_H 1
#define HAVE_UNISTD_H 1
#define HAVE_A_OUT_H 1

configure: exit 0

## ---------------------- ##
## Running config.status. ##
## ---------------------- ##

This file was extended by breakpad config.status 0.1, which was
generated by GNU Autoconf 2.65.  Invocation command line was

  CONFIG_FILES    = 
  CONFIG_HEADERS  = 
  CONFIG_LINKS    = 
  CONFIG_COMMANDS = 
  $ ./config.status src/config.h

on guoliqiang-desktop

config.status:888: creating src/config.h
config.status:1060: src/config.h is unchanged
