This file contains any messages produced by compilers while
running configure, to aid debugging if configure makes a mistake.

It was created by configure, which was
generated by GNU Autoconf 2.59.  Invocation command line was

  $ ./configure --prefix=/home/guoliqiang/git-coding/coding/third_part/darts/ --with-zlib

## --------- ##
## Platform. ##
## --------- ##

hostname = guoliqiang-desktop
uname -m = x86_64
uname -r = 2.6.32-21-generic
uname -s = Linux
uname -v = #32-Ubuntu SMP Fri Apr 16 08:09:38 UTC 2010

/usr/bin/uname -p = unknown
/bin/uname -X     = unknown

/bin/arch              = unknown
/usr/bin/arch -k       = unknown
/usr/convex/getsysinfo = unknown
hostinfo               = unknown
/bin/machine           = unknown
/usr/bin/oslevel       = unknown
/bin/universe          = unknown

PATH: /usr/local/sbin
PATH: /usr/local/bin
PATH: /usr/sbin
PATH: /usr/bin
PATH: /sbin
PATH: /bin
PATH: /usr/games


## ----------- ##
## Core tests. ##
## ----------- ##

configure:1347: checking for a BSD-compatible install
configure:1402: result: /usr/bin/install -c
configure:1413: checking whether build environment is sane
configure:1456: result: yes
configure:1471: checking whether make sets $(MAKE)
configure:1491: result: yes
configure:1523: checking for working aclocal-1.4
configure:1534: result: missing
configure:1538: checking for working autoconf
configure:1545: result: found
configure:1553: checking for working automake-1.4
configure:1564: result: missing
configure:1568: checking for working autoheader
configure:1575: result: found
configure:1583: checking for working makeinfo
configure:1594: result: missing
configure:1646: checking for gcc
configure:1662: found /usr/bin/gcc
configure:1672: result: gcc
configure:1916: checking for C compiler version
configure:1919: gcc --version </dev/null >&5
gcc (Ubuntu 4.4.3-4ubuntu5.1) 4.4.3
Copyright (C) 2009 Free Software Foundation, Inc.
This is free software; see the source for copying conditions.  There is NO
warranty; not even for MERCHANTABILITY or FITNESS FOR A PARTICULAR PURPOSE.

configure:1922: $? = 0
configure:1924: gcc -v </dev/null >&5
Using built-in specs.
Target: x86_64-linux-gnu
Configured with: ../src/configure -v --with-pkgversion='Ubuntu 4.4.3-4ubuntu5.1' --with-bugurl=file:///usr/share/doc/gcc-4.4/README.Bugs --enable-languages=c,c++,fortran,objc,obj-c++ --prefix=/usr --enable-shared --enable-multiarch --enable-linker-build-id --with-system-zlib --libexecdir=/usr/lib --without-included-gettext --enable-threads=posix --with-gxx-include-dir=/usr/include/c++/4.4 --program-suffix=-4.4 --enable-nls --enable-clocale=gnu --enable-libstdcxx-debug --enable-plugin --enable-objc-gc --disable-werror --with-arch-32=i486 --with-tune=generic --enable-checking=release --build=x86_64-linux-gnu --host=x86_64-linux-gnu --target=x86_64-linux-gnu
Thread model: posix
gcc version 4.4.3 (Ubuntu 4.4.3-4ubuntu5.1) 
configure:1927: $? = 0
configure:1929: gcc -V </dev/null >&5
gcc: '-V' option must have argument
configure:1932: $? = 1
configure:1955: checking for C compiler default output file name
configure:1958: gcc    conftest.c  >&5
configure:1961: $? = 0
configure:2007: result: a.out
configure:2012: checking whether the C compiler works
configure:2018: ./a.out
configure:2021: $? = 0
configure:2038: result: yes
configure:2045: checking whether we are cross compiling
configure:2047: result: no
configure:2050: checking for suffix of executables
configure:2052: gcc -o conftest    conftest.c  >&5
configure:2055: $? = 0
configure:2080: result: 
configure:2086: checking for suffix of object files
configure:2107: gcc -c   conftest.c >&5
configure:2110: $? = 0
configure:2132: result: o
configure:2136: checking whether we are using the GNU C compiler
configure:2160: gcc -c   conftest.c >&5
configure:2166: $? = 0
configure:2169: test -z 			 || test ! -s conftest.err
configure:2172: $? = 0
configure:2175: test -s conftest.o
configure:2178: $? = 0
configure:2191: result: yes
configure:2197: checking whether gcc accepts -g
configure:2218: gcc -c -g  conftest.c >&5
configure:2224: $? = 0
configure:2227: test -z 			 || test ! -s conftest.err
configure:2230: $? = 0
configure:2233: test -s conftest.o
configure:2236: $? = 0
configure:2247: result: yes
configure:2264: checking for gcc option to accept ANSI C
configure:2334: gcc  -c -g -O2  conftest.c >&5
configure:2340: $? = 0
configure:2343: test -z 			 || test ! -s conftest.err
configure:2346: $? = 0
configure:2349: test -s conftest.o
configure:2352: $? = 0
configure:2370: result: none needed
configure:2388: gcc -c -g -O2  conftest.c >&5
conftest.c:2: error: expected '=', ',', ';', 'asm' or '__attribute__' before 'me'
configure:2394: $? = 1
configure: failed program was:
| #ifndef __cplusplus
|   choke me
| #endif
configure:2576: checking for g++
configure:2592: found /usr/bin/g++
configure:2602: result: g++
configure:2618: checking for C++ compiler version
configure:2621: g++ --version </dev/null >&5
g++ (Ubuntu 4.4.3-4ubuntu5.1) 4.4.3
Copyright (C) 2009 Free Software Foundation, Inc.
This is free software; see the source for copying conditions.  There is NO
warranty; not even for MERCHANTABILITY or FITNESS FOR A PARTICULAR PURPOSE.

configure:2624: $? = 0
configure:2626: g++ -v </dev/null >&5
Using built-in specs.
Target: x86_64-linux-gnu
Configured with: ../src/configure -v --with-pkgversion='Ubuntu 4.4.3-4ubuntu5.1' --with-bugurl=file:///usr/share/doc/gcc-4.4/README.Bugs --enable-languages=c,c++,fortran,objc,obj-c++ --prefix=/usr --enable-shared --enable-multiarch --enable-linker-build-id --with-system-zlib --libexecdir=/usr/lib --without-included-gettext --enable-threads=posix --with-gxx-include-dir=/usr/include/c++/4.4 --program-suffix=-4.4 --enable-nls --enable-clocale=gnu --enable-libstdcxx-debug --enable-plugin --enable-objc-gc --disable-werror --with-arch-32=i486 --with-tune=generic --enable-checking=release --build=x86_64-linux-gnu --host=x86_64-linux-gnu --target=x86_64-linux-gnu
Thread model: posix
gcc version 4.4.3 (Ubuntu 4.4.3-4ubuntu5.1) 
configure:2629: $? = 0
configure:2631: g++ -V </dev/null >&5
g++: '-V' option must have argument
configure:2634: $? = 1
configure:2637: checking whether we are using the GNU C++ compiler
configure:2661: g++ -c   conftest.cc >&5
configure:2667: $? = 0
configure:2670: test -z 			 || test ! -s conftest.err
configure:2673: $? = 0
configure:2676: test -s conftest.o
configure:2679: $? = 0
configure:2692: result: yes
configure:2698: checking whether g++ accepts -g
configure:2719: g++ -c -g  conftest.cc >&5
configure:2725: $? = 0
configure:2728: test -z 			 || test ! -s conftest.err
configure:2731: $? = 0
configure:2734: test -s conftest.o
configure:2737: $? = 0
configure:2748: result: yes
configure:2790: g++ -c -g -O2  conftest.cc >&5
configure:2796: $? = 0
configure:2799: test -z 			 || test ! -s conftest.err
configure:2802: $? = 0
configure:2805: test -s conftest.o
configure:2808: $? = 0
configure:2834: g++ -c -g -O2  conftest.cc >&5
conftest.cc: In function 'int main()':
conftest.cc:15: error: 'exit' was not declared in this scope
configure:2840: $? = 1
configure: failed program was:
| /* confdefs.h.  */
| 
| #define PACKAGE_NAME ""
| #define PACKAGE_TARNAME ""
| #define PACKAGE_VERSION ""
| #define PACKAGE_STRING ""
| #define PACKAGE_BUGREPORT ""
| #define PACKAGE "darts"
| #define VERSION "0.32"
| /* end confdefs.h.  */
| 
| int
| main ()
| {
| exit (42);
|   ;
|   return 0;
| }
configure:2790: g++ -c -g -O2  conftest.cc >&5
conftest.cc:11: error: 'void std::exit(int)' should have been declared inside 'std'
configure:2796: $? = 1
configure: failed program was:
| /* confdefs.h.  */
| 
| #define PACKAGE_NAME ""
| #define PACKAGE_TARNAME ""
| #define PACKAGE_VERSION ""
| #define PACKAGE_STRING ""
| #define PACKAGE_BUGREPORT ""
| #define PACKAGE "darts"
| #define VERSION "0.32"
| /* end confdefs.h.  */
| extern "C" void std::exit (int) throw (); using std::exit;
| #include <stdlib.h>
| int
| main ()
| {
| exit (42);
|   ;
|   return 0;
| }
configure:2790: g++ -c -g -O2  conftest.cc >&5
conftest.cc:11: error: 'void std::exit(int)' should have been declared inside 'std'
In file included from conftest.cc:12:
/usr/include/stdlib.h:543: error: declaration of 'void std::exit(int) throw ()' throws different exceptions
conftest.cc:11: error: from previous declaration 'void std::exit(int)'
configure:2796: $? = 1
configure: failed program was:
| /* confdefs.h.  */
| 
| #define PACKAGE_NAME ""
| #define PACKAGE_TARNAME ""
| #define PACKAGE_VERSION ""
| #define PACKAGE_STRING ""
| #define PACKAGE_BUGREPORT ""
| #define PACKAGE "darts"
| #define VERSION "0.32"
| /* end confdefs.h.  */
| extern "C" void std::exit (int); using std::exit;
| #include <stdlib.h>
| int
| main ()
| {
| exit (42);
|   ;
|   return 0;
| }
configure:2790: g++ -c -g -O2  conftest.cc >&5
configure:2796: $? = 0
configure:2799: test -z 			 || test ! -s conftest.err
configure:2802: $? = 0
configure:2805: test -s conftest.o
configure:2808: $? = 0
configure:2834: g++ -c -g -O2  conftest.cc >&5
configure:2840: $? = 0
configure:2843: test -z 			 || test ! -s conftest.err
configure:2846: $? = 0
configure:2849: test -s conftest.o
configure:2852: $? = 0
configure:2875: checking whether make sets $(MAKE)
configure:2895: result: yes
configure:2918: checking how to run the C++ preprocessor
configure:2949: g++ -E  conftest.cc
configure:2955: $? = 0
configure:2987: g++ -E  conftest.cc
conftest.cc:14:28: error: ac_nonexistent.h: No such file or directory
configure:2993: $? = 1
configure: failed program was:
| /* confdefs.h.  */
| 
| #define PACKAGE_NAME ""
| #define PACKAGE_TARNAME ""
| #define PACKAGE_VERSION ""
| #define PACKAGE_STRING ""
| #define PACKAGE_BUGREPORT ""
| #define PACKAGE "darts"
| #define VERSION "0.32"
| #ifdef __cplusplus
| extern "C" void exit (int) throw ();
| #endif
| /* end confdefs.h.  */
| #include <ac_nonexistent.h>
configure:3032: result: g++ -E
configure:3056: g++ -E  conftest.cc
configure:3062: $? = 0
configure:3094: g++ -E  conftest.cc
conftest.cc:14:28: error: ac_nonexistent.h: No such file or directory
configure:3100: $? = 1
configure: failed program was:
| /* confdefs.h.  */
| 
| #define PACKAGE_NAME ""
| #define PACKAGE_TARNAME ""
| #define PACKAGE_VERSION ""
| #define PACKAGE_STRING ""
| #define PACKAGE_BUGREPORT ""
| #define PACKAGE "darts"
| #define VERSION "0.32"
| #ifdef __cplusplus
| extern "C" void exit (int) throw ();
| #endif
| /* end confdefs.h.  */
| #include <ac_nonexistent.h>
configure:3144: checking for egrep
configure:3154: result: grep -E
configure:3159: checking for ANSI C header files
configure:3184: g++ -c -g -O2  conftest.cc >&5
configure:3190: $? = 0
configure:3193: test -z 			 || test ! -s conftest.err
configure:3196: $? = 0
configure:3199: test -s conftest.o
configure:3202: $? = 0
configure:3291: g++ -o conftest -g -O2   conftest.cc  >&5
configure:3294: $? = 0
configure:3296: ./conftest
configure:3299: $? = 0
configure:3314: result: yes
configure:3340: checking for sys/types.h
configure:3356: g++ -c -g -O2  conftest.cc >&5
configure:3362: $? = 0
configure:3365: test -z 			 || test ! -s conftest.err
configure:3368: $? = 0
configure:3371: test -s conftest.o
configure:3374: $? = 0
configure:3385: result: yes
configure:3340: checking for sys/stat.h
configure:3356: g++ -c -g -O2  conftest.cc >&5
configure:3362: $? = 0
configure:3365: test -z 			 || test ! -s conftest.err
configure:3368: $? = 0
configure:3371: test -s conftest.o
configure:3374: $? = 0
configure:3385: result: yes
configure:3340: checking for stdlib.h
configure:3356: g++ -c -g -O2  conftest.cc >&5
configure:3362: $? = 0
configure:3365: test -z 			 || test ! -s conftest.err
configure:3368: $? = 0
configure:3371: test -s conftest.o
configure:3374: $? = 0
configure:3385: result: yes
configure:3340: checking for string.h
configure:3356: g++ -c -g -O2  conftest.cc >&5
configure:3362: $? = 0
configure:3365: test -z 			 || test ! -s conftest.err
configure:3368: $? = 0
configure:3371: test -s conftest.o
configure:3374: $? = 0
configure:3385: result: yes
configure:3340: checking for memory.h
configure:3356: g++ -c -g -O2  conftest.cc >&5
configure:3362: $? = 0
configure:3365: test -z 			 || test ! -s conftest.err
configure:3368: $? = 0
configure:3371: test -s conftest.o
configure:3374: $? = 0
configure:3385: result: yes
configure:3340: checking for strings.h
configure:3356: g++ -c -g -O2  conftest.cc >&5
configure:3362: $? = 0
configure:3365: test -z 			 || test ! -s conftest.err
configure:3368: $? = 0
configure:3371: test -s conftest.o
configure:3374: $? = 0
configure:3385: result: yes
configure:3340: checking for inttypes.h
configure:3356: g++ -c -g -O2  conftest.cc >&5
configure:3362: $? = 0
configure:3365: test -z 			 || test ! -s conftest.err
configure:3368: $? = 0
configure:3371: test -s conftest.o
configure:3374: $? = 0
configure:3385: result: yes
configure:3340: checking for stdint.h
configure:3356: g++ -c -g -O2  conftest.cc >&5
configure:3362: $? = 0
configure:3365: test -z 			 || test ! -s conftest.err
configure:3368: $? = 0
configure:3371: test -s conftest.o
configure:3374: $? = 0
configure:3385: result: yes
configure:3340: checking for unistd.h
configure:3356: g++ -c -g -O2  conftest.cc >&5
configure:3362: $? = 0
configure:3365: test -z 			 || test ! -s conftest.err
configure:3368: $? = 0
configure:3371: test -s conftest.o
configure:3374: $? = 0
configure:3385: result: yes
configure:3397: checking for off_t
configure:3421: g++ -c -g -O2  conftest.cc >&5
configure:3427: $? = 0
configure:3430: test -z 			 || test ! -s conftest.err
configure:3433: $? = 0
configure:3436: test -s conftest.o
configure:3439: $? = 0
configure:3450: result: yes
configure:3462: checking for size_t
configure:3486: g++ -c -g -O2  conftest.cc >&5
configure:3492: $? = 0
configure:3495: test -z 			 || test ! -s conftest.err
configure:3498: $? = 0
configure:3501: test -s conftest.o
configure:3504: $? = 0
configure:3515: result: yes
configure:3527: checking for char
configure:3551: g++ -c -g -O2  conftest.cc >&5
configure:3557: $? = 0
configure:3560: test -z 			 || test ! -s conftest.err
configure:3563: $? = 0
configure:3566: test -s conftest.o
configure:3569: $? = 0
configure:3580: result: yes
configure:3583: checking size of char
configure:3895: g++ -o conftest -g -O2   conftest.cc  >&5
configure:3898: $? = 0
configure:3900: ./conftest
configure:3903: $? = 0
configure:3926: result: 1
configure:3933: checking for short
configure:3957: g++ -c -g -O2  conftest.cc >&5
configure:3963: $? = 0
configure:3966: test -z 			 || test ! -s conftest.err
configure:3969: $? = 0
configure:3972: test -s conftest.o
configure:3975: $? = 0
configure:3986: result: yes
configure:3989: checking size of short
configure:4301: g++ -o conftest -g -O2   conftest.cc  >&5
configure:4304: $? = 0
configure:4306: ./conftest
configure:4309: $? = 0
configure:4332: result: 2
configure:4339: checking for int
configure:4363: g++ -c -g -O2  conftest.cc >&5
configure:4369: $? = 0
configure:4372: test -z 			 || test ! -s conftest.err
configure:4375: $? = 0
configure:4378: test -s conftest.o
configure:4381: $? = 0
configure:4392: result: yes
configure:4395: checking size of int
configure:4707: g++ -o conftest -g -O2   conftest.cc  >&5
configure:4710: $? = 0
configure:4712: ./conftest
configure:4715: $? = 0
configure:4738: result: 4
configure:4745: checking for long
configure:4769: g++ -c -g -O2  conftest.cc >&5
configure:4775: $? = 0
configure:4778: test -z 			 || test ! -s conftest.err
configure:4781: $? = 0
configure:4784: test -s conftest.o
configure:4787: $? = 0
configure:4798: result: yes
configure:4801: checking size of long
configure:5113: g++ -o conftest -g -O2   conftest.cc  >&5
configure:5116: $? = 0
configure:5118: ./conftest
configure:5121: $? = 0
configure:5144: result: 8
configure:5151: checking for long long
configure:5175: g++ -c -g -O2  conftest.cc >&5
configure:5181: $? = 0
configure:5184: test -z 			 || test ! -s conftest.err
configure:5187: $? = 0
configure:5190: test -s conftest.o
configure:5193: $? = 0
configure:5204: result: yes
configure:5207: checking size of long long
configure:5519: g++ -o conftest -g -O2   conftest.cc  >&5
configure:5522: $? = 0
configure:5524: ./conftest
configure:5527: $? = 0
configure:5550: result: 8
configure:5566: checking if g++ supports stl <vector> (required)
configure:5588: g++ -c -O3 -Wall  conftest.cc >&5
configure:5594: $? = 0
configure:5597: test -z 			 || test ! -s conftest.err
configure:5600: $? = 0
configure:5603: test -s conftest.o
configure:5606: $? = 0
configure:5622: result: yes
configure:5626: checking if g++ supports stl <cstdio> (required)
configure:5648: g++ -c -O3 -Wall  conftest.cc >&5
configure:5654: $? = 0
configure:5657: test -z 			 || test ! -s conftest.err
configure:5660: $? = 0
configure:5663: test -s conftest.o
configure:5666: $? = 0
configure:5682: result: yes
configure:5686: checking if g++ supports stl <cstring> (required)
configure:5708: g++ -c -O3 -Wall  conftest.cc >&5
configure:5714: $? = 0
configure:5717: test -z 			 || test ! -s conftest.err
configure:5720: $? = 0
configure:5723: test -s conftest.o
configure:5726: $? = 0
configure:5742: result: yes
configure:5746: checking if g++ supports stl <string> (required)
configure:5768: g++ -c -O3 -Wall  conftest.cc >&5
configure:5774: $? = 0
configure:5777: test -z 			 || test ! -s conftest.err
configure:5780: $? = 0
configure:5783: test -s conftest.o
configure:5786: $? = 0
configure:5802: result: yes
configure:5807: checking if g++ supports namespaces (required) 
configure:5830: g++ -c -O3 -Wall  conftest.cc >&5
conftest.cc: In function 'int main()':
conftest.cc:37: warning: unused variable 'a'
configure:5836: $? = 0
configure:5839: test -z 			 || test ! -s conftest.err
configure:5842: $? = 0
configure:5845: test -s conftest.o
configure:5848: $? = 0
configure:5863: result: yes
configure:5868: checking if g++ uses std namespace 
configure:5892: g++ -c -O3 -Wall  conftest.cc >&5
configure:5898: $? = 0
configure:5901: test -z 			 || test ! -s conftest.err
configure:5904: $? = 0
configure:5907: test -s conftest.o
configure:5910: $? = 0
configure:5990: result: yes
configure:5996: checking if g++ environment provides all required features
configure:6007: result: yes
configure:6050: checking zlib.h usability
configure:6062: g++ -c -O3 -Wall  conftest.cc >&5
configure:6068: $? = 0
configure:6071: test -z 			 || test ! -s conftest.err
configure:6074: $? = 0
configure:6077: test -s conftest.o
configure:6080: $? = 0
configure:6090: result: yes
configure:6094: checking zlib.h presence
configure:6104: g++ -E  conftest.cc
configure:6110: $? = 0
configure:6130: result: yes
configure:6165: checking for zlib.h
configure:6172: result: yes
configure:6186: checking for gzopen in -lz
configure:6216: g++ -o conftest -O3 -Wall   conftest.cc -lz   >&5
configure:6222: $? = 0
configure:6225: test -z 			 || test ! -s conftest.err
configure:6228: $? = 0
configure:6231: test -s conftest
configure:6234: $? = 0
configure:6247: result: yes
configure:6366: creating ./config.status

## ---------------------- ##
## Running config.status. ##
## ---------------------- ##

This file was extended by config.status, which was
generated by GNU Autoconf 2.59.  Invocation command line was

  CONFIG_FILES    = 
  CONFIG_HEADERS  = 
  CONFIG_LINKS    = 
  CONFIG_COMMANDS = 
  $ ./config.status 

on guoliqiang-desktop

config.status:722: creating Makefile
config.status:722: creating tests/Makefile
config.status:722: creating darts.h
config.status:722: creating darts.spec
config.status:788: creating config.h
config.status:1068: executing default-1 commands

## ---------------- ##
## Cache variables. ##
## ---------------- ##

ac_cv_c_compiler_gnu=yes
ac_cv_cxx_compiler_gnu=yes
ac_cv_env_CC_set=
ac_cv_env_CC_value=
ac_cv_env_CFLAGS_set=
ac_cv_env_CFLAGS_value=
ac_cv_env_CPPFLAGS_set=
ac_cv_env_CPPFLAGS_value=
ac_cv_env_CXXCPP_set=
ac_cv_env_CXXCPP_value=
ac_cv_env_CXXFLAGS_set=
ac_cv_env_CXXFLAGS_value=
ac_cv_env_CXX_set=
ac_cv_env_CXX_value=
ac_cv_env_LDFLAGS_set=
ac_cv_env_LDFLAGS_value=
ac_cv_env_build_alias_set=
ac_cv_env_build_alias_value=
ac_cv_env_host_alias_set=
ac_cv_env_host_alias_value=
ac_cv_env_target_alias_set=
ac_cv_env_target_alias_value=
ac_cv_exeext=
ac_cv_header_inttypes_h=yes
ac_cv_header_memory_h=yes
ac_cv_header_stdc=yes
ac_cv_header_stdint_h=yes
ac_cv_header_stdlib_h=yes
ac_cv_header_string_h=yes
ac_cv_header_strings_h=yes
ac_cv_header_sys_stat_h=yes
ac_cv_header_sys_types_h=yes
ac_cv_header_unistd_h=yes
ac_cv_header_zlib_h=yes
ac_cv_lib_z_gzopen=yes
ac_cv_objext=o
ac_cv_path_install='/usr/bin/install -c'
ac_cv_prog_CXXCPP='g++ -E'
ac_cv_prog_ac_ct_CC=gcc
ac_cv_prog_ac_ct_CXX=g++
ac_cv_prog_cc_g=yes
ac_cv_prog_cc_stdc=
ac_cv_prog_cxx_g=yes
ac_cv_prog_egrep='grep -E'
ac_cv_prog_make_make_set=yes
ac_cv_sizeof_char=1
ac_cv_sizeof_int=4
ac_cv_sizeof_long=8
ac_cv_sizeof_long_long=8
ac_cv_sizeof_short=2
ac_cv_type_char=yes
ac_cv_type_int=yes
ac_cv_type_long=yes
ac_cv_type_long_long=yes
ac_cv_type_off_t=yes
ac_cv_type_short=yes
ac_cv_type_size_t=yes

## ----------------- ##
## Output variables. ##
## ----------------- ##

ACLOCAL='/home/guoliqiang/git-coding/coding/third_part/darts/darts-0.32/missing aclocal-1.4'
AUTOCONF='autoconf'
AUTOHEADER='autoheader'
AUTOMAKE='/home/guoliqiang/git-coding/coding/third_part/darts/darts-0.32/missing automake-1.4'
CC='gcc'
CFLAGS='-O3 -Wall'
CPPFLAGS=''
CXX='g++'
CXXCPP='g++ -E'
CXXFLAGS='-O3 -Wall'
DARTS_DEFAULT_ARRAY_SIZE='4'
DARTS_DEFAULT_NODE_SIZE='1'
DARTS_HAVE_ZLIB_H='1'
DARTS_SIZEOF_CHAR='1'
DARTS_SIZEOF_INT='4'
DARTS_SIZEOF_LONG='8'
DARTS_SIZEOF_LONG_LONG='8'
DARTS_SIZEOF_SHORT='2'
DEFS='-DHAVE_CONFIG_H'
ECHO_C=''
ECHO_N='-n'
ECHO_T=''
EGREP='grep -E'
EXEEXT=''
INSTALL_DATA='${INSTALL} -m 644'
INSTALL_PROGRAM='${INSTALL}'
INSTALL_SCRIPT='${INSTALL}'
LDFLAGS=''
LIBOBJS=''
LIBS='-lz '
LTLIBOBJS=''
MAKEINFO='/home/guoliqiang/git-coding/coding/third_part/darts/darts-0.32/missing makeinfo'
OBJEXT='o'
PACKAGE='darts'
PACKAGE_BUGREPORT=''
PACKAGE_NAME=''
PACKAGE_STRING=''
PACKAGE_TARNAME=''
PACKAGE_VERSION=''
PATH_SEPARATOR=':'
SET_MAKE=''
SHELL='/bin/bash'
VERSION='0.32'
ac_ct_CC='gcc'
ac_ct_CXX='g++'
bindir='${exec_prefix}/bin'
build_alias=''
datadir='${prefix}/share'
exec_prefix='${prefix}'
host_alias=''
includedir='${prefix}/include'
infodir='${prefix}/info'
libdir='${exec_prefix}/lib'
libexecdir='${exec_prefix}/libexec'
localstatedir='${prefix}/var'
mandir='${prefix}/man'
oldincludedir='/usr/include'
prefix='/home/guoliqiang/git-coding/coding/third_part/darts/'
program_transform_name='s,x,x,'
sbindir='${exec_prefix}/sbin'
sharedstatedir='${prefix}/com'
sysconfdir='${prefix}/etc'
target_alias=''

## ----------- ##
## confdefs.h. ##
## ----------- ##

#define HAVE_CXX_STD_NAMESPACE 1
#define HAVE_INTTYPES_H 1
#define HAVE_LIBZ 1
#define HAVE_MEMORY_H 1
#define HAVE_STDINT_H 1
#define HAVE_STDLIB_H 1
#define HAVE_STRINGS_H 1
#define HAVE_STRING_H 1
#define HAVE_SYS_STAT_H 1
#define HAVE_SYS_TYPES_H 1
#define HAVE_UNISTD_H 1
#define HAVE_ZLIB_H 1
#define PACKAGE "darts"
#define PACKAGE_BUGREPORT ""
#define PACKAGE_NAME ""
#define PACKAGE_STRING ""
#define PACKAGE_TARNAME ""
#define PACKAGE_VERSION ""
#define SIZEOF_CHAR 1
#define SIZEOF_INT 4
#define SIZEOF_LONG 8
#define SIZEOF_LONG_LONG 8
#define SIZEOF_SHORT 2
#define STDC_HEADERS 1
#define VERSION "0.32"
#endif
#ifdef __cplusplus
extern "C" void exit (int) throw ();

configure: exit 0
