This file contains any messages produced by compilers while
running configure, to aid debugging if configure makes a mistake.

It was created by configure, which was
generated by GNU Autoconf 2.65.  Invocation command line was

  $ ./configure --prefix=/home/guoliqiang/git-coding/coding/third_part/libestmp

## --------- ##
## Platform. ##
## --------- ##

hostname = ubuntu
uname -m = x86_64
uname -r = 2.6.32-21-generic
uname -s = Linux
uname -v = #32-Ubuntu SMP Fri Apr 16 08:09:38 UTC 2010

/usr/bin/uname -p = unknown
/bin/uname -X     = unknown

/bin/arch              = unknown
/usr/bin/arch -k       = unknown
/usr/convex/getsysinfo = unknown
/usr/bin/hostinfo      = unknown
/bin/machine           = unknown
/usr/bin/oslevel       = unknown
/bin/universe          = unknown

PATH: /usr/local/sbin
PATH: /usr/local/bin
PATH: /usr/sbin
PATH: /usr/bin
PATH: /sbin
PATH: /bin
PATH: /usr/games


## ----------- ##
## Core tests. ##
## ----------- ##

configure:2657: checking for a BSD-compatible install
configure:2725: result: /usr/bin/install -c
configure:2736: checking whether build environment is sane
configure:2786: result: yes
configure:2927: checking for a thread-safe mkdir -p
configure:2966: result: /bin/mkdir -p
configure:2979: checking for gawk
configure:2995: found /usr/bin/gawk
configure:3006: result: gawk
configure:3017: checking whether make sets $(MAKE)
configure:3039: result: yes
configure:3123: checking build system type
configure:3137: result: x86_64-unknown-linux-gnu
configure:3157: checking host system type
configure:3170: result: x86_64-unknown-linux-gnu
configure:3252: checking for gcc
configure:3268: found /usr/bin/gcc
configure:3279: result: gcc
configure:3508: checking for C compiler version
configure:3517: gcc --version >&5
gcc (Ubuntu 4.4.3-4ubuntu5.1) 4.4.3
Copyright (C) 2009 Free Software Foundation, Inc.
This is free software; see the source for copying conditions.  There is NO
warranty; not even for MERCHANTABILITY or FITNESS FOR A PARTICULAR PURPOSE.

configure:3528: $? = 0
configure:3517: gcc -v >&5
Using built-in specs.
Target: x86_64-linux-gnu
Configured with: ../src/configure -v --with-pkgversion='Ubuntu 4.4.3-4ubuntu5.1' --with-bugurl=file:///usr/share/doc/gcc-4.4/README.Bugs --enable-languages=c,c++,fortran,objc,obj-c++ --prefix=/usr --enable-shared --enable-multiarch --enable-linker-build-id --with-system-zlib --libexecdir=/usr/lib --without-included-gettext --enable-threads=posix --with-gxx-include-dir=/usr/include/c++/4.4 --program-suffix=-4.4 --enable-nls --enable-clocale=gnu --enable-libstdcxx-debug --enable-plugin --enable-objc-gc --disable-werror --with-arch-32=i486 --with-tune=generic --enable-checking=release --build=x86_64-linux-gnu --host=x86_64-linux-gnu --target=x86_64-linux-gnu
Thread model: posix
gcc version 4.4.3 (Ubuntu 4.4.3-4ubuntu5.1) 
configure:3528: $? = 0
configure:3517: gcc -V >&5
gcc: '-V' option must have argument
configure:3528: $? = 1
configure:3517: gcc -qversion >&5
gcc: unrecognized option '-qversion'
gcc: no input files
configure:3528: $? = 1
configure:3548: checking whether the C compiler works
configure:3570: gcc    conftest.c  >&5
configure:3574: $? = 0
configure:3623: result: yes
configure:3626: checking for C compiler default output file name
configure:3628: result: a.out
configure:3634: checking for suffix of executables
configure:3641: gcc -o conftest    conftest.c  >&5
configure:3645: $? = 0
configure:3667: result: 
configure:3689: checking whether we are cross compiling
configure:3697: gcc -o conftest    conftest.c  >&5
configure:3701: $? = 0
configure:3708: ./conftest
configure:3712: $? = 0
configure:3727: result: no
configure:3732: checking for suffix of object files
configure:3754: gcc -c   conftest.c >&5
configure:3758: $? = 0
configure:3779: result: o
configure:3783: checking whether we are using the GNU C compiler
configure:3802: gcc -c   conftest.c >&5
configure:3802: $? = 0
configure:3811: result: yes
configure:3820: checking whether gcc accepts -g
configure:3840: gcc -c -g  conftest.c >&5
configure:3840: $? = 0
configure:3881: result: yes
configure:3898: checking for gcc option to accept ISO C89
configure:3962: gcc  -c -g -O2  conftest.c >&5
configure:3962: $? = 0
configure:3975: result: none needed
configure:4006: checking for style of include used by make
configure:4034: result: GNU
configure:4059: checking dependency style of gcc
configure:4169: result: gcc3
configure:4185: checking whether make sets $(MAKE)
configure:4207: result: yes
configure:4241: checking for a sed that does not truncate output
configure:4305: result: /bin/sed
configure:4323: checking for grep that handles long lines and -e
configure:4381: result: /bin/grep
configure:4386: checking for egrep
configure:4448: result: /bin/grep -E
configure:4453: checking for fgrep
configure:4515: result: /bin/grep -F
configure:4550: checking for ld used by gcc
configure:4617: result: /usr/bin/ld
configure:4624: checking if the linker (/usr/bin/ld) is GNU ld
configure:4639: result: yes
configure:4651: checking for BSD- or MS-compatible name lister (nm)
configure:4700: result: /usr/bin/nm -B
configure:4818: checking the name lister (/usr/bin/nm -B) interface
configure:4825: gcc -c -g -O2  conftest.c >&5
configure:4828: /usr/bin/nm -B "conftest.o"
configure:4831: output
0000000000000000 B some_variable
configure:4838: result: BSD nm
configure:4841: checking whether ln -s works
configure:4845: result: yes
configure:4853: checking the maximum length of command line arguments
configure:4973: result: 1572864
configure:4990: checking whether the shell understands some XSI constructs
configure:5000: result: yes
configure:5004: checking whether the shell understands "+="
configure:5010: result: yes
configure:5045: checking for /usr/bin/ld option to reload object files
configure:5052: result: -r
configure:5121: checking for objdump
configure:5137: found /usr/bin/objdump
configure:5148: result: objdump
configure:5180: checking how to recognize dependent libraries
configure:5376: result: pass_all
configure:5436: checking for ar
configure:5452: found /usr/bin/ar
configure:5463: result: ar
configure:5541: checking for strip
configure:5557: found /usr/bin/strip
configure:5568: result: strip
configure:5640: checking for ranlib
configure:5656: found /usr/bin/ranlib
configure:5667: result: ranlib
configure:5757: checking command to parse /usr/bin/nm -B output from gcc object
configure:5875: gcc -c -g -O2  conftest.c >&5
configure:5878: $? = 0
configure:5882: /usr/bin/nm -B conftest.o \| sed -n -e 's/^.*[	 ]\([ABCDGIRSTW][ABCDGIRSTW]*\)[	 ][	 ]*\([_A-Za-z][_A-Za-z0-9]*\)$/\1 \2 \2/p' \> conftest.nm
configure:5885: $? = 0
configure:5939: gcc -o conftest -g -O2   conftest.c conftstm.o >&5
configure:5942: $? = 0
configure:5980: result: ok
configure:6076: gcc -c -g -O2  conftest.c >&5
configure:6079: $? = 0
configure:6789: checking how to run the C preprocessor
configure:6820: gcc -E  conftest.c
configure:6820: $? = 0
configure:6834: gcc -E  conftest.c
conftest.c:11:28: error: ac_nonexistent.h: No such file or directory
configure:6834: $? = 1
configure: failed program was:
| /* confdefs.h */
| #define PACKAGE_NAME ""
| #define PACKAGE_TARNAME ""
| #define PACKAGE_VERSION ""
| #define PACKAGE_STRING ""
| #define PACKAGE_BUGREPORT ""
| #define PACKAGE_URL ""
| #define PACKAGE "libesmtp"
| #define VERSION "1.0.6"
| /* end confdefs.h.  */
| #include <ac_nonexistent.h>
configure:6859: result: gcc -E
configure:6879: gcc -E  conftest.c
configure:6879: $? = 0
configure:6893: gcc -E  conftest.c
conftest.c:11:28: error: ac_nonexistent.h: No such file or directory
configure:6893: $? = 1
configure: failed program was:
| /* confdefs.h */
| #define PACKAGE_NAME ""
| #define PACKAGE_TARNAME ""
| #define PACKAGE_VERSION ""
| #define PACKAGE_STRING ""
| #define PACKAGE_BUGREPORT ""
| #define PACKAGE_URL ""
| #define PACKAGE "libesmtp"
| #define VERSION "1.0.6"
| /* end confdefs.h.  */
| #include <ac_nonexistent.h>
configure:6922: checking for ANSI C header files
configure:6942: gcc -c -g -O2  conftest.c >&5
configure:6942: $? = 0
configure:7015: gcc -o conftest -g -O2   conftest.c  >&5
configure:7015: $? = 0
configure:7015: ./conftest
configure:7015: $? = 0
configure:7026: result: yes
configure:7039: checking for sys/types.h
configure:7039: gcc -c -g -O2  conftest.c >&5
configure:7039: $? = 0
configure:7039: result: yes
configure:7039: checking for sys/stat.h
configure:7039: gcc -c -g -O2  conftest.c >&5
configure:7039: $? = 0
configure:7039: result: yes
configure:7039: checking for stdlib.h
configure:7039: gcc -c -g -O2  conftest.c >&5
configure:7039: $? = 0
configure:7039: result: yes
configure:7039: checking for string.h
configure:7039: gcc -c -g -O2  conftest.c >&5
configure:7039: $? = 0
configure:7039: result: yes
configure:7039: checking for memory.h
configure:7039: gcc -c -g -O2  conftest.c >&5
configure:7039: $? = 0
configure:7039: result: yes
configure:7039: checking for strings.h
configure:7039: gcc -c -g -O2  conftest.c >&5
configure:7039: $? = 0
configure:7039: result: yes
configure:7039: checking for inttypes.h
configure:7039: gcc -c -g -O2  conftest.c >&5
configure:7039: $? = 0
configure:7039: result: yes
configure:7039: checking for stdint.h
configure:7039: gcc -c -g -O2  conftest.c >&5
configure:7039: $? = 0
configure:7039: result: yes
configure:7039: checking for unistd.h
configure:7039: gcc -c -g -O2  conftest.c >&5
configure:7039: $? = 0
configure:7039: result: yes
configure:7054: checking for dlfcn.h
configure:7054: gcc -c -g -O2  conftest.c >&5
configure:7054: $? = 0
configure:7054: result: yes
configure:7238: checking for objdir
configure:7253: result: .libs
configure:7545: checking if gcc supports -fno-rtti -fno-exceptions
configure:7563: gcc -c -g -O2  -fno-rtti -fno-exceptions conftest.c >&5
cc1: warning: command line option "-fno-rtti" is valid for C++/ObjC++ but not for C
configure:7567: $? = 0
configure:7580: result: no
configure:7600: checking for gcc option to produce PIC
configure:7872: result: -fPIC -DPIC
configure:7884: checking if gcc PIC flag -fPIC -DPIC works
configure:7902: gcc -c -g -O2  -fPIC -DPIC -DPIC conftest.c >&5
configure:7906: $? = 0
configure:7919: result: yes
configure:7943: checking if gcc static flag -static works
configure:7971: result: yes
configure:7986: checking if gcc supports -c -o file.o
configure:8007: gcc -c -g -O2  -o out/conftest2.o conftest.c >&5
configure:8011: $? = 0
configure:8033: result: yes
configure:8041: checking if gcc supports -c -o file.o
configure:8088: result: yes
configure:8121: checking whether the gcc linker (/usr/bin/ld -m elf_x86_64) supports shared libraries
configure:9112: result: yes
configure:9149: checking whether -lc should be explicitly linked in
configure:9154: gcc -c -g -O2  conftest.c >&5
configure:9157: $? = 0
configure:9172: gcc -shared conftest.o  -v -Wl,-soname -Wl,conftest -o conftest 2\>\&1 \| /bin/grep  -lc  \>/dev/null 2\>\&1
configure:9175: $? = 0
configure:9187: result: no
configure:9351: checking dynamic linker characteristics
configure:9784: gcc -o conftest -g -O2   -Wl,-rpath -Wl,/foo conftest.c  >&5
configure:9784: $? = 0
configure:10014: result: GNU/Linux ld.so
configure:10116: checking how to hardcode library paths into programs
configure:10141: result: immediate
configure:10661: checking whether stripping libraries is possible
configure:10666: result: yes
configure:10701: checking if libtool supports shared libraries
configure:10703: result: yes
configure:10706: checking whether to build shared libraries
configure:10727: result: yes
configure:10730: checking whether to build static libraries
configure:10734: result: yes
configure:10846: checking for library containing dlsym
configure:10877: gcc -o conftest -std=c99 -pedantic -g -O2   conftest.c  >&5
/tmp/ccVGrdjs.o: In function `main':
/home/guoliqiang/git-coding/coding/third_part/libestmp/libesmtp-1.0.6/conftest.c:39: undefined reference to `dlsym'
collect2: ld returned 1 exit status
configure:10877: $? = 1
configure: failed program was:
| /* confdefs.h */
| #define PACKAGE_NAME ""
| #define PACKAGE_TARNAME ""
| #define PACKAGE_VERSION ""
| #define PACKAGE_STRING ""
| #define PACKAGE_BUGREPORT ""
| #define PACKAGE_URL ""
| #define PACKAGE "libesmtp"
| #define VERSION "1.0.6"
| #define STDC_HEADERS 1
| #define HAVE_SYS_TYPES_H 1
| #define HAVE_SYS_STAT_H 1
| #define HAVE_STDLIB_H 1
| #define HAVE_STRING_H 1
| #define HAVE_MEMORY_H 1
| #define HAVE_STRINGS_H 1
| #define HAVE_INTTYPES_H 1
| #define HAVE_STDINT_H 1
| #define HAVE_UNISTD_H 1
| #define HAVE_DLFCN_H 1
| #define LT_OBJDIR ".libs/"
| #define _GNU_SOURCE 1
| #define _ISOC9X_SOURCE 1
| #define _ISOC99_SOURCE 1
| #define _POSIX_C_SOURCE 199506L
| #define _XOPEN_SOURCE 500
| /* end confdefs.h.  */
| 
| /* Override any GCC internal prototype to avoid an error.
|    Use char because int might match the return type of a GCC
|    builtin and then its argument prototype would still apply.  */
| #ifdef __cplusplus
| extern "C"
| #endif
| char dlsym ();
| int
| main ()
| {
| return dlsym ();
|   ;
|   return 0;
| }
configure:10877: gcc -o conftest -std=c99 -pedantic -g -O2   conftest.c -ldl   >&5
configure:10877: $? = 0
configure:10894: result: -ldl
configure:10986: checking pthread.h usability
configure:10986: gcc -c -std=c99 -pedantic -g -O2  conftest.c >&5
configure:10986: $? = 0
configure:10986: result: yes
configure:10986: checking pthread.h presence
configure:10986: gcc -E  conftest.c
configure:10986: $? = 0
configure:10986: result: yes
configure:10986: checking for pthread.h
configure:10986: result: yes
configure:11103: checking for the pthreads library -lpthreads
configure:11138: gcc -o conftest -std=c99 -pedantic -g -O2     conftest.c -lpthreads -ldl  >&5
/usr/bin/ld: cannot find -lpthreads
collect2: ld returned 1 exit status
configure:11138: $? = 1
configure: failed program was:
| /* confdefs.h */
| #define PACKAGE_NAME ""
| #define PACKAGE_TARNAME ""
| #define PACKAGE_VERSION ""
| #define PACKAGE_STRING ""
| #define PACKAGE_BUGREPORT ""
| #define PACKAGE_URL ""
| #define PACKAGE "libesmtp"
| #define VERSION "1.0.6"
| #define STDC_HEADERS 1
| #define HAVE_SYS_TYPES_H 1
| #define HAVE_SYS_STAT_H 1
| #define HAVE_STDLIB_H 1
| #define HAVE_STRING_H 1
| #define HAVE_MEMORY_H 1
| #define HAVE_STRINGS_H 1
| #define HAVE_INTTYPES_H 1
| #define HAVE_STDINT_H 1
| #define HAVE_UNISTD_H 1
| #define HAVE_DLFCN_H 1
| #define LT_OBJDIR ".libs/"
| #define _GNU_SOURCE 1
| #define _ISOC9X_SOURCE 1
| #define _ISOC99_SOURCE 1
| #define _POSIX_C_SOURCE 199506L
| #define _XOPEN_SOURCE 500
| #define HAVE_DLSYM 1
| /* end confdefs.h.  */
| #include <pthread.h>
| int
| main ()
| {
| pthread_t th; pthread_join(th, 0);
|                      pthread_attr_init(0); pthread_cleanup_push(0, 0);
|                      pthread_create(0,0,0,0); pthread_cleanup_pop(0);
|   ;
|   return 0;
| }
configure:11148: result: no
configure:11091: checking whether pthreads work without any flags
configure:11138: gcc -o conftest -std=c99 -pedantic -g -O2     conftest.c  -ldl  >&5
/tmp/ccyQkrgy.o: In function `main':
/home/guoliqiang/git-coding/coding/third_part/libestmp/libesmtp-1.0.6/conftest.c:33: undefined reference to `pthread_join'
/home/guoliqiang/git-coding/coding/third_part/libestmp/libesmtp-1.0.6/conftest.c:34: undefined reference to `__pthread_register_cancel'
/home/guoliqiang/git-coding/coding/third_part/libestmp/libesmtp-1.0.6/conftest.c:35: undefined reference to `pthread_create'
/home/guoliqiang/git-coding/coding/third_part/libestmp/libesmtp-1.0.6/conftest.c:35: undefined reference to `__pthread_unregister_cancel'
collect2: ld returned 1 exit status
configure:11138: $? = 1
configure: failed program was:
| /* confdefs.h */
| #define PACKAGE_NAME ""
| #define PACKAGE_TARNAME ""
| #define PACKAGE_VERSION ""
| #define PACKAGE_STRING ""
| #define PACKAGE_BUGREPORT ""
| #define PACKAGE_URL ""
| #define PACKAGE "libesmtp"
| #define VERSION "1.0.6"
| #define STDC_HEADERS 1
| #define HAVE_SYS_TYPES_H 1
| #define HAVE_SYS_STAT_H 1
| #define HAVE_STDLIB_H 1
| #define HAVE_STRING_H 1
| #define HAVE_MEMORY_H 1
| #define HAVE_STRINGS_H 1
| #define HAVE_INTTYPES_H 1
| #define HAVE_STDINT_H 1
| #define HAVE_UNISTD_H 1
| #define HAVE_DLFCN_H 1
| #define LT_OBJDIR ".libs/"
| #define _GNU_SOURCE 1
| #define _ISOC9X_SOURCE 1
| #define _ISOC99_SOURCE 1
| #define _POSIX_C_SOURCE 199506L
| #define _XOPEN_SOURCE 500
| #define HAVE_DLSYM 1
| /* end confdefs.h.  */
| #include <pthread.h>
| int
| main ()
| {
| pthread_t th; pthread_join(th, 0);
|                      pthread_attr_init(0); pthread_cleanup_push(0, 0);
|                      pthread_create(0,0,0,0); pthread_cleanup_pop(0);
|   ;
|   return 0;
| }
configure:11148: result: no
configure:11096: checking whether pthreads work with -Kthread
configure:11138: gcc -o conftest -std=c99 -pedantic -g -O2 -Kthread   -Kthread conftest.c  -ldl  >&5
gcc: unrecognized option '-Kthread'
gcc: unrecognized option '-Kthread'
/tmp/cclC3KND.o: In function `main':
/home/guoliqiang/git-coding/coding/third_part/libestmp/libesmtp-1.0.6/conftest.c:33: undefined reference to `pthread_join'
/home/guoliqiang/git-coding/coding/third_part/libestmp/libesmtp-1.0.6/conftest.c:34: undefined reference to `__pthread_register_cancel'
/home/guoliqiang/git-coding/coding/third_part/libestmp/libesmtp-1.0.6/conftest.c:35: undefined reference to `pthread_create'
/home/guoliqiang/git-coding/coding/third_part/libestmp/libesmtp-1.0.6/conftest.c:35: undefined reference to `__pthread_unregister_cancel'
collect2: ld returned 1 exit status
configure:11138: $? = 1
configure: failed program was:
| /* confdefs.h */
| #define PACKAGE_NAME ""
| #define PACKAGE_TARNAME ""
| #define PACKAGE_VERSION ""
| #define PACKAGE_STRING ""
| #define PACKAGE_BUGREPORT ""
| #define PACKAGE_URL ""
| #define PACKAGE "libesmtp"
| #define VERSION "1.0.6"
| #define STDC_HEADERS 1
| #define HAVE_SYS_TYPES_H 1
| #define HAVE_SYS_STAT_H 1
| #define HAVE_STDLIB_H 1
| #define HAVE_STRING_H 1
| #define HAVE_MEMORY_H 1
| #define HAVE_STRINGS_H 1
| #define HAVE_INTTYPES_H 1
| #define HAVE_STDINT_H 1
| #define HAVE_UNISTD_H 1
| #define HAVE_DLFCN_H 1
| #define LT_OBJDIR ".libs/"
| #define _GNU_SOURCE 1
| #define _ISOC9X_SOURCE 1
| #define _ISOC99_SOURCE 1
| #define _POSIX_C_SOURCE 199506L
| #define _XOPEN_SOURCE 500
| #define HAVE_DLSYM 1
| /* end confdefs.h.  */
| #include <pthread.h>
| int
| main ()
| {
| pthread_t th; pthread_join(th, 0);
|                      pthread_attr_init(0); pthread_cleanup_push(0, 0);
|                      pthread_create(0,0,0,0); pthread_cleanup_pop(0);
|   ;
|   return 0;
| }
configure:11148: result: no
configure:11096: checking whether pthreads work with -kthread
configure:11138: gcc -o conftest -std=c99 -pedantic -g -O2 -kthread   -kthread conftest.c  -ldl  >&5
gcc: unrecognized option '-kthread'
gcc: unrecognized option '-kthread'
/tmp/cclNVxVI.o: In function `main':
/home/guoliqiang/git-coding/coding/third_part/libestmp/libesmtp-1.0.6/conftest.c:33: undefined reference to `pthread_join'
/home/guoliqiang/git-coding/coding/third_part/libestmp/libesmtp-1.0.6/conftest.c:34: undefined reference to `__pthread_register_cancel'
/home/guoliqiang/git-coding/coding/third_part/libestmp/libesmtp-1.0.6/conftest.c:35: undefined reference to `pthread_create'
/home/guoliqiang/git-coding/coding/third_part/libestmp/libesmtp-1.0.6/conftest.c:35: undefined reference to `__pthread_unregister_cancel'
collect2: ld returned 1 exit status
configure:11138: $? = 1
configure: failed program was:
| /* confdefs.h */
| #define PACKAGE_NAME ""
| #define PACKAGE_TARNAME ""
| #define PACKAGE_VERSION ""
| #define PACKAGE_STRING ""
| #define PACKAGE_BUGREPORT ""
| #define PACKAGE_URL ""
| #define PACKAGE "libesmtp"
| #define VERSION "1.0.6"
| #define STDC_HEADERS 1
| #define HAVE_SYS_TYPES_H 1
| #define HAVE_SYS_STAT_H 1
| #define HAVE_STDLIB_H 1
| #define HAVE_STRING_H 1
| #define HAVE_MEMORY_H 1
| #define HAVE_STRINGS_H 1
| #define HAVE_INTTYPES_H 1
| #define HAVE_STDINT_H 1
| #define HAVE_UNISTD_H 1
| #define HAVE_DLFCN_H 1
| #define LT_OBJDIR ".libs/"
| #define _GNU_SOURCE 1
| #define _ISOC9X_SOURCE 1
| #define _ISOC99_SOURCE 1
| #define _POSIX_C_SOURCE 199506L
| #define _XOPEN_SOURCE 500
| #define HAVE_DLSYM 1
| /* end confdefs.h.  */
| #include <pthread.h>
| int
| main ()
| {
| pthread_t th; pthread_join(th, 0);
|                      pthread_attr_init(0); pthread_cleanup_push(0, 0);
|                      pthread_create(0,0,0,0); pthread_cleanup_pop(0);
|   ;
|   return 0;
| }
configure:11148: result: no
configure:11103: checking for the pthreads library -llthread
configure:11138: gcc -o conftest -std=c99 -pedantic -g -O2     conftest.c -llthread -ldl  >&5
/usr/bin/ld: cannot find -llthread
collect2: ld returned 1 exit status
configure:11138: $? = 1
configure: failed program was:
| /* confdefs.h */
| #define PACKAGE_NAME ""
| #define PACKAGE_TARNAME ""
| #define PACKAGE_VERSION ""
| #define PACKAGE_STRING ""
| #define PACKAGE_BUGREPORT ""
| #define PACKAGE_URL ""
| #define PACKAGE "libesmtp"
| #define VERSION "1.0.6"
| #define STDC_HEADERS 1
| #define HAVE_SYS_TYPES_H 1
| #define HAVE_SYS_STAT_H 1
| #define HAVE_STDLIB_H 1
| #define HAVE_STRING_H 1
| #define HAVE_MEMORY_H 1
| #define HAVE_STRINGS_H 1
| #define HAVE_INTTYPES_H 1
| #define HAVE_STDINT_H 1
| #define HAVE_UNISTD_H 1
| #define HAVE_DLFCN_H 1
| #define LT_OBJDIR ".libs/"
| #define _GNU_SOURCE 1
| #define _ISOC9X_SOURCE 1
| #define _ISOC99_SOURCE 1
| #define _POSIX_C_SOURCE 199506L
| #define _XOPEN_SOURCE 500
| #define HAVE_DLSYM 1
| /* end confdefs.h.  */
| #include <pthread.h>
| int
| main ()
| {
| pthread_t th; pthread_join(th, 0);
|                      pthread_attr_init(0); pthread_cleanup_push(0, 0);
|                      pthread_create(0,0,0,0); pthread_cleanup_pop(0);
|   ;
|   return 0;
| }
configure:11148: result: no
configure:11096: checking whether pthreads work with -pthread
configure:11138: gcc -o conftest -std=c99 -pedantic -g -O2 -pthread   -pthread conftest.c  -ldl  >&5
configure:11138: $? = 0
configure:11148: result: yes
configure:11171: checking for joinable pthread attribute
configure:11184: gcc -o conftest -std=c99 -pedantic -g -O2 -pthread   -pthread conftest.c  -ldl  >&5
configure:11184: $? = 0
configure:11216: result: PTHREAD_CREATE_JOINABLE
configure:11223: checking if more special flags are required for pthreads
configure:11230: result: no
configure:11243: checking for cc_r
configure:11271: result: gcc
configure:11305: checking whether to use Posix Threads
configure:11315: result: yes
configure:11414: checking for library containing getaddrinfo
configure:11445: gcc -o conftest -pthread -std=c99 -pedantic -g -O2  -pthread  conftest.c  -ldl  >&5
configure:11445: $? = 0
configure:11462: result: none required
configure:11884: checking openssl/ssl.h usability
configure:11884: gcc -c -pthread -std=c99 -pedantic -g -O2  conftest.c >&5
conftest.c:64:25: error: openssl/ssl.h: No such file or directory
configure:11884: $? = 1
configure: failed program was:
| /* confdefs.h */
| #define PACKAGE_NAME ""
| #define PACKAGE_TARNAME ""
| #define PACKAGE_VERSION ""
| #define PACKAGE_STRING ""
| #define PACKAGE_BUGREPORT ""
| #define PACKAGE_URL ""
| #define PACKAGE "libesmtp"
| #define VERSION "1.0.6"
| #define STDC_HEADERS 1
| #define HAVE_SYS_TYPES_H 1
| #define HAVE_SYS_STAT_H 1
| #define HAVE_STDLIB_H 1
| #define HAVE_STRING_H 1
| #define HAVE_MEMORY_H 1
| #define HAVE_STRINGS_H 1
| #define HAVE_INTTYPES_H 1
| #define HAVE_STDINT_H 1
| #define HAVE_UNISTD_H 1
| #define HAVE_DLFCN_H 1
| #define LT_OBJDIR ".libs/"
| #define _GNU_SOURCE 1
| #define _ISOC9X_SOURCE 1
| #define _ISOC99_SOURCE 1
| #define _POSIX_C_SOURCE 199506L
| #define _XOPEN_SOURCE 500
| #define HAVE_DLSYM 1
| #define USE_PTHREADS 1
| #define HAVE_GETADDRINFO 1
| /* end confdefs.h.  */
| #include <stdio.h>
| #ifdef HAVE_SYS_TYPES_H
| # include <sys/types.h>
| #endif
| #ifdef HAVE_SYS_STAT_H
| # include <sys/stat.h>
| #endif
| #ifdef STDC_HEADERS
| # include <stdlib.h>
| # include <stddef.h>
| #else
| # ifdef HAVE_STDLIB_H
| #  include <stdlib.h>
| # endif
| #endif
| #ifdef HAVE_STRING_H
| # if !defined STDC_HEADERS && defined HAVE_MEMORY_H
| #  include <memory.h>
| # endif
| # include <string.h>
| #endif
| #ifdef HAVE_STRINGS_H
| # include <strings.h>
| #endif
| #ifdef HAVE_INTTYPES_H
| # include <inttypes.h>
| #endif
| #ifdef HAVE_STDINT_H
| # include <stdint.h>
| #endif
| #ifdef HAVE_UNISTD_H
| # include <unistd.h>
| #endif
| #include <openssl/ssl.h>
configure:11884: result: no
configure:11884: checking openssl/ssl.h presence
configure:11884: gcc -E  conftest.c
conftest.c:31:25: error: openssl/ssl.h: No such file or directory
configure:11884: $? = 1
configure: failed program was:
| /* confdefs.h */
| #define PACKAGE_NAME ""
| #define PACKAGE_TARNAME ""
| #define PACKAGE_VERSION ""
| #define PACKAGE_STRING ""
| #define PACKAGE_BUGREPORT ""
| #define PACKAGE_URL ""
| #define PACKAGE "libesmtp"
| #define VERSION "1.0.6"
| #define STDC_HEADERS 1
| #define HAVE_SYS_TYPES_H 1
| #define HAVE_SYS_STAT_H 1
| #define HAVE_STDLIB_H 1
| #define HAVE_STRING_H 1
| #define HAVE_MEMORY_H 1
| #define HAVE_STRINGS_H 1
| #define HAVE_INTTYPES_H 1
| #define HAVE_STDINT_H 1
| #define HAVE_UNISTD_H 1
| #define HAVE_DLFCN_H 1
| #define LT_OBJDIR ".libs/"
| #define _GNU_SOURCE 1
| #define _ISOC9X_SOURCE 1
| #define _ISOC99_SOURCE 1
| #define _POSIX_C_SOURCE 199506L
| #define _XOPEN_SOURCE 500
| #define HAVE_DLSYM 1
| #define USE_PTHREADS 1
| #define HAVE_GETADDRINFO 1
| /* end confdefs.h.  */
| #include <openssl/ssl.h>
configure:11884: result: no
configure:11884: checking for openssl/ssl.h
configure:11884: result: no
configure:12074: checking whether to enable NTLM authentication
configure:12132: result: no
configure:12143: checking whether to enable STARTTLS
configure:12152: result: no
configure:12165: checking whether to enable CHUNKING
configure:12168: result: yes
configure:12187: checking whether to enable ETRN
configure:12196: result: no
configure:12209: checking whether to enable sendmail XUSR
configure:12212: result: yes
configure:12231: checking whether to enable non-standard EHLO AUTH= response
configure:12234: result: yes
configure:12264: checking for ANSI C header files
configure:12368: result: yes
configure:12379: checking sys/ioctl.h usability
configure:12379: gcc -c -pthread -std=c99 -pedantic -g -O2  conftest.c >&5
configure:12379: $? = 0
configure:12379: result: yes
configure:12379: checking sys/ioctl.h presence
configure:12379: gcc -E  conftest.c
configure:12379: $? = 0
configure:12379: result: yes
configure:12379: checking for sys/ioctl.h
configure:12379: result: yes
configure:12379: checking for unistd.h
configure:12379: result: yes
configure:12392: checking for an ANSI C-conforming const
configure:12457: gcc -c -pthread -std=c99 -pedantic -g -O2  conftest.c >&5
configure:12457: $? = 0
configure:12464: result: yes
configure:12472: checking for inline
configure:12488: gcc -c -pthread -std=c99 -pedantic -g -O2  conftest.c >&5
configure:12488: $? = 0
configure:12496: result: inline
configure:12514: checking whether byte ordering is bigendian
configure:12529: gcc -c -pthread -std=c99 -pedantic -g -O2  conftest.c >&5
conftest.c:41: error: expected '=', ',', ';', 'asm' or '__attribute__' before 'a'
configure:12529: $? = 1
configure: failed program was:
| /* confdefs.h */
| #define PACKAGE_NAME ""
| #define PACKAGE_TARNAME ""
| #define PACKAGE_VERSION ""
| #define PACKAGE_STRING ""
| #define PACKAGE_BUGREPORT ""
| #define PACKAGE_URL ""
| #define PACKAGE "libesmtp"
| #define VERSION "1.0.6"
| #define STDC_HEADERS 1
| #define HAVE_SYS_TYPES_H 1
| #define HAVE_SYS_STAT_H 1
| #define HAVE_STDLIB_H 1
| #define HAVE_STRING_H 1
| #define HAVE_MEMORY_H 1
| #define HAVE_STRINGS_H 1
| #define HAVE_INTTYPES_H 1
| #define HAVE_STDINT_H 1
| #define HAVE_UNISTD_H 1
| #define HAVE_DLFCN_H 1
| #define LT_OBJDIR ".libs/"
| #define _GNU_SOURCE 1
| #define _ISOC9X_SOURCE 1
| #define _ISOC99_SOURCE 1
| #define _POSIX_C_SOURCE 199506L
| #define _XOPEN_SOURCE 500
| #define HAVE_DLSYM 1
| #define USE_PTHREADS 1
| #define HAVE_GETADDRINFO 1
| #define USE_SASL 1
| #define AUTHPLUGINDIR "/home/guoliqiang/git-coding/coding/third_part/libestmp/lib/esmtp-plugins"
| #define USE_CHUNKING 1
| #define USE_XUSR 1
| #define AUTH_ID_HACK 1
| #define NDEBUG 1
| #define STDC_HEADERS 1
| #define HAVE_SYS_IOCTL_H 1
| #define HAVE_UNISTD_H 1
| /* end confdefs.h.  */
| #ifndef __APPLE_CC__
| 	       not a universal capable compiler
| 	     #endif
| 	     typedef int dummy;
| 
configure:12574: gcc -c -pthread -std=c99 -pedantic -g -O2  conftest.c >&5
configure:12574: $? = 0
configure:12592: gcc -c -pthread -std=c99 -pedantic -g -O2  conftest.c >&5
conftest.c: In function 'main':
conftest.c:47: error: 'not' undeclared (first use in this function)
conftest.c:47: error: (Each undeclared identifier is reported only once
conftest.c:47: error: for each function it appears in.)
conftest.c:47: error: expected ';' before 'big'
configure:12592: $? = 1
configure: failed program was:
| /* confdefs.h */
| #define PACKAGE_NAME ""
| #define PACKAGE_TARNAME ""
| #define PACKAGE_VERSION ""
| #define PACKAGE_STRING ""
| #define PACKAGE_BUGREPORT ""
| #define PACKAGE_URL ""
| #define PACKAGE "libesmtp"
| #define VERSION "1.0.6"
| #define STDC_HEADERS 1
| #define HAVE_SYS_TYPES_H 1
| #define HAVE_SYS_STAT_H 1
| #define HAVE_STDLIB_H 1
| #define HAVE_STRING_H 1
| #define HAVE_MEMORY_H 1
| #define HAVE_STRINGS_H 1
| #define HAVE_INTTYPES_H 1
| #define HAVE_STDINT_H 1
| #define HAVE_UNISTD_H 1
| #define HAVE_DLFCN_H 1
| #define LT_OBJDIR ".libs/"
| #define _GNU_SOURCE 1
| #define _ISOC9X_SOURCE 1
| #define _ISOC99_SOURCE 1
| #define _POSIX_C_SOURCE 199506L
| #define _XOPEN_SOURCE 500
| #define HAVE_DLSYM 1
| #define USE_PTHREADS 1
| #define HAVE_GETADDRINFO 1
| #define USE_SASL 1
| #define AUTHPLUGINDIR "/home/guoliqiang/git-coding/coding/third_part/libestmp/lib/esmtp-plugins"
| #define USE_CHUNKING 1
| #define USE_XUSR 1
| #define AUTH_ID_HACK 1
| #define NDEBUG 1
| #define STDC_HEADERS 1
| #define HAVE_SYS_IOCTL_H 1
| #define HAVE_UNISTD_H 1
| /* end confdefs.h.  */
| #include <sys/types.h>
| 		#include <sys/param.h>
| 
| int
| main ()
| {
| #if BYTE_ORDER != BIG_ENDIAN
| 		 not big endian
| 		#endif
| 
|   ;
|   return 0;
| }
configure:12720: result: no
configure:12738: checking whether struct tm is in sys/time.h or time.h
configure:12758: gcc -c -pthread -std=c99 -pedantic -g -O2  conftest.c >&5
configure:12758: $? = 0
configure:12765: result: time.h
configure:12773: checking whether time.h and sys/time.h may both be included
configure:12793: gcc -c -pthread -std=c99 -pedantic -g -O2  conftest.c >&5
configure:12793: $? = 0
configure:12800: result: yes
configure:12808: checking for struct tm.tm_zone
configure:12808: gcc -c -pthread -std=c99 -pedantic -g -O2  conftest.c >&5
configure:12808: $? = 0
configure:12808: result: yes
configure:12880: checking size of unsigned short
configure:12885: gcc -o conftest -pthread -std=c99 -pedantic -g -O2  -pthread  conftest.c  -ldl  >&5
configure:12885: $? = 0
configure:12885: ./conftest
configure:12885: $? = 0
configure:12900: result: 2
configure:12914: checking size of unsigned int
configure:12919: gcc -o conftest -pthread -std=c99 -pedantic -g -O2  -pthread  conftest.c  -ldl  >&5
configure:12919: $? = 0
configure:12919: ./conftest
configure:12919: $? = 0
configure:12934: result: 4
configure:12948: checking size of unsigned long
configure:12953: gcc -o conftest -pthread -std=c99 -pedantic -g -O2  -pthread  conftest.c  -ldl  >&5
configure:12953: $? = 0
configure:12953: ./conftest
configure:12953: $? = 0
configure:12968: result: 8
configure:12983: checking for strdup
configure:12983: gcc -o conftest -pthread -std=c99 -pedantic -g -O2  -pthread  conftest.c  -ldl  >&5
configure:12983: $? = 0
configure:12983: result: yes
configure:12983: checking for strcasecmp
configure:12983: gcc -o conftest -pthread -std=c99 -pedantic -g -O2  -pthread  conftest.c  -ldl  >&5
configure:12983: $? = 0
configure:12983: result: yes
configure:12983: checking for strncasecmp
configure:12983: gcc -o conftest -pthread -std=c99 -pedantic -g -O2  -pthread  conftest.c  -ldl  >&5
configure:12983: $? = 0
configure:12983: result: yes
configure:12983: checking for memrchr
configure:12983: gcc -o conftest -pthread -std=c99 -pedantic -g -O2  -pthread  conftest.c  -ldl  >&5
configure:12983: $? = 0
configure:12983: result: yes
configure:13004: checking for strtol
configure:13004: gcc -o conftest -pthread -std=c99 -pedantic -g -O2  -pthread  conftest.c  -ldl  >&5
configure:13004: $? = 0
configure:13004: result: yes
configure:13004: checking for uname
configure:13004: gcc -o conftest -pthread -std=c99 -pedantic -g -O2  -pthread  conftest.c  -ldl  >&5
configure:13004: $? = 0
configure:13004: result: yes
configure:13004: checking for gethostname
configure:13004: gcc -o conftest -pthread -std=c99 -pedantic -g -O2  -pthread  conftest.c  -ldl  >&5
configure:13004: $? = 0
configure:13004: result: yes
configure:13004: checking for gettimeofday
configure:13004: gcc -o conftest -pthread -std=c99 -pedantic -g -O2  -pthread  conftest.c  -ldl  >&5
configure:13004: $? = 0
configure:13004: result: yes
configure:13014: checking for library containing socket
configure:13045: gcc -o conftest -pthread -std=c99 -pedantic -g -O2  -pthread  conftest.c  -ldl  >&5
configure:13045: $? = 0
configure:13062: result: none required
configure:13073: checking for library containing localtime_r
configure:13104: gcc -o conftest -pthread -std=c99 -pedantic -g -O2  -pthread  conftest.c  -ldl  >&5
configure:13104: $? = 0
configure:13121: result: none required
configure:13135: checking for strerror_r
configure:13135: gcc -o conftest -pthread -std=c99 -pedantic -g -O2  -pthread  conftest.c  -ldl  >&5
configure:13135: $? = 0
configure:13135: result: yes
configure:13141: checking for working strerror_r
configure:13165: gcc -c -pthread -std=c99 -pedantic -g -O2  conftest.c >&5
configure:13165: $? = 0
configure:13173: result: yes
configure:13201: checking for working snprintf
configure:13225: gcc -o conftest -pthread -std=c99 -pedantic -g -O2  -pthread  conftest.c  -ldl  >&5
conftest.c:61: warning: return type defaults to 'int'
conftest.c: In function 'main':
conftest.c:65: warning: implicit declaration of function 'exit'
conftest.c:65: warning: incompatible implicit declaration of built-in function 'exit'
configure:13225: $? = 0
configure:13225: ./conftest
configure:13225: $? = 0
configure:13236: result: yes
configure:13387: creating ./config.status

## ---------------------- ##
## Running config.status. ##
## ---------------------- ##

This file was extended by config.status, which was
generated by GNU Autoconf 2.65.  Invocation command line was

  CONFIG_FILES    = 
  CONFIG_HEADERS  = 
  CONFIG_LINKS    = 
  CONFIG_COMMANDS = 
  $ ./config.status 

on ubuntu

config.status:1126: creating libesmtp-config
config.status:1126: creating libesmtp.spec
config.status:1126: creating Makefile
config.status:1126: creating login/Makefile
config.status:1126: creating plain/Makefile
config.status:1126: creating crammd5/Makefile
config.status:1126: creating ntlm/Makefile
config.status:1126: creating config.h
config.status:1346: executing depfiles commands
config.status:1346: executing libtool commands

## ---------------- ##
## Cache variables. ##
## ---------------- ##

ac_cv_build=x86_64-unknown-linux-gnu
ac_cv_c_bigendian=no
ac_cv_c_compiler_gnu=yes
ac_cv_c_const=yes
ac_cv_c_inline=inline
ac_cv_env_CC_set=
ac_cv_env_CC_value=
ac_cv_env_CFLAGS_set=
ac_cv_env_CFLAGS_value=
ac_cv_env_CPPFLAGS_set=
ac_cv_env_CPPFLAGS_value=
ac_cv_env_CPP_set=
ac_cv_env_CPP_value=
ac_cv_env_LDFLAGS_set=
ac_cv_env_LDFLAGS_value=
ac_cv_env_LIBS_set=
ac_cv_env_LIBS_value=
ac_cv_env_build_alias_set=
ac_cv_env_build_alias_value=
ac_cv_env_host_alias_set=
ac_cv_env_host_alias_value=
ac_cv_env_target_alias_set=
ac_cv_env_target_alias_value=
ac_cv_func_gethostname=yes
ac_cv_func_gettimeofday=yes
ac_cv_func_memrchr=yes
ac_cv_func_strcasecmp=yes
ac_cv_func_strdup=yes
ac_cv_func_strerror_r=yes
ac_cv_func_strncasecmp=yes
ac_cv_func_strtol=yes
ac_cv_func_uname=yes
ac_cv_header_dlfcn_h=yes
ac_cv_header_inttypes_h=yes
ac_cv_header_memory_h=yes
ac_cv_header_openssl_ssl_h=no
ac_cv_header_pthread_h=yes
ac_cv_header_stdc=yes
ac_cv_header_stdint_h=yes
ac_cv_header_stdlib_h=yes
ac_cv_header_string_h=yes
ac_cv_header_strings_h=yes
ac_cv_header_sys_ioctl_h=yes
ac_cv_header_sys_stat_h=yes
ac_cv_header_sys_types_h=yes
ac_cv_header_time=yes
ac_cv_header_unistd_h=yes
ac_cv_host=x86_64-unknown-linux-gnu
ac_cv_member_struct_tm_tm_zone=yes
ac_cv_objext=o
ac_cv_path_EGREP='/bin/grep -E'
ac_cv_path_FGREP='/bin/grep -F'
ac_cv_path_GREP=/bin/grep
ac_cv_path_SED=/bin/sed
ac_cv_path_install='/usr/bin/install -c'
ac_cv_path_mkdir=/bin/mkdir
ac_cv_prog_AWK=gawk
ac_cv_prog_CPP='gcc -E'
ac_cv_prog_PTHREAD_CC=gcc
ac_cv_prog_ac_ct_AR=ar
ac_cv_prog_ac_ct_CC=gcc
ac_cv_prog_ac_ct_OBJDUMP=objdump
ac_cv_prog_ac_ct_RANLIB=ranlib
ac_cv_prog_ac_ct_STRIP=strip
ac_cv_prog_cc_c89=
ac_cv_prog_cc_g=yes
ac_cv_prog_make_make_set=yes
ac_cv_search_dlsym=-ldl
ac_cv_search_getaddrinfo='none required'
ac_cv_search_localtime_r='none required'
ac_cv_search_socket='none required'
ac_cv_sizeof_unsigned_int=4
ac_cv_sizeof_unsigned_long=8
ac_cv_sizeof_unsigned_short=2
ac_cv_struct_tm=time.h
acx_cv_sys_working_strerror_r=yes
acx_cv_working_snprintf=yes
am_cv_CC_dependencies_compiler_type=gcc3
lt_cv_deplibs_check_method=pass_all
lt_cv_file_magic_cmd='$MAGIC_CMD'
lt_cv_file_magic_test_file=
lt_cv_ld_reload_flag=-r
lt_cv_nm_interface='BSD nm'
lt_cv_objdir=.libs
lt_cv_path_LD=/usr/bin/ld
lt_cv_path_NM='/usr/bin/nm -B'
lt_cv_prog_compiler_c_o=yes
lt_cv_prog_compiler_pic_works=yes
lt_cv_prog_compiler_rtti_exceptions=no
lt_cv_prog_compiler_static_works=yes
lt_cv_prog_gnu_ld=yes
lt_cv_sys_global_symbol_pipe='sed -n -e '\''s/^.*[	 ]\([ABCDGIRSTW][ABCDGIRSTW]*\)[	 ][	 ]*\([_A-Za-z][_A-Za-z0-9]*\)$/\1 \2 \2/p'\'''
lt_cv_sys_global_symbol_to_c_name_address='sed -n -e '\''s/^: \([^ ]*\) $/  {\"\1\", (void *) 0},/p'\'' -e '\''s/^[ABCDGIRSTW]* \([^ ]*\) \([^ ]*\)$/  {"\2", (void *) \&\2},/p'\'''
lt_cv_sys_global_symbol_to_c_name_address_lib_prefix='sed -n -e '\''s/^: \([^ ]*\) $/  {\"\1\", (void *) 0},/p'\'' -e '\''s/^[ABCDGIRSTW]* \([^ ]*\) \(lib[^ ]*\)$/  {"\2", (void *) \&\2},/p'\'' -e '\''s/^[ABCDGIRSTW]* \([^ ]*\) \([^ ]*\)$/  {"lib\2", (void *) \&\2},/p'\'''
lt_cv_sys_global_symbol_to_cdecl='sed -n -e '\''s/^T .* \(.*\)$/extern int \1();/p'\'' -e '\''s/^[ABCDGIRSTW]* .* \(.*\)$/extern char \1;/p'\'''
lt_cv_sys_max_cmd_len=1572864

## ----------------- ##
## Output variables. ##
## ----------------- ##

ACLOCAL='${SHELL} /home/guoliqiang/git-coding/coding/third_part/libestmp/libesmtp-1.0.6/missing --run aclocal-1.11'
AMDEPBACKSLASH='\'
AMDEP_FALSE='#'
AMDEP_TRUE=''
AMTAR='${SHELL} /home/guoliqiang/git-coding/coding/third_part/libestmp/libesmtp-1.0.6/missing --run tar'
AR='ar'
AUTOCONF='${SHELL} /home/guoliqiang/git-coding/coding/third_part/libestmp/libesmtp-1.0.6/missing --run autoconf'
AUTOHEADER='${SHELL} /home/guoliqiang/git-coding/coding/third_part/libestmp/libesmtp-1.0.6/missing --run autoheader'
AUTOMAKE='${SHELL} /home/guoliqiang/git-coding/coding/third_part/libestmp/libesmtp-1.0.6/missing --run automake-1.11'
AWK='gawk'
CC='gcc'
CCDEPMODE='depmode=gcc3'
CFLAGS='-pthread -std=c99 -pedantic -g -O2'
CPP='gcc -E'
CPPFLAGS=''
CRAMMD5_LIBS=''
CRAMMD5_LTLIBOBJS=' md5.lo'
CYGPATH_W='echo'
DEFS='-DHAVE_CONFIG_H'
DEPDIR='.deps'
DIST_PLUGINS='login plain crammd5 ntlm'
DSYMUTIL=''
DUMPBIN=''
ECHO_C=''
ECHO_N='-n'
ECHO_T=''
EGREP='/bin/grep -E'
EXEEXT=''
EXTRA_CFLAGS='         -Wall -Wchar-subscripts -Wmissing-declarations -Wmissing-prototypes         -Wstrict-prototypes -Wnested-externs -Wpointer-arith         -Wbad-function-cast -Wcast-align'
FGREP='/bin/grep -F'
GREP='/bin/grep'
INSTALL_DATA='${INSTALL} -m 644'
INSTALL_PROGRAM='${INSTALL}'
INSTALL_SCRIPT='${INSTALL}'
INSTALL_STRIP_PROGRAM='$(install_sh) -c -s'
LD='/usr/bin/ld -m elf_x86_64'
LDFLAGS='-pthread '
LIBESMTP_VERSION='7:6:1'
LIBOBJS=''
LIBS=' -ldl '
LIBTOOL='$(SHELL) $(top_builddir)/libtool'
LIBTOOL_DEPS='./ltmain.sh'
LIB_AGE='1'
LIB_CURRENT='7'
LIB_REVISION='6'
LIPO=''
LN_S='ln -s'
LTALLOCA=''
LTLIBOBJS=''
MAKEINFO='${SHELL} /home/guoliqiang/git-coding/coding/third_part/libestmp/libesmtp-1.0.6/missing --run makeinfo'
MKDIR_P='/bin/mkdir -p'
NM='/usr/bin/nm -B'
NMEDIT=''
NTLM_LIBS=''
OBJDUMP='objdump'
OBJEXT='o'
OTOOL64=''
OTOOL=''
PACKAGE='libesmtp'
PACKAGE_BUGREPORT=''
PACKAGE_NAME=''
PACKAGE_STRING=''
PACKAGE_TARNAME=''
PACKAGE_URL=''
PACKAGE_VERSION=''
PATH_SEPARATOR=':'
PTHREAD_CC='gcc'
PTHREAD_CFLAGS='-pthread'
PTHREAD_LDFLAGS='-pthread'
PTHREAD_LIBS=''
RANLIB='ranlib'
RPM_BUILDREQUIRES=''
RPM_OPENSSL=''
RPM_OPENSSLDEVEL=''
RPM_REQUIRES=''
SASL_PLUGINS='login plain crammd5'
SED='/bin/sed'
SET_MAKE=''
SHELL='/bin/bash'
STRIP='strip'
VERSION='1.0.6'
ac_ct_CC='gcc'
ac_ct_DUMPBIN=''
am__EXEEXT_FALSE=''
am__EXEEXT_TRUE='#'
am__fastdepCC_FALSE='#'
am__fastdepCC_TRUE=''
am__include='include'
am__isrc=''
am__leading_dot='.'
am__quote=''
am__tar='${AMTAR} chof - "$$tardir"'
am__untar='${AMTAR} xf -'
bindir='${exec_prefix}/bin'
build='x86_64-unknown-linux-gnu'
build_alias=''
build_cpu='x86_64'
build_os='linux-gnu'
build_vendor='unknown'
datadir='${datarootdir}'
datarootdir='${prefix}/share'
docdir='${datarootdir}/doc/${PACKAGE}'
dvidir='${docdir}'
exec_prefix='${prefix}'
host='x86_64-unknown-linux-gnu'
host_alias=''
host_cpu='x86_64'
host_os='linux-gnu'
host_vendor='unknown'
htmldir='${docdir}'
includedir='${prefix}/include'
infodir='${datarootdir}/info'
install_sh='${SHELL} /home/guoliqiang/git-coding/coding/third_part/libestmp/libesmtp-1.0.6/install-sh'
libdir='${exec_prefix}/lib'
libexecdir='${exec_prefix}/libexec'
localedir='${datarootdir}/locale'
localstatedir='${prefix}/var'
lt_ECHO='echo'
mandir='${datarootdir}/man'
mkdir_p='/bin/mkdir -p'
oldincludedir='/usr/include'
pdfdir='${docdir}'
plugindir='${exec_prefix}/lib/esmtp-plugins'
prefix='/home/guoliqiang/git-coding/coding/third_part/libestmp'
program_transform_name='s,x,x,'
psdir='${docdir}'
sbindir='${exec_prefix}/sbin'
sharedstatedir='${prefix}/com'
subdirs=''
sysconfdir='${prefix}/etc'
target_alias=''

## ----------- ##
## confdefs.h. ##
## ----------- ##

/* confdefs.h */
#define PACKAGE_NAME ""
#define PACKAGE_TARNAME ""
#define PACKAGE_VERSION ""
#define PACKAGE_STRING ""
#define PACKAGE_BUGREPORT ""
#define PACKAGE_URL ""
#define PACKAGE "libesmtp"
#define VERSION "1.0.6"
#define STDC_HEADERS 1
#define HAVE_SYS_TYPES_H 1
#define HAVE_SYS_STAT_H 1
#define HAVE_STDLIB_H 1
#define HAVE_STRING_H 1
#define HAVE_MEMORY_H 1
#define HAVE_STRINGS_H 1
#define HAVE_INTTYPES_H 1
#define HAVE_STDINT_H 1
#define HAVE_UNISTD_H 1
#define HAVE_DLFCN_H 1
#define LT_OBJDIR ".libs/"
#define _GNU_SOURCE 1
#define _ISOC9X_SOURCE 1
#define _ISOC99_SOURCE 1
#define _POSIX_C_SOURCE 199506L
#define _XOPEN_SOURCE 500
#define HAVE_DLSYM 1
#define USE_PTHREADS 1
#define HAVE_GETADDRINFO 1
#define USE_SASL 1
#define AUTHPLUGINDIR "/home/guoliqiang/git-coding/coding/third_part/libestmp/lib/esmtp-plugins"
#define USE_CHUNKING 1
#define USE_XUSR 1
#define AUTH_ID_HACK 1
#define NDEBUG 1
#define STDC_HEADERS 1
#define HAVE_SYS_IOCTL_H 1
#define HAVE_UNISTD_H 1
#define TIME_WITH_SYS_TIME 1
#define HAVE_STRUCT_TM_TM_ZONE 1
#define HAVE_TM_ZONE 1
#define SIZEOF_UNSIGNED_SHORT 2
#define SIZEOF_UNSIGNED_INT 4
#define SIZEOF_UNSIGNED_LONG 8
#define HAVE_STRDUP 1
#define HAVE_STRCASECMP 1
#define HAVE_STRNCASECMP 1
#define HAVE_MEMRCHR 1
#define HAVE_STRTOL 1
#define HAVE_UNAME 1
#define HAVE_GETHOSTNAME 1
#define HAVE_GETTIMEOFDAY 1
#define HAVE_LOCALTIME_R 1
#define HAVE_STRERROR_R 1
#define HAVE_WORKING_STRERROR_R 1
#define HAVE_WORKING_SNPRINTF 1

configure: exit 0
